2026-06-18 10:03:04,614 - main - INFO - === Logging system initialized ===
2026-06-18 10:03:04,615 - main - INFO - Log file: logs/app_20260618_100304.log
2026-06-18 10:03:04,615 - main - INFO - Log level: INFO
2026-06-18 10:03:04,615 - main - INFO - Timestamp: 20260618_100304
2026-06-18 10:03:05,463 - main - INFO - Included router: routers.aihub.router
2026-06-18 10:03:05,487 - main - INFO - Included router: routers.analysis.router
2026-06-18 10:03:05,502 - main - INFO - Included router: routers.auth.router
2026-06-18 10:03:05,520 - main - INFO - Included router: routers.custom_auth.router
2026-06-18 10:03:05,564 - main - INFO - Included router: routers.doctor_patients.router
2026-06-18 10:03:05,566 - main - INFO - Included router: routers.health.router
2026-06-18 10:03:05,670 - main - INFO - Included router: routers.invite.router
2026-06-18 10:03:05,683 - main - INFO - Included router: routers.reports.router
2026-06-18 10:03:05,704 - main - INFO - Included router: routers.settings.router
2026-06-18 10:03:05,744 - main - INFO - Included router: routers.storage.router
2026-06-18 10:03:05,751 - main - INFO - Included router: routers.user.router
2026-06-18 10:03:05,797 - main - INFO - Included router: routers.users_profiles.router
2026-06-18 10:03:05,798 - main - INFO - === Application startup initiated ===
2026-06-18 10:03:05,798 - services.database - INFO - Ignore creating tables
2026-06-18 10:03:05,798 - services.mock_data - INFO - Ignore initialize data
2026-06-18 10:03:05,799 - services.auth - INFO - Ignore initialize admin
2026-06-18 10:03:05,799 - main - INFO - === Application startup completed successfully ===
2026-06-18 10:05:44,088 - services.database - DEBUG - [DB_OP] Starting database close
2026-06-18 10:05:44,088 - services.database - INFO - Database connections closed
2026-06-18 10:05:44,089 - services.database - DEBUG - [DB_OP] Database close completed in 0.0005s
