2026-06-12 11:01:26,581 - main - INFO - === Logging system initialized ===
2026-06-12 11:01:26,581 - main - INFO - Log file: logs/app_20260612_110126.log
2026-06-12 11:01:26,582 - main - INFO - Log level: INFO
2026-06-12 11:01:26,582 - main - INFO - Timestamp: 20260612_110126
2026-06-12 11:01:27,379 - main - INFO - Included router: routers.aihub.router
2026-06-12 11:01:27,413 - main - INFO - Included router: routers.analysis.router
2026-06-12 11:01:27,428 - main - INFO - Included router: routers.auth.router
2026-06-12 11:01:27,441 - main - INFO - Included router: routers.custom_auth.router
2026-06-12 11:01:27,493 - main - INFO - Included router: routers.doctor_patients.router
2026-06-12 11:01:27,495 - main - INFO - Included router: routers.health.router
2026-06-12 11:01:27,539 - main - INFO - Included router: routers.invite.router
2026-06-12 11:01:27,551 - main - INFO - Included router: routers.reports.router
2026-06-12 11:01:27,571 - main - INFO - Included router: routers.settings.router
2026-06-12 11:01:27,607 - main - INFO - Included router: routers.storage.router
2026-06-12 11:01:27,617 - main - INFO - Included router: routers.user.router
2026-06-12 11:01:27,663 - main - INFO - Included router: routers.users_profiles.router
2026-06-12 11:01:27,664 - main - INFO - === Application startup initiated ===
2026-06-12 11:01:27,664 - services.database - INFO - Ignore creating tables
2026-06-12 11:01:27,664 - services.mock_data - INFO - Ignore initialize data
2026-06-12 11:01:27,664 - services.auth - INFO - Ignore initialize admin
2026-06-12 11:01:27,664 - main - INFO - === Application startup completed successfully ===
2026-06-12 11:01:27,765 - services.database - DEBUG - [DB_OP] Starting database close
2026-06-12 11:01:27,765 - services.database - INFO - Database connections closed
2026-06-12 11:01:27,766 - services.database - DEBUG - [DB_OP] Database close completed in 0.0003s
