2026-06-11 02:41:39,505 - main - INFO - === Logging system initialized ===
2026-06-11 02:41:39,506 - main - INFO - Log file: logs/app_20260611_024139.log
2026-06-11 02:41:39,506 - main - INFO - Log level: INFO
2026-06-11 02:41:39,506 - main - INFO - Timestamp: 20260611_024139
2026-06-11 02:41:40,471 - main - INFO - Included router: routers.aihub.router
2026-06-11 02:41:40,486 - main - INFO - Included router: routers.analysis.router
2026-06-11 02:41:40,514 - main - INFO - Included router: routers.auth.router
2026-06-11 02:41:40,516 - main - INFO - Included router: routers.health.router
2026-06-11 02:41:40,532 - main - INFO - Included router: routers.reports.router
2026-06-11 02:41:40,555 - main - INFO - Included router: routers.settings.router
2026-06-11 02:41:40,593 - main - INFO - Included router: routers.storage.router
2026-06-11 02:41:40,602 - main - INFO - Included router: routers.user.router
2026-06-11 02:41:42,167 - watchfiles.main - DEBUG - 1 change detected: {(<Change.added: 1>, '/workspace/app/backend/logs/app_20260611_024142.log')}
2026-06-11 02:41:42,518 - watchfiles.main - DEBUG - 1 change detected: {(<Change.modified: 2>, '/workspace/app/backend/logs/app_20260611_024139.log')}
2026-06-11 02:41:42,919 - watchfiles.main - DEBUG - 2 changes detected: {(<Change.modified: 2>, '/workspace/app/backend/logs/app_20260611_024139.log'), (<Change.modified: 2>, '/workspace/app/backend/logs/app_20260611_024142.log')}
2026-06-11 02:41:43,270 - watchfiles.main - DEBUG - 2 changes detected: {(<Change.modified: 2>, '/workspace/app/backend/logs/app_20260611_024139.log'), (<Change.modified: 2>, '/workspace/app/backend/logs/app_20260611_024142.log')}
2026-06-11 02:41:43,620 - watchfiles.main - DEBUG - 1 change detected: {(<Change.modified: 2>, '/workspace/app/backend/logs/app_20260611_024139.log')}
2026-06-11 02:41:43,971 - watchfiles.main - DEBUG - 1 change detected: {(<Change.modified: 2>, '/workspace/app/backend/logs/app_20260611_024139.log')}
2026-06-11 02:41:44,322 - watchfiles.main - DEBUG - 1 change detected: {(<Change.modified: 2>, '/workspace/app/backend/logs/app_20260611_024139.log')}
2026-06-11 02:41:44,673 - watchfiles.main - DEBUG - 1 change detected: {(<Change.modified: 2>, '/workspace/app/backend/logs/app_20260611_024139.log')}
2026-06-11 02:41:45,024 - watchfiles.main - DEBUG - 1 change detected: {(<Change.modified: 2>, '/workspace/app/backend/logs/app_20260611_024139.log')}
2026-06-11 02:41:45,374 - watchfiles.main - DEBUG - 1 change detected: {(<Change.modified: 2>, '/workspace/app/backend/logs/app_20260611_024139.log')}
2026-06-11 02:41:45,725 - watchfiles.main - DEBUG - 1 change detected: {(<Change.modified: 2>, '/workspace/app/backend/logs/app_20260611_024139.log')}
2026-06-11 02:41:46,077 - watchfiles.main - DEBUG - 1 change detected: {(<Change.modified: 2>, '/workspace/app/backend/logs/app_20260611_024139.log')}
2026-06-11 02:41:46,427 - watchfiles.main - DEBUG - 1 change detected: {(<Change.modified: 2>, '/workspace/app/backend/logs/app_20260611_024139.log')}
2026-06-11 02:41:46,778 - watchfiles.main - DEBUG - 1 change detected: {(<Change.modified: 2>, '/workspace/app/backend/logs/app_20260611_024139.log')}
2026-06-11 02:41:47,129 - watchfiles.main - DEBUG - 1 change detected: {(<Change.modified: 2>, '/workspace/app/backend/logs/app_20260611_024139.log')}
2026-06-11 02:41:47,480 - watchfiles.main - DEBUG - 1 change detected: {(<Change.modified: 2>, '/workspace/app/backend/logs/app_20260611_024139.log')}
2026-06-11 02:41:47,831 - watchfiles.main - DEBUG - 1 change detected: {(<Change.modified: 2>, '/workspace/app/backend/logs/app_20260611_024139.log')}
2026-06-11 02:41:48,182 - watchfiles.main - DEBUG - 1 change detected: {(<Change.modified: 2>, '/workspace/app/backend/logs/app_20260611_024139.log')}
2026-06-11 02:41:48,533 - watchfiles.main - DEBUG - 1 change detected: {(<Change.modified: 2>, '/workspace/app/backend/logs/app_20260611_024139.log')}
2026-06-11 02:41:48,884 - watchfiles.main - DEBUG - 1 change detected: {(<Change.modified: 2>, '/workspace/app/backend/logs/app_20260611_024139.log')}
2026-06-11 02:41:49,235 - watchfiles.main - DEBUG - 1 change detected: {(<Change.modified: 2>, '/workspace/app/backend/logs/app_20260611_024139.log')}
2026-06-11 02:41:49,587 - watchfiles.main - DEBUG - 1 change detected: {(<Change.modified: 2>, '/workspace/app/backend/logs/app_20260611_024139.log')}
2026-06-11 02:41:49,938 - watchfiles.main - DEBUG - 1 change detected: {(<Change.modified: 2>, '/workspace/app/backend/logs/app_20260611_024139.log')}
2026-06-11 02:41:50,289 - watchfiles.main - DEBUG - 1 change detected: {(<Change.modified: 2>, '/workspace/app/backend/logs/app_20260611_024139.log')}
2026-06-11 02:41:50,640 - watchfiles.main - DEBUG - 1 change detected: {(<Change.modified: 2>, '/workspace/app/backend/logs/app_20260611_024139.log')}
2026-06-11 02:41:50,991 - watchfiles.main - DEBUG - 1 change detected: {(<Change.modified: 2>, '/workspace/app/backend/logs/app_20260611_024139.log')}
2026-06-11 02:41:51,342 - watchfiles.main - DEBUG - 1 change detected: {(<Change.modified: 2>, '/workspace/app/backend/logs/app_20260611_024139.log')}
2026-06-11 02:41:51,693 - watchfiles.main - DEBUG - 1 change detected: {(<Change.modified: 2>, '/workspace/app/backend/logs/app_20260611_024139.log')}
2026-06-11 02:41:52,044 - watchfiles.main - DEBUG - 1 change detected: {(<Change.modified: 2>, '/workspace/app/backend/logs/app_20260611_024139.log')}
2026-06-11 02:41:52,395 - watchfiles.main - DEBUG - 1 change detected: {(<Change.modified: 2>, '/workspace/app/backend/logs/app_20260611_024139.log')}
2026-06-11 02:41:52,746 - watchfiles.main - DEBUG - 1 change detected: {(<Change.modified: 2>, '/workspace/app/backend/logs/app_20260611_024139.log')}
2026-06-11 02:41:53,097 - watchfiles.main - DEBUG - 1 change detected: {(<Change.modified: 2>, '/workspace/app/backend/logs/app_20260611_024139.log')}
2026-06-11 02:41:53,448 - watchfiles.main - DEBUG - 1 change detected: {(<Change.modified: 2>, '/workspace/app/backend/logs/app_20260611_024139.log')}
2026-06-11 02:41:53,799 - watchfiles.main - DEBUG - 1 change detected: {(<Change.modified: 2>, '/workspace/app/backend/logs/app_20260611_024139.log')}
2026-06-11 02:41:54,150 - watchfiles.main - DEBUG - 1 change detected: {(<Change.modified: 2>, '/workspace/app/backend/logs/app_20260611_024139.log')}
2026-06-11 02:41:54,501 - watchfiles.main - DEBUG - 1 change detected: {(<Change.modified: 2>, '/workspace/app/backend/logs/app_20260611_024139.log')}
2026-06-11 02:41:54,852 - watchfiles.main - DEBUG - 1 change detected: {(<Change.modified: 2>, '/workspace/app/backend/logs/app_20260611_024139.log')}
2026-06-11 02:41:55,203 - watchfiles.main - DEBUG - 1 change detected: {(<Change.modified: 2>, '/workspace/app/backend/logs/app_20260611_024139.log')}
2026-06-11 02:41:55,554 - watchfiles.main - DEBUG - 1 change detected: {(<Change.modified: 2>, '/workspace/app/backend/logs/app_20260611_024139.log')}
2026-06-11 02:41:55,905 - watchfiles.main - DEBUG - 1 change detected: {(<Change.modified: 2>, '/workspace/app/backend/logs/app_20260611_024139.log')}
2026-06-11 02:41:56,256 - watchfiles.main - DEBUG - 1 change detected: {(<Change.modified: 2>, '/workspace/app/backend/logs/app_20260611_024139.log')}
2026-06-11 02:41:56,607 - watchfiles.main - DEBUG - 1 change detected: {(<Change.modified: 2>, '/workspace/app/backend/logs/app_20260611_024139.log')}
2026-06-11 02:41:56,958 - watchfiles.main - DEBUG - 1 change detected: {(<Change.modified: 2>, '/workspace/app/backend/logs/app_20260611_024139.log')}
2026-06-11 02:41:57,309 - watchfiles.main - DEBUG - 1 change detected: {(<Change.modified: 2>, '/workspace/app/backend/logs/app_20260611_024139.log')}
2026-06-11 02:41:57,660 - watchfiles.main - DEBUG - 1 change detected: {(<Change.modified: 2>, '/workspace/app/backend/logs/app_20260611_024139.log')}
2026-06-11 02:41:58,011 - watchfiles.main - DEBUG - 1 change detected: {(<Change.modified: 2>, '/workspace/app/backend/logs/app_20260611_024139.log')}
2026-06-11 02:41:58,362 - watchfiles.main - DEBUG - 1 change detected: {(<Change.modified: 2>, '/workspace/app/backend/logs/app_20260611_024139.log')}
2026-06-11 02:41:58,713 - watchfiles.main - DEBUG - 1 change detected: {(<Change.modified: 2>, '/workspace/app/backend/logs/app_20260611_024139.log')}
2026-06-11 02:41:59,063 - watchfiles.main - DEBUG - 1 change detected: {(<Change.modified: 2>, '/workspace/app/backend/logs/app_20260611_024139.log')}
2026-06-11 02:41:59,415 - watchfiles.main - DEBUG - 1 change detected: {(<Change.modified: 2>, '/workspace/app/backend/logs/app_20260611_024139.log')}
2026-06-11 02:41:59,765 - watchfiles.main - DEBUG - 1 change detected: {(<Change.modified: 2>, '/workspace/app/backend/logs/app_20260611_024139.log')}
2026-06-11 02:42:00,117 - watchfiles.main - DEBUG - 1 change detected: {(<Change.modified: 2>, '/workspace/app/backend/logs/app_20260611_024139.log')}
2026-06-11 02:42:00,468 - watchfiles.main - DEBUG - 1 change detected: {(<Change.modified: 2>, '/workspace/app/backend/logs/app_20260611_024139.log')}
2026-06-11 02:42:00,819 - watchfiles.main - DEBUG - 1 change detected: {(<Change.modified: 2>, '/workspace/app/backend/logs/app_20260611_024139.log')}
2026-06-11 02:42:01,170 - watchfiles.main - DEBUG - 1 change detected: {(<Change.modified: 2>, '/workspace/app/backend/logs/app_20260611_024139.log')}
2026-06-11 02:42:01,521 - watchfiles.main - DEBUG - 1 change detected: {(<Change.modified: 2>, '/workspace/app/backend/logs/app_20260611_024139.log')}
2026-06-11 02:42:01,872 - watchfiles.main - DEBUG - 1 change detected: {(<Change.modified: 2>, '/workspace/app/backend/logs/app_20260611_024139.log')}
2026-06-11 02:42:02,223 - watchfiles.main - DEBUG - 1 change detected: {(<Change.modified: 2>, '/workspace/app/backend/logs/app_20260611_024139.log')}
2026-06-11 02:42:02,573 - watchfiles.main - DEBUG - 1 change detected: {(<Change.modified: 2>, '/workspace/app/backend/logs/app_20260611_024139.log')}
2026-06-11 02:42:02,924 - watchfiles.main - DEBUG - 1 change detected: {(<Change.modified: 2>, '/workspace/app/backend/logs/app_20260611_024139.log')}
2026-06-11 02:42:03,275 - watchfiles.main - DEBUG - 1 change detected: {(<Change.modified: 2>, '/workspace/app/backend/logs/app_20260611_024139.log')}
2026-06-11 02:42:03,626 - watchfiles.main - DEBUG - 1 change detected: {(<Change.modified: 2>, '/workspace/app/backend/logs/app_20260611_024139.log')}
2026-06-11 02:42:03,977 - watchfiles.main - DEBUG - 1 change detected: {(<Change.modified: 2>, '/workspace/app/backend/logs/app_20260611_024139.log')}
2026-06-11 02:42:04,328 - watchfiles.main - DEBUG - 1 change detected: {(<Change.modified: 2>, '/workspace/app/backend/logs/app_20260611_024139.log')}
2026-06-11 02:42:04,679 - watchfiles.main - DEBUG - 1 change detected: {(<Change.modified: 2>, '/workspace/app/backend/logs/app_20260611_024139.log')}
2026-06-11 02:42:05,030 - watchfiles.main - DEBUG - 1 change detected: {(<Change.modified: 2>, '/workspace/app/backend/logs/app_20260611_024139.log')}
2026-06-11 02:42:05,382 - watchfiles.main - DEBUG - 1 change detected: {(<Change.modified: 2>, '/workspace/app/backend/logs/app_20260611_024139.log')}
2026-06-11 02:42:05,733 - watchfiles.main - DEBUG - 1 change detected: {(<Change.modified: 2>, '/workspace/app/backend/logs/app_20260611_024139.log')}
2026-06-11 02:42:06,084 - watchfiles.main - DEBUG - 1 change detected: {(<Change.modified: 2>, '/workspace/app/backend/logs/app_20260611_024139.log')}
2026-06-11 02:42:06,435 - watchfiles.main - DEBUG - 1 change detected: {(<Change.modified: 2>, '/workspace/app/backend/logs/app_20260611_024139.log')}
2026-06-11 02:42:06,786 - watchfiles.main - DEBUG - 1 change detected: {(<Change.modified: 2>, '/workspace/app/backend/logs/app_20260611_024139.log')}
2026-06-11 02:42:07,137 - watchfiles.main - DEBUG - 1 change detected: {(<Change.modified: 2>, '/workspace/app/backend/logs/app_20260611_024139.log')}
2026-06-11 02:42:07,488 - watchfiles.main - DEBUG - 1 change detected: {(<Change.modified: 2>, '/workspace/app/backend/logs/app_20260611_024139.log')}
2026-06-11 02:42:07,840 - watchfiles.main - DEBUG - 1 change detected: {(<Change.modified: 2>, '/workspace/app/backend/logs/app_20260611_024139.log')}
2026-06-11 02:42:08,191 - watchfiles.main - DEBUG - 1 change detected: {(<Change.modified: 2>, '/workspace/app/backend/logs/app_20260611_024139.log')}
2026-06-11 02:42:08,542 - watchfiles.main - DEBUG - 1 change detected: {(<Change.modified: 2>, '/workspace/app/backend/logs/app_20260611_024139.log')}
2026-06-11 02:42:08,893 - watchfiles.main - DEBUG - 1 change detected: {(<Change.modified: 2>, '/workspace/app/backend/logs/app_20260611_024139.log')}
2026-06-11 02:42:09,244 - watchfiles.main - DEBUG - 1 change detected: {(<Change.modified: 2>, '/workspace/app/backend/logs/app_20260611_024139.log')}
2026-06-11 02:42:09,595 - watchfiles.main - DEBUG - 1 change detected: {(<Change.modified: 2>, '/workspace/app/backend/logs/app_20260611_024139.log')}
2026-06-11 02:42:09,946 - watchfiles.main - DEBUG - 1 change detected: {(<Change.modified: 2>, '/workspace/app/backend/logs/app_20260611_024139.log')}
2026-06-11 02:42:10,297 - watchfiles.main - DEBUG - 1 change detected: {(<Change.modified: 2>, '/workspace/app/backend/logs/app_20260611_024139.log')}
2026-06-11 02:42:10,648 - watchfiles.main - DEBUG - 1 change detected: {(<Change.modified: 2>, '/workspace/app/backend/logs/app_20260611_024139.log')}
2026-06-11 02:42:10,999 - watchfiles.main - DEBUG - 1 change detected: {(<Change.modified: 2>, '/workspace/app/backend/logs/app_20260611_024139.log')}
2026-06-11 02:42:11,350 - watchfiles.main - DEBUG - 1 change detected: {(<Change.modified: 2>, '/workspace/app/backend/logs/app_20260611_024139.log')}
2026-06-11 02:42:11,701 - watchfiles.main - DEBUG - 1 change detected: {(<Change.modified: 2>, '/workspace/app/backend/logs/app_20260611_024139.log')}
2026-06-11 02:42:12,052 - watchfiles.main - DEBUG - 1 change detected: {(<Change.modified: 2>, '/workspace/app/backend/logs/app_20260611_024139.log')}
2026-06-11 02:42:12,403 - watchfiles.main - DEBUG - 1 change detected: {(<Change.modified: 2>, '/workspace/app/backend/logs/app_20260611_024139.log')}
2026-06-11 02:42:12,754 - watchfiles.main - DEBUG - 1 change detected: {(<Change.modified: 2>, '/workspace/app/backend/logs/app_20260611_024139.log')}
2026-06-11 02:42:13,105 - watchfiles.main - DEBUG - 1 change detected: {(<Change.modified: 2>, '/workspace/app/backend/logs/app_20260611_024139.log')}
2026-06-11 02:42:13,456 - watchfiles.main - DEBUG - 1 change detected: {(<Change.modified: 2>, '/workspace/app/backend/logs/app_20260611_024139.log')}
2026-06-11 02:42:13,807 - watchfiles.main - DEBUG - 1 change detected: {(<Change.modified: 2>, '/workspace/app/backend/logs/app_20260611_024139.log')}
2026-06-11 02:42:14,158 - watchfiles.main - DEBUG - 1 change detected: {(<Change.modified: 2>, '/workspace/app/backend/logs/app_20260611_024139.log')}
2026-06-11 02:42:14,509 - watchfiles.main - DEBUG - 1 change detected: {(<Change.modified: 2>, '/workspace/app/backend/logs/app_20260611_024139.log')}
2026-06-11 02:42:14,859 - watchfiles.main - DEBUG - 1 change detected: {(<Change.modified: 2>, '/workspace/app/backend/logs/app_20260611_024139.log')}
2026-06-11 02:42:15,210 - watchfiles.main - DEBUG - 1 change detected: {(<Change.modified: 2>, '/workspace/app/backend/logs/app_20260611_024139.log')}
