2026-06-12 11:36:15,481 - main - INFO - === Logging system initialized ===
2026-06-12 11:36:15,481 - main - INFO - Log file: logs/app_20260612_113615.log
2026-06-12 11:36:15,481 - main - INFO - Log level: INFO
2026-06-12 11:36:15,481 - main - INFO - Timestamp: 20260612_113615
2026-06-12 11:36:16,292 - main - INFO - Included router: routers.aihub.router
2026-06-12 11:36:16,314 - main - INFO - Included router: routers.analysis.router
2026-06-12 11:36:16,328 - main - INFO - Included router: routers.auth.router
2026-06-12 11:36:16,340 - main - INFO - Included router: routers.custom_auth.router
2026-06-12 11:36:16,385 - main - INFO - Included router: routers.doctor_patients.router
2026-06-12 11:36:16,386 - main - INFO - Included router: routers.health.router
2026-06-12 11:36:16,450 - main - INFO - Included router: routers.invite.router
2026-06-12 11:36:16,465 - main - INFO - Included router: routers.reports.router
2026-06-12 11:36:16,485 - main - INFO - Included router: routers.settings.router
2026-06-12 11:36:16,522 - main - INFO - Included router: routers.storage.router
2026-06-12 11:36:16,531 - main - INFO - Included router: routers.user.router
2026-06-12 11:36:16,573 - main - INFO - Included router: routers.users_profiles.router
2026-06-12 11:36:16,574 - main - INFO - === Application startup initiated ===
2026-06-12 11:36:16,574 - services.database - INFO - Ignore creating tables
2026-06-12 11:36:16,574 - services.mock_data - INFO - Ignore initialize data
2026-06-12 11:36:16,574 - services.auth - INFO - Ignore initialize admin
2026-06-12 11:36:16,575 - main - INFO - === Application startup completed successfully ===
2026-06-12 11:37:45,384 - services.database - DEBUG - [DB_OP] Starting database close
2026-06-12 11:37:45,384 - services.database - INFO - Database connections closed
2026-06-12 11:37:45,384 - services.database - DEBUG - [DB_OP] Database close completed in 0.0004s
