2026-06-22 04:17:11,067 - main - INFO - === Logging system initialized ===
2026-06-22 04:17:11,067 - main - INFO - Log file: logs/app_20260622_041711.log
2026-06-22 04:17:11,067 - main - INFO - Log level: INFO
2026-06-22 04:17:11,067 - main - INFO - Timestamp: 20260622_041711
2026-06-22 04:17:11,866 - main - INFO - Included router: routers.aihub.router
2026-06-22 04:17:11,889 - main - INFO - Included router: routers.analysis.router
2026-06-22 04:17:11,904 - main - INFO - Included router: routers.auth.router
2026-06-22 04:17:11,918 - main - INFO - Included router: routers.custom_auth.router
2026-06-22 04:17:11,965 - main - INFO - Included router: routers.doctor_patients.router
2026-06-22 04:17:11,968 - main - INFO - Included router: routers.health.router
2026-06-22 04:17:12,029 - main - INFO - Included router: routers.invite.router
2026-06-22 04:17:12,054 - main - INFO - Included router: routers.reports.router
2026-06-22 04:17:12,075 - main - INFO - Included router: routers.settings.router
2026-06-22 04:17:12,110 - main - INFO - Included router: routers.storage.router
2026-06-22 04:17:12,119 - main - INFO - Included router: routers.user.router
2026-06-22 04:17:12,165 - main - INFO - Included router: routers.users_profiles.router
2026-06-22 04:17:12,167 - main - INFO - === Application startup initiated ===
2026-06-22 04:17:12,167 - services.database - INFO - Ignore creating tables
2026-06-22 04:17:12,167 - services.mock_data - INFO - Ignore initialize data
2026-06-22 04:17:12,167 - services.auth - INFO - Ignore initialize admin
2026-06-22 04:17:12,168 - main - INFO - === Application startup completed successfully ===
2026-06-22 04:45:01,992 - services.database - DEBUG - [DB_OP] Starting database close
2026-06-22 04:45:01,993 - services.database - INFO - Database connections closed
2026-06-22 04:45:01,993 - services.database - DEBUG - [DB_OP] Database close completed in 0.0004s
