2026-06-19 02:32:21,078 - main - INFO - === Logging system initialized ===
2026-06-19 02:32:21,078 - main - INFO - Log file: logs/app_20260619_023221.log
2026-06-19 02:32:21,078 - main - INFO - Log level: INFO
2026-06-19 02:32:21,078 - main - INFO - Timestamp: 20260619_023221
2026-06-19 02:32:22,088 - main - INFO - Included router: routers.aihub.router
2026-06-19 02:32:22,202 - main - INFO - Included router: routers.analysis.router
2026-06-19 02:32:22,221 - main - INFO - Included router: routers.auth.router
2026-06-19 02:32:22,235 - main - INFO - Included router: routers.custom_auth.router
2026-06-19 02:32:22,286 - main - INFO - Included router: routers.doctor_patients.router
2026-06-19 02:32:22,289 - main - INFO - Included router: routers.health.router
2026-06-19 02:32:22,350 - main - INFO - Included router: routers.invite.router
2026-06-19 02:32:22,366 - main - INFO - Included router: routers.reports.router
2026-06-19 02:32:22,393 - main - INFO - Included router: routers.settings.router
2026-06-19 02:32:22,434 - main - INFO - Included router: routers.storage.router
2026-06-19 02:32:22,443 - main - INFO - Included router: routers.user.router
2026-06-19 02:32:22,490 - main - INFO - Included router: routers.users_profiles.router
2026-06-19 02:32:22,492 - main - INFO - === Application startup initiated ===
2026-06-19 02:32:22,492 - services.database - INFO - Ignore creating tables
2026-06-19 02:32:22,492 - services.mock_data - INFO - Ignore initialize data
2026-06-19 02:32:22,492 - services.auth - INFO - Ignore initialize admin
2026-06-19 02:32:22,492 - main - INFO - === Application startup completed successfully ===
2026-06-19 02:32:34,924 - services.database - DEBUG - [DB_OP] Starting database close
2026-06-19 02:32:34,925 - services.database - INFO - Database connections closed
2026-06-19 02:32:34,925 - services.database - DEBUG - [DB_OP] Database close completed in 0.0006s
