2026-06-21 11:27:58,581 - main - INFO - === Logging system initialized ===
2026-06-21 11:27:58,582 - main - INFO - Log file: logs/app_20260621_112758.log
2026-06-21 11:27:58,582 - main - INFO - Log level: INFO
2026-06-21 11:27:58,582 - main - INFO - Timestamp: 20260621_112758
2026-06-21 11:27:59,419 - main - INFO - Included router: routers.aihub.router
2026-06-21 11:27:59,442 - main - INFO - Included router: routers.analysis.router
2026-06-21 11:27:59,454 - main - INFO - Included router: routers.auth.router
2026-06-21 11:27:59,468 - main - INFO - Included router: routers.custom_auth.router
2026-06-21 11:27:59,513 - main - INFO - Included router: routers.doctor_patients.router
2026-06-21 11:27:59,515 - main - INFO - Included router: routers.health.router
2026-06-21 11:27:59,591 - main - INFO - Included router: routers.invite.router
2026-06-21 11:27:59,607 - main - INFO - Included router: routers.reports.router
2026-06-21 11:27:59,629 - main - INFO - Included router: routers.settings.router
2026-06-21 11:27:59,668 - main - INFO - Included router: routers.storage.router
2026-06-21 11:27:59,677 - main - INFO - Included router: routers.user.router
2026-06-21 11:27:59,734 - main - INFO - Included router: routers.users_profiles.router
2026-06-21 11:27:59,736 - main - INFO - === Application startup initiated ===
2026-06-21 11:27:59,736 - services.database - INFO - Ignore creating tables
2026-06-21 11:27:59,737 - services.mock_data - INFO - Ignore initialize data
2026-06-21 11:27:59,737 - services.auth - INFO - Ignore initialize admin
2026-06-21 11:27:59,737 - main - INFO - === Application startup completed successfully ===
2026-06-21 11:41:37,010 - services.database - DEBUG - [DB_OP] Starting database close
2026-06-21 11:41:37,011 - services.database - INFO - Database connections closed
2026-06-21 11:41:37,011 - services.database - DEBUG - [DB_OP] Database close completed in 0.0007s
