2026-06-18 10:03:01,343 - main - INFO - === Logging system initialized ===
2026-06-18 10:03:01,343 - main - INFO - Log file: logs/app_20260618_100301.log
2026-06-18 10:03:01,343 - main - INFO - Log level: INFO
2026-06-18 10:03:01,343 - main - INFO - Timestamp: 20260618_100301
2026-06-18 10:03:02,221 - main - INFO - Included router: routers.aihub.router
2026-06-18 10:03:02,239 - main - INFO - Included router: routers.analysis.router
2026-06-18 10:03:02,251 - main - INFO - Included router: routers.auth.router
2026-06-18 10:03:02,264 - main - INFO - Included router: routers.custom_auth.router
2026-06-18 10:03:02,306 - main - INFO - Included router: routers.doctor_patients.router
2026-06-18 10:03:02,307 - main - INFO - Included router: routers.health.router
2026-06-18 10:03:02,387 - main - INFO - Included router: routers.invite.router
2026-06-18 10:03:02,397 - main - INFO - Included router: routers.reports.router
2026-06-18 10:03:02,416 - main - INFO - Included router: routers.settings.router
2026-06-18 10:03:02,447 - main - INFO - Included router: routers.storage.router
2026-06-18 10:03:02,453 - main - INFO - Included router: routers.user.router
2026-06-18 10:03:02,499 - main - INFO - Included router: routers.users_profiles.router
2026-06-18 10:03:02,500 - main - INFO - === Application startup initiated ===
2026-06-18 10:03:02,500 - services.database - INFO - Ignore creating tables
2026-06-18 10:03:02,501 - services.mock_data - INFO - Ignore initialize data
2026-06-18 10:03:02,501 - services.auth - INFO - Ignore initialize admin
2026-06-18 10:03:02,501 - main - INFO - === Application startup completed successfully ===
2026-06-18 10:03:03,404 - services.database - DEBUG - [DB_OP] Starting database close
2026-06-18 10:03:03,404 - services.database - INFO - Database connections closed
2026-06-18 10:03:03,404 - services.database - DEBUG - [DB_OP] Database close completed in 0.0004s
