2026-07-07 01:38:52,442 - main - INFO - === Logging system initialized ===
2026-07-07 01:38:52,442 - main - INFO - Log file: logs/app_20260707_013852.log
2026-07-07 01:38:52,442 - main - INFO - Log level: INFO
2026-07-07 01:38:52,442 - main - INFO - Timestamp: 20260707_013852
2026-07-07 01:38:53,288 - main - INFO - Included router: routers.aihub.router
2026-07-07 01:38:53,309 - main - INFO - Included router: routers.analysis.router
2026-07-07 01:38:53,321 - main - INFO - Included router: routers.auth.router
2026-07-07 01:38:53,335 - main - INFO - Included router: routers.custom_auth.router
2026-07-07 01:38:53,378 - main - INFO - Included router: routers.doctor_patients.router
2026-07-07 01:38:53,380 - main - INFO - Included router: routers.health.router
2026-07-07 01:38:53,437 - main - INFO - Included router: routers.invite.router
2026-07-07 01:38:53,450 - main - INFO - Included router: routers.reports.router
2026-07-07 01:38:53,468 - main - INFO - Included router: routers.settings.router
2026-07-07 01:38:53,502 - main - INFO - Included router: routers.storage.router
2026-07-07 01:38:53,513 - main - INFO - Included router: routers.user.router
2026-07-07 01:38:53,556 - main - INFO - Included router: routers.users_profiles.router
2026-07-07 01:38:53,557 - main - INFO - === Application startup initiated ===
2026-07-07 01:38:53,557 - services.database - INFO - Ignore creating tables
2026-07-07 01:38:53,557 - services.mock_data - INFO - Ignore initialize data
2026-07-07 01:38:53,557 - services.auth - INFO - Ignore initialize admin
2026-07-07 01:38:53,557 - main - INFO - === Application startup completed successfully ===
2026-07-07 01:48:42,306 - services.database - DEBUG - [DB_OP] Starting database close
2026-07-07 01:48:42,307 - services.database - INFO - Database connections closed
2026-07-07 01:48:42,307 - services.database - DEBUG - [DB_OP] Database close completed in 0.0010s
