2026-06-18 10:30:21,323 - main - INFO - === Logging system initialized ===
2026-06-18 10:30:21,324 - main - INFO - Log file: logs/app_20260618_103021.log
2026-06-18 10:30:21,324 - main - INFO - Log level: INFO
2026-06-18 10:30:21,324 - main - INFO - Timestamp: 20260618_103021
2026-06-18 10:30:22,203 - main - INFO - Included router: routers.aihub.router
2026-06-18 10:30:22,228 - main - INFO - Included router: routers.analysis.router
2026-06-18 10:30:22,240 - main - INFO - Included router: routers.auth.router
2026-06-18 10:30:22,254 - main - INFO - Included router: routers.custom_auth.router
2026-06-18 10:30:22,303 - main - INFO - Included router: routers.doctor_patients.router
2026-06-18 10:30:22,305 - main - INFO - Included router: routers.health.router
2026-06-18 10:30:22,368 - main - INFO - Included router: routers.invite.router
2026-06-18 10:30:22,379 - main - INFO - Included router: routers.reports.router
2026-06-18 10:30:22,401 - main - INFO - Included router: routers.settings.router
2026-06-18 10:30:22,439 - main - INFO - Included router: routers.storage.router
2026-06-18 10:30:22,446 - main - INFO - Included router: routers.user.router
2026-06-18 10:30:22,490 - main - INFO - Included router: routers.users_profiles.router
2026-06-18 10:30:22,491 - main - INFO - === Application startup initiated ===
2026-06-18 10:30:22,492 - services.database - INFO - Ignore creating tables
2026-06-18 10:30:22,492 - services.mock_data - INFO - Ignore initialize data
2026-06-18 10:30:22,493 - services.auth - INFO - Ignore initialize admin
2026-06-18 10:30:22,493 - main - INFO - === Application startup completed successfully ===
2026-06-18 10:42:56,131 - services.database - DEBUG - [DB_OP] Starting database close
2026-06-18 10:42:56,132 - services.database - INFO - Database connections closed
2026-06-18 10:42:56,132 - services.database - DEBUG - [DB_OP] Database close completed in 0.0006s
