2026-06-18 11:09:06,472 - main - INFO - === Logging system initialized ===
2026-06-18 11:09:06,472 - main - INFO - Log file: logs/app_20260618_110906.log
2026-06-18 11:09:06,472 - main - INFO - Log level: INFO
2026-06-18 11:09:06,472 - main - INFO - Timestamp: 20260618_110906
2026-06-18 11:09:07,406 - main - INFO - Included router: routers.aihub.router
2026-06-18 11:09:07,428 - main - INFO - Included router: routers.analysis.router
2026-06-18 11:09:07,446 - main - INFO - Included router: routers.auth.router
2026-06-18 11:09:07,460 - main - INFO - Included router: routers.custom_auth.router
2026-06-18 11:09:07,505 - main - INFO - Included router: routers.doctor_patients.router
2026-06-18 11:09:07,506 - main - INFO - Included router: routers.health.router
2026-06-18 11:09:07,562 - main - INFO - Included router: routers.invite.router
2026-06-18 11:09:07,591 - main - INFO - Included router: routers.reports.router
2026-06-18 11:09:07,609 - main - INFO - Included router: routers.settings.router
2026-06-18 11:09:07,647 - main - INFO - Included router: routers.storage.router
2026-06-18 11:09:07,654 - main - INFO - Included router: routers.user.router
2026-06-18 11:09:07,701 - main - INFO - Included router: routers.users_profiles.router
2026-06-18 11:09:09,124 - watchfiles.main - DEBUG - 1 change detected: {(<Change.added: 1>, '/workspace/app/backend/logs/app_20260618_110909.log')}
2026-06-18 11:09:09,475 - watchfiles.main - DEBUG - 1 change detected: {(<Change.modified: 2>, '/workspace/app/backend/logs/app_20260618_110906.log')}
2026-06-18 11:09:09,826 - watchfiles.main - DEBUG - 1 change detected: {(<Change.modified: 2>, '/workspace/app/backend/logs/app_20260618_110906.log')}
2026-06-18 11:09:10,177 - watchfiles.main - DEBUG - 2 changes detected: {(<Change.modified: 2>, '/workspace/app/backend/logs/app_20260618_110906.log'), (<Change.modified: 2>, '/workspace/app/backend/logs/app_20260618_110909.log')}
2026-06-18 11:09:10,528 - watchfiles.main - DEBUG - 2 changes detected: {(<Change.modified: 2>, '/workspace/app/backend/logs/app_20260618_110906.log'), (<Change.modified: 2>, '/workspace/app/backend/logs/app_20260618_110909.log')}
2026-06-18 11:09:10,879 - watchfiles.main - DEBUG - 1 change detected: {(<Change.modified: 2>, '/workspace/app/backend/logs/app_20260618_110906.log')}
2026-06-18 11:09:11,229 - watchfiles.main - DEBUG - 1 change detected: {(<Change.modified: 2>, '/workspace/app/backend/logs/app_20260618_110906.log')}
2026-06-18 11:09:11,580 - watchfiles.main - DEBUG - 1 change detected: {(<Change.modified: 2>, '/workspace/app/backend/logs/app_20260618_110906.log')}
2026-06-18 11:09:11,931 - watchfiles.main - DEBUG - 1 change detected: {(<Change.modified: 2>, '/workspace/app/backend/logs/app_20260618_110906.log')}
2026-06-18 11:09:12,282 - watchfiles.main - DEBUG - 1 change detected: {(<Change.modified: 2>, '/workspace/app/backend/logs/app_20260618_110906.log')}
2026-06-18 11:09:12,632 - watchfiles.main - DEBUG - 1 change detected: {(<Change.modified: 2>, '/workspace/app/backend/logs/app_20260618_110906.log')}
2026-06-18 11:09:12,983 - watchfiles.main - DEBUG - 1 change detected: {(<Change.modified: 2>, '/workspace/app/backend/logs/app_20260618_110906.log')}
2026-06-18 11:09:13,334 - watchfiles.main - DEBUG - 1 change detected: {(<Change.modified: 2>, '/workspace/app/backend/logs/app_20260618_110906.log')}
2026-06-18 11:09:13,685 - watchfiles.main - DEBUG - 1 change detected: {(<Change.modified: 2>, '/workspace/app/backend/logs/app_20260618_110906.log')}
2026-06-18 11:09:14,036 - watchfiles.main - DEBUG - 1 change detected: {(<Change.modified: 2>, '/workspace/app/backend/logs/app_20260618_110906.log')}
2026-06-18 11:09:14,387 - watchfiles.main - DEBUG - 1 change detected: {(<Change.modified: 2>, '/workspace/app/backend/logs/app_20260618_110906.log')}
2026-06-18 11:09:14,739 - watchfiles.main - DEBUG - 1 change detected: {(<Change.modified: 2>, '/workspace/app/backend/logs/app_20260618_110906.log')}
2026-06-18 11:09:15,090 - watchfiles.main - DEBUG - 1 change detected: {(<Change.modified: 2>, '/workspace/app/backend/logs/app_20260618_110906.log')}
2026-06-18 11:09:15,440 - watchfiles.main - DEBUG - 1 change detected: {(<Change.modified: 2>, '/workspace/app/backend/logs/app_20260618_110906.log')}
2026-06-18 11:09:15,791 - watchfiles.main - DEBUG - 1 change detected: {(<Change.modified: 2>, '/workspace/app/backend/logs/app_20260618_110906.log')}
2026-06-18 11:09:16,142 - watchfiles.main - DEBUG - 1 change detected: {(<Change.modified: 2>, '/workspace/app/backend/logs/app_20260618_110906.log')}
2026-06-18 11:09:16,493 - watchfiles.main - DEBUG - 1 change detected: {(<Change.modified: 2>, '/workspace/app/backend/logs/app_20260618_110906.log')}
2026-06-18 11:09:16,844 - watchfiles.main - DEBUG - 1 change detected: {(<Change.modified: 2>, '/workspace/app/backend/logs/app_20260618_110906.log')}
2026-06-18 11:09:17,195 - watchfiles.main - DEBUG - 1 change detected: {(<Change.modified: 2>, '/workspace/app/backend/logs/app_20260618_110906.log')}
2026-06-18 11:09:17,546 - watchfiles.main - DEBUG - 1 change detected: {(<Change.modified: 2>, '/workspace/app/backend/logs/app_20260618_110906.log')}
2026-06-18 11:09:17,897 - watchfiles.main - DEBUG - 1 change detected: {(<Change.modified: 2>, '/workspace/app/backend/logs/app_20260618_110906.log')}
2026-06-18 11:09:18,248 - watchfiles.main - DEBUG - 1 change detected: {(<Change.modified: 2>, '/workspace/app/backend/logs/app_20260618_110906.log')}
2026-06-18 11:09:18,599 - watchfiles.main - DEBUG - 1 change detected: {(<Change.modified: 2>, '/workspace/app/backend/logs/app_20260618_110906.log')}
2026-06-18 11:09:18,950 - watchfiles.main - DEBUG - 1 change detected: {(<Change.modified: 2>, '/workspace/app/backend/logs/app_20260618_110906.log')}
2026-06-18 11:09:19,301 - watchfiles.main - DEBUG - 1 change detected: {(<Change.modified: 2>, '/workspace/app/backend/logs/app_20260618_110906.log')}
2026-06-18 11:09:19,652 - watchfiles.main - DEBUG - 1 change detected: {(<Change.modified: 2>, '/workspace/app/backend/logs/app_20260618_110906.log')}
2026-06-18 11:09:20,003 - watchfiles.main - DEBUG - 1 change detected: {(<Change.modified: 2>, '/workspace/app/backend/logs/app_20260618_110906.log')}
2026-06-18 11:09:20,354 - watchfiles.main - DEBUG - 1 change detected: {(<Change.modified: 2>, '/workspace/app/backend/logs/app_20260618_110906.log')}
2026-06-18 11:09:20,705 - watchfiles.main - DEBUG - 1 change detected: {(<Change.modified: 2>, '/workspace/app/backend/logs/app_20260618_110906.log')}
2026-06-18 11:09:21,055 - watchfiles.main - DEBUG - 1 change detected: {(<Change.modified: 2>, '/workspace/app/backend/logs/app_20260618_110906.log')}
2026-06-18 11:09:21,406 - watchfiles.main - DEBUG - 1 change detected: {(<Change.modified: 2>, '/workspace/app/backend/logs/app_20260618_110906.log')}
2026-06-18 11:09:21,757 - watchfiles.main - DEBUG - 1 change detected: {(<Change.modified: 2>, '/workspace/app/backend/logs/app_20260618_110906.log')}
2026-06-18 11:09:22,108 - watchfiles.main - DEBUG - 1 change detected: {(<Change.modified: 2>, '/workspace/app/backend/logs/app_20260618_110906.log')}
2026-06-18 11:09:22,458 - watchfiles.main - DEBUG - 1 change detected: {(<Change.modified: 2>, '/workspace/app/backend/logs/app_20260618_110906.log')}
2026-06-18 11:09:22,809 - watchfiles.main - DEBUG - 1 change detected: {(<Change.modified: 2>, '/workspace/app/backend/logs/app_20260618_110906.log')}
2026-06-18 11:09:23,160 - watchfiles.main - DEBUG - 1 change detected: {(<Change.modified: 2>, '/workspace/app/backend/logs/app_20260618_110906.log')}
2026-06-18 11:09:23,511 - watchfiles.main - DEBUG - 1 change detected: {(<Change.modified: 2>, '/workspace/app/backend/logs/app_20260618_110906.log')}
2026-06-18 11:09:23,862 - watchfiles.main - DEBUG - 1 change detected: {(<Change.modified: 2>, '/workspace/app/backend/logs/app_20260618_110906.log')}
2026-06-18 11:09:24,213 - watchfiles.main - DEBUG - 1 change detected: {(<Change.modified: 2>, '/workspace/app/backend/logs/app_20260618_110906.log')}
2026-06-18 11:09:24,564 - watchfiles.main - DEBUG - 1 change detected: {(<Change.modified: 2>, '/workspace/app/backend/logs/app_20260618_110906.log')}
2026-06-18 11:09:24,915 - watchfiles.main - DEBUG - 1 change detected: {(<Change.modified: 2>, '/workspace/app/backend/logs/app_20260618_110906.log')}
2026-06-18 11:09:25,266 - watchfiles.main - DEBUG - 1 change detected: {(<Change.modified: 2>, '/workspace/app/backend/logs/app_20260618_110906.log')}
2026-06-18 11:09:25,617 - watchfiles.main - DEBUG - 1 change detected: {(<Change.modified: 2>, '/workspace/app/backend/logs/app_20260618_110906.log')}
2026-06-18 11:09:25,968 - watchfiles.main - DEBUG - 1 change detected: {(<Change.modified: 2>, '/workspace/app/backend/logs/app_20260618_110906.log')}
2026-06-18 11:09:26,319 - watchfiles.main - DEBUG - 1 change detected: {(<Change.modified: 2>, '/workspace/app/backend/logs/app_20260618_110906.log')}
2026-06-18 11:09:26,670 - watchfiles.main - DEBUG - 1 change detected: {(<Change.modified: 2>, '/workspace/app/backend/logs/app_20260618_110906.log')}
2026-06-18 11:09:27,021 - watchfiles.main - DEBUG - 1 change detected: {(<Change.modified: 2>, '/workspace/app/backend/logs/app_20260618_110906.log')}
2026-06-18 11:09:27,371 - watchfiles.main - DEBUG - 1 change detected: {(<Change.modified: 2>, '/workspace/app/backend/logs/app_20260618_110906.log')}
2026-06-18 11:09:27,722 - watchfiles.main - DEBUG - 1 change detected: {(<Change.modified: 2>, '/workspace/app/backend/logs/app_20260618_110906.log')}
2026-06-18 11:09:28,073 - watchfiles.main - DEBUG - 1 change detected: {(<Change.modified: 2>, '/workspace/app/backend/logs/app_20260618_110906.log')}
2026-06-18 11:09:28,424 - watchfiles.main - DEBUG - 1 change detected: {(<Change.modified: 2>, '/workspace/app/backend/logs/app_20260618_110906.log')}
2026-06-18 11:09:28,775 - watchfiles.main - DEBUG - 1 change detected: {(<Change.modified: 2>, '/workspace/app/backend/logs/app_20260618_110906.log')}
2026-06-18 11:09:29,126 - watchfiles.main - DEBUG - 1 change detected: {(<Change.modified: 2>, '/workspace/app/backend/logs/app_20260618_110906.log')}
2026-06-18 11:09:29,477 - watchfiles.main - DEBUG - 1 change detected: {(<Change.modified: 2>, '/workspace/app/backend/logs/app_20260618_110906.log')}
2026-06-18 11:09:29,828 - watchfiles.main - DEBUG - 1 change detected: {(<Change.modified: 2>, '/workspace/app/backend/logs/app_20260618_110906.log')}
2026-06-18 11:09:30,179 - watchfiles.main - DEBUG - 1 change detected: {(<Change.modified: 2>, '/workspace/app/backend/logs/app_20260618_110906.log')}
2026-06-18 11:09:30,530 - watchfiles.main - DEBUG - 1 change detected: {(<Change.modified: 2>, '/workspace/app/backend/logs/app_20260618_110906.log')}
2026-06-18 11:09:30,881 - watchfiles.main - DEBUG - 1 change detected: {(<Change.modified: 2>, '/workspace/app/backend/logs/app_20260618_110906.log')}
2026-06-18 11:09:31,232 - watchfiles.main - DEBUG - 1 change detected: {(<Change.modified: 2>, '/workspace/app/backend/logs/app_20260618_110906.log')}
2026-06-18 11:09:31,583 - watchfiles.main - DEBUG - 1 change detected: {(<Change.modified: 2>, '/workspace/app/backend/logs/app_20260618_110906.log')}
2026-06-18 11:09:31,934 - watchfiles.main - DEBUG - 1 change detected: {(<Change.modified: 2>, '/workspace/app/backend/logs/app_20260618_110906.log')}
2026-06-18 11:09:32,285 - watchfiles.main - DEBUG - 1 change detected: {(<Change.modified: 2>, '/workspace/app/backend/logs/app_20260618_110906.log')}
2026-06-18 11:09:32,635 - watchfiles.main - DEBUG - 1 change detected: {(<Change.modified: 2>, '/workspace/app/backend/logs/app_20260618_110906.log')}
2026-06-18 11:09:32,986 - watchfiles.main - DEBUG - 1 change detected: {(<Change.modified: 2>, '/workspace/app/backend/logs/app_20260618_110906.log')}
2026-06-18 11:09:33,337 - watchfiles.main - DEBUG - 1 change detected: {(<Change.modified: 2>, '/workspace/app/backend/logs/app_20260618_110906.log')}
2026-06-18 11:09:33,688 - watchfiles.main - DEBUG - 1 change detected: {(<Change.modified: 2>, '/workspace/app/backend/logs/app_20260618_110906.log')}
2026-06-18 11:09:34,039 - watchfiles.main - DEBUG - 1 change detected: {(<Change.modified: 2>, '/workspace/app/backend/logs/app_20260618_110906.log')}
2026-06-18 11:09:34,390 - watchfiles.main - DEBUG - 1 change detected: {(<Change.modified: 2>, '/workspace/app/backend/logs/app_20260618_110906.log')}
2026-06-18 11:09:34,741 - watchfiles.main - DEBUG - 1 change detected: {(<Change.modified: 2>, '/workspace/app/backend/logs/app_20260618_110906.log')}
2026-06-18 11:09:35,092 - watchfiles.main - DEBUG - 1 change detected: {(<Change.modified: 2>, '/workspace/app/backend/logs/app_20260618_110906.log')}
2026-06-18 11:09:35,443 - watchfiles.main - DEBUG - 1 change detected: {(<Change.modified: 2>, '/workspace/app/backend/logs/app_20260618_110906.log')}
2026-06-18 11:09:35,794 - watchfiles.main - DEBUG - 1 change detected: {(<Change.modified: 2>, '/workspace/app/backend/logs/app_20260618_110906.log')}
2026-06-18 11:09:36,145 - watchfiles.main - DEBUG - 1 change detected: {(<Change.modified: 2>, '/workspace/app/backend/logs/app_20260618_110906.log')}
2026-06-18 11:09:36,496 - watchfiles.main - DEBUG - 1 change detected: {(<Change.modified: 2>, '/workspace/app/backend/logs/app_20260618_110906.log')}
2026-06-18 11:09:36,847 - watchfiles.main - DEBUG - 1 change detected: {(<Change.modified: 2>, '/workspace/app/backend/logs/app_20260618_110906.log')}
2026-06-18 11:09:37,198 - watchfiles.main - DEBUG - 1 change detected: {(<Change.modified: 2>, '/workspace/app/backend/logs/app_20260618_110906.log')}
2026-06-18 11:09:37,549 - watchfiles.main - DEBUG - 1 change detected: {(<Change.modified: 2>, '/workspace/app/backend/logs/app_20260618_110906.log')}
2026-06-18 11:09:37,900 - watchfiles.main - DEBUG - 1 change detected: {(<Change.modified: 2>, '/workspace/app/backend/logs/app_20260618_110906.log')}
2026-06-18 11:09:38,251 - watchfiles.main - DEBUG - 1 change detected: {(<Change.modified: 2>, '/workspace/app/backend/logs/app_20260618_110906.log')}
2026-06-18 11:09:38,602 - watchfiles.main - DEBUG - 1 change detected: {(<Change.modified: 2>, '/workspace/app/backend/logs/app_20260618_110906.log')}
2026-06-18 11:09:38,953 - watchfiles.main - DEBUG - 1 change detected: {(<Change.modified: 2>, '/workspace/app/backend/logs/app_20260618_110906.log')}
2026-06-18 11:09:39,304 - watchfiles.main - DEBUG - 1 change detected: {(<Change.modified: 2>, '/workspace/app/backend/logs/app_20260618_110906.log')}
2026-06-18 11:09:39,654 - watchfiles.main - DEBUG - 1 change detected: {(<Change.modified: 2>, '/workspace/app/backend/logs/app_20260618_110906.log')}
2026-06-18 11:09:40,005 - watchfiles.main - DEBUG - 1 change detected: {(<Change.modified: 2>, '/workspace/app/backend/logs/app_20260618_110906.log')}
2026-06-18 11:09:40,356 - watchfiles.main - DEBUG - 1 change detected: {(<Change.modified: 2>, '/workspace/app/backend/logs/app_20260618_110906.log')}
2026-06-18 11:09:40,707 - watchfiles.main - DEBUG - 1 change detected: {(<Change.modified: 2>, '/workspace/app/backend/logs/app_20260618_110906.log')}
2026-06-18 11:09:41,058 - watchfiles.main - DEBUG - 1 change detected: {(<Change.modified: 2>, '/workspace/app/backend/logs/app_20260618_110906.log')}
2026-06-18 11:09:41,409 - watchfiles.main - DEBUG - 1 change detected: {(<Change.modified: 2>, '/workspace/app/backend/logs/app_20260618_110906.log')}
2026-06-18 11:09:41,760 - watchfiles.main - DEBUG - 1 change detected: {(<Change.modified: 2>, '/workspace/app/backend/logs/app_20260618_110906.log')}
2026-06-18 11:09:42,111 - watchfiles.main - DEBUG - 1 change detected: {(<Change.modified: 2>, '/workspace/app/backend/logs/app_20260618_110906.log')}
2026-06-18 11:09:42,462 - watchfiles.main - DEBUG - 1 change detected: {(<Change.modified: 2>, '/workspace/app/backend/logs/app_20260618_110906.log')}
2026-06-18 11:09:42,813 - watchfiles.main - DEBUG - 1 change detected: {(<Change.modified: 2>, '/workspace/app/backend/logs/app_20260618_110906.log')}
2026-06-18 11:09:43,164 - watchfiles.main - DEBUG - 1 change detected: {(<Change.modified: 2>, '/workspace/app/backend/logs/app_20260618_110906.log')}
2026-06-18 11:09:43,514 - watchfiles.main - DEBUG - 1 change detected: {(<Change.modified: 2>, '/workspace/app/backend/logs/app_20260618_110906.log')}
2026-06-18 11:09:43,865 - watchfiles.main - DEBUG - 1 change detected: {(<Change.modified: 2>, '/workspace/app/backend/logs/app_20260618_110906.log')}
2026-06-18 11:09:44,216 - watchfiles.main - DEBUG - 1 change detected: {(<Change.modified: 2>, '/workspace/app/backend/logs/app_20260618_110906.log')}
2026-06-18 11:09:44,567 - watchfiles.main - DEBUG - 1 change detected: {(<Change.modified: 2>, '/workspace/app/backend/logs/app_20260618_110906.log')}
2026-06-18 11:09:44,918 - watchfiles.main - DEBUG - 1 change detected: {(<Change.modified: 2>, '/workspace/app/backend/logs/app_20260618_110906.log')}
2026-06-18 11:09:45,268 - watchfiles.main - DEBUG - 1 change detected: {(<Change.modified: 2>, '/workspace/app/backend/logs/app_20260618_110906.log')}
2026-06-18 11:09:45,619 - watchfiles.main - DEBUG - 1 change detected: {(<Change.modified: 2>, '/workspace/app/backend/logs/app_20260618_110906.log')}
2026-06-18 11:09:45,970 - watchfiles.main - DEBUG - 1 change detected: {(<Change.modified: 2>, '/workspace/app/backend/logs/app_20260618_110906.log')}
2026-06-18 11:09:46,321 - watchfiles.main - DEBUG - 1 change detected: {(<Change.modified: 2>, '/workspace/app/backend/logs/app_20260618_110906.log')}
2026-06-18 11:09:46,672 - watchfiles.main - DEBUG - 1 change detected: {(<Change.modified: 2>, '/workspace/app/backend/logs/app_20260618_110906.log')}
2026-06-18 11:09:47,023 - watchfiles.main - DEBUG - 1 change detected: {(<Change.modified: 2>, '/workspace/app/backend/logs/app_20260618_110906.log')}
2026-06-18 11:09:47,374 - watchfiles.main - DEBUG - 1 change detected: {(<Change.modified: 2>, '/workspace/app/backend/logs/app_20260618_110906.log')}
2026-06-18 11:09:47,725 - watchfiles.main - DEBUG - 1 change detected: {(<Change.modified: 2>, '/workspace/app/backend/logs/app_20260618_110906.log')}
2026-06-18 11:09:48,075 - watchfiles.main - DEBUG - 1 change detected: {(<Change.modified: 2>, '/workspace/app/backend/logs/app_20260618_110906.log')}
2026-06-18 11:09:48,426 - watchfiles.main - DEBUG - 1 change detected: {(<Change.modified: 2>, '/workspace/app/backend/logs/app_20260618_110906.log')}
2026-06-18 11:09:48,777 - watchfiles.main - DEBUG - 1 change detected: {(<Change.modified: 2>, '/workspace/app/backend/logs/app_20260618_110906.log')}
2026-06-18 11:09:49,128 - watchfiles.main - DEBUG - 1 change detected: {(<Change.modified: 2>, '/workspace/app/backend/logs/app_20260618_110906.log')}
2026-06-18 11:09:49,479 - watchfiles.main - DEBUG - 1 change detected: {(<Change.modified: 2>, '/workspace/app/backend/logs/app_20260618_110906.log')}
2026-06-18 11:09:49,830 - watchfiles.main - DEBUG - 1 change detected: {(<Change.modified: 2>, '/workspace/app/backend/logs/app_20260618_110906.log')}
2026-06-18 11:09:50,181 - watchfiles.main - DEBUG - 1 change detected: {(<Change.modified: 2>, '/workspace/app/backend/logs/app_20260618_110906.log')}
2026-06-18 11:09:50,532 - watchfiles.main - DEBUG - 1 change detected: {(<Change.modified: 2>, '/workspace/app/backend/logs/app_20260618_110906.log')}
2026-06-18 11:09:50,883 - watchfiles.main - DEBUG - 1 change detected: {(<Change.modified: 2>, '/workspace/app/backend/logs/app_20260618_110906.log')}
2026-06-18 11:09:51,234 - watchfiles.main - DEBUG - 1 change detected: {(<Change.modified: 2>, '/workspace/app/backend/logs/app_20260618_110906.log')}
2026-06-18 11:09:51,585 - watchfiles.main - DEBUG - 1 change detected: {(<Change.modified: 2>, '/workspace/app/backend/logs/app_20260618_110906.log')}
2026-06-18 11:09:51,936 - watchfiles.main - DEBUG - 1 change detected: {(<Change.modified: 2>, '/workspace/app/backend/logs/app_20260618_110906.log')}
2026-06-18 11:09:52,287 - watchfiles.main - DEBUG - 1 change detected: {(<Change.modified: 2>, '/workspace/app/backend/logs/app_20260618_110906.log')}
2026-06-18 11:09:52,638 - watchfiles.main - DEBUG - 1 change detected: {(<Change.modified: 2>, '/workspace/app/backend/logs/app_20260618_110906.log')}
2026-06-18 11:09:52,989 - watchfiles.main - DEBUG - 1 change detected: {(<Change.modified: 2>, '/workspace/app/backend/logs/app_20260618_110906.log')}
2026-06-18 11:09:53,340 - watchfiles.main - DEBUG - 1 change detected: {(<Change.modified: 2>, '/workspace/app/backend/logs/app_20260618_110906.log')}
2026-06-18 11:09:53,690 - watchfiles.main - DEBUG - 1 change detected: {(<Change.modified: 2>, '/workspace/app/backend/logs/app_20260618_110906.log')}
2026-06-18 11:09:54,042 - watchfiles.main - DEBUG - 1 change detected: {(<Change.modified: 2>, '/workspace/app/backend/logs/app_20260618_110906.log')}
2026-06-18 11:09:54,393 - watchfiles.main - DEBUG - 1 change detected: {(<Change.modified: 2>, '/workspace/app/backend/logs/app_20260618_110906.log')}
2026-06-18 11:09:54,744 - watchfiles.main - DEBUG - 1 change detected: {(<Change.modified: 2>, '/workspace/app/backend/logs/app_20260618_110906.log')}
2026-06-18 11:09:55,095 - watchfiles.main - DEBUG - 1 change detected: {(<Change.modified: 2>, '/workspace/app/backend/logs/app_20260618_110906.log')}
2026-06-18 11:09:55,446 - watchfiles.main - DEBUG - 1 change detected: {(<Change.modified: 2>, '/workspace/app/backend/logs/app_20260618_110906.log')}
2026-06-18 11:09:55,796 - watchfiles.main - DEBUG - 1 change detected: {(<Change.modified: 2>, '/workspace/app/backend/logs/app_20260618_110906.log')}
2026-06-18 11:09:56,147 - watchfiles.main - DEBUG - 1 change detected: {(<Change.modified: 2>, '/workspace/app/backend/logs/app_20260618_110906.log')}
2026-06-18 11:09:56,498 - watchfiles.main - DEBUG - 1 change detected: {(<Change.modified: 2>, '/workspace/app/backend/logs/app_20260618_110906.log')}
2026-06-18 11:09:56,849 - watchfiles.main - DEBUG - 1 change detected: {(<Change.modified: 2>, '/workspace/app/backend/logs/app_20260618_110906.log')}
2026-06-18 11:09:57,200 - watchfiles.main - DEBUG - 1 change detected: {(<Change.modified: 2>, '/workspace/app/backend/logs/app_20260618_110906.log')}
2026-06-18 11:09:57,551 - watchfiles.main - DEBUG - 1 change detected: {(<Change.modified: 2>, '/workspace/app/backend/logs/app_20260618_110906.log')}
2026-06-18 11:09:57,902 - watchfiles.main - DEBUG - 1 change detected: {(<Change.modified: 2>, '/workspace/app/backend/logs/app_20260618_110906.log')}
2026-06-18 11:09:58,253 - watchfiles.main - DEBUG - 1 change detected: {(<Change.modified: 2>, '/workspace/app/backend/logs/app_20260618_110906.log')}
2026-06-18 11:09:58,604 - watchfiles.main - DEBUG - 1 change detected: {(<Change.modified: 2>, '/workspace/app/backend/logs/app_20260618_110906.log')}
2026-06-18 11:09:58,955 - watchfiles.main - DEBUG - 1 change detected: {(<Change.modified: 2>, '/workspace/app/backend/logs/app_20260618_110906.log')}
2026-06-18 11:09:59,306 - watchfiles.main - DEBUG - 1 change detected: {(<Change.modified: 2>, '/workspace/app/backend/logs/app_20260618_110906.log')}
2026-06-18 11:09:59,657 - watchfiles.main - DEBUG - 1 change detected: {(<Change.modified: 2>, '/workspace/app/backend/logs/app_20260618_110906.log')}
2026-06-18 11:10:00,007 - watchfiles.main - DEBUG - 1 change detected: {(<Change.modified: 2>, '/workspace/app/backend/logs/app_20260618_110906.log')}
2026-06-18 11:10:00,358 - watchfiles.main - DEBUG - 1 change detected: {(<Change.modified: 2>, '/workspace/app/backend/logs/app_20260618_110906.log')}
2026-06-18 11:10:00,709 - watchfiles.main - DEBUG - 1 change detected: {(<Change.modified: 2>, '/workspace/app/backend/logs/app_20260618_110906.log')}
2026-06-18 11:10:01,060 - watchfiles.main - DEBUG - 1 change detected: {(<Change.modified: 2>, '/workspace/app/backend/logs/app_20260618_110906.log')}
2026-06-18 11:10:01,411 - watchfiles.main - DEBUG - 1 change detected: {(<Change.modified: 2>, '/workspace/app/backend/logs/app_20260618_110906.log')}
2026-06-18 11:10:01,762 - watchfiles.main - DEBUG - 1 change detected: {(<Change.modified: 2>, '/workspace/app/backend/logs/app_20260618_110906.log')}
2026-06-18 11:10:02,113 - watchfiles.main - DEBUG - 1 change detected: {(<Change.modified: 2>, '/workspace/app/backend/logs/app_20260618_110906.log')}
2026-06-18 11:10:02,464 - watchfiles.main - DEBUG - 1 change detected: {(<Change.modified: 2>, '/workspace/app/backend/logs/app_20260618_110906.log')}
2026-06-18 11:10:02,815 - watchfiles.main - DEBUG - 1 change detected: {(<Change.modified: 2>, '/workspace/app/backend/logs/app_20260618_110906.log')}
2026-06-18 11:10:03,166 - watchfiles.main - DEBUG - 1 change detected: {(<Change.modified: 2>, '/workspace/app/backend/logs/app_20260618_110906.log')}
2026-06-18 11:10:03,517 - watchfiles.main - DEBUG - 1 change detected: {(<Change.modified: 2>, '/workspace/app/backend/logs/app_20260618_110906.log')}
2026-06-18 11:10:03,868 - watchfiles.main - DEBUG - 1 change detected: {(<Change.modified: 2>, '/workspace/app/backend/logs/app_20260618_110906.log')}
2026-06-18 11:10:04,219 - watchfiles.main - DEBUG - 1 change detected: {(<Change.modified: 2>, '/workspace/app/backend/logs/app_20260618_110906.log')}
2026-06-18 11:10:04,570 - watchfiles.main - DEBUG - 1 change detected: {(<Change.modified: 2>, '/workspace/app/backend/logs/app_20260618_110906.log')}
2026-06-18 11:10:04,921 - watchfiles.main - DEBUG - 1 change detected: {(<Change.modified: 2>, '/workspace/app/backend/logs/app_20260618_110906.log')}
2026-06-18 11:10:05,271 - watchfiles.main - DEBUG - 1 change detected: {(<Change.modified: 2>, '/workspace/app/backend/logs/app_20260618_110906.log')}
2026-06-18 11:10:05,622 - watchfiles.main - DEBUG - 1 change detected: {(<Change.modified: 2>, '/workspace/app/backend/logs/app_20260618_110906.log')}
2026-06-18 11:10:05,973 - watchfiles.main - DEBUG - 1 change detected: {(<Change.modified: 2>, '/workspace/app/backend/logs/app_20260618_110906.log')}
2026-06-18 11:10:06,324 - watchfiles.main - DEBUG - 1 change detected: {(<Change.modified: 2>, '/workspace/app/backend/logs/app_20260618_110906.log')}
2026-06-18 11:10:06,675 - watchfiles.main - DEBUG - 1 change detected: {(<Change.modified: 2>, '/workspace/app/backend/logs/app_20260618_110906.log')}
2026-06-18 11:10:07,026 - watchfiles.main - DEBUG - 1 change detected: {(<Change.modified: 2>, '/workspace/app/backend/logs/app_20260618_110906.log')}
2026-06-18 11:10:07,378 - watchfiles.main - DEBUG - 1 change detected: {(<Change.modified: 2>, '/workspace/app/backend/logs/app_20260618_110906.log')}
2026-06-18 11:10:07,728 - watchfiles.main - DEBUG - 1 change detected: {(<Change.modified: 2>, '/workspace/app/backend/logs/app_20260618_110906.log')}
2026-06-18 11:10:08,080 - watchfiles.main - DEBUG - 1 change detected: {(<Change.modified: 2>, '/workspace/app/backend/logs/app_20260618_110906.log')}
2026-06-18 11:10:08,431 - watchfiles.main - DEBUG - 1 change detected: {(<Change.modified: 2>, '/workspace/app/backend/logs/app_20260618_110906.log')}
2026-06-18 11:10:08,782 - watchfiles.main - DEBUG - 1 change detected: {(<Change.modified: 2>, '/workspace/app/backend/logs/app_20260618_110906.log')}
2026-06-18 11:10:09,133 - watchfiles.main - DEBUG - 1 change detected: {(<Change.modified: 2>, '/workspace/app/backend/logs/app_20260618_110906.log')}
2026-06-18 11:10:09,484 - watchfiles.main - DEBUG - 1 change detected: {(<Change.modified: 2>, '/workspace/app/backend/logs/app_20260618_110906.log')}
2026-06-18 11:10:09,835 - watchfiles.main - DEBUG - 1 change detected: {(<Change.modified: 2>, '/workspace/app/backend/logs/app_20260618_110906.log')}
2026-06-18 11:10:10,185 - watchfiles.main - DEBUG - 1 change detected: {(<Change.modified: 2>, '/workspace/app/backend/logs/app_20260618_110906.log')}
2026-06-18 11:10:10,536 - watchfiles.main - DEBUG - 1 change detected: {(<Change.modified: 2>, '/workspace/app/backend/logs/app_20260618_110906.log')}
2026-06-18 11:10:10,887 - watchfiles.main - DEBUG - 1 change detected: {(<Change.modified: 2>, '/workspace/app/backend/logs/app_20260618_110906.log')}
2026-06-18 11:10:11,238 - watchfiles.main - DEBUG - 1 change detected: {(<Change.modified: 2>, '/workspace/app/backend/logs/app_20260618_110906.log')}
2026-06-18 11:10:11,589 - watchfiles.main - DEBUG - 1 change detected: {(<Change.modified: 2>, '/workspace/app/backend/logs/app_20260618_110906.log')}
2026-06-18 11:10:11,940 - watchfiles.main - DEBUG - 1 change detected: {(<Change.modified: 2>, '/workspace/app/backend/logs/app_20260618_110906.log')}
2026-06-18 11:10:12,291 - watchfiles.main - DEBUG - 1 change detected: {(<Change.modified: 2>, '/workspace/app/backend/logs/app_20260618_110906.log')}
2026-06-18 11:10:12,642 - watchfiles.main - DEBUG - 1 change detected: {(<Change.modified: 2>, '/workspace/app/backend/logs/app_20260618_110906.log')}
2026-06-18 11:10:12,993 - watchfiles.main - DEBUG - 1 change detected: {(<Change.modified: 2>, '/workspace/app/backend/logs/app_20260618_110906.log')}
2026-06-18 11:10:13,344 - watchfiles.main - DEBUG - 1 change detected: {(<Change.modified: 2>, '/workspace/app/backend/logs/app_20260618_110906.log')}
