2026-06-10 21:26:15,268 - main - INFO - === Logging system initialized ===
2026-06-10 21:26:15,268 - main - INFO - Log file: logs/app_20260610_212615.log
2026-06-10 21:26:15,269 - main - INFO - Log level: INFO
2026-06-10 21:26:15,269 - main - INFO - Timestamp: 20260610_212615
2026-06-10 21:26:16,155 - main - INFO - Included router: routers.aihub.router
2026-06-10 21:26:16,167 - main - INFO - Included router: routers.analysis.router
2026-06-10 21:26:16,184 - main - INFO - Included router: routers.auth.router
2026-06-10 21:26:16,186 - main - INFO - Included router: routers.health.router
2026-06-10 21:26:16,201 - main - INFO - Included router: routers.reports.router
2026-06-10 21:26:16,226 - main - INFO - Included router: routers.settings.router
2026-06-10 21:26:16,261 - main - INFO - Included router: routers.storage.router
2026-06-10 21:26:16,270 - main - INFO - Included router: routers.user.router
2026-06-10 21:26:16,272 - main - INFO - === Application startup initiated ===
2026-06-10 21:26:16,272 - services.database - INFO - Ignore creating tables
2026-06-10 21:26:16,272 - services.mock_data - INFO - Ignore initialize data
2026-06-10 21:26:16,272 - services.auth - INFO - Ignore initialize admin
2026-06-10 21:26:16,272 - main - INFO - === Application startup completed successfully ===
2026-06-10 21:40:27,625 - services.database - DEBUG - [DB_OP] Starting database close
2026-06-10 21:40:27,625 - services.database - INFO - Database connections closed
2026-06-10 21:40:27,625 - services.database - DEBUG - [DB_OP] Database close completed in 0.0004s
