2026-06-23 07:47:04,498 - main - INFO - === Logging system initialized ===
2026-06-23 07:47:04,498 - main - INFO - Log file: logs/app_20260623_074704.log
2026-06-23 07:47:04,499 - main - INFO - Log level: INFO
2026-06-23 07:47:04,499 - main - INFO - Timestamp: 20260623_074704
2026-06-23 07:47:05,379 - main - INFO - Included router: routers.aihub.router
2026-06-23 07:47:05,401 - main - INFO - Included router: routers.analysis.router
2026-06-23 07:47:05,413 - main - INFO - Included router: routers.auth.router
2026-06-23 07:47:05,426 - main - INFO - Included router: routers.custom_auth.router
2026-06-23 07:47:05,477 - main - INFO - Included router: routers.doctor_patients.router
2026-06-23 07:47:05,478 - main - INFO - Included router: routers.health.router
2026-06-23 07:47:05,536 - main - INFO - Included router: routers.invite.router
2026-06-23 07:47:05,549 - main - INFO - Included router: routers.reports.router
2026-06-23 07:47:05,568 - main - INFO - Included router: routers.settings.router
2026-06-23 07:47:05,611 - main - INFO - Included router: routers.storage.router
2026-06-23 07:47:05,620 - main - INFO - Included router: routers.user.router
2026-06-23 07:47:05,663 - main - INFO - Included router: routers.users_profiles.router
2026-06-23 07:47:05,664 - main - INFO - === Application startup initiated ===
2026-06-23 07:47:05,664 - services.database - INFO - Ignore creating tables
2026-06-23 07:47:05,665 - services.mock_data - INFO - Ignore initialize data
2026-06-23 07:47:05,665 - services.auth - INFO - Ignore initialize admin
2026-06-23 07:47:05,665 - main - INFO - === Application startup completed successfully ===
2026-06-23 08:02:09,456 - services.database - DEBUG - [DB_OP] Starting database close
2026-06-23 08:02:09,456 - services.database - INFO - Database connections closed
2026-06-23 08:02:09,456 - services.database - DEBUG - [DB_OP] Database close completed in 0.0004s
