2026-07-07 01:55:00,982 - main - INFO - === Logging system initialized ===
2026-07-07 01:55:00,982 - main - INFO - Log file: logs/app_20260707_015500.log
2026-07-07 01:55:00,982 - main - INFO - Log level: INFO
2026-07-07 01:55:00,982 - main - INFO - Timestamp: 20260707_015500
2026-07-07 01:55:01,987 - main - INFO - Included router: routers.aihub.router
2026-07-07 01:55:02,080 - main - INFO - Included router: routers.analysis.router
2026-07-07 01:55:02,096 - main - INFO - Included router: routers.auth.router
2026-07-07 01:55:02,111 - main - INFO - Included router: routers.custom_auth.router
2026-07-07 01:55:02,157 - main - INFO - Included router: routers.doctor_patients.router
2026-07-07 01:55:02,160 - main - INFO - Included router: routers.health.router
2026-07-07 01:55:02,219 - main - INFO - Included router: routers.invite.router
2026-07-07 01:55:02,233 - main - INFO - Included router: routers.reports.router
2026-07-07 01:55:02,254 - main - INFO - Included router: routers.settings.router
2026-07-07 01:55:02,292 - main - INFO - Included router: routers.storage.router
2026-07-07 01:55:02,303 - main - INFO - Included router: routers.user.router
2026-07-07 01:55:02,351 - main - INFO - Included router: routers.users_profiles.router
2026-07-07 01:55:02,354 - main - INFO - === Application startup initiated ===
2026-07-07 01:55:02,354 - services.database - INFO - Ignore creating tables
2026-07-07 01:55:02,354 - services.mock_data - INFO - Ignore initialize data
2026-07-07 01:55:02,354 - services.auth - INFO - Ignore initialize admin
2026-07-07 01:55:02,355 - main - INFO - === Application startup completed successfully ===
2026-07-07 01:57:34,368 - services.database - DEBUG - [DB_OP] Starting database close
2026-07-07 01:57:34,369 - services.database - INFO - Database connections closed
2026-07-07 01:57:34,369 - services.database - DEBUG - [DB_OP] Database close completed in 0.0005s
