2026-06-12 11:50:44,424 - main - INFO - === Logging system initialized ===
2026-06-12 11:50:44,424 - main - INFO - Log file: logs/app_20260612_115044.log
2026-06-12 11:50:44,424 - main - INFO - Log level: INFO
2026-06-12 11:50:44,424 - main - INFO - Timestamp: 20260612_115044
2026-06-12 11:50:45,223 - main - INFO - Included router: routers.aihub.router
2026-06-12 11:50:45,244 - main - INFO - Included router: routers.analysis.router
2026-06-12 11:50:45,257 - main - INFO - Included router: routers.auth.router
2026-06-12 11:50:45,266 - main - INFO - Included router: routers.custom_auth.router
2026-06-12 11:50:45,320 - main - INFO - Included router: routers.doctor_patients.router
2026-06-12 11:50:45,322 - main - INFO - Included router: routers.health.router
2026-06-12 11:50:45,377 - main - INFO - Included router: routers.invite.router
2026-06-12 11:50:45,390 - main - INFO - Included router: routers.reports.router
2026-06-12 11:50:45,415 - main - INFO - Included router: routers.settings.router
2026-06-12 11:50:45,458 - main - INFO - Included router: routers.storage.router
2026-06-12 11:50:45,468 - main - INFO - Included router: routers.user.router
2026-06-12 11:50:45,518 - main - INFO - Included router: routers.users_profiles.router
2026-06-12 11:50:45,520 - main - INFO - === Application startup initiated ===
2026-06-12 11:50:45,520 - services.database - INFO - Ignore creating tables
2026-06-12 11:50:45,520 - services.mock_data - INFO - Ignore initialize data
2026-06-12 11:50:45,520 - services.auth - INFO - Ignore initialize admin
2026-06-12 11:50:45,520 - main - INFO - === Application startup completed successfully ===
2026-06-12 11:53:49,259 - services.database - DEBUG - [DB_OP] Starting database close
2026-06-12 11:53:49,260 - services.database - INFO - Database connections closed
2026-06-12 11:53:49,260 - services.database - DEBUG - [DB_OP] Database close completed in 0.0004s
