2026-06-19 05:38:57,514 - main - INFO - === Logging system initialized ===
2026-06-19 05:38:57,515 - main - INFO - Log file: logs/app_20260619_053857.log
2026-06-19 05:38:57,515 - main - INFO - Log level: INFO
2026-06-19 05:38:57,515 - main - INFO - Timestamp: 20260619_053857
2026-06-19 05:38:58,293 - main - INFO - Included router: routers.aihub.router
2026-06-19 05:38:58,313 - main - INFO - Included router: routers.analysis.router
2026-06-19 05:38:58,327 - main - INFO - Included router: routers.auth.router
2026-06-19 05:38:58,340 - main - INFO - Included router: routers.custom_auth.router
2026-06-19 05:38:58,387 - main - INFO - Included router: routers.doctor_patients.router
2026-06-19 05:38:58,389 - main - INFO - Included router: routers.health.router
2026-06-19 05:38:58,453 - main - INFO - Included router: routers.invite.router
2026-06-19 05:38:58,466 - main - INFO - Included router: routers.reports.router
2026-06-19 05:38:58,488 - main - INFO - Included router: routers.settings.router
2026-06-19 05:38:58,522 - main - INFO - Included router: routers.storage.router
2026-06-19 05:38:58,530 - main - INFO - Included router: routers.user.router
2026-06-19 05:38:58,574 - main - INFO - Included router: routers.users_profiles.router
2026-06-19 05:38:59,838 - watchfiles.main - DEBUG - 1 change detected: {(<Change.added: 1>, '/workspace/app/backend/logs/app_20260619_053859.log')}
2026-06-19 05:39:00,190 - watchfiles.main - DEBUG - 1 change detected: {(<Change.modified: 2>, '/workspace/app/backend/logs/app_20260619_053857.log')}
2026-06-19 05:39:00,541 - watchfiles.main - DEBUG - 1 change detected: {(<Change.modified: 2>, '/workspace/app/backend/logs/app_20260619_053857.log')}
2026-06-19 05:39:00,891 - watchfiles.main - DEBUG - 2 changes detected: {(<Change.modified: 2>, '/workspace/app/backend/logs/app_20260619_053859.log'), (<Change.modified: 2>, '/workspace/app/backend/logs/app_20260619_053857.log')}
2026-06-19 05:39:01,242 - watchfiles.main - DEBUG - 2 changes detected: {(<Change.modified: 2>, '/workspace/app/backend/logs/app_20260619_053859.log'), (<Change.modified: 2>, '/workspace/app/backend/logs/app_20260619_053857.log')}
2026-06-19 05:39:01,593 - watchfiles.main - DEBUG - 1 change detected: {(<Change.modified: 2>, '/workspace/app/backend/logs/app_20260619_053857.log')}
2026-06-19 05:39:01,944 - watchfiles.main - DEBUG - 1 change detected: {(<Change.modified: 2>, '/workspace/app/backend/logs/app_20260619_053857.log')}
2026-06-19 05:39:02,295 - watchfiles.main - DEBUG - 1 change detected: {(<Change.modified: 2>, '/workspace/app/backend/logs/app_20260619_053857.log')}
2026-06-19 05:39:02,646 - watchfiles.main - DEBUG - 1 change detected: {(<Change.modified: 2>, '/workspace/app/backend/logs/app_20260619_053857.log')}
2026-06-19 05:39:02,997 - watchfiles.main - DEBUG - 1 change detected: {(<Change.modified: 2>, '/workspace/app/backend/logs/app_20260619_053857.log')}
2026-06-19 05:39:03,348 - watchfiles.main - DEBUG - 1 change detected: {(<Change.modified: 2>, '/workspace/app/backend/logs/app_20260619_053857.log')}
2026-06-19 05:39:03,699 - watchfiles.main - DEBUG - 1 change detected: {(<Change.modified: 2>, '/workspace/app/backend/logs/app_20260619_053857.log')}
2026-06-19 05:39:04,050 - watchfiles.main - DEBUG - 1 change detected: {(<Change.modified: 2>, '/workspace/app/backend/logs/app_20260619_053857.log')}
2026-06-19 05:39:04,401 - watchfiles.main - DEBUG - 1 change detected: {(<Change.modified: 2>, '/workspace/app/backend/logs/app_20260619_053857.log')}
2026-06-19 05:39:04,752 - watchfiles.main - DEBUG - 1 change detected: {(<Change.modified: 2>, '/workspace/app/backend/logs/app_20260619_053857.log')}
2026-06-19 05:39:05,103 - watchfiles.main - DEBUG - 1 change detected: {(<Change.modified: 2>, '/workspace/app/backend/logs/app_20260619_053857.log')}
2026-06-19 05:39:05,454 - watchfiles.main - DEBUG - 1 change detected: {(<Change.modified: 2>, '/workspace/app/backend/logs/app_20260619_053857.log')}
2026-06-19 05:39:05,805 - watchfiles.main - DEBUG - 1 change detected: {(<Change.modified: 2>, '/workspace/app/backend/logs/app_20260619_053857.log')}
2026-06-19 05:39:06,157 - watchfiles.main - DEBUG - 1 change detected: {(<Change.modified: 2>, '/workspace/app/backend/logs/app_20260619_053857.log')}
2026-06-19 05:39:06,508 - watchfiles.main - DEBUG - 1 change detected: {(<Change.modified: 2>, '/workspace/app/backend/logs/app_20260619_053857.log')}
2026-06-19 05:39:06,859 - watchfiles.main - DEBUG - 1 change detected: {(<Change.modified: 2>, '/workspace/app/backend/logs/app_20260619_053857.log')}
2026-06-19 05:39:07,209 - watchfiles.main - DEBUG - 1 change detected: {(<Change.modified: 2>, '/workspace/app/backend/logs/app_20260619_053857.log')}
2026-06-19 05:39:07,560 - watchfiles.main - DEBUG - 1 change detected: {(<Change.modified: 2>, '/workspace/app/backend/logs/app_20260619_053857.log')}
2026-06-19 05:39:07,912 - watchfiles.main - DEBUG - 1 change detected: {(<Change.modified: 2>, '/workspace/app/backend/logs/app_20260619_053857.log')}
2026-06-19 05:39:08,262 - watchfiles.main - DEBUG - 1 change detected: {(<Change.modified: 2>, '/workspace/app/backend/logs/app_20260619_053857.log')}
2026-06-19 05:39:08,613 - watchfiles.main - DEBUG - 1 change detected: {(<Change.modified: 2>, '/workspace/app/backend/logs/app_20260619_053857.log')}
2026-06-19 05:39:08,964 - watchfiles.main - DEBUG - 1 change detected: {(<Change.modified: 2>, '/workspace/app/backend/logs/app_20260619_053857.log')}
2026-06-19 05:39:09,315 - watchfiles.main - DEBUG - 1 change detected: {(<Change.modified: 2>, '/workspace/app/backend/logs/app_20260619_053857.log')}
2026-06-19 05:39:09,666 - watchfiles.main - DEBUG - 1 change detected: {(<Change.modified: 2>, '/workspace/app/backend/logs/app_20260619_053857.log')}
2026-06-19 05:39:10,017 - watchfiles.main - DEBUG - 1 change detected: {(<Change.modified: 2>, '/workspace/app/backend/logs/app_20260619_053857.log')}
2026-06-19 05:39:10,368 - watchfiles.main - DEBUG - 1 change detected: {(<Change.modified: 2>, '/workspace/app/backend/logs/app_20260619_053857.log')}
2026-06-19 05:39:10,719 - watchfiles.main - DEBUG - 1 change detected: {(<Change.modified: 2>, '/workspace/app/backend/logs/app_20260619_053857.log')}
2026-06-19 05:39:11,070 - watchfiles.main - DEBUG - 1 change detected: {(<Change.modified: 2>, '/workspace/app/backend/logs/app_20260619_053857.log')}
2026-06-19 05:39:11,421 - watchfiles.main - DEBUG - 1 change detected: {(<Change.modified: 2>, '/workspace/app/backend/logs/app_20260619_053857.log')}
2026-06-19 05:39:11,772 - watchfiles.main - DEBUG - 1 change detected: {(<Change.modified: 2>, '/workspace/app/backend/logs/app_20260619_053857.log')}
2026-06-19 05:39:12,123 - watchfiles.main - DEBUG - 1 change detected: {(<Change.modified: 2>, '/workspace/app/backend/logs/app_20260619_053857.log')}
2026-06-19 05:39:12,474 - watchfiles.main - DEBUG - 1 change detected: {(<Change.modified: 2>, '/workspace/app/backend/logs/app_20260619_053857.log')}
2026-06-19 05:39:12,825 - watchfiles.main - DEBUG - 1 change detected: {(<Change.modified: 2>, '/workspace/app/backend/logs/app_20260619_053857.log')}
2026-06-19 05:39:13,176 - watchfiles.main - DEBUG - 1 change detected: {(<Change.modified: 2>, '/workspace/app/backend/logs/app_20260619_053857.log')}
2026-06-19 05:39:13,527 - watchfiles.main - DEBUG - 1 change detected: {(<Change.modified: 2>, '/workspace/app/backend/logs/app_20260619_053857.log')}
2026-06-19 05:39:13,878 - watchfiles.main - DEBUG - 1 change detected: {(<Change.modified: 2>, '/workspace/app/backend/logs/app_20260619_053857.log')}
2026-06-19 05:39:14,229 - watchfiles.main - DEBUG - 1 change detected: {(<Change.modified: 2>, '/workspace/app/backend/logs/app_20260619_053857.log')}
2026-06-19 05:39:14,580 - watchfiles.main - DEBUG - 1 change detected: {(<Change.modified: 2>, '/workspace/app/backend/logs/app_20260619_053857.log')}
2026-06-19 05:39:14,931 - watchfiles.main - DEBUG - 1 change detected: {(<Change.modified: 2>, '/workspace/app/backend/logs/app_20260619_053857.log')}
2026-06-19 05:39:15,282 - watchfiles.main - DEBUG - 1 change detected: {(<Change.modified: 2>, '/workspace/app/backend/logs/app_20260619_053857.log')}
2026-06-19 05:39:15,633 - watchfiles.main - DEBUG - 1 change detected: {(<Change.modified: 2>, '/workspace/app/backend/logs/app_20260619_053857.log')}
2026-06-19 05:39:15,984 - watchfiles.main - DEBUG - 1 change detected: {(<Change.modified: 2>, '/workspace/app/backend/logs/app_20260619_053857.log')}
2026-06-19 05:39:16,335 - watchfiles.main - DEBUG - 1 change detected: {(<Change.modified: 2>, '/workspace/app/backend/logs/app_20260619_053857.log')}
2026-06-19 05:39:16,686 - watchfiles.main - DEBUG - 1 change detected: {(<Change.modified: 2>, '/workspace/app/backend/logs/app_20260619_053857.log')}
2026-06-19 05:39:17,036 - watchfiles.main - DEBUG - 1 change detected: {(<Change.modified: 2>, '/workspace/app/backend/logs/app_20260619_053857.log')}
2026-06-19 05:39:17,388 - watchfiles.main - DEBUG - 1 change detected: {(<Change.modified: 2>, '/workspace/app/backend/logs/app_20260619_053857.log')}
2026-06-19 05:39:17,738 - watchfiles.main - DEBUG - 1 change detected: {(<Change.modified: 2>, '/workspace/app/backend/logs/app_20260619_053857.log')}
2026-06-19 05:39:18,089 - watchfiles.main - DEBUG - 1 change detected: {(<Change.modified: 2>, '/workspace/app/backend/logs/app_20260619_053857.log')}
2026-06-19 05:39:18,441 - watchfiles.main - DEBUG - 1 change detected: {(<Change.modified: 2>, '/workspace/app/backend/logs/app_20260619_053857.log')}
2026-06-19 05:39:18,792 - watchfiles.main - DEBUG - 1 change detected: {(<Change.modified: 2>, '/workspace/app/backend/logs/app_20260619_053857.log')}
2026-06-19 05:39:19,142 - watchfiles.main - DEBUG - 1 change detected: {(<Change.modified: 2>, '/workspace/app/backend/logs/app_20260619_053857.log')}
2026-06-19 05:39:19,493 - watchfiles.main - DEBUG - 1 change detected: {(<Change.modified: 2>, '/workspace/app/backend/logs/app_20260619_053857.log')}
2026-06-19 05:39:19,844 - watchfiles.main - DEBUG - 1 change detected: {(<Change.modified: 2>, '/workspace/app/backend/logs/app_20260619_053857.log')}
2026-06-19 05:39:20,195 - watchfiles.main - DEBUG - 1 change detected: {(<Change.modified: 2>, '/workspace/app/backend/logs/app_20260619_053857.log')}
2026-06-19 05:39:20,546 - watchfiles.main - DEBUG - 1 change detected: {(<Change.modified: 2>, '/workspace/app/backend/logs/app_20260619_053857.log')}
2026-06-19 05:39:20,897 - watchfiles.main - DEBUG - 1 change detected: {(<Change.modified: 2>, '/workspace/app/backend/logs/app_20260619_053857.log')}
2026-06-19 05:39:21,248 - watchfiles.main - DEBUG - 1 change detected: {(<Change.modified: 2>, '/workspace/app/backend/logs/app_20260619_053857.log')}
2026-06-19 05:39:21,599 - watchfiles.main - DEBUG - 1 change detected: {(<Change.modified: 2>, '/workspace/app/backend/logs/app_20260619_053857.log')}
2026-06-19 05:39:21,950 - watchfiles.main - DEBUG - 1 change detected: {(<Change.modified: 2>, '/workspace/app/backend/logs/app_20260619_053857.log')}
2026-06-19 05:39:22,301 - watchfiles.main - DEBUG - 1 change detected: {(<Change.modified: 2>, '/workspace/app/backend/logs/app_20260619_053857.log')}
2026-06-19 05:39:22,651 - watchfiles.main - DEBUG - 1 change detected: {(<Change.modified: 2>, '/workspace/app/backend/logs/app_20260619_053857.log')}
2026-06-19 05:39:23,002 - watchfiles.main - DEBUG - 1 change detected: {(<Change.modified: 2>, '/workspace/app/backend/logs/app_20260619_053857.log')}
2026-06-19 05:39:23,353 - watchfiles.main - DEBUG - 1 change detected: {(<Change.modified: 2>, '/workspace/app/backend/logs/app_20260619_053857.log')}
2026-06-19 05:39:23,705 - watchfiles.main - DEBUG - 1 change detected: {(<Change.modified: 2>, '/workspace/app/backend/logs/app_20260619_053857.log')}
2026-06-19 05:39:24,055 - watchfiles.main - DEBUG - 1 change detected: {(<Change.modified: 2>, '/workspace/app/backend/logs/app_20260619_053857.log')}
2026-06-19 05:39:24,406 - watchfiles.main - DEBUG - 1 change detected: {(<Change.modified: 2>, '/workspace/app/backend/logs/app_20260619_053857.log')}
2026-06-19 05:39:24,757 - watchfiles.main - DEBUG - 1 change detected: {(<Change.modified: 2>, '/workspace/app/backend/logs/app_20260619_053857.log')}
2026-06-19 05:39:25,108 - watchfiles.main - DEBUG - 1 change detected: {(<Change.modified: 2>, '/workspace/app/backend/logs/app_20260619_053857.log')}
2026-06-19 05:39:25,459 - watchfiles.main - DEBUG - 1 change detected: {(<Change.modified: 2>, '/workspace/app/backend/logs/app_20260619_053857.log')}
2026-06-19 05:39:25,810 - watchfiles.main - DEBUG - 1 change detected: {(<Change.modified: 2>, '/workspace/app/backend/logs/app_20260619_053857.log')}
2026-06-19 05:39:26,161 - watchfiles.main - DEBUG - 1 change detected: {(<Change.modified: 2>, '/workspace/app/backend/logs/app_20260619_053857.log')}
2026-06-19 05:39:26,512 - watchfiles.main - DEBUG - 1 change detected: {(<Change.modified: 2>, '/workspace/app/backend/logs/app_20260619_053857.log')}
2026-06-19 05:39:26,863 - watchfiles.main - DEBUG - 1 change detected: {(<Change.modified: 2>, '/workspace/app/backend/logs/app_20260619_053857.log')}
2026-06-19 05:39:27,214 - watchfiles.main - DEBUG - 1 change detected: {(<Change.modified: 2>, '/workspace/app/backend/logs/app_20260619_053857.log')}
2026-06-19 05:39:27,565 - watchfiles.main - DEBUG - 1 change detected: {(<Change.modified: 2>, '/workspace/app/backend/logs/app_20260619_053857.log')}
2026-06-19 05:39:27,917 - watchfiles.main - DEBUG - 1 change detected: {(<Change.modified: 2>, '/workspace/app/backend/logs/app_20260619_053857.log')}
2026-06-19 05:39:28,268 - watchfiles.main - DEBUG - 1 change detected: {(<Change.modified: 2>, '/workspace/app/backend/logs/app_20260619_053857.log')}
2026-06-19 05:39:28,619 - watchfiles.main - DEBUG - 1 change detected: {(<Change.modified: 2>, '/workspace/app/backend/logs/app_20260619_053857.log')}
2026-06-19 05:39:28,970 - watchfiles.main - DEBUG - 1 change detected: {(<Change.modified: 2>, '/workspace/app/backend/logs/app_20260619_053857.log')}
2026-06-19 05:39:29,321 - watchfiles.main - DEBUG - 1 change detected: {(<Change.modified: 2>, '/workspace/app/backend/logs/app_20260619_053857.log')}
2026-06-19 05:39:29,672 - watchfiles.main - DEBUG - 1 change detected: {(<Change.modified: 2>, '/workspace/app/backend/logs/app_20260619_053857.log')}
2026-06-19 05:39:30,026 - watchfiles.main - DEBUG - 1 change detected: {(<Change.modified: 2>, '/workspace/app/backend/logs/app_20260619_053857.log')}
2026-06-19 05:39:30,377 - watchfiles.main - DEBUG - 1 change detected: {(<Change.modified: 2>, '/workspace/app/backend/logs/app_20260619_053857.log')}
2026-06-19 05:39:30,728 - watchfiles.main - DEBUG - 1 change detected: {(<Change.modified: 2>, '/workspace/app/backend/logs/app_20260619_053857.log')}
2026-06-19 05:39:31,079 - watchfiles.main - DEBUG - 1 change detected: {(<Change.modified: 2>, '/workspace/app/backend/logs/app_20260619_053857.log')}
2026-06-19 05:39:31,430 - watchfiles.main - DEBUG - 1 change detected: {(<Change.modified: 2>, '/workspace/app/backend/logs/app_20260619_053857.log')}
2026-06-19 05:39:31,781 - watchfiles.main - DEBUG - 1 change detected: {(<Change.modified: 2>, '/workspace/app/backend/logs/app_20260619_053857.log')}
2026-06-19 05:39:32,132 - watchfiles.main - DEBUG - 1 change detected: {(<Change.modified: 2>, '/workspace/app/backend/logs/app_20260619_053857.log')}
2026-06-19 05:39:32,483 - watchfiles.main - DEBUG - 1 change detected: {(<Change.modified: 2>, '/workspace/app/backend/logs/app_20260619_053857.log')}
2026-06-19 05:39:32,834 - watchfiles.main - DEBUG - 1 change detected: {(<Change.modified: 2>, '/workspace/app/backend/logs/app_20260619_053857.log')}
2026-06-19 05:39:33,184 - watchfiles.main - DEBUG - 1 change detected: {(<Change.modified: 2>, '/workspace/app/backend/logs/app_20260619_053857.log')}
2026-06-19 05:39:33,536 - watchfiles.main - DEBUG - 1 change detected: {(<Change.modified: 2>, '/workspace/app/backend/logs/app_20260619_053857.log')}
2026-06-19 05:39:33,887 - watchfiles.main - DEBUG - 1 change detected: {(<Change.modified: 2>, '/workspace/app/backend/logs/app_20260619_053857.log')}
2026-06-19 05:39:34,238 - watchfiles.main - DEBUG - 1 change detected: {(<Change.modified: 2>, '/workspace/app/backend/logs/app_20260619_053857.log')}
2026-06-19 05:39:34,589 - watchfiles.main - DEBUG - 1 change detected: {(<Change.modified: 2>, '/workspace/app/backend/logs/app_20260619_053857.log')}
2026-06-19 05:39:34,939 - watchfiles.main - DEBUG - 1 change detected: {(<Change.modified: 2>, '/workspace/app/backend/logs/app_20260619_053857.log')}
2026-06-19 05:39:35,290 - watchfiles.main - DEBUG - 1 change detected: {(<Change.modified: 2>, '/workspace/app/backend/logs/app_20260619_053857.log')}
2026-06-19 05:39:35,641 - watchfiles.main - DEBUG - 1 change detected: {(<Change.modified: 2>, '/workspace/app/backend/logs/app_20260619_053857.log')}
2026-06-19 05:39:35,992 - watchfiles.main - DEBUG - 1 change detected: {(<Change.modified: 2>, '/workspace/app/backend/logs/app_20260619_053857.log')}
2026-06-19 05:39:36,343 - watchfiles.main - DEBUG - 1 change detected: {(<Change.modified: 2>, '/workspace/app/backend/logs/app_20260619_053857.log')}
2026-06-19 05:39:36,694 - watchfiles.main - DEBUG - 1 change detected: {(<Change.modified: 2>, '/workspace/app/backend/logs/app_20260619_053857.log')}
2026-06-19 05:39:37,045 - watchfiles.main - DEBUG - 1 change detected: {(<Change.modified: 2>, '/workspace/app/backend/logs/app_20260619_053857.log')}
2026-06-19 05:39:37,396 - watchfiles.main - DEBUG - 1 change detected: {(<Change.modified: 2>, '/workspace/app/backend/logs/app_20260619_053857.log')}
2026-06-19 05:39:37,747 - watchfiles.main - DEBUG - 1 change detected: {(<Change.modified: 2>, '/workspace/app/backend/logs/app_20260619_053857.log')}
2026-06-19 05:39:38,099 - watchfiles.main - DEBUG - 1 change detected: {(<Change.modified: 2>, '/workspace/app/backend/logs/app_20260619_053857.log')}
2026-06-19 05:39:38,450 - watchfiles.main - DEBUG - 1 change detected: {(<Change.modified: 2>, '/workspace/app/backend/logs/app_20260619_053857.log')}
2026-06-19 05:39:38,800 - watchfiles.main - DEBUG - 1 change detected: {(<Change.modified: 2>, '/workspace/app/backend/logs/app_20260619_053857.log')}
2026-06-19 05:39:39,152 - watchfiles.main - DEBUG - 1 change detected: {(<Change.modified: 2>, '/workspace/app/backend/logs/app_20260619_053857.log')}
2026-06-19 05:39:39,502 - watchfiles.main - DEBUG - 1 change detected: {(<Change.modified: 2>, '/workspace/app/backend/logs/app_20260619_053857.log')}
2026-06-19 05:39:39,854 - watchfiles.main - DEBUG - 1 change detected: {(<Change.modified: 2>, '/workspace/app/backend/logs/app_20260619_053857.log')}
2026-06-19 05:39:40,205 - watchfiles.main - DEBUG - 1 change detected: {(<Change.modified: 2>, '/workspace/app/backend/logs/app_20260619_053857.log')}
2026-06-19 05:39:40,555 - watchfiles.main - DEBUG - 1 change detected: {(<Change.modified: 2>, '/workspace/app/backend/logs/app_20260619_053857.log')}
2026-06-19 05:39:40,906 - watchfiles.main - DEBUG - 1 change detected: {(<Change.modified: 2>, '/workspace/app/backend/logs/app_20260619_053857.log')}
2026-06-19 05:39:41,257 - watchfiles.main - DEBUG - 1 change detected: {(<Change.modified: 2>, '/workspace/app/backend/logs/app_20260619_053857.log')}
2026-06-19 05:39:41,609 - watchfiles.main - DEBUG - 1 change detected: {(<Change.modified: 2>, '/workspace/app/backend/logs/app_20260619_053857.log')}
2026-06-19 05:39:41,960 - watchfiles.main - DEBUG - 1 change detected: {(<Change.modified: 2>, '/workspace/app/backend/logs/app_20260619_053857.log')}
2026-06-19 05:39:42,310 - watchfiles.main - DEBUG - 1 change detected: {(<Change.modified: 2>, '/workspace/app/backend/logs/app_20260619_053857.log')}
2026-06-19 05:39:42,661 - watchfiles.main - DEBUG - 1 change detected: {(<Change.modified: 2>, '/workspace/app/backend/logs/app_20260619_053857.log')}
2026-06-19 05:39:43,012 - watchfiles.main - DEBUG - 1 change detected: {(<Change.modified: 2>, '/workspace/app/backend/logs/app_20260619_053857.log')}
2026-06-19 05:39:43,363 - watchfiles.main - DEBUG - 1 change detected: {(<Change.modified: 2>, '/workspace/app/backend/logs/app_20260619_053857.log')}
2026-06-19 05:39:43,714 - watchfiles.main - DEBUG - 1 change detected: {(<Change.modified: 2>, '/workspace/app/backend/logs/app_20260619_053857.log')}
2026-06-19 05:39:44,065 - watchfiles.main - DEBUG - 1 change detected: {(<Change.modified: 2>, '/workspace/app/backend/logs/app_20260619_053857.log')}
2026-06-19 05:39:44,416 - watchfiles.main - DEBUG - 1 change detected: {(<Change.modified: 2>, '/workspace/app/backend/logs/app_20260619_053857.log')}
2026-06-19 05:39:44,767 - watchfiles.main - DEBUG - 1 change detected: {(<Change.modified: 2>, '/workspace/app/backend/logs/app_20260619_053857.log')}
2026-06-19 05:39:45,118 - watchfiles.main - DEBUG - 1 change detected: {(<Change.modified: 2>, '/workspace/app/backend/logs/app_20260619_053857.log')}
2026-06-19 05:39:45,469 - watchfiles.main - DEBUG - 1 change detected: {(<Change.modified: 2>, '/workspace/app/backend/logs/app_20260619_053857.log')}
2026-06-19 05:39:45,820 - watchfiles.main - DEBUG - 1 change detected: {(<Change.modified: 2>, '/workspace/app/backend/logs/app_20260619_053857.log')}
2026-06-19 05:39:46,171 - watchfiles.main - DEBUG - 1 change detected: {(<Change.modified: 2>, '/workspace/app/backend/logs/app_20260619_053857.log')}
2026-06-19 05:39:46,522 - watchfiles.main - DEBUG - 1 change detected: {(<Change.modified: 2>, '/workspace/app/backend/logs/app_20260619_053857.log')}
2026-06-19 05:39:46,873 - watchfiles.main - DEBUG - 1 change detected: {(<Change.modified: 2>, '/workspace/app/backend/logs/app_20260619_053857.log')}
2026-06-19 05:39:47,223 - watchfiles.main - DEBUG - 1 change detected: {(<Change.modified: 2>, '/workspace/app/backend/logs/app_20260619_053857.log')}
2026-06-19 05:39:47,574 - watchfiles.main - DEBUG - 1 change detected: {(<Change.modified: 2>, '/workspace/app/backend/logs/app_20260619_053857.log')}
2026-06-19 05:39:47,925 - watchfiles.main - DEBUG - 1 change detected: {(<Change.modified: 2>, '/workspace/app/backend/logs/app_20260619_053857.log')}
2026-06-19 05:39:48,276 - watchfiles.main - DEBUG - 1 change detected: {(<Change.modified: 2>, '/workspace/app/backend/logs/app_20260619_053857.log')}
2026-06-19 05:39:48,627 - watchfiles.main - DEBUG - 1 change detected: {(<Change.modified: 2>, '/workspace/app/backend/logs/app_20260619_053857.log')}
2026-06-19 05:39:48,978 - watchfiles.main - DEBUG - 1 change detected: {(<Change.modified: 2>, '/workspace/app/backend/logs/app_20260619_053857.log')}
2026-06-19 05:39:49,329 - watchfiles.main - DEBUG - 1 change detected: {(<Change.modified: 2>, '/workspace/app/backend/logs/app_20260619_053857.log')}
2026-06-19 05:39:49,680 - watchfiles.main - DEBUG - 1 change detected: {(<Change.modified: 2>, '/workspace/app/backend/logs/app_20260619_053857.log')}
2026-06-19 05:39:50,031 - watchfiles.main - DEBUG - 1 change detected: {(<Change.modified: 2>, '/workspace/app/backend/logs/app_20260619_053857.log')}
2026-06-19 05:39:50,382 - watchfiles.main - DEBUG - 1 change detected: {(<Change.modified: 2>, '/workspace/app/backend/logs/app_20260619_053857.log')}
2026-06-19 05:39:50,733 - watchfiles.main - DEBUG - 1 change detected: {(<Change.modified: 2>, '/workspace/app/backend/logs/app_20260619_053857.log')}
2026-06-19 05:39:51,084 - watchfiles.main - DEBUG - 1 change detected: {(<Change.modified: 2>, '/workspace/app/backend/logs/app_20260619_053857.log')}
2026-06-19 05:39:51,435 - watchfiles.main - DEBUG - 1 change detected: {(<Change.modified: 2>, '/workspace/app/backend/logs/app_20260619_053857.log')}
2026-06-19 05:39:51,786 - watchfiles.main - DEBUG - 1 change detected: {(<Change.modified: 2>, '/workspace/app/backend/logs/app_20260619_053857.log')}
2026-06-19 05:39:52,137 - watchfiles.main - DEBUG - 1 change detected: {(<Change.modified: 2>, '/workspace/app/backend/logs/app_20260619_053857.log')}
2026-06-19 05:39:52,488 - watchfiles.main - DEBUG - 1 change detected: {(<Change.modified: 2>, '/workspace/app/backend/logs/app_20260619_053857.log')}
2026-06-19 05:39:52,839 - watchfiles.main - DEBUG - 1 change detected: {(<Change.modified: 2>, '/workspace/app/backend/logs/app_20260619_053857.log')}
2026-06-19 05:39:53,190 - watchfiles.main - DEBUG - 1 change detected: {(<Change.modified: 2>, '/workspace/app/backend/logs/app_20260619_053857.log')}
2026-06-19 05:39:53,541 - watchfiles.main - DEBUG - 1 change detected: {(<Change.modified: 2>, '/workspace/app/backend/logs/app_20260619_053857.log')}
2026-06-19 05:39:53,892 - watchfiles.main - DEBUG - 1 change detected: {(<Change.modified: 2>, '/workspace/app/backend/logs/app_20260619_053857.log')}
2026-06-19 05:39:54,243 - watchfiles.main - DEBUG - 1 change detected: {(<Change.modified: 2>, '/workspace/app/backend/logs/app_20260619_053857.log')}
2026-06-19 05:39:54,594 - watchfiles.main - DEBUG - 1 change detected: {(<Change.modified: 2>, '/workspace/app/backend/logs/app_20260619_053857.log')}
2026-06-19 05:39:54,945 - watchfiles.main - DEBUG - 1 change detected: {(<Change.modified: 2>, '/workspace/app/backend/logs/app_20260619_053857.log')}
2026-06-19 05:39:55,296 - watchfiles.main - DEBUG - 1 change detected: {(<Change.modified: 2>, '/workspace/app/backend/logs/app_20260619_053857.log')}
2026-06-19 05:39:55,647 - watchfiles.main - DEBUG - 1 change detected: {(<Change.modified: 2>, '/workspace/app/backend/logs/app_20260619_053857.log')}
2026-06-19 05:39:55,998 - watchfiles.main - DEBUG - 1 change detected: {(<Change.modified: 2>, '/workspace/app/backend/logs/app_20260619_053857.log')}
2026-06-19 05:39:56,349 - watchfiles.main - DEBUG - 1 change detected: {(<Change.modified: 2>, '/workspace/app/backend/logs/app_20260619_053857.log')}
2026-06-19 05:39:56,700 - watchfiles.main - DEBUG - 1 change detected: {(<Change.modified: 2>, '/workspace/app/backend/logs/app_20260619_053857.log')}
2026-06-19 05:39:57,051 - watchfiles.main - DEBUG - 1 change detected: {(<Change.modified: 2>, '/workspace/app/backend/logs/app_20260619_053857.log')}
2026-06-19 05:39:57,402 - watchfiles.main - DEBUG - 1 change detected: {(<Change.modified: 2>, '/workspace/app/backend/logs/app_20260619_053857.log')}
2026-06-19 05:39:57,753 - watchfiles.main - DEBUG - 1 change detected: {(<Change.modified: 2>, '/workspace/app/backend/logs/app_20260619_053857.log')}
2026-06-19 05:39:58,103 - watchfiles.main - DEBUG - 1 change detected: {(<Change.modified: 2>, '/workspace/app/backend/logs/app_20260619_053857.log')}
2026-06-19 05:39:58,454 - watchfiles.main - DEBUG - 1 change detected: {(<Change.modified: 2>, '/workspace/app/backend/logs/app_20260619_053857.log')}
2026-06-19 05:39:58,805 - watchfiles.main - DEBUG - 1 change detected: {(<Change.modified: 2>, '/workspace/app/backend/logs/app_20260619_053857.log')}
2026-06-19 05:39:59,156 - watchfiles.main - DEBUG - 1 change detected: {(<Change.modified: 2>, '/workspace/app/backend/logs/app_20260619_053857.log')}
2026-06-19 05:39:59,507 - watchfiles.main - DEBUG - 1 change detected: {(<Change.modified: 2>, '/workspace/app/backend/logs/app_20260619_053857.log')}
2026-06-19 05:39:59,858 - watchfiles.main - DEBUG - 1 change detected: {(<Change.modified: 2>, '/workspace/app/backend/logs/app_20260619_053857.log')}
2026-06-19 05:40:00,209 - watchfiles.main - DEBUG - 1 change detected: {(<Change.modified: 2>, '/workspace/app/backend/logs/app_20260619_053857.log')}
2026-06-19 05:40:00,560 - watchfiles.main - DEBUG - 1 change detected: {(<Change.modified: 2>, '/workspace/app/backend/logs/app_20260619_053857.log')}
2026-06-19 05:40:00,911 - watchfiles.main - DEBUG - 1 change detected: {(<Change.modified: 2>, '/workspace/app/backend/logs/app_20260619_053857.log')}
2026-06-19 05:40:01,262 - watchfiles.main - DEBUG - 1 change detected: {(<Change.modified: 2>, '/workspace/app/backend/logs/app_20260619_053857.log')}
2026-06-19 05:40:01,613 - watchfiles.main - DEBUG - 1 change detected: {(<Change.modified: 2>, '/workspace/app/backend/logs/app_20260619_053857.log')}
2026-06-19 05:40:01,964 - watchfiles.main - DEBUG - 1 change detected: {(<Change.modified: 2>, '/workspace/app/backend/logs/app_20260619_053857.log')}
2026-06-19 05:40:02,315 - watchfiles.main - DEBUG - 1 change detected: {(<Change.modified: 2>, '/workspace/app/backend/logs/app_20260619_053857.log')}
2026-06-19 05:40:02,666 - watchfiles.main - DEBUG - 1 change detected: {(<Change.modified: 2>, '/workspace/app/backend/logs/app_20260619_053857.log')}
2026-06-19 05:40:03,017 - watchfiles.main - DEBUG - 1 change detected: {(<Change.modified: 2>, '/workspace/app/backend/logs/app_20260619_053857.log')}
2026-06-19 05:40:03,367 - watchfiles.main - DEBUG - 1 change detected: {(<Change.modified: 2>, '/workspace/app/backend/logs/app_20260619_053857.log')}
2026-06-19 05:40:03,718 - watchfiles.main - DEBUG - 1 change detected: {(<Change.modified: 2>, '/workspace/app/backend/logs/app_20260619_053857.log')}
2026-06-19 05:40:04,069 - watchfiles.main - DEBUG - 1 change detected: {(<Change.modified: 2>, '/workspace/app/backend/logs/app_20260619_053857.log')}
2026-06-19 05:40:04,420 - watchfiles.main - DEBUG - 1 change detected: {(<Change.modified: 2>, '/workspace/app/backend/logs/app_20260619_053857.log')}
2026-06-19 05:40:04,771 - watchfiles.main - DEBUG - 1 change detected: {(<Change.modified: 2>, '/workspace/app/backend/logs/app_20260619_053857.log')}
2026-06-19 05:40:05,122 - watchfiles.main - DEBUG - 1 change detected: {(<Change.modified: 2>, '/workspace/app/backend/logs/app_20260619_053857.log')}
2026-06-19 05:40:05,473 - watchfiles.main - DEBUG - 1 change detected: {(<Change.modified: 2>, '/workspace/app/backend/logs/app_20260619_053857.log')}
2026-06-19 05:40:05,824 - watchfiles.main - DEBUG - 1 change detected: {(<Change.modified: 2>, '/workspace/app/backend/logs/app_20260619_053857.log')}
2026-06-19 05:40:06,175 - watchfiles.main - DEBUG - 1 change detected: {(<Change.modified: 2>, '/workspace/app/backend/logs/app_20260619_053857.log')}
2026-06-19 05:40:06,526 - watchfiles.main - DEBUG - 1 change detected: {(<Change.modified: 2>, '/workspace/app/backend/logs/app_20260619_053857.log')}
2026-06-19 05:40:06,877 - watchfiles.main - DEBUG - 1 change detected: {(<Change.modified: 2>, '/workspace/app/backend/logs/app_20260619_053857.log')}
2026-06-19 05:40:07,228 - watchfiles.main - DEBUG - 1 change detected: {(<Change.modified: 2>, '/workspace/app/backend/logs/app_20260619_053857.log')}
2026-06-19 05:40:07,579 - watchfiles.main - DEBUG - 1 change detected: {(<Change.modified: 2>, '/workspace/app/backend/logs/app_20260619_053857.log')}
2026-06-19 05:40:07,930 - watchfiles.main - DEBUG - 1 change detected: {(<Change.modified: 2>, '/workspace/app/backend/logs/app_20260619_053857.log')}
2026-06-19 05:40:08,281 - watchfiles.main - DEBUG - 1 change detected: {(<Change.modified: 2>, '/workspace/app/backend/logs/app_20260619_053857.log')}
2026-06-19 05:40:08,632 - watchfiles.main - DEBUG - 1 change detected: {(<Change.modified: 2>, '/workspace/app/backend/logs/app_20260619_053857.log')}
2026-06-19 05:40:08,983 - watchfiles.main - DEBUG - 1 change detected: {(<Change.modified: 2>, '/workspace/app/backend/logs/app_20260619_053857.log')}
2026-06-19 05:40:09,334 - watchfiles.main - DEBUG - 1 change detected: {(<Change.modified: 2>, '/workspace/app/backend/logs/app_20260619_053857.log')}
2026-06-19 05:40:09,685 - watchfiles.main - DEBUG - 1 change detected: {(<Change.modified: 2>, '/workspace/app/backend/logs/app_20260619_053857.log')}
2026-06-19 05:40:10,036 - watchfiles.main - DEBUG - 1 change detected: {(<Change.modified: 2>, '/workspace/app/backend/logs/app_20260619_053857.log')}
2026-06-19 05:40:10,387 - watchfiles.main - DEBUG - 1 change detected: {(<Change.modified: 2>, '/workspace/app/backend/logs/app_20260619_053857.log')}
