2026-06-21 06:44:51,112 - main - INFO - === Logging system initialized ===
2026-06-21 06:44:51,112 - main - INFO - Log file: logs/app_20260621_064451.log
2026-06-21 06:44:51,112 - main - INFO - Log level: INFO
2026-06-21 06:44:51,112 - main - INFO - Timestamp: 20260621_064451
2026-06-21 06:44:51,882 - main - INFO - Included router: routers.aihub.router
2026-06-21 06:44:51,903 - main - INFO - Included router: routers.analysis.router
2026-06-21 06:44:51,918 - main - INFO - Included router: routers.auth.router
2026-06-21 06:44:51,931 - main - INFO - Included router: routers.custom_auth.router
2026-06-21 06:44:51,981 - main - INFO - Included router: routers.doctor_patients.router
2026-06-21 06:44:51,983 - main - INFO - Included router: routers.health.router
2026-06-21 06:44:52,052 - main - INFO - Included router: routers.invite.router
2026-06-21 06:44:52,070 - main - INFO - Included router: routers.reports.router
2026-06-21 06:44:52,091 - main - INFO - Included router: routers.settings.router
2026-06-21 06:44:52,129 - main - INFO - Included router: routers.storage.router
2026-06-21 06:44:52,141 - main - INFO - Included router: routers.user.router
2026-06-21 06:44:52,184 - main - INFO - Included router: routers.users_profiles.router
2026-06-21 06:44:52,186 - main - INFO - === Application startup initiated ===
2026-06-21 06:44:52,186 - services.database - INFO - Ignore creating tables
2026-06-21 06:44:52,186 - services.mock_data - INFO - Ignore initialize data
2026-06-21 06:44:52,186 - services.auth - INFO - Ignore initialize admin
2026-06-21 06:44:52,186 - main - INFO - === Application startup completed successfully ===
2026-06-21 06:59:02,505 - services.database - DEBUG - [DB_OP] Starting database close
2026-06-21 06:59:02,505 - services.database - INFO - Database connections closed
2026-06-21 06:59:02,505 - services.database - DEBUG - [DB_OP] Database close completed in 0.0004s
