2026-06-18 13:12:14,992 - main - INFO - === Logging system initialized ===
2026-06-18 13:12:14,992 - main - INFO - Log file: logs/app_20260618_131214.log
2026-06-18 13:12:14,993 - main - INFO - Log level: INFO
2026-06-18 13:12:14,993 - main - INFO - Timestamp: 20260618_131214
2026-06-18 13:12:15,762 - main - INFO - Included router: routers.aihub.router
2026-06-18 13:12:15,783 - main - INFO - Included router: routers.analysis.router
2026-06-18 13:12:15,796 - main - INFO - Included router: routers.auth.router
2026-06-18 13:12:15,810 - main - INFO - Included router: routers.custom_auth.router
2026-06-18 13:12:15,863 - main - INFO - Included router: routers.doctor_patients.router
2026-06-18 13:12:15,864 - main - INFO - Included router: routers.health.router
2026-06-18 13:12:15,915 - main - INFO - Included router: routers.invite.router
2026-06-18 13:12:15,927 - main - INFO - Included router: routers.reports.router
2026-06-18 13:12:15,947 - main - INFO - Included router: routers.settings.router
2026-06-18 13:12:15,981 - main - INFO - Included router: routers.storage.router
2026-06-18 13:12:15,991 - main - INFO - Included router: routers.user.router
2026-06-18 13:12:16,037 - main - INFO - Included router: routers.users_profiles.router
2026-06-18 13:12:16,038 - main - INFO - === Application startup initiated ===
2026-06-18 13:12:16,038 - services.database - INFO - Ignore creating tables
2026-06-18 13:12:16,038 - services.mock_data - INFO - Ignore initialize data
2026-06-18 13:12:16,039 - services.auth - INFO - Ignore initialize admin
2026-06-18 13:12:16,039 - main - INFO - === Application startup completed successfully ===
2026-06-18 13:22:03,333 - services.database - DEBUG - [DB_OP] Starting database close
2026-06-18 13:22:03,333 - services.database - INFO - Database connections closed
2026-06-18 13:22:03,334 - services.database - DEBUG - [DB_OP] Database close completed in 0.0006s
