2026-07-07 01:37:46,728 - main - INFO - === Logging system initialized ===
2026-07-07 01:37:46,728 - main - INFO - Log file: logs/app_20260707_013746.log
2026-07-07 01:37:46,728 - main - INFO - Log level: INFO
2026-07-07 01:37:46,729 - main - INFO - Timestamp: 20260707_013746
2026-07-07 01:37:47,607 - main - INFO - Included router: routers.aihub.router
2026-07-07 01:37:47,629 - main - INFO - Included router: routers.analysis.router
2026-07-07 01:37:47,642 - main - INFO - Included router: routers.auth.router
2026-07-07 01:37:47,655 - main - INFO - Included router: routers.custom_auth.router
2026-07-07 01:37:47,699 - main - INFO - Included router: routers.doctor_patients.router
2026-07-07 01:37:47,700 - main - INFO - Included router: routers.health.router
2026-07-07 01:37:47,759 - main - INFO - Included router: routers.invite.router
2026-07-07 01:37:47,772 - main - INFO - Included router: routers.reports.router
2026-07-07 01:37:47,790 - main - INFO - Included router: routers.settings.router
2026-07-07 01:37:47,825 - main - INFO - Included router: routers.storage.router
2026-07-07 01:37:47,832 - main - INFO - Included router: routers.user.router
2026-07-07 01:37:47,874 - main - INFO - Included router: routers.users_profiles.router
2026-07-07 01:37:47,875 - main - INFO - === Application startup initiated ===
2026-07-07 01:37:47,876 - services.database - INFO - Ignore creating tables
2026-07-07 01:37:47,876 - services.mock_data - INFO - Ignore initialize data
2026-07-07 01:37:47,876 - services.auth - INFO - Ignore initialize admin
2026-07-07 01:37:47,876 - main - INFO - === Application startup completed successfully ===
2026-07-07 01:38:36,717 - services.database - DEBUG - [DB_OP] Starting database close
2026-07-07 01:38:36,717 - services.database - INFO - Database connections closed
2026-07-07 01:38:36,717 - services.database - DEBUG - [DB_OP] Database close completed in 0.0006s
