2026-06-12 10:10:41,828 - main - INFO - === Logging system initialized ===
2026-06-12 10:10:41,829 - main - INFO - Log file: logs/app_20260612_101041.log
2026-06-12 10:10:41,829 - main - INFO - Log level: INFO
2026-06-12 10:10:41,829 - main - INFO - Timestamp: 20260612_101041
2026-06-12 10:10:42,597 - main - INFO - Included router: routers.aihub.router
2026-06-12 10:10:42,617 - main - INFO - Included router: routers.analysis.router
2026-06-12 10:10:42,629 - main - INFO - Included router: routers.auth.router
2026-06-12 10:10:42,676 - main - INFO - Included router: routers.doctor_patients.router
2026-06-12 10:10:42,677 - main - INFO - Included router: routers.health.router
2026-06-12 10:10:42,691 - main - INFO - Included router: routers.invite.router
2026-06-12 10:10:42,704 - main - INFO - Included router: routers.reports.router
2026-06-12 10:10:42,724 - main - INFO - Included router: routers.settings.router
2026-06-12 10:10:42,764 - main - INFO - Included router: routers.storage.router
2026-06-12 10:10:42,773 - main - INFO - Included router: routers.user.router
2026-06-12 10:10:42,819 - main - INFO - Included router: routers.users_profiles.router
2026-06-12 10:10:42,820 - main - INFO - === Application startup initiated ===
2026-06-12 10:10:42,820 - services.database - INFO - Ignore creating tables
2026-06-12 10:10:42,821 - services.mock_data - INFO - Ignore initialize data
2026-06-12 10:10:42,821 - services.auth - INFO - Ignore initialize admin
2026-06-12 10:10:42,821 - main - INFO - === Application startup completed successfully ===
2026-06-12 10:10:50,879 - core.config - DEBUG - Read dynamic attribute jwt_secret_key from environment variable JWT_SECRET_KEY
2026-06-12 10:10:50,879 - core.config - DEBUG - Read dynamic attribute jwt_algorithm from environment variable JWT_ALGORITHM
2026-06-12 10:10:51,109 - core.auth - DEBUG - Authentication token validated for user hash: f7d7f295
2026-06-12 10:10:51,566 - core.auth - DEBUG - Authentication token validated for user hash: f7d7f295
2026-06-12 10:10:51,566 - core.database - DEBUG - [DB_OP] Starting get_db session creation
2026-06-12 10:10:51,566 - core.database - WARNING - Database session maker not available, attempting lazy initialization...
2026-06-12 10:10:51,566 - core.database - WARNING - Database not initialized, attempting lazy initialization...
2026-06-12 10:10:51,566 - core.database - INFO - Starting database initialization...
2026-06-12 10:10:51,566 - core.config - DEBUG - Read dynamic attribute database_url from environment variable DATABASE_URL
2026-06-12 10:10:51,567 - core.database - INFO - Normalizing database URL for async compatibility...
2026-06-12 10:10:51,567 - core.database - INFO - Creating async database engine...
2026-06-12 10:10:51,568 - core.database - INFO - Using QueuePool with connection pooling for non-Lambda environment
2026-06-12 10:10:51,621 - core.database - INFO - Database engine created successfully
2026-06-12 10:10:51,621 - core.database - INFO - Creating async session maker...
2026-06-12 10:10:51,622 - core.database - INFO - Async session maker created successfully
2026-06-12 10:10:51,622 - core.database - INFO - Database connection initialized successfully
2026-06-12 10:10:51,622 - core.database - DEBUG - [DB_OP] Starting create_tables
2026-06-12 10:10:51,622 - core.database - INFO - 🔧 Starting table creation...
2026-06-12 10:10:53,089 - core.database - INFO - Tables initialized successfully
2026-06-12 10:10:53,090 - core.database - DEBUG - [DB_OP] Create tables completed in 1.4679s
2026-06-12 10:10:53,155 - core.database - INFO - Lazy database initialization completed successfully
2026-06-12 10:10:53,155 - core.database - DEBUG - [DB_OP] Database session created successfully in 1.5893s
2026-06-12 10:10:53,156 - routers.users_profiles - DEBUG - Querying users_profiless: query={}, sort=None, skip=0, limit=20, fields=None
2026-06-12 10:10:53,757 - routers.users_profiles - DEBUG - Found 0 users_profiless
2026-06-12 10:10:53,758 - core.database - DEBUG - [DB_OP] Database session cleanup after 2.1922s
2026-06-12 10:11:35,035 - services.database - DEBUG - [DB_OP] Starting database close
2026-06-12 10:11:35,115 - core.database - INFO - Database connection closed and engine disposed
2026-06-12 10:11:35,116 - services.database - INFO - Database connections closed
2026-06-12 10:11:35,116 - services.database - DEBUG - [DB_OP] Database close completed in 0.0805s
