2026-06-22 04:58:36,510 - main - INFO - === Logging system initialized ===
2026-06-22 04:58:36,511 - main - INFO - Log file: logs/app_20260622_045836.log
2026-06-22 04:58:36,511 - main - INFO - Log level: INFO
2026-06-22 04:58:36,511 - main - INFO - Timestamp: 20260622_045836
2026-06-22 04:58:37,294 - main - INFO - Included router: routers.aihub.router
2026-06-22 04:58:37,312 - main - INFO - Included router: routers.analysis.router
2026-06-22 04:58:37,322 - main - INFO - Included router: routers.auth.router
2026-06-22 04:58:37,335 - main - INFO - Included router: routers.custom_auth.router
2026-06-22 04:58:37,375 - main - INFO - Included router: routers.doctor_patients.router
2026-06-22 04:58:37,377 - main - INFO - Included router: routers.health.router
2026-06-22 04:58:37,432 - main - INFO - Included router: routers.invite.router
2026-06-22 04:58:37,443 - main - INFO - Included router: routers.reports.router
2026-06-22 04:58:37,461 - main - INFO - Included router: routers.settings.router
2026-06-22 04:58:37,492 - main - INFO - Included router: routers.storage.router
2026-06-22 04:58:37,498 - main - INFO - Included router: routers.user.router
2026-06-22 04:58:37,538 - main - INFO - Included router: routers.users_profiles.router
2026-06-22 04:58:37,539 - main - INFO - === Application startup initiated ===
2026-06-22 04:58:37,539 - services.database - INFO - Ignore creating tables
2026-06-22 04:58:37,539 - services.mock_data - INFO - Ignore initialize data
2026-06-22 04:58:37,539 - services.auth - INFO - Ignore initialize admin
2026-06-22 04:58:37,539 - main - INFO - === Application startup completed successfully ===
2026-06-22 04:59:33,978 - services.database - DEBUG - [DB_OP] Starting database close
2026-06-22 04:59:33,978 - services.database - INFO - Database connections closed
2026-06-22 04:59:33,978 - services.database - DEBUG - [DB_OP] Database close completed in 0.0003s
