2026-06-18 09:07:37,879 - main - INFO - === Logging system initialized ===
2026-06-18 09:07:37,879 - main - INFO - Log file: logs/app_20260618_090737.log
2026-06-18 09:07:37,879 - main - INFO - Log level: INFO
2026-06-18 09:07:37,880 - main - INFO - Timestamp: 20260618_090737
2026-06-18 09:07:38,773 - main - INFO - Included router: routers.aihub.router
2026-06-18 09:07:38,811 - main - INFO - Included router: routers.analysis.router
2026-06-18 09:07:38,827 - main - INFO - Included router: routers.auth.router
2026-06-18 09:07:38,841 - main - INFO - Included router: routers.custom_auth.router
2026-06-18 09:07:38,887 - main - INFO - Included router: routers.doctor_patients.router
2026-06-18 09:07:38,889 - main - INFO - Included router: routers.health.router
2026-06-18 09:07:38,943 - main - INFO - Included router: routers.invite.router
2026-06-18 09:07:38,956 - main - INFO - Included router: routers.reports.router
2026-06-18 09:07:38,977 - main - INFO - Included router: routers.settings.router
2026-06-18 09:07:39,015 - main - INFO - Included router: routers.storage.router
2026-06-18 09:07:39,044 - main - INFO - Included router: routers.user.router
2026-06-18 09:07:39,090 - main - INFO - Included router: routers.users_profiles.router
2026-06-18 09:07:39,092 - main - INFO - === Application startup initiated ===
2026-06-18 09:07:39,092 - services.database - INFO - Ignore creating tables
2026-06-18 09:07:39,092 - services.mock_data - INFO - Ignore initialize data
2026-06-18 09:07:39,092 - services.auth - INFO - Ignore initialize admin
2026-06-18 09:07:39,092 - main - INFO - === Application startup completed successfully ===
2026-06-18 09:07:59,743 - services.database - DEBUG - [DB_OP] Starting database close
2026-06-18 09:07:59,743 - services.database - INFO - Database connections closed
2026-06-18 09:07:59,744 - services.database - DEBUG - [DB_OP] Database close completed in 0.0005s
