2026-06-29 11:05:10,399 - main - INFO - === Logging system initialized ===
2026-06-29 11:05:10,399 - main - INFO - Log file: logs/app_20260629_110510.log
2026-06-29 11:05:10,399 - main - INFO - Log level: INFO
2026-06-29 11:05:10,399 - main - INFO - Timestamp: 20260629_110510
2026-06-29 11:05:11,294 - main - INFO - Included router: routers.aihub.router
2026-06-29 11:05:11,319 - main - INFO - Included router: routers.analysis.router
2026-06-29 11:05:11,334 - main - INFO - Included router: routers.auth.router
2026-06-29 11:05:11,349 - main - INFO - Included router: routers.custom_auth.router
2026-06-29 11:05:11,397 - main - INFO - Included router: routers.doctor_patients.router
2026-06-29 11:05:11,399 - main - INFO - Included router: routers.health.router
2026-06-29 11:05:11,460 - main - INFO - Included router: routers.invite.router
2026-06-29 11:05:11,476 - main - INFO - Included router: routers.reports.router
2026-06-29 11:05:11,495 - main - INFO - Included router: routers.settings.router
2026-06-29 11:05:11,528 - main - INFO - Included router: routers.storage.router
2026-06-29 11:05:11,536 - main - INFO - Included router: routers.user.router
2026-06-29 11:05:11,578 - main - INFO - Included router: routers.users_profiles.router
2026-06-29 11:05:11,579 - main - INFO - === Application startup initiated ===
2026-06-29 11:05:11,580 - services.database - INFO - Ignore creating tables
2026-06-29 11:05:11,580 - services.mock_data - INFO - Ignore initialize data
2026-06-29 11:05:11,580 - services.auth - INFO - Ignore initialize admin
2026-06-29 11:05:11,580 - main - INFO - === Application startup completed successfully ===
2026-06-29 11:06:53,365 - services.database - DEBUG - [DB_OP] Starting database close
2026-06-29 11:06:53,366 - services.database - INFO - Database connections closed
2026-06-29 11:06:53,366 - services.database - DEBUG - [DB_OP] Database close completed in 0.0008s
