2026-06-16 11:26:20,260 - main - INFO - === Logging system initialized ===
2026-06-16 11:26:20,260 - main - INFO - Log file: logs/app_20260616_112620.log
2026-06-16 11:26:20,261 - main - INFO - Log level: INFO
2026-06-16 11:26:20,261 - main - INFO - Timestamp: 20260616_112620
2026-06-16 11:26:20,986 - main - INFO - Included router: routers.aihub.router
2026-06-16 11:26:21,004 - main - INFO - Included router: routers.analysis.router
2026-06-16 11:26:21,050 - main - INFO - Included router: routers.auth.router
2026-06-16 11:26:21,073 - main - INFO - Included router: routers.custom_auth.router
2026-06-16 11:26:21,115 - main - INFO - Included router: routers.doctor_patients.router
2026-06-16 11:26:21,117 - main - INFO - Included router: routers.health.router
2026-06-16 11:26:21,177 - main - INFO - Included router: routers.invite.router
2026-06-16 11:26:21,189 - main - INFO - Included router: routers.reports.router
2026-06-16 11:26:21,208 - main - INFO - Included router: routers.settings.router
2026-06-16 11:26:21,245 - main - INFO - Included router: routers.storage.router
2026-06-16 11:26:21,252 - main - INFO - Included router: routers.user.router
2026-06-16 11:26:21,297 - main - INFO - Included router: routers.users_profiles.router
2026-06-16 11:26:21,299 - main - INFO - === Application startup initiated ===
2026-06-16 11:26:21,299 - services.database - INFO - Ignore creating tables
2026-06-16 11:26:21,299 - services.mock_data - INFO - Ignore initialize data
2026-06-16 11:26:21,299 - services.auth - INFO - Ignore initialize admin
2026-06-16 11:26:21,299 - main - INFO - === Application startup completed successfully ===
2026-06-16 11:28:29,419 - services.database - DEBUG - [DB_OP] Starting database close
2026-06-16 11:28:29,420 - services.database - INFO - Database connections closed
2026-06-16 11:28:29,420 - services.database - DEBUG - [DB_OP] Database close completed in 0.0007s
