2026-06-18 08:58:20,872 - main - INFO - === Logging system initialized ===
2026-06-18 08:58:20,872 - main - INFO - Log file: logs/app_20260618_085820.log
2026-06-18 08:58:20,872 - main - INFO - Log level: INFO
2026-06-18 08:58:20,872 - main - INFO - Timestamp: 20260618_085820
2026-06-18 08:58:21,665 - main - INFO - Included router: routers.aihub.router
2026-06-18 08:58:21,682 - main - INFO - Included router: routers.analysis.router
2026-06-18 08:58:21,693 - main - INFO - Included router: routers.auth.router
2026-06-18 08:58:21,705 - main - INFO - Included router: routers.custom_auth.router
2026-06-18 08:58:21,747 - main - INFO - Included router: routers.doctor_patients.router
2026-06-18 08:58:21,749 - main - INFO - Included router: routers.health.router
2026-06-18 08:58:21,802 - main - INFO - Included router: routers.invite.router
2026-06-18 08:58:21,818 - main - INFO - Included router: routers.reports.router
2026-06-18 08:58:21,839 - main - INFO - Included router: routers.settings.router
2026-06-18 08:58:21,878 - main - INFO - Included router: routers.storage.router
2026-06-18 08:58:21,886 - main - INFO - Included router: routers.user.router
2026-06-18 08:58:21,938 - main - INFO - Included router: routers.users_profiles.router
2026-06-18 08:58:21,940 - main - INFO - === Application startup initiated ===
2026-06-18 08:58:21,940 - services.database - INFO - Ignore creating tables
2026-06-18 08:58:21,940 - services.mock_data - INFO - Ignore initialize data
2026-06-18 08:58:21,940 - services.auth - INFO - Ignore initialize admin
2026-06-18 08:58:21,940 - main - INFO - === Application startup completed successfully ===
2026-06-18 09:07:36,315 - services.database - DEBUG - [DB_OP] Starting database close
2026-06-18 09:07:36,315 - services.database - INFO - Database connections closed
2026-06-18 09:07:36,316 - services.database - DEBUG - [DB_OP] Database close completed in 0.0003s
