2026-06-18 10:14:51,976 - main - INFO - === Logging system initialized ===
2026-06-18 10:14:51,976 - main - INFO - Log file: logs/app_20260618_101451.log
2026-06-18 10:14:51,976 - main - INFO - Log level: INFO
2026-06-18 10:14:51,977 - main - INFO - Timestamp: 20260618_101451
2026-06-18 10:14:52,839 - main - INFO - Included router: routers.aihub.router
2026-06-18 10:14:52,863 - main - INFO - Included router: routers.analysis.router
2026-06-18 10:14:52,877 - main - INFO - Included router: routers.auth.router
2026-06-18 10:14:52,890 - main - INFO - Included router: routers.custom_auth.router
2026-06-18 10:14:52,933 - main - INFO - Included router: routers.doctor_patients.router
2026-06-18 10:14:52,935 - main - INFO - Included router: routers.health.router
2026-06-18 10:14:52,995 - main - INFO - Included router: routers.invite.router
2026-06-18 10:14:53,007 - main - INFO - Included router: routers.reports.router
2026-06-18 10:14:53,064 - main - INFO - Included router: routers.settings.router
2026-06-18 10:14:53,102 - main - INFO - Included router: routers.storage.router
2026-06-18 10:14:53,111 - main - INFO - Included router: routers.user.router
2026-06-18 10:14:53,157 - main - INFO - Included router: routers.users_profiles.router
2026-06-18 10:14:53,158 - main - INFO - === Application startup initiated ===
2026-06-18 10:14:53,158 - services.database - INFO - Ignore creating tables
2026-06-18 10:14:53,159 - services.mock_data - INFO - Ignore initialize data
2026-06-18 10:14:53,159 - services.auth - INFO - Ignore initialize admin
2026-06-18 10:14:53,159 - main - INFO - === Application startup completed successfully ===
2026-06-18 10:27:46,627 - services.database - DEBUG - [DB_OP] Starting database close
2026-06-18 10:27:46,627 - services.database - INFO - Database connections closed
2026-06-18 10:27:46,627 - services.database - DEBUG - [DB_OP] Database close completed in 0.0006s
