2026-06-11 02:41:42,085 - main - INFO - === Logging system initialized ===
2026-06-11 02:41:42,085 - main - INFO - Log file: logs/app_20260611_024142.log
2026-06-11 02:41:42,085 - main - INFO - Log level: INFO
2026-06-11 02:41:42,085 - main - INFO - Timestamp: 20260611_024142
2026-06-11 02:41:42,837 - main - INFO - Included router: routers.aihub.router
2026-06-11 02:41:42,852 - main - INFO - Included router: routers.analysis.router
2026-06-11 02:41:42,871 - main - INFO - Included router: routers.auth.router
2026-06-11 02:41:42,872 - main - INFO - Included router: routers.health.router
2026-06-11 02:41:42,885 - main - INFO - Included router: routers.reports.router
2026-06-11 02:41:42,909 - main - INFO - Included router: routers.settings.router
2026-06-11 02:41:42,946 - main - INFO - Included router: routers.storage.router
2026-06-11 02:41:42,955 - main - INFO - Included router: routers.user.router
2026-06-11 02:41:42,956 - main - INFO - === Application startup initiated ===
2026-06-11 02:41:42,956 - services.database - INFO - Ignore creating tables
2026-06-11 02:41:42,956 - services.mock_data - INFO - Ignore initialize data
2026-06-11 02:41:42,956 - services.auth - INFO - Ignore initialize admin
2026-06-11 02:41:42,957 - main - INFO - === Application startup completed successfully ===
2026-06-11 02:42:15,742 - services.database - DEBUG - [DB_OP] Starting database close
2026-06-11 02:42:15,743 - services.database - INFO - Database connections closed
2026-06-11 02:42:15,743 - services.database - DEBUG - [DB_OP] Database close completed in 0.0004s
