2026-06-12 12:44:55,045 - main - INFO - === Logging system initialized ===
2026-06-12 12:44:55,045 - main - INFO - Log file: logs/app_20260612_124455.log
2026-06-12 12:44:55,045 - main - INFO - Log level: INFO
2026-06-12 12:44:55,046 - main - INFO - Timestamp: 20260612_124455
2026-06-12 12:44:56,122 - main - INFO - Included router: routers.aihub.router
2026-06-12 12:44:56,141 - main - INFO - Included router: routers.analysis.router
2026-06-12 12:44:56,152 - main - INFO - Included router: routers.auth.router
2026-06-12 12:44:56,166 - main - INFO - Included router: routers.custom_auth.router
2026-06-12 12:44:56,220 - main - INFO - Included router: routers.doctor_patients.router
2026-06-12 12:44:56,222 - main - INFO - Included router: routers.health.router
2026-06-12 12:44:56,275 - main - INFO - Included router: routers.invite.router
2026-06-12 12:44:56,286 - main - INFO - Included router: routers.reports.router
2026-06-12 12:44:56,306 - main - INFO - Included router: routers.settings.router
2026-06-12 12:44:56,338 - main - INFO - Included router: routers.storage.router
2026-06-12 12:44:56,347 - main - INFO - Included router: routers.user.router
2026-06-12 12:44:56,391 - main - INFO - Included router: routers.users_profiles.router
2026-06-12 12:44:56,392 - main - INFO - === Application startup initiated ===
2026-06-12 12:44:56,392 - services.database - INFO - Ignore creating tables
2026-06-12 12:44:56,393 - services.mock_data - INFO - Ignore initialize data
2026-06-12 12:44:56,393 - services.auth - INFO - Ignore initialize admin
2026-06-12 12:44:56,393 - main - INFO - === Application startup completed successfully ===
2026-06-12 12:49:51,185 - services.database - DEBUG - [DB_OP] Starting database close
2026-06-12 12:49:51,186 - services.database - INFO - Database connections closed
2026-06-12 12:49:51,186 - services.database - DEBUG - [DB_OP] Database close completed in 0.0008s
