2026-06-12 12:18:11,113 - main - INFO - === Logging system initialized ===
2026-06-12 12:18:11,114 - main - INFO - Log file: logs/app_20260612_121811.log
2026-06-12 12:18:11,114 - main - INFO - Log level: INFO
2026-06-12 12:18:11,114 - main - INFO - Timestamp: 20260612_121811
2026-06-12 12:18:11,992 - main - INFO - Included router: routers.aihub.router
2026-06-12 12:18:12,011 - main - INFO - Included router: routers.analysis.router
2026-06-12 12:18:12,043 - main - INFO - Included router: routers.auth.router
2026-06-12 12:18:12,057 - main - INFO - Included router: routers.custom_auth.router
2026-06-12 12:18:12,103 - main - INFO - Included router: routers.doctor_patients.router
2026-06-12 12:18:12,105 - main - INFO - Included router: routers.health.router
2026-06-12 12:18:12,179 - main - INFO - Included router: routers.invite.router
2026-06-12 12:18:12,192 - main - INFO - Included router: routers.reports.router
2026-06-12 12:18:12,213 - main - INFO - Included router: routers.settings.router
2026-06-12 12:18:12,252 - main - INFO - Included router: routers.storage.router
2026-06-12 12:18:12,263 - main - INFO - Included router: routers.user.router
2026-06-12 12:18:12,313 - main - INFO - Included router: routers.users_profiles.router
2026-06-12 12:18:12,314 - main - INFO - === Application startup initiated ===
2026-06-12 12:18:12,315 - services.database - INFO - Ignore creating tables
2026-06-12 12:18:12,315 - services.mock_data - INFO - Ignore initialize data
2026-06-12 12:18:12,315 - services.auth - INFO - Ignore initialize admin
2026-06-12 12:18:12,315 - main - INFO - === Application startup completed successfully ===
2026-06-12 12:21:35,024 - services.database - DEBUG - [DB_OP] Starting database close
2026-06-12 12:21:35,025 - services.database - INFO - Database connections closed
2026-06-12 12:21:35,025 - services.database - DEBUG - [DB_OP] Database close completed in 0.0004s
