2026-06-19 06:05:04,720 - main - INFO - === Logging system initialized ===
2026-06-19 06:05:04,721 - main - INFO - Log file: logs/app_20260619_060504.log
2026-06-19 06:05:04,721 - main - INFO - Log level: INFO
2026-06-19 06:05:04,721 - main - INFO - Timestamp: 20260619_060504
2026-06-19 06:05:05,781 - main - INFO - Included router: routers.aihub.router
2026-06-19 06:05:05,826 - main - INFO - Included router: routers.analysis.router
2026-06-19 06:05:05,840 - main - INFO - Included router: routers.auth.router
2026-06-19 06:05:05,857 - main - INFO - Included router: routers.custom_auth.router
2026-06-19 06:05:05,909 - main - INFO - Included router: routers.doctor_patients.router
2026-06-19 06:05:05,913 - main - INFO - Included router: routers.health.router
2026-06-19 06:05:05,977 - main - INFO - Included router: routers.invite.router
2026-06-19 06:05:05,991 - main - INFO - Included router: routers.reports.router
2026-06-19 06:05:06,010 - main - INFO - Included router: routers.settings.router
2026-06-19 06:05:06,083 - main - INFO - Included router: routers.storage.router
2026-06-19 06:05:06,094 - main - INFO - Included router: routers.user.router
2026-06-19 06:05:06,141 - main - INFO - Included router: routers.users_profiles.router
2026-06-19 06:05:06,142 - main - INFO - === Application startup initiated ===
2026-06-19 06:05:06,142 - services.database - INFO - Ignore creating tables
2026-06-19 06:05:06,142 - services.mock_data - INFO - Ignore initialize data
2026-06-19 06:05:06,142 - services.auth - INFO - Ignore initialize admin
2026-06-19 06:05:06,142 - main - INFO - === Application startup completed successfully ===
2026-06-19 06:05:52,659 - services.database - DEBUG - [DB_OP] Starting database close
2026-06-19 06:05:52,659 - services.database - INFO - Database connections closed
2026-06-19 06:05:52,659 - services.database - DEBUG - [DB_OP] Database close completed in 0.0004s
