2026-06-12 12:37:45,382 - main - INFO - === Logging system initialized ===
2026-06-12 12:37:45,383 - main - INFO - Log file: logs/app_20260612_123745.log
2026-06-12 12:37:45,383 - main - INFO - Log level: INFO
2026-06-12 12:37:45,383 - main - INFO - Timestamp: 20260612_123745
2026-06-12 12:37:46,238 - main - INFO - Included router: routers.aihub.router
2026-06-12 12:37:46,263 - main - INFO - Included router: routers.analysis.router
2026-06-12 12:37:46,277 - main - INFO - Included router: routers.auth.router
2026-06-12 12:37:46,296 - main - INFO - Included router: routers.custom_auth.router
2026-06-12 12:37:46,342 - main - INFO - Included router: routers.doctor_patients.router
2026-06-12 12:37:46,344 - main - INFO - Included router: routers.health.router
2026-06-12 12:37:46,403 - main - INFO - Included router: routers.invite.router
2026-06-12 12:37:46,415 - main - INFO - Included router: routers.reports.router
2026-06-12 12:37:46,435 - main - INFO - Included router: routers.settings.router
2026-06-12 12:37:46,472 - main - INFO - Included router: routers.storage.router
2026-06-12 12:37:46,486 - main - INFO - Included router: routers.user.router
2026-06-12 12:37:46,532 - main - INFO - Included router: routers.users_profiles.router
2026-06-12 12:37:46,534 - main - INFO - === Application startup initiated ===
2026-06-12 12:37:46,534 - services.database - INFO - Ignore creating tables
2026-06-12 12:37:46,534 - services.mock_data - INFO - Ignore initialize data
2026-06-12 12:37:46,534 - services.auth - INFO - Ignore initialize admin
2026-06-12 12:37:46,534 - main - INFO - === Application startup completed successfully ===
2026-06-12 12:41:18,728 - services.database - DEBUG - [DB_OP] Starting database close
2026-06-12 12:41:18,728 - services.database - INFO - Database connections closed
2026-06-12 12:41:18,728 - services.database - DEBUG - [DB_OP] Database close completed in 0.0003s
