2026-07-07 01:48:43,830 - main - INFO - === Logging system initialized ===
2026-07-07 01:48:43,830 - main - INFO - Log file: logs/app_20260707_014843.log
2026-07-07 01:48:43,831 - main - INFO - Log level: INFO
2026-07-07 01:48:43,831 - main - INFO - Timestamp: 20260707_014843
2026-07-07 01:48:44,880 - main - INFO - Included router: routers.aihub.router
2026-07-07 01:48:44,916 - main - INFO - Included router: routers.analysis.router
2026-07-07 01:48:44,930 - main - INFO - Included router: routers.auth.router
2026-07-07 01:48:44,944 - main - INFO - Included router: routers.custom_auth.router
2026-07-07 01:48:44,993 - main - INFO - Included router: routers.doctor_patients.router
2026-07-07 01:48:44,996 - main - INFO - Included router: routers.health.router
2026-07-07 01:48:45,085 - main - INFO - Included router: routers.invite.router
2026-07-07 01:48:45,105 - main - INFO - Included router: routers.reports.router
2026-07-07 01:48:45,128 - main - INFO - Included router: routers.settings.router
2026-07-07 01:48:45,168 - main - INFO - Included router: routers.storage.router
2026-07-07 01:48:45,178 - main - INFO - Included router: routers.user.router
2026-07-07 01:48:45,221 - main - INFO - Included router: routers.users_profiles.router
2026-07-07 01:48:45,223 - main - INFO - === Application startup initiated ===
2026-07-07 01:48:45,223 - services.database - INFO - Ignore creating tables
2026-07-07 01:48:45,224 - services.mock_data - INFO - Ignore initialize data
2026-07-07 01:48:45,224 - services.auth - INFO - Ignore initialize admin
2026-07-07 01:48:45,224 - main - INFO - === Application startup completed successfully ===
2026-07-07 01:54:05,861 - services.database - DEBUG - [DB_OP] Starting database close
2026-07-07 01:54:05,861 - services.database - INFO - Database connections closed
2026-07-07 01:54:05,861 - services.database - DEBUG - [DB_OP] Database close completed in 0.0007s
