2026-06-18 08:50:21,135 - main - INFO - === Logging system initialized ===
2026-06-18 08:50:21,135 - main - INFO - Log file: logs/app_20260618_085021.log
2026-06-18 08:50:21,135 - main - INFO - Log level: INFO
2026-06-18 08:50:21,135 - main - INFO - Timestamp: 20260618_085021
2026-06-18 08:50:21,877 - main - INFO - Included router: routers.aihub.router
2026-06-18 08:50:21,893 - main - INFO - Included router: routers.analysis.router
2026-06-18 08:50:21,908 - main - INFO - Included router: routers.auth.router
2026-06-18 08:50:21,928 - main - INFO - Included router: routers.custom_auth.router
2026-06-18 08:50:21,972 - main - INFO - Included router: routers.doctor_patients.router
2026-06-18 08:50:21,974 - main - INFO - Included router: routers.health.router
2026-06-18 08:50:22,028 - main - INFO - Included router: routers.invite.router
2026-06-18 08:50:22,061 - main - INFO - Included router: routers.reports.router
2026-06-18 08:50:22,079 - main - INFO - Included router: routers.settings.router
2026-06-18 08:50:22,112 - main - INFO - Included router: routers.storage.router
2026-06-18 08:50:22,120 - main - INFO - Included router: routers.user.router
2026-06-18 08:50:22,165 - main - INFO - Included router: routers.users_profiles.router
2026-06-18 08:50:22,167 - main - INFO - === Application startup initiated ===
2026-06-18 08:50:22,167 - services.database - INFO - Ignore creating tables
2026-06-18 08:50:22,167 - services.mock_data - INFO - Ignore initialize data
2026-06-18 08:50:22,167 - services.auth - INFO - Ignore initialize admin
2026-06-18 08:50:22,167 - main - INFO - === Application startup completed successfully ===
2026-06-18 08:50:25,075 - services.database - DEBUG - [DB_OP] Starting database close
2026-06-18 08:50:25,076 - services.database - INFO - Database connections closed
2026-06-18 08:50:25,076 - services.database - DEBUG - [DB_OP] Database close completed in 0.0006s
