2026-06-13 09:45:05,487 - main - INFO - === Logging system initialized ===
2026-06-13 09:45:05,487 - main - INFO - Log file: logs/app_20260613_094505.log
2026-06-13 09:45:05,487 - main - INFO - Log level: INFO
2026-06-13 09:45:05,487 - main - INFO - Timestamp: 20260613_094505
2026-06-13 09:45:06,386 - main - INFO - Included router: routers.aihub.router
2026-06-13 09:45:06,404 - main - INFO - Included router: routers.analysis.router
2026-06-13 09:45:06,416 - main - INFO - Included router: routers.auth.router
2026-06-13 09:45:06,431 - main - INFO - Included router: routers.custom_auth.router
2026-06-13 09:45:06,482 - main - INFO - Included router: routers.doctor_patients.router
2026-06-13 09:45:06,485 - main - INFO - Included router: routers.health.router
2026-06-13 09:45:06,571 - main - INFO - Included router: routers.invite.router
2026-06-13 09:45:06,585 - main - INFO - Included router: routers.reports.router
2026-06-13 09:45:06,609 - main - INFO - Included router: routers.settings.router
2026-06-13 09:45:06,648 - main - INFO - Included router: routers.storage.router
2026-06-13 09:45:06,658 - main - INFO - Included router: routers.user.router
2026-06-13 09:45:06,711 - main - INFO - Included router: routers.users_profiles.router
2026-06-13 09:45:06,712 - main - INFO - === Application startup initiated ===
2026-06-13 09:45:06,712 - services.database - INFO - Ignore creating tables
2026-06-13 09:45:06,712 - services.mock_data - INFO - Ignore initialize data
2026-06-13 09:45:06,712 - services.auth - INFO - Ignore initialize admin
2026-06-13 09:45:06,713 - main - INFO - === Application startup completed successfully ===
2026-06-13 09:48:03,039 - services.database - DEBUG - [DB_OP] Starting database close
2026-06-13 09:48:03,039 - services.database - INFO - Database connections closed
2026-06-13 09:48:03,039 - services.database - DEBUG - [DB_OP] Database close completed in 0.0004s
