2026-06-12 12:55:27,288 - main - INFO - === Logging system initialized ===
2026-06-12 12:55:27,288 - main - INFO - Log file: logs/app_20260612_125527.log
2026-06-12 12:55:27,288 - main - INFO - Log level: INFO
2026-06-12 12:55:27,288 - main - INFO - Timestamp: 20260612_125527
2026-06-12 12:55:28,076 - main - INFO - Included router: routers.aihub.router
2026-06-12 12:55:28,097 - main - INFO - Included router: routers.analysis.router
2026-06-12 12:55:28,114 - main - INFO - Included router: routers.auth.router
2026-06-12 12:55:28,130 - main - INFO - Included router: routers.custom_auth.router
2026-06-12 12:55:28,177 - main - INFO - Included router: routers.doctor_patients.router
2026-06-12 12:55:28,179 - main - INFO - Included router: routers.health.router
2026-06-12 12:55:28,232 - main - INFO - Included router: routers.invite.router
2026-06-12 12:55:28,244 - main - INFO - Included router: routers.reports.router
2026-06-12 12:55:28,263 - main - INFO - Included router: routers.settings.router
2026-06-12 12:55:28,299 - main - INFO - Included router: routers.storage.router
2026-06-12 12:55:28,313 - main - INFO - Included router: routers.user.router
2026-06-12 12:55:28,357 - main - INFO - Included router: routers.users_profiles.router
2026-06-12 12:55:28,358 - main - INFO - === Application startup initiated ===
2026-06-12 12:55:28,359 - services.database - INFO - Ignore creating tables
2026-06-12 12:55:28,359 - services.mock_data - INFO - Ignore initialize data
2026-06-12 12:55:28,359 - services.auth - INFO - Ignore initialize admin
2026-06-12 12:55:28,359 - main - INFO - === Application startup completed successfully ===
2026-06-12 12:57:41,110 - services.database - DEBUG - [DB_OP] Starting database close
2026-06-12 12:57:41,110 - services.database - INFO - Database connections closed
2026-06-12 12:57:41,111 - services.database - DEBUG - [DB_OP] Database close completed in 0.0006s
