2026-06-18 08:47:34,853 - main - INFO - === Logging system initialized ===
2026-06-18 08:47:34,854 - main - INFO - Log file: logs/app_20260618_084734.log
2026-06-18 08:47:34,854 - main - INFO - Log level: INFO
2026-06-18 08:47:34,854 - main - INFO - Timestamp: 20260618_084734
2026-06-18 08:47:35,652 - main - INFO - Included router: routers.aihub.router
2026-06-18 08:47:35,675 - main - INFO - Included router: routers.analysis.router
2026-06-18 08:47:35,688 - main - INFO - Included router: routers.auth.router
2026-06-18 08:47:35,703 - main - INFO - Included router: routers.custom_auth.router
2026-06-18 08:47:35,753 - main - INFO - Included router: routers.doctor_patients.router
2026-06-18 08:47:35,755 - main - INFO - Included router: routers.health.router
2026-06-18 08:47:35,809 - main - INFO - Included router: routers.invite.router
2026-06-18 08:47:35,821 - main - INFO - Included router: routers.reports.router
2026-06-18 08:47:35,839 - main - INFO - Included router: routers.settings.router
2026-06-18 08:47:35,871 - main - INFO - Included router: routers.storage.router
2026-06-18 08:47:35,878 - main - INFO - Included router: routers.user.router
2026-06-18 08:47:35,920 - main - INFO - Included router: routers.users_profiles.router
2026-06-18 08:47:35,921 - main - INFO - === Application startup initiated ===
2026-06-18 08:47:35,921 - services.database - INFO - Ignore creating tables
2026-06-18 08:47:35,921 - services.mock_data - INFO - Ignore initialize data
2026-06-18 08:47:35,921 - services.auth - INFO - Ignore initialize admin
2026-06-18 08:47:35,921 - main - INFO - === Application startup completed successfully ===
2026-06-18 08:48:40,180 - services.database - DEBUG - [DB_OP] Starting database close
2026-06-18 08:48:40,180 - services.database - INFO - Database connections closed
2026-06-18 08:48:40,180 - services.database - DEBUG - [DB_OP] Database close completed in 0.0006s
