2026-06-19 04:12:16,706 - main - INFO - === Logging system initialized ===
2026-06-19 04:12:16,707 - main - INFO - Log file: logs/app_20260619_041216.log
2026-06-19 04:12:16,707 - main - INFO - Log level: INFO
2026-06-19 04:12:16,707 - main - INFO - Timestamp: 20260619_041216
2026-06-19 04:12:17,535 - main - INFO - Included router: routers.aihub.router
2026-06-19 04:12:17,557 - main - INFO - Included router: routers.analysis.router
2026-06-19 04:12:17,568 - main - INFO - Included router: routers.auth.router
2026-06-19 04:12:17,580 - main - INFO - Included router: routers.custom_auth.router
2026-06-19 04:12:17,625 - main - INFO - Included router: routers.doctor_patients.router
2026-06-19 04:12:17,627 - main - INFO - Included router: routers.health.router
2026-06-19 04:12:17,680 - main - INFO - Included router: routers.invite.router
2026-06-19 04:12:17,692 - main - INFO - Included router: routers.reports.router
2026-06-19 04:12:17,711 - main - INFO - Included router: routers.settings.router
2026-06-19 04:12:17,745 - main - INFO - Included router: routers.storage.router
2026-06-19 04:12:17,753 - main - INFO - Included router: routers.user.router
2026-06-19 04:12:17,796 - main - INFO - Included router: routers.users_profiles.router
2026-06-19 04:12:17,798 - main - INFO - === Application startup initiated ===
2026-06-19 04:12:17,798 - services.database - INFO - Ignore creating tables
2026-06-19 04:12:17,798 - services.mock_data - INFO - Ignore initialize data
2026-06-19 04:12:17,798 - services.auth - INFO - Ignore initialize admin
2026-06-19 04:12:17,798 - main - INFO - === Application startup completed successfully ===
2026-06-19 04:25:17,504 - services.database - DEBUG - [DB_OP] Starting database close
2026-06-19 04:25:17,504 - services.database - INFO - Database connections closed
2026-06-19 04:25:17,504 - services.database - DEBUG - [DB_OP] Database close completed in 0.0005s
