2026-07-07 02:20:25,940 - main - INFO - === Logging system initialized ===
2026-07-07 02:20:25,940 - main - INFO - Log file: logs/app_20260707_022025.log
2026-07-07 02:20:25,940 - main - INFO - Log level: INFO
2026-07-07 02:20:25,940 - main - INFO - Timestamp: 20260707_022025
2026-07-07 02:20:26,655 - main - INFO - Included router: routers.aihub.router
2026-07-07 02:20:26,681 - main - INFO - Included router: routers.analysis.router
2026-07-07 02:20:26,692 - main - INFO - Included router: routers.auth.router
2026-07-07 02:20:26,705 - main - INFO - Included router: routers.custom_auth.router
2026-07-07 02:20:26,750 - main - INFO - Included router: routers.doctor_patients.router
2026-07-07 02:20:26,752 - main - INFO - Included router: routers.health.router
2026-07-07 02:20:26,813 - main - INFO - Included router: routers.invite.router
2026-07-07 02:20:26,826 - main - INFO - Included router: routers.reports.router
2026-07-07 02:20:26,844 - main - INFO - Included router: routers.settings.router
2026-07-07 02:20:26,880 - main - INFO - Included router: routers.storage.router
2026-07-07 02:20:26,888 - main - INFO - Included router: routers.user.router
2026-07-07 02:20:26,931 - main - INFO - Included router: routers.users_profiles.router
2026-07-07 02:20:26,932 - main - INFO - === Application startup initiated ===
2026-07-07 02:20:26,932 - services.database - INFO - Ignore creating tables
2026-07-07 02:20:26,933 - services.mock_data - INFO - Ignore initialize data
2026-07-07 02:20:26,933 - services.auth - INFO - Ignore initialize admin
2026-07-07 02:20:26,933 - main - INFO - === Application startup completed successfully ===
