2026-06-15 03:08:11,361 - main - INFO - === Logging system initialized ===
2026-06-15 03:08:11,362 - main - INFO - Log file: logs/app_20260615_030811.log
2026-06-15 03:08:11,362 - main - INFO - Log level: INFO
2026-06-15 03:08:11,362 - main - INFO - Timestamp: 20260615_030811
2026-06-15 03:08:12,148 - main - INFO - Included router: routers.aihub.router
2026-06-15 03:08:12,167 - main - INFO - Included router: routers.analysis.router
2026-06-15 03:08:12,183 - main - INFO - Included router: routers.auth.router
2026-06-15 03:08:12,199 - main - INFO - Included router: routers.custom_auth.router
2026-06-15 03:08:12,247 - main - INFO - Included router: routers.doctor_patients.router
2026-06-15 03:08:12,251 - main - INFO - Included router: routers.health.router
2026-06-15 03:08:12,317 - main - INFO - Included router: routers.invite.router
2026-06-15 03:08:12,331 - main - INFO - Included router: routers.reports.router
2026-06-15 03:08:12,352 - main - INFO - Included router: routers.settings.router
2026-06-15 03:08:12,394 - main - INFO - Included router: routers.storage.router
2026-06-15 03:08:12,403 - main - INFO - Included router: routers.user.router
2026-06-15 03:08:12,455 - main - INFO - Included router: routers.users_profiles.router
2026-06-15 03:08:12,456 - main - INFO - === Application startup initiated ===
2026-06-15 03:08:12,457 - services.database - INFO - Ignore creating tables
2026-06-15 03:08:12,457 - services.mock_data - INFO - Ignore initialize data
2026-06-15 03:08:12,457 - services.auth - INFO - Ignore initialize admin
2026-06-15 03:08:12,457 - main - INFO - === Application startup completed successfully ===
2026-06-15 03:11:43,695 - services.database - DEBUG - [DB_OP] Starting database close
2026-06-15 03:11:43,695 - services.database - INFO - Database connections closed
2026-06-15 03:11:43,695 - services.database - DEBUG - [DB_OP] Database close completed in 0.0005s
