2026-06-19 02:56:39,766 - main - INFO - === Logging system initialized ===
2026-06-19 02:56:39,767 - main - INFO - Log file: logs/app_20260619_025639.log
2026-06-19 02:56:39,767 - main - INFO - Log level: INFO
2026-06-19 02:56:39,767 - main - INFO - Timestamp: 20260619_025639
2026-06-19 02:56:40,625 - main - INFO - Included router: routers.aihub.router
2026-06-19 02:56:40,693 - main - INFO - Included router: routers.analysis.router
2026-06-19 02:56:40,707 - main - INFO - Included router: routers.auth.router
2026-06-19 02:56:40,722 - main - INFO - Included router: routers.custom_auth.router
2026-06-19 02:56:40,765 - main - INFO - Included router: routers.doctor_patients.router
2026-06-19 02:56:40,767 - main - INFO - Included router: routers.health.router
2026-06-19 02:56:40,821 - main - INFO - Included router: routers.invite.router
2026-06-19 02:56:40,833 - main - INFO - Included router: routers.reports.router
2026-06-19 02:56:40,854 - main - INFO - Included router: routers.settings.router
2026-06-19 02:56:40,892 - main - INFO - Included router: routers.storage.router
2026-06-19 02:56:40,901 - main - INFO - Included router: routers.user.router
2026-06-19 02:56:40,949 - main - INFO - Included router: routers.users_profiles.router
2026-06-19 02:56:40,951 - main - INFO - === Application startup initiated ===
2026-06-19 02:56:40,951 - services.database - INFO - Ignore creating tables
2026-06-19 02:56:40,951 - services.mock_data - INFO - Ignore initialize data
2026-06-19 02:56:40,951 - services.auth - INFO - Ignore initialize admin
2026-06-19 02:56:40,951 - main - INFO - === Application startup completed successfully ===
2026-06-19 03:00:38,146 - services.database - DEBUG - [DB_OP] Starting database close
2026-06-19 03:00:38,146 - services.database - INFO - Database connections closed
2026-06-19 03:00:38,146 - services.database - DEBUG - [DB_OP] Database close completed in 0.0004s
