2026-06-16 11:45:29,226 - main - INFO - === Logging system initialized ===
2026-06-16 11:45:29,226 - main - INFO - Log file: logs/app_20260616_114529.log
2026-06-16 11:45:29,226 - main - INFO - Log level: INFO
2026-06-16 11:45:29,226 - main - INFO - Timestamp: 20260616_114529
2026-06-16 11:45:29,940 - main - INFO - Included router: routers.aihub.router
2026-06-16 11:45:29,957 - main - INFO - Included router: routers.analysis.router
2026-06-16 11:45:30,293 - main - INFO - Included router: routers.auth.router
2026-06-16 11:45:30,306 - main - INFO - Included router: routers.custom_auth.router
2026-06-16 11:45:30,351 - main - INFO - Included router: routers.doctor_patients.router
2026-06-16 11:45:30,353 - main - INFO - Included router: routers.health.router
2026-06-16 11:45:30,407 - main - INFO - Included router: routers.invite.router
2026-06-16 11:45:30,420 - main - INFO - Included router: routers.reports.router
2026-06-16 11:45:30,439 - main - INFO - Included router: routers.settings.router
2026-06-16 11:45:30,473 - main - INFO - Included router: routers.storage.router
2026-06-16 11:45:30,480 - main - INFO - Included router: routers.user.router
2026-06-16 11:45:30,524 - main - INFO - Included router: routers.users_profiles.router
2026-06-16 11:45:30,525 - main - INFO - === Application startup initiated ===
2026-06-16 11:45:30,525 - services.database - INFO - Ignore creating tables
2026-06-16 11:45:30,525 - services.mock_data - INFO - Ignore initialize data
2026-06-16 11:45:30,525 - services.auth - INFO - Ignore initialize admin
2026-06-16 11:45:30,525 - main - INFO - === Application startup completed successfully ===
2026-06-16 11:49:45,544 - services.database - DEBUG - [DB_OP] Starting database close
2026-06-16 11:49:45,544 - services.database - INFO - Database connections closed
2026-06-16 11:49:45,544 - services.database - DEBUG - [DB_OP] Database close completed in 0.0004s
