2026-06-12 11:02:15,381 - main - INFO - === Logging system initialized ===
2026-06-12 11:02:15,381 - main - INFO - Log file: logs/app_20260612_110215.log
2026-06-12 11:02:15,381 - main - INFO - Log level: INFO
2026-06-12 11:02:15,382 - main - INFO - Timestamp: 20260612_110215
2026-06-12 11:02:16,423 - main - INFO - Included router: routers.aihub.router
2026-06-12 11:02:16,513 - main - INFO - Included router: routers.analysis.router
2026-06-12 11:02:16,527 - main - INFO - Included router: routers.auth.router
2026-06-12 11:02:16,536 - main - INFO - Included router: routers.custom_auth.router
2026-06-12 11:02:16,581 - main - INFO - Included router: routers.doctor_patients.router
2026-06-12 11:02:16,584 - main - INFO - Included router: routers.health.router
2026-06-12 11:02:16,625 - main - INFO - Included router: routers.invite.router
2026-06-12 11:02:16,637 - main - INFO - Included router: routers.reports.router
2026-06-12 11:02:16,658 - main - INFO - Included router: routers.settings.router
2026-06-12 11:02:16,696 - main - INFO - Included router: routers.storage.router
2026-06-12 11:02:16,705 - main - INFO - Included router: routers.user.router
2026-06-12 11:02:16,749 - main - INFO - Included router: routers.users_profiles.router
2026-06-12 11:02:16,751 - main - INFO - === Application startup initiated ===
2026-06-12 11:02:16,751 - services.database - INFO - Ignore creating tables
2026-06-12 11:02:16,751 - services.mock_data - INFO - Ignore initialize data
2026-06-12 11:02:16,751 - services.auth - INFO - Ignore initialize admin
2026-06-12 11:02:16,751 - main - INFO - === Application startup completed successfully ===
2026-06-12 11:05:58,866 - services.database - DEBUG - [DB_OP] Starting database close
2026-06-12 11:05:58,866 - services.database - INFO - Database connections closed
2026-06-12 11:05:58,866 - services.database - DEBUG - [DB_OP] Database close completed in 0.0004s
