2026-06-15 03:04:19,266 - main - INFO - === Logging system initialized ===
2026-06-15 03:04:19,267 - main - INFO - Log file: logs/app_20260615_030419.log
2026-06-15 03:04:19,267 - main - INFO - Log level: INFO
2026-06-15 03:04:19,267 - main - INFO - Timestamp: 20260615_030419
2026-06-15 03:04:20,143 - main - INFO - Included router: routers.aihub.router
2026-06-15 03:04:20,160 - main - INFO - Included router: routers.analysis.router
2026-06-15 03:04:20,172 - main - INFO - Included router: routers.auth.router
2026-06-15 03:04:20,189 - main - INFO - Included router: routers.custom_auth.router
2026-06-15 03:04:20,243 - main - INFO - Included router: routers.doctor_patients.router
2026-06-15 03:04:20,245 - main - INFO - Included router: routers.health.router
2026-06-15 03:04:20,310 - main - INFO - Included router: routers.invite.router
2026-06-15 03:04:20,324 - main - INFO - Included router: routers.reports.router
2026-06-15 03:04:20,344 - main - INFO - Included router: routers.settings.router
2026-06-15 03:04:20,388 - main - INFO - Included router: routers.storage.router
2026-06-15 03:04:20,399 - main - INFO - Included router: routers.user.router
2026-06-15 03:04:20,451 - main - INFO - Included router: routers.users_profiles.router
2026-06-15 03:04:20,453 - main - INFO - === Application startup initiated ===
2026-06-15 03:04:20,453 - services.database - INFO - Ignore creating tables
2026-06-15 03:04:20,453 - services.mock_data - INFO - Ignore initialize data
2026-06-15 03:04:20,453 - services.auth - INFO - Ignore initialize admin
2026-06-15 03:04:20,453 - main - INFO - === Application startup completed successfully ===
2026-06-15 03:07:56,200 - services.database - DEBUG - [DB_OP] Starting database close
2026-06-15 03:07:56,201 - services.database - INFO - Database connections closed
2026-06-15 03:07:56,201 - services.database - DEBUG - [DB_OP] Database close completed in 0.0008s
