2026-06-22 05:04:12,620 - main - INFO - === Logging system initialized ===
2026-06-22 05:04:12,620 - main - INFO - Log file: logs/app_20260622_050412.log
2026-06-22 05:04:12,620 - main - INFO - Log level: INFO
2026-06-22 05:04:12,620 - main - INFO - Timestamp: 20260622_050412
2026-06-22 05:04:13,367 - main - INFO - Included router: routers.aihub.router
2026-06-22 05:04:13,390 - main - INFO - Included router: routers.analysis.router
2026-06-22 05:04:13,405 - main - INFO - Included router: routers.auth.router
2026-06-22 05:04:13,420 - main - INFO - Included router: routers.custom_auth.router
2026-06-22 05:04:13,469 - main - INFO - Included router: routers.doctor_patients.router
2026-06-22 05:04:13,471 - main - INFO - Included router: routers.health.router
2026-06-22 05:04:13,531 - main - INFO - Included router: routers.invite.router
2026-06-22 05:04:13,544 - main - INFO - Included router: routers.reports.router
2026-06-22 05:04:13,563 - main - INFO - Included router: routers.settings.router
2026-06-22 05:04:13,600 - main - INFO - Included router: routers.storage.router
2026-06-22 05:04:13,613 - main - INFO - Included router: routers.user.router
2026-06-22 05:04:13,660 - main - INFO - Included router: routers.users_profiles.router
2026-06-22 05:04:13,662 - main - INFO - === Application startup initiated ===
2026-06-22 05:04:13,662 - services.database - INFO - Ignore creating tables
2026-06-22 05:04:13,662 - services.mock_data - INFO - Ignore initialize data
2026-06-22 05:04:13,662 - services.auth - INFO - Ignore initialize admin
2026-06-22 05:04:13,662 - main - INFO - === Application startup completed successfully ===
2026-06-22 05:32:04,370 - services.database - DEBUG - [DB_OP] Starting database close
2026-06-22 05:32:04,371 - services.database - INFO - Database connections closed
2026-06-22 05:32:04,371 - services.database - DEBUG - [DB_OP] Database close completed in 0.0005s
