2026-06-16 12:01:21,352 - main - INFO - === Logging system initialized ===
2026-06-16 12:01:21,352 - main - INFO - Log file: logs/app_20260616_120121.log
2026-06-16 12:01:21,353 - main - INFO - Log level: INFO
2026-06-16 12:01:21,353 - main - INFO - Timestamp: 20260616_120121
2026-06-16 12:01:22,157 - main - INFO - Included router: routers.aihub.router
2026-06-16 12:01:22,175 - main - INFO - Included router: routers.analysis.router
2026-06-16 12:01:22,188 - main - INFO - Included router: routers.auth.router
2026-06-16 12:01:22,200 - main - INFO - Included router: routers.custom_auth.router
2026-06-16 12:01:22,248 - main - INFO - Included router: routers.doctor_patients.router
2026-06-16 12:01:22,250 - main - INFO - Included router: routers.health.router
2026-06-16 12:01:22,304 - main - INFO - Included router: routers.invite.router
2026-06-16 12:01:22,318 - main - INFO - Included router: routers.reports.router
2026-06-16 12:01:22,339 - main - INFO - Included router: routers.settings.router
2026-06-16 12:01:22,374 - main - INFO - Included router: routers.storage.router
2026-06-16 12:01:22,382 - main - INFO - Included router: routers.user.router
2026-06-16 12:01:22,424 - main - INFO - Included router: routers.users_profiles.router
2026-06-16 12:01:22,426 - main - INFO - === Application startup initiated ===
2026-06-16 12:01:22,426 - services.database - INFO - Ignore creating tables
2026-06-16 12:01:22,426 - services.mock_data - INFO - Ignore initialize data
2026-06-16 12:01:22,426 - services.auth - INFO - Ignore initialize admin
2026-06-16 12:01:22,426 - main - INFO - === Application startup completed successfully ===
2026-06-16 12:05:39,929 - services.database - DEBUG - [DB_OP] Starting database close
2026-06-16 12:05:39,930 - services.database - INFO - Database connections closed
2026-06-16 12:05:39,930 - services.database - DEBUG - [DB_OP] Database close completed in 0.0005s
