2026-06-19 11:55:45,055 - main - INFO - === Logging system initialized ===
2026-06-19 11:55:45,055 - main - INFO - Log file: logs/app_20260619_115545.log
2026-06-19 11:55:45,055 - main - INFO - Log level: INFO
2026-06-19 11:55:45,055 - main - INFO - Timestamp: 20260619_115545
2026-06-19 11:55:45,807 - main - INFO - Included router: routers.aihub.router
2026-06-19 11:55:45,828 - main - INFO - Included router: routers.analysis.router
2026-06-19 11:55:45,842 - main - INFO - Included router: routers.auth.router
2026-06-19 11:55:45,864 - main - INFO - Included router: routers.custom_auth.router
2026-06-19 11:55:45,910 - main - INFO - Included router: routers.doctor_patients.router
2026-06-19 11:55:45,911 - main - INFO - Included router: routers.health.router
2026-06-19 11:55:45,969 - main - INFO - Included router: routers.invite.router
2026-06-19 11:55:45,981 - main - INFO - Included router: routers.reports.router
2026-06-19 11:55:46,000 - main - INFO - Included router: routers.settings.router
2026-06-19 11:55:46,070 - main - INFO - Included router: routers.storage.router
2026-06-19 11:55:46,080 - main - INFO - Included router: routers.user.router
2026-06-19 11:55:46,132 - main - INFO - Included router: routers.users_profiles.router
2026-06-19 11:55:46,134 - main - INFO - === Application startup initiated ===
2026-06-19 11:55:46,134 - services.database - INFO - Ignore creating tables
2026-06-19 11:55:46,135 - services.mock_data - INFO - Ignore initialize data
2026-06-19 11:55:46,135 - services.auth - INFO - Ignore initialize admin
2026-06-19 11:55:46,135 - main - INFO - === Application startup completed successfully ===
2026-06-19 12:05:27,444 - services.database - DEBUG - [DB_OP] Starting database close
2026-06-19 12:05:27,444 - services.database - INFO - Database connections closed
2026-06-19 12:05:27,444 - services.database - DEBUG - [DB_OP] Database close completed in 0.0006s
