2026-06-10 04:47:31,486 - main - INFO - === Logging system initialized ===
2026-06-10 04:47:31,486 - main - INFO - Log file: logs/app_20260610_044731.log
2026-06-10 04:47:31,486 - main - INFO - Log level: INFO
2026-06-10 04:47:31,486 - main - INFO - Timestamp: 20260610_044731
2026-06-10 04:47:36,143 - main - INFO - Included router: routers.aihub.router
2026-06-10 04:47:36,247 - main - INFO - Included router: routers.auth.router
2026-06-10 04:47:36,273 - main - INFO - Included router: routers.health.router
2026-06-10 04:47:36,304 - main - INFO - Included router: routers.settings.router
2026-06-10 04:47:36,418 - main - INFO - Included router: routers.storage.router
2026-06-10 04:47:36,488 - main - INFO - Included router: routers.user.router
2026-06-10 04:47:38,917 - watchfiles.main - DEBUG - 1 change detected: {(<Change.added: 1>, '/workspace/app/backend/logs/app_20260610_044738.log')}
2026-06-10 04:47:39,269 - watchfiles.main - DEBUG - 1 change detected: {(<Change.modified: 2>, '/workspace/app/backend/logs/app_20260610_044731.log')}
2026-06-10 04:47:39,620 - watchfiles.main - DEBUG - 1 change detected: {(<Change.modified: 2>, '/workspace/app/backend/logs/app_20260610_044731.log')}
2026-06-10 04:47:39,971 - watchfiles.main - DEBUG - 1 change detected: {(<Change.modified: 2>, '/workspace/app/backend/logs/app_20260610_044731.log')}
2026-06-10 04:47:40,322 - watchfiles.main - DEBUG - 2 changes detected: {(<Change.modified: 2>, '/workspace/app/backend/logs/app_20260610_044731.log'), (<Change.modified: 2>, '/workspace/app/backend/logs/app_20260610_044738.log')}
2026-06-10 04:47:40,673 - watchfiles.main - DEBUG - 1 change detected: {(<Change.modified: 2>, '/workspace/app/backend/logs/app_20260610_044731.log')}
2026-06-10 04:47:41,025 - watchfiles.main - DEBUG - 1 change detected: {(<Change.modified: 2>, '/workspace/app/backend/logs/app_20260610_044731.log')}
2026-06-10 04:47:41,376 - watchfiles.main - DEBUG - 1 change detected: {(<Change.modified: 2>, '/workspace/app/backend/logs/app_20260610_044731.log')}
2026-06-10 04:47:41,727 - watchfiles.main - DEBUG - 1 change detected: {(<Change.modified: 2>, '/workspace/app/backend/logs/app_20260610_044731.log')}
2026-06-10 04:47:42,078 - watchfiles.main - DEBUG - 1 change detected: {(<Change.modified: 2>, '/workspace/app/backend/logs/app_20260610_044731.log')}
2026-06-10 04:47:42,429 - watchfiles.main - DEBUG - 1 change detected: {(<Change.modified: 2>, '/workspace/app/backend/logs/app_20260610_044731.log')}
2026-06-10 04:47:42,780 - watchfiles.main - DEBUG - 1 change detected: {(<Change.modified: 2>, '/workspace/app/backend/logs/app_20260610_044731.log')}
2026-06-10 04:47:43,131 - watchfiles.main - DEBUG - 1 change detected: {(<Change.modified: 2>, '/workspace/app/backend/logs/app_20260610_044731.log')}
2026-06-10 04:47:43,482 - watchfiles.main - DEBUG - 1 change detected: {(<Change.modified: 2>, '/workspace/app/backend/logs/app_20260610_044731.log')}
2026-06-10 04:47:43,833 - watchfiles.main - DEBUG - 1 change detected: {(<Change.modified: 2>, '/workspace/app/backend/logs/app_20260610_044731.log')}
2026-06-10 04:47:44,184 - watchfiles.main - DEBUG - 1 change detected: {(<Change.modified: 2>, '/workspace/app/backend/logs/app_20260610_044731.log')}
2026-06-10 04:47:44,535 - watchfiles.main - DEBUG - 1 change detected: {(<Change.modified: 2>, '/workspace/app/backend/logs/app_20260610_044731.log')}
2026-06-10 04:47:44,886 - watchfiles.main - DEBUG - 1 change detected: {(<Change.modified: 2>, '/workspace/app/backend/logs/app_20260610_044731.log')}
2026-06-10 04:47:45,237 - watchfiles.main - DEBUG - 1 change detected: {(<Change.modified: 2>, '/workspace/app/backend/logs/app_20260610_044731.log')}
2026-06-10 04:47:45,588 - watchfiles.main - DEBUG - 1 change detected: {(<Change.modified: 2>, '/workspace/app/backend/logs/app_20260610_044731.log')}
2026-06-10 04:47:45,939 - watchfiles.main - DEBUG - 1 change detected: {(<Change.modified: 2>, '/workspace/app/backend/logs/app_20260610_044731.log')}
2026-06-10 04:47:46,290 - watchfiles.main - DEBUG - 1 change detected: {(<Change.modified: 2>, '/workspace/app/backend/logs/app_20260610_044731.log')}
2026-06-10 04:47:46,641 - watchfiles.main - DEBUG - 1 change detected: {(<Change.modified: 2>, '/workspace/app/backend/logs/app_20260610_044731.log')}
2026-06-10 04:47:46,992 - watchfiles.main - DEBUG - 1 change detected: {(<Change.modified: 2>, '/workspace/app/backend/logs/app_20260610_044731.log')}
2026-06-10 04:47:47,343 - watchfiles.main - DEBUG - 1 change detected: {(<Change.modified: 2>, '/workspace/app/backend/logs/app_20260610_044731.log')}
2026-06-10 04:47:47,694 - watchfiles.main - DEBUG - 1 change detected: {(<Change.modified: 2>, '/workspace/app/backend/logs/app_20260610_044731.log')}
2026-06-10 04:47:48,045 - watchfiles.main - DEBUG - 1 change detected: {(<Change.modified: 2>, '/workspace/app/backend/logs/app_20260610_044731.log')}
2026-06-10 04:47:48,396 - watchfiles.main - DEBUG - 1 change detected: {(<Change.modified: 2>, '/workspace/app/backend/logs/app_20260610_044731.log')}
2026-06-10 04:47:48,747 - watchfiles.main - DEBUG - 1 change detected: {(<Change.modified: 2>, '/workspace/app/backend/logs/app_20260610_044731.log')}
2026-06-10 04:47:49,098 - watchfiles.main - DEBUG - 1 change detected: {(<Change.modified: 2>, '/workspace/app/backend/logs/app_20260610_044731.log')}
2026-06-10 04:47:49,449 - watchfiles.main - DEBUG - 1 change detected: {(<Change.modified: 2>, '/workspace/app/backend/logs/app_20260610_044731.log')}
2026-06-10 04:47:49,800 - watchfiles.main - DEBUG - 1 change detected: {(<Change.modified: 2>, '/workspace/app/backend/logs/app_20260610_044731.log')}
2026-06-10 04:47:50,151 - watchfiles.main - DEBUG - 1 change detected: {(<Change.modified: 2>, '/workspace/app/backend/logs/app_20260610_044731.log')}
2026-06-10 04:47:50,502 - watchfiles.main - DEBUG - 1 change detected: {(<Change.modified: 2>, '/workspace/app/backend/logs/app_20260610_044731.log')}
2026-06-10 04:47:50,853 - watchfiles.main - DEBUG - 1 change detected: {(<Change.modified: 2>, '/workspace/app/backend/logs/app_20260610_044731.log')}
2026-06-10 04:47:51,204 - watchfiles.main - DEBUG - 1 change detected: {(<Change.modified: 2>, '/workspace/app/backend/logs/app_20260610_044731.log')}
2026-06-10 04:47:51,554 - watchfiles.main - DEBUG - 1 change detected: {(<Change.modified: 2>, '/workspace/app/backend/logs/app_20260610_044731.log')}
2026-06-10 04:47:51,905 - watchfiles.main - DEBUG - 1 change detected: {(<Change.modified: 2>, '/workspace/app/backend/logs/app_20260610_044731.log')}
2026-06-10 04:47:52,256 - watchfiles.main - DEBUG - 1 change detected: {(<Change.modified: 2>, '/workspace/app/backend/logs/app_20260610_044731.log')}
2026-06-10 04:47:52,607 - watchfiles.main - DEBUG - 1 change detected: {(<Change.modified: 2>, '/workspace/app/backend/logs/app_20260610_044731.log')}
2026-06-10 04:47:52,958 - watchfiles.main - DEBUG - 1 change detected: {(<Change.modified: 2>, '/workspace/app/backend/logs/app_20260610_044731.log')}
2026-06-10 04:47:53,309 - watchfiles.main - DEBUG - 1 change detected: {(<Change.modified: 2>, '/workspace/app/backend/logs/app_20260610_044731.log')}
2026-06-10 04:47:53,660 - watchfiles.main - DEBUG - 1 change detected: {(<Change.modified: 2>, '/workspace/app/backend/logs/app_20260610_044731.log')}
2026-06-10 04:47:54,011 - watchfiles.main - DEBUG - 1 change detected: {(<Change.modified: 2>, '/workspace/app/backend/logs/app_20260610_044731.log')}
2026-06-10 04:47:54,362 - watchfiles.main - DEBUG - 1 change detected: {(<Change.modified: 2>, '/workspace/app/backend/logs/app_20260610_044731.log')}
2026-06-10 04:47:54,713 - watchfiles.main - DEBUG - 1 change detected: {(<Change.modified: 2>, '/workspace/app/backend/logs/app_20260610_044731.log')}
2026-06-10 04:47:55,064 - watchfiles.main - DEBUG - 1 change detected: {(<Change.modified: 2>, '/workspace/app/backend/logs/app_20260610_044731.log')}
2026-06-10 04:47:55,415 - watchfiles.main - DEBUG - 1 change detected: {(<Change.modified: 2>, '/workspace/app/backend/logs/app_20260610_044731.log')}
2026-06-10 04:47:55,766 - watchfiles.main - DEBUG - 1 change detected: {(<Change.modified: 2>, '/workspace/app/backend/logs/app_20260610_044731.log')}
2026-06-10 04:47:56,117 - watchfiles.main - DEBUG - 1 change detected: {(<Change.modified: 2>, '/workspace/app/backend/logs/app_20260610_044731.log')}
2026-06-10 04:47:56,468 - watchfiles.main - DEBUG - 1 change detected: {(<Change.modified: 2>, '/workspace/app/backend/logs/app_20260610_044731.log')}
2026-06-10 04:47:56,819 - watchfiles.main - DEBUG - 1 change detected: {(<Change.modified: 2>, '/workspace/app/backend/logs/app_20260610_044731.log')}
2026-06-10 04:47:57,170 - watchfiles.main - DEBUG - 1 change detected: {(<Change.modified: 2>, '/workspace/app/backend/logs/app_20260610_044731.log')}
2026-06-10 04:47:57,521 - watchfiles.main - DEBUG - 1 change detected: {(<Change.modified: 2>, '/workspace/app/backend/logs/app_20260610_044731.log')}
2026-06-10 04:47:57,872 - watchfiles.main - DEBUG - 1 change detected: {(<Change.modified: 2>, '/workspace/app/backend/logs/app_20260610_044731.log')}
2026-06-10 04:47:58,223 - watchfiles.main - DEBUG - 1 change detected: {(<Change.modified: 2>, '/workspace/app/backend/logs/app_20260610_044731.log')}
2026-06-10 04:47:58,574 - watchfiles.main - DEBUG - 1 change detected: {(<Change.modified: 2>, '/workspace/app/backend/logs/app_20260610_044731.log')}
2026-06-10 04:47:58,925 - watchfiles.main - DEBUG - 1 change detected: {(<Change.modified: 2>, '/workspace/app/backend/logs/app_20260610_044731.log')}
2026-06-10 04:47:59,275 - watchfiles.main - DEBUG - 1 change detected: {(<Change.modified: 2>, '/workspace/app/backend/logs/app_20260610_044731.log')}
2026-06-10 04:47:59,626 - watchfiles.main - DEBUG - 1 change detected: {(<Change.modified: 2>, '/workspace/app/backend/logs/app_20260610_044731.log')}
2026-06-10 04:47:59,978 - watchfiles.main - DEBUG - 1 change detected: {(<Change.modified: 2>, '/workspace/app/backend/logs/app_20260610_044731.log')}
2026-06-10 04:48:00,328 - watchfiles.main - DEBUG - 1 change detected: {(<Change.modified: 2>, '/workspace/app/backend/logs/app_20260610_044731.log')}
2026-06-10 04:48:00,679 - watchfiles.main - DEBUG - 1 change detected: {(<Change.modified: 2>, '/workspace/app/backend/logs/app_20260610_044731.log')}
2026-06-10 04:48:01,030 - watchfiles.main - DEBUG - 1 change detected: {(<Change.modified: 2>, '/workspace/app/backend/logs/app_20260610_044731.log')}
2026-06-10 04:48:01,381 - watchfiles.main - DEBUG - 1 change detected: {(<Change.modified: 2>, '/workspace/app/backend/logs/app_20260610_044731.log')}
2026-06-10 04:48:01,733 - watchfiles.main - DEBUG - 1 change detected: {(<Change.modified: 2>, '/workspace/app/backend/logs/app_20260610_044731.log')}
2026-06-10 04:48:02,084 - watchfiles.main - DEBUG - 1 change detected: {(<Change.modified: 2>, '/workspace/app/backend/logs/app_20260610_044731.log')}
2026-06-10 04:48:02,437 - watchfiles.main - DEBUG - 1 change detected: {(<Change.modified: 2>, '/workspace/app/backend/logs/app_20260610_044731.log')}
2026-06-10 04:48:02,788 - watchfiles.main - DEBUG - 1 change detected: {(<Change.modified: 2>, '/workspace/app/backend/logs/app_20260610_044731.log')}
2026-06-10 04:48:03,139 - watchfiles.main - DEBUG - 1 change detected: {(<Change.modified: 2>, '/workspace/app/backend/logs/app_20260610_044731.log')}
2026-06-10 04:48:03,490 - watchfiles.main - DEBUG - 1 change detected: {(<Change.modified: 2>, '/workspace/app/backend/logs/app_20260610_044731.log')}
2026-06-10 04:48:03,841 - watchfiles.main - DEBUG - 1 change detected: {(<Change.modified: 2>, '/workspace/app/backend/logs/app_20260610_044731.log')}
2026-06-10 04:48:04,192 - watchfiles.main - DEBUG - 1 change detected: {(<Change.modified: 2>, '/workspace/app/backend/logs/app_20260610_044731.log')}
2026-06-10 04:48:04,543 - watchfiles.main - DEBUG - 1 change detected: {(<Change.modified: 2>, '/workspace/app/backend/logs/app_20260610_044731.log')}
2026-06-10 04:48:04,894 - watchfiles.main - DEBUG - 1 change detected: {(<Change.modified: 2>, '/workspace/app/backend/logs/app_20260610_044731.log')}
2026-06-10 04:48:05,245 - watchfiles.main - DEBUG - 1 change detected: {(<Change.modified: 2>, '/workspace/app/backend/logs/app_20260610_044731.log')}
2026-06-10 04:48:05,596 - watchfiles.main - DEBUG - 1 change detected: {(<Change.modified: 2>, '/workspace/app/backend/logs/app_20260610_044731.log')}
2026-06-10 04:48:05,947 - watchfiles.main - DEBUG - 1 change detected: {(<Change.modified: 2>, '/workspace/app/backend/logs/app_20260610_044731.log')}
2026-06-10 04:48:06,298 - watchfiles.main - DEBUG - 1 change detected: {(<Change.modified: 2>, '/workspace/app/backend/logs/app_20260610_044731.log')}
2026-06-10 04:48:06,649 - watchfiles.main - DEBUG - 1 change detected: {(<Change.modified: 2>, '/workspace/app/backend/logs/app_20260610_044731.log')}
2026-06-10 04:48:07,000 - watchfiles.main - DEBUG - 1 change detected: {(<Change.modified: 2>, '/workspace/app/backend/logs/app_20260610_044731.log')}
2026-06-10 04:48:07,351 - watchfiles.main - DEBUG - 1 change detected: {(<Change.modified: 2>, '/workspace/app/backend/logs/app_20260610_044731.log')}
2026-06-10 04:48:07,702 - watchfiles.main - DEBUG - 1 change detected: {(<Change.modified: 2>, '/workspace/app/backend/logs/app_20260610_044731.log')}
2026-06-10 04:48:08,053 - watchfiles.main - DEBUG - 1 change detected: {(<Change.modified: 2>, '/workspace/app/backend/logs/app_20260610_044731.log')}
2026-06-10 04:48:08,404 - watchfiles.main - DEBUG - 1 change detected: {(<Change.modified: 2>, '/workspace/app/backend/logs/app_20260610_044731.log')}
2026-06-10 04:48:08,755 - watchfiles.main - DEBUG - 1 change detected: {(<Change.modified: 2>, '/workspace/app/backend/logs/app_20260610_044731.log')}
2026-06-10 04:48:09,106 - watchfiles.main - DEBUG - 1 change detected: {(<Change.modified: 2>, '/workspace/app/backend/logs/app_20260610_044731.log')}
2026-06-10 04:48:09,457 - watchfiles.main - DEBUG - 1 change detected: {(<Change.modified: 2>, '/workspace/app/backend/logs/app_20260610_044731.log')}
2026-06-10 04:48:09,807 - watchfiles.main - DEBUG - 1 change detected: {(<Change.modified: 2>, '/workspace/app/backend/logs/app_20260610_044731.log')}
2026-06-10 04:48:10,158 - watchfiles.main - DEBUG - 1 change detected: {(<Change.modified: 2>, '/workspace/app/backend/logs/app_20260610_044731.log')}
2026-06-10 04:48:10,509 - watchfiles.main - DEBUG - 1 change detected: {(<Change.modified: 2>, '/workspace/app/backend/logs/app_20260610_044731.log')}
2026-06-10 04:48:10,861 - watchfiles.main - DEBUG - 1 change detected: {(<Change.modified: 2>, '/workspace/app/backend/logs/app_20260610_044731.log')}
2026-06-10 04:48:11,212 - watchfiles.main - DEBUG - 1 change detected: {(<Change.modified: 2>, '/workspace/app/backend/logs/app_20260610_044731.log')}
2026-06-10 04:48:11,563 - watchfiles.main - DEBUG - 1 change detected: {(<Change.modified: 2>, '/workspace/app/backend/logs/app_20260610_044731.log')}
2026-06-10 04:48:11,914 - watchfiles.main - DEBUG - 1 change detected: {(<Change.modified: 2>, '/workspace/app/backend/logs/app_20260610_044731.log')}
2026-06-10 04:48:12,265 - watchfiles.main - DEBUG - 1 change detected: {(<Change.modified: 2>, '/workspace/app/backend/logs/app_20260610_044731.log')}
2026-06-10 04:48:12,616 - watchfiles.main - DEBUG - 1 change detected: {(<Change.modified: 2>, '/workspace/app/backend/logs/app_20260610_044731.log')}
2026-06-10 04:48:12,967 - watchfiles.main - DEBUG - 1 change detected: {(<Change.modified: 2>, '/workspace/app/backend/logs/app_20260610_044731.log')}
2026-06-10 04:48:13,318 - watchfiles.main - DEBUG - 1 change detected: {(<Change.modified: 2>, '/workspace/app/backend/logs/app_20260610_044731.log')}
2026-06-10 04:48:13,669 - watchfiles.main - DEBUG - 1 change detected: {(<Change.modified: 2>, '/workspace/app/backend/logs/app_20260610_044731.log')}
2026-06-10 04:48:14,020 - watchfiles.main - DEBUG - 1 change detected: {(<Change.modified: 2>, '/workspace/app/backend/logs/app_20260610_044731.log')}
2026-06-10 04:48:14,372 - watchfiles.main - DEBUG - 1 change detected: {(<Change.modified: 2>, '/workspace/app/backend/logs/app_20260610_044731.log')}
2026-06-10 04:48:14,722 - watchfiles.main - DEBUG - 1 change detected: {(<Change.modified: 2>, '/workspace/app/backend/logs/app_20260610_044731.log')}
2026-06-10 04:48:15,073 - watchfiles.main - DEBUG - 1 change detected: {(<Change.modified: 2>, '/workspace/app/backend/logs/app_20260610_044731.log')}
2026-06-10 04:48:15,424 - watchfiles.main - DEBUG - 1 change detected: {(<Change.modified: 2>, '/workspace/app/backend/logs/app_20260610_044731.log')}
2026-06-10 04:48:15,775 - watchfiles.main - DEBUG - 1 change detected: {(<Change.modified: 2>, '/workspace/app/backend/logs/app_20260610_044731.log')}
2026-06-10 04:48:16,126 - watchfiles.main - DEBUG - 1 change detected: {(<Change.modified: 2>, '/workspace/app/backend/logs/app_20260610_044731.log')}
2026-06-10 04:48:16,477 - watchfiles.main - DEBUG - 1 change detected: {(<Change.modified: 2>, '/workspace/app/backend/logs/app_20260610_044731.log')}
2026-06-10 04:48:16,828 - watchfiles.main - DEBUG - 1 change detected: {(<Change.modified: 2>, '/workspace/app/backend/logs/app_20260610_044731.log')}
2026-06-10 04:48:17,179 - watchfiles.main - DEBUG - 1 change detected: {(<Change.modified: 2>, '/workspace/app/backend/logs/app_20260610_044731.log')}
2026-06-10 04:48:17,530 - watchfiles.main - DEBUG - 1 change detected: {(<Change.modified: 2>, '/workspace/app/backend/logs/app_20260610_044731.log')}
2026-06-10 04:48:17,881 - watchfiles.main - DEBUG - 1 change detected: {(<Change.modified: 2>, '/workspace/app/backend/logs/app_20260610_044731.log')}
2026-06-10 04:48:18,232 - watchfiles.main - DEBUG - 1 change detected: {(<Change.modified: 2>, '/workspace/app/backend/logs/app_20260610_044731.log')}
2026-06-10 04:48:18,583 - watchfiles.main - DEBUG - 1 change detected: {(<Change.modified: 2>, '/workspace/app/backend/logs/app_20260610_044731.log')}
2026-06-10 04:48:18,934 - watchfiles.main - DEBUG - 1 change detected: {(<Change.modified: 2>, '/workspace/app/backend/logs/app_20260610_044731.log')}
2026-06-10 04:48:19,285 - watchfiles.main - DEBUG - 1 change detected: {(<Change.modified: 2>, '/workspace/app/backend/logs/app_20260610_044731.log')}
2026-06-10 04:48:19,636 - watchfiles.main - DEBUG - 1 change detected: {(<Change.modified: 2>, '/workspace/app/backend/logs/app_20260610_044731.log')}
2026-06-10 04:48:19,987 - watchfiles.main - DEBUG - 1 change detected: {(<Change.modified: 2>, '/workspace/app/backend/logs/app_20260610_044731.log')}
2026-06-10 04:48:20,338 - watchfiles.main - DEBUG - 1 change detected: {(<Change.modified: 2>, '/workspace/app/backend/logs/app_20260610_044731.log')}
2026-06-10 04:48:20,689 - watchfiles.main - DEBUG - 1 change detected: {(<Change.modified: 2>, '/workspace/app/backend/logs/app_20260610_044731.log')}
2026-06-10 04:48:21,040 - watchfiles.main - DEBUG - 1 change detected: {(<Change.modified: 2>, '/workspace/app/backend/logs/app_20260610_044731.log')}
2026-06-10 04:48:21,390 - watchfiles.main - DEBUG - 1 change detected: {(<Change.modified: 2>, '/workspace/app/backend/logs/app_20260610_044731.log')}
2026-06-10 04:48:21,741 - watchfiles.main - DEBUG - 1 change detected: {(<Change.modified: 2>, '/workspace/app/backend/logs/app_20260610_044731.log')}
2026-06-10 04:48:22,093 - watchfiles.main - DEBUG - 1 change detected: {(<Change.modified: 2>, '/workspace/app/backend/logs/app_20260610_044731.log')}
2026-06-10 04:48:22,444 - watchfiles.main - DEBUG - 1 change detected: {(<Change.modified: 2>, '/workspace/app/backend/logs/app_20260610_044731.log')}
2026-06-10 04:48:22,795 - watchfiles.main - DEBUG - 1 change detected: {(<Change.modified: 2>, '/workspace/app/backend/logs/app_20260610_044731.log')}
2026-06-10 04:48:23,146 - watchfiles.main - DEBUG - 1 change detected: {(<Change.modified: 2>, '/workspace/app/backend/logs/app_20260610_044731.log')}
2026-06-10 04:48:23,497 - watchfiles.main - DEBUG - 1 change detected: {(<Change.modified: 2>, '/workspace/app/backend/logs/app_20260610_044731.log')}
2026-06-10 04:48:23,848 - watchfiles.main - DEBUG - 1 change detected: {(<Change.modified: 2>, '/workspace/app/backend/logs/app_20260610_044731.log')}
2026-06-10 04:48:24,199 - watchfiles.main - DEBUG - 1 change detected: {(<Change.modified: 2>, '/workspace/app/backend/logs/app_20260610_044731.log')}
2026-06-10 04:48:24,550 - watchfiles.main - DEBUG - 1 change detected: {(<Change.modified: 2>, '/workspace/app/backend/logs/app_20260610_044731.log')}
2026-06-10 04:48:24,901 - watchfiles.main - DEBUG - 1 change detected: {(<Change.modified: 2>, '/workspace/app/backend/logs/app_20260610_044731.log')}
2026-06-10 04:48:25,260 - watchfiles.main - DEBUG - 1 change detected: {(<Change.modified: 2>, '/workspace/app/backend/logs/app_20260610_044731.log')}
2026-06-10 04:48:25,611 - watchfiles.main - DEBUG - 1 change detected: {(<Change.modified: 2>, '/workspace/app/backend/logs/app_20260610_044731.log')}
2026-06-10 04:48:25,962 - watchfiles.main - DEBUG - 1 change detected: {(<Change.modified: 2>, '/workspace/app/backend/logs/app_20260610_044731.log')}
2026-06-10 04:48:26,313 - watchfiles.main - DEBUG - 1 change detected: {(<Change.modified: 2>, '/workspace/app/backend/logs/app_20260610_044731.log')}
2026-06-10 04:48:26,664 - watchfiles.main - DEBUG - 1 change detected: {(<Change.modified: 2>, '/workspace/app/backend/logs/app_20260610_044731.log')}
2026-06-10 04:48:27,015 - watchfiles.main - DEBUG - 1 change detected: {(<Change.modified: 2>, '/workspace/app/backend/logs/app_20260610_044731.log')}
2026-06-10 04:48:27,365 - watchfiles.main - DEBUG - 1 change detected: {(<Change.modified: 2>, '/workspace/app/backend/logs/app_20260610_044731.log')}
2026-06-10 04:48:27,716 - watchfiles.main - DEBUG - 1 change detected: {(<Change.modified: 2>, '/workspace/app/backend/logs/app_20260610_044731.log')}
2026-06-10 04:48:28,067 - watchfiles.main - DEBUG - 1 change detected: {(<Change.modified: 2>, '/workspace/app/backend/logs/app_20260610_044731.log')}
2026-06-10 04:48:28,418 - watchfiles.main - DEBUG - 1 change detected: {(<Change.modified: 2>, '/workspace/app/backend/logs/app_20260610_044731.log')}
2026-06-10 04:48:28,769 - watchfiles.main - DEBUG - 1 change detected: {(<Change.modified: 2>, '/workspace/app/backend/logs/app_20260610_044731.log')}
2026-06-10 04:48:29,120 - watchfiles.main - DEBUG - 1 change detected: {(<Change.modified: 2>, '/workspace/app/backend/logs/app_20260610_044731.log')}
2026-06-10 04:48:29,471 - watchfiles.main - DEBUG - 1 change detected: {(<Change.modified: 2>, '/workspace/app/backend/logs/app_20260610_044731.log')}
2026-06-10 04:48:29,823 - watchfiles.main - DEBUG - 1 change detected: {(<Change.modified: 2>, '/workspace/app/backend/logs/app_20260610_044731.log')}
2026-06-10 04:48:30,175 - watchfiles.main - DEBUG - 1 change detected: {(<Change.modified: 2>, '/workspace/app/backend/logs/app_20260610_044731.log')}
2026-06-10 04:48:30,525 - watchfiles.main - DEBUG - 1 change detected: {(<Change.modified: 2>, '/workspace/app/backend/logs/app_20260610_044731.log')}
2026-06-10 04:48:30,876 - watchfiles.main - DEBUG - 1 change detected: {(<Change.modified: 2>, '/workspace/app/backend/logs/app_20260610_044731.log')}
2026-06-10 04:48:31,227 - watchfiles.main - DEBUG - 1 change detected: {(<Change.modified: 2>, '/workspace/app/backend/logs/app_20260610_044731.log')}
2026-06-10 04:48:31,578 - watchfiles.main - DEBUG - 1 change detected: {(<Change.modified: 2>, '/workspace/app/backend/logs/app_20260610_044731.log')}
2026-06-10 04:48:31,929 - watchfiles.main - DEBUG - 1 change detected: {(<Change.modified: 2>, '/workspace/app/backend/logs/app_20260610_044731.log')}
2026-06-10 04:48:32,280 - watchfiles.main - DEBUG - 1 change detected: {(<Change.modified: 2>, '/workspace/app/backend/logs/app_20260610_044731.log')}
2026-06-10 04:48:32,631 - watchfiles.main - DEBUG - 1 change detected: {(<Change.modified: 2>, '/workspace/app/backend/logs/app_20260610_044731.log')}
2026-06-10 04:48:32,982 - watchfiles.main - DEBUG - 1 change detected: {(<Change.modified: 2>, '/workspace/app/backend/logs/app_20260610_044731.log')}
2026-06-10 04:48:33,333 - watchfiles.main - DEBUG - 1 change detected: {(<Change.modified: 2>, '/workspace/app/backend/logs/app_20260610_044731.log')}
2026-06-10 04:48:33,684 - watchfiles.main - DEBUG - 1 change detected: {(<Change.modified: 2>, '/workspace/app/backend/logs/app_20260610_044731.log')}
2026-06-10 04:48:34,035 - watchfiles.main - DEBUG - 1 change detected: {(<Change.modified: 2>, '/workspace/app/backend/logs/app_20260610_044731.log')}
2026-06-10 04:48:34,386 - watchfiles.main - DEBUG - 1 change detected: {(<Change.modified: 2>, '/workspace/app/backend/logs/app_20260610_044731.log')}
2026-06-10 04:48:34,737 - watchfiles.main - DEBUG - 1 change detected: {(<Change.modified: 2>, '/workspace/app/backend/logs/app_20260610_044731.log')}
2026-06-10 04:48:35,088 - watchfiles.main - DEBUG - 1 change detected: {(<Change.modified: 2>, '/workspace/app/backend/logs/app_20260610_044731.log')}
2026-06-10 04:48:35,438 - watchfiles.main - DEBUG - 1 change detected: {(<Change.modified: 2>, '/workspace/app/backend/logs/app_20260610_044731.log')}
2026-06-10 04:48:35,789 - watchfiles.main - DEBUG - 1 change detected: {(<Change.modified: 2>, '/workspace/app/backend/logs/app_20260610_044731.log')}
2026-06-10 04:48:36,141 - watchfiles.main - DEBUG - 1 change detected: {(<Change.modified: 2>, '/workspace/app/backend/logs/app_20260610_044731.log')}
2026-06-10 04:48:36,492 - watchfiles.main - DEBUG - 1 change detected: {(<Change.modified: 2>, '/workspace/app/backend/logs/app_20260610_044731.log')}
2026-06-10 04:48:36,842 - watchfiles.main - DEBUG - 1 change detected: {(<Change.modified: 2>, '/workspace/app/backend/logs/app_20260610_044731.log')}
2026-06-10 04:48:37,194 - watchfiles.main - DEBUG - 1 change detected: {(<Change.modified: 2>, '/workspace/app/backend/logs/app_20260610_044731.log')}
2026-06-10 04:48:37,545 - watchfiles.main - DEBUG - 1 change detected: {(<Change.modified: 2>, '/workspace/app/backend/logs/app_20260610_044731.log')}
2026-06-10 04:48:37,896 - watchfiles.main - DEBUG - 1 change detected: {(<Change.modified: 2>, '/workspace/app/backend/logs/app_20260610_044731.log')}
2026-06-10 04:48:38,247 - watchfiles.main - DEBUG - 1 change detected: {(<Change.modified: 2>, '/workspace/app/backend/logs/app_20260610_044731.log')}
2026-06-10 04:48:38,598 - watchfiles.main - DEBUG - 1 change detected: {(<Change.modified: 2>, '/workspace/app/backend/logs/app_20260610_044731.log')}
2026-06-10 04:48:38,949 - watchfiles.main - DEBUG - 1 change detected: {(<Change.modified: 2>, '/workspace/app/backend/logs/app_20260610_044731.log')}
2026-06-10 04:48:39,300 - watchfiles.main - DEBUG - 2 changes detected: {(<Change.modified: 2>, '/workspace/app/backend/logs/app_20260610_044731.log'), (<Change.modified: 2>, '/workspace/app/backend/services/teeth_analysis.py')}
2026-06-10 04:48:39,787 - watchfiles.main - DEBUG - 2 changes detected: {(<Change.modified: 2>, '/workspace/app/backend/logs/app_20260610_044731.log'), (<Change.modified: 2>, '/workspace/app/backend/logs/app_20260610_044738.log')}
2026-06-10 04:48:40,138 - watchfiles.main - DEBUG - 1 change detected: {(<Change.modified: 2>, '/workspace/app/backend/logs/app_20260610_044731.log')}
2026-06-10 04:48:40,489 - watchfiles.main - DEBUG - 1 change detected: {(<Change.modified: 2>, '/workspace/app/backend/logs/app_20260610_044731.log')}
2026-06-10 04:48:40,840 - watchfiles.main - DEBUG - 1 change detected: {(<Change.modified: 2>, '/workspace/app/backend/logs/app_20260610_044731.log')}
2026-06-10 04:48:41,191 - watchfiles.main - DEBUG - 2 changes detected: {(<Change.added: 1>, '/workspace/app/backend/logs/app_20260610_044840.log'), (<Change.modified: 2>, '/workspace/app/backend/logs/app_20260610_044731.log')}
2026-06-10 04:48:41,542 - watchfiles.main - DEBUG - 1 change detected: {(<Change.modified: 2>, '/workspace/app/backend/logs/app_20260610_044731.log')}
2026-06-10 04:48:41,893 - watchfiles.main - DEBUG - 2 changes detected: {(<Change.modified: 2>, '/workspace/app/backend/logs/app_20260610_044840.log'), (<Change.modified: 2>, '/workspace/app/backend/logs/app_20260610_044731.log')}
2026-06-10 04:48:42,244 - watchfiles.main - DEBUG - 2 changes detected: {(<Change.modified: 2>, '/workspace/app/backend/logs/app_20260610_044840.log'), (<Change.modified: 2>, '/workspace/app/backend/logs/app_20260610_044731.log')}
2026-06-10 04:48:42,595 - watchfiles.main - DEBUG - 1 change detected: {(<Change.modified: 2>, '/workspace/app/backend/logs/app_20260610_044731.log')}
2026-06-10 04:48:42,946 - watchfiles.main - DEBUG - 1 change detected: {(<Change.modified: 2>, '/workspace/app/backend/logs/app_20260610_044731.log')}
2026-06-10 04:48:43,297 - watchfiles.main - DEBUG - 1 change detected: {(<Change.modified: 2>, '/workspace/app/backend/logs/app_20260610_044731.log')}
2026-06-10 04:48:43,648 - watchfiles.main - DEBUG - 1 change detected: {(<Change.modified: 2>, '/workspace/app/backend/logs/app_20260610_044731.log')}
2026-06-10 04:48:43,999 - watchfiles.main - DEBUG - 1 change detected: {(<Change.modified: 2>, '/workspace/app/backend/logs/app_20260610_044731.log')}
2026-06-10 04:48:44,350 - watchfiles.main - DEBUG - 1 change detected: {(<Change.modified: 2>, '/workspace/app/backend/logs/app_20260610_044731.log')}
2026-06-10 04:48:44,701 - watchfiles.main - DEBUG - 1 change detected: {(<Change.modified: 2>, '/workspace/app/backend/logs/app_20260610_044731.log')}
2026-06-10 04:48:45,052 - watchfiles.main - DEBUG - 1 change detected: {(<Change.modified: 2>, '/workspace/app/backend/logs/app_20260610_044731.log')}
2026-06-10 04:48:45,403 - watchfiles.main - DEBUG - 1 change detected: {(<Change.modified: 2>, '/workspace/app/backend/logs/app_20260610_044731.log')}
2026-06-10 04:48:45,754 - watchfiles.main - DEBUG - 1 change detected: {(<Change.modified: 2>, '/workspace/app/backend/logs/app_20260610_044731.log')}
2026-06-10 04:48:46,155 - watchfiles.main - DEBUG - 2 changes detected: {(<Change.modified: 2>, '/workspace/app/backend/logs/app_20260610_044731.log'), (<Change.modified: 2>, '/workspace/app/backend/routers/analysis.py')}
2026-06-10 04:48:46,672 - watchfiles.main - DEBUG - 2 changes detected: {(<Change.modified: 2>, '/workspace/app/backend/logs/app_20260610_044840.log'), (<Change.modified: 2>, '/workspace/app/backend/logs/app_20260610_044731.log')}
2026-06-10 04:48:47,023 - watchfiles.main - DEBUG - 1 change detected: {(<Change.modified: 2>, '/workspace/app/backend/logs/app_20260610_044731.log')}
2026-06-10 04:48:47,374 - watchfiles.main - DEBUG - 1 change detected: {(<Change.modified: 2>, '/workspace/app/backend/logs/app_20260610_044731.log')}
2026-06-10 04:48:47,725 - watchfiles.main - DEBUG - 2 changes detected: {(<Change.added: 1>, '/workspace/app/backend/logs/app_20260610_044847.log'), (<Change.modified: 2>, '/workspace/app/backend/logs/app_20260610_044731.log')}
2026-06-10 04:48:48,076 - watchfiles.main - DEBUG - 1 change detected: {(<Change.modified: 2>, '/workspace/app/backend/logs/app_20260610_044731.log')}
2026-06-10 04:48:48,427 - watchfiles.main - DEBUG - 1 change detected: {(<Change.modified: 2>, '/workspace/app/backend/logs/app_20260610_044731.log')}
2026-06-10 04:48:48,778 - watchfiles.main - DEBUG - 8 changes detected: {(<Change.added: 1>, '/workspace/app/backend/services/__pycache__/teeth_analysis.cpython-310.pyc.139890002752432'), (<Change.added: 1>, '/workspace/app/backend/services/__pycache__/teeth_analysis.cpython-310.pyc'), (<Change.deleted: 3>, '/workspace/app/backend/routers/__pycache__/analysis.cpython-310.pyc.139890002751792'), (<Change.added: 1>, '/workspace/app/backend/routers/__pycache__/analysis.cpython-310.pyc.139890002751792'), (<Change.added: 1>, '/workspace/app/backend/routers/__pycache__/analysis.cpython-310.pyc'), (<Change.modified: 2>, '/workspace/app/backend/logs/app_20260610_044847.log'), (<Change.deleted: 3>, '/workspace/app/backend/services/__pycache__/teeth_analysis.cpython-310.pyc.139890002752432'), (<Change.modified: 2>, '/workspace/app/backend/logs/app_20260610_044731.log')}
2026-06-10 04:48:49,129 - watchfiles.main - DEBUG - 1 change detected: {(<Change.modified: 2>, '/workspace/app/backend/logs/app_20260610_044731.log')}
2026-06-10 04:48:49,480 - watchfiles.main - DEBUG - 1 change detected: {(<Change.modified: 2>, '/workspace/app/backend/logs/app_20260610_044731.log')}
2026-06-10 04:48:49,831 - watchfiles.main - DEBUG - 1 change detected: {(<Change.modified: 2>, '/workspace/app/backend/logs/app_20260610_044731.log')}
2026-06-10 04:48:50,182 - watchfiles.main - DEBUG - 1 change detected: {(<Change.modified: 2>, '/workspace/app/backend/logs/app_20260610_044731.log')}
2026-06-10 04:48:50,533 - watchfiles.main - DEBUG - 1 change detected: {(<Change.modified: 2>, '/workspace/app/backend/logs/app_20260610_044731.log')}
2026-06-10 04:48:50,884 - watchfiles.main - DEBUG - 1 change detected: {(<Change.modified: 2>, '/workspace/app/backend/logs/app_20260610_044731.log')}
2026-06-10 04:48:51,235 - watchfiles.main - DEBUG - 1 change detected: {(<Change.modified: 2>, '/workspace/app/backend/logs/app_20260610_044731.log')}
2026-06-10 04:48:51,586 - watchfiles.main - DEBUG - 1 change detected: {(<Change.modified: 2>, '/workspace/app/backend/logs/app_20260610_044731.log')}
2026-06-10 04:48:51,937 - watchfiles.main - DEBUG - 1 change detected: {(<Change.modified: 2>, '/workspace/app/backend/logs/app_20260610_044731.log')}
2026-06-10 04:48:52,288 - watchfiles.main - DEBUG - 1 change detected: {(<Change.modified: 2>, '/workspace/app/backend/logs/app_20260610_044731.log')}
2026-06-10 04:48:52,639 - watchfiles.main - DEBUG - 1 change detected: {(<Change.modified: 2>, '/workspace/app/backend/logs/app_20260610_044731.log')}
2026-06-10 04:48:52,990 - watchfiles.main - DEBUG - 1 change detected: {(<Change.modified: 2>, '/workspace/app/backend/logs/app_20260610_044731.log')}
2026-06-10 04:48:53,341 - watchfiles.main - DEBUG - 1 change detected: {(<Change.modified: 2>, '/workspace/app/backend/logs/app_20260610_044731.log')}
2026-06-10 04:48:53,692 - watchfiles.main - DEBUG - 1 change detected: {(<Change.modified: 2>, '/workspace/app/backend/logs/app_20260610_044731.log')}
2026-06-10 04:48:54,043 - watchfiles.main - DEBUG - 1 change detected: {(<Change.modified: 2>, '/workspace/app/backend/logs/app_20260610_044731.log')}
2026-06-10 04:48:54,394 - watchfiles.main - DEBUG - 1 change detected: {(<Change.modified: 2>, '/workspace/app/backend/logs/app_20260610_044731.log')}
2026-06-10 04:48:54,745 - watchfiles.main - DEBUG - 1 change detected: {(<Change.modified: 2>, '/workspace/app/backend/logs/app_20260610_044731.log')}
2026-06-10 04:48:55,096 - watchfiles.main - DEBUG - 1 change detected: {(<Change.modified: 2>, '/workspace/app/backend/logs/app_20260610_044731.log')}
2026-06-10 04:48:55,447 - watchfiles.main - DEBUG - 1 change detected: {(<Change.modified: 2>, '/workspace/app/backend/logs/app_20260610_044731.log')}
2026-06-10 04:48:55,798 - watchfiles.main - DEBUG - 1 change detected: {(<Change.modified: 2>, '/workspace/app/backend/logs/app_20260610_044731.log')}
2026-06-10 04:48:56,149 - watchfiles.main - DEBUG - 1 change detected: {(<Change.modified: 2>, '/workspace/app/backend/logs/app_20260610_044731.log')}
2026-06-10 04:48:56,500 - watchfiles.main - DEBUG - 1 change detected: {(<Change.modified: 2>, '/workspace/app/backend/logs/app_20260610_044731.log')}
2026-06-10 04:48:56,851 - watchfiles.main - DEBUG - 1 change detected: {(<Change.modified: 2>, '/workspace/app/backend/logs/app_20260610_044731.log')}
2026-06-10 04:48:57,202 - watchfiles.main - DEBUG - 1 change detected: {(<Change.modified: 2>, '/workspace/app/backend/logs/app_20260610_044731.log')}
2026-06-10 04:48:57,553 - watchfiles.main - DEBUG - 1 change detected: {(<Change.modified: 2>, '/workspace/app/backend/logs/app_20260610_044731.log')}
2026-06-10 04:48:57,904 - watchfiles.main - DEBUG - 1 change detected: {(<Change.modified: 2>, '/workspace/app/backend/logs/app_20260610_044731.log')}
2026-06-10 04:48:58,255 - watchfiles.main - DEBUG - 1 change detected: {(<Change.modified: 2>, '/workspace/app/backend/logs/app_20260610_044731.log')}
2026-06-10 04:48:58,606 - watchfiles.main - DEBUG - 1 change detected: {(<Change.modified: 2>, '/workspace/app/backend/logs/app_20260610_044731.log')}
2026-06-10 04:48:58,957 - watchfiles.main - DEBUG - 1 change detected: {(<Change.modified: 2>, '/workspace/app/backend/logs/app_20260610_044731.log')}
2026-06-10 04:48:59,308 - watchfiles.main - DEBUG - 1 change detected: {(<Change.modified: 2>, '/workspace/app/backend/logs/app_20260610_044731.log')}
2026-06-10 04:48:59,659 - watchfiles.main - DEBUG - 1 change detected: {(<Change.modified: 2>, '/workspace/app/backend/logs/app_20260610_044731.log')}
2026-06-10 04:49:00,010 - watchfiles.main - DEBUG - 1 change detected: {(<Change.modified: 2>, '/workspace/app/backend/logs/app_20260610_044731.log')}
2026-06-10 04:49:00,361 - watchfiles.main - DEBUG - 1 change detected: {(<Change.modified: 2>, '/workspace/app/backend/logs/app_20260610_044731.log')}
2026-06-10 04:49:00,712 - watchfiles.main - DEBUG - 1 change detected: {(<Change.modified: 2>, '/workspace/app/backend/logs/app_20260610_044731.log')}
2026-06-10 04:49:01,063 - watchfiles.main - DEBUG - 1 change detected: {(<Change.modified: 2>, '/workspace/app/backend/logs/app_20260610_044731.log')}
2026-06-10 04:49:01,414 - watchfiles.main - DEBUG - 1 change detected: {(<Change.modified: 2>, '/workspace/app/backend/logs/app_20260610_044731.log')}
2026-06-10 04:49:01,765 - watchfiles.main - DEBUG - 1 change detected: {(<Change.modified: 2>, '/workspace/app/backend/logs/app_20260610_044731.log')}
2026-06-10 04:49:02,116 - watchfiles.main - DEBUG - 1 change detected: {(<Change.modified: 2>, '/workspace/app/backend/logs/app_20260610_044731.log')}
2026-06-10 04:49:02,467 - watchfiles.main - DEBUG - 1 change detected: {(<Change.modified: 2>, '/workspace/app/backend/logs/app_20260610_044731.log')}
2026-06-10 04:49:02,818 - watchfiles.main - DEBUG - 1 change detected: {(<Change.modified: 2>, '/workspace/app/backend/logs/app_20260610_044731.log')}
2026-06-10 04:49:03,169 - watchfiles.main - DEBUG - 1 change detected: {(<Change.modified: 2>, '/workspace/app/backend/logs/app_20260610_044731.log')}
2026-06-10 04:49:03,520 - watchfiles.main - DEBUG - 1 change detected: {(<Change.modified: 2>, '/workspace/app/backend/logs/app_20260610_044731.log')}
2026-06-10 04:49:03,871 - watchfiles.main - DEBUG - 1 change detected: {(<Change.modified: 2>, '/workspace/app/backend/logs/app_20260610_044731.log')}
2026-06-10 04:49:04,222 - watchfiles.main - DEBUG - 1 change detected: {(<Change.modified: 2>, '/workspace/app/backend/logs/app_20260610_044731.log')}
2026-06-10 04:49:04,573 - watchfiles.main - DEBUG - 1 change detected: {(<Change.modified: 2>, '/workspace/app/backend/logs/app_20260610_044731.log')}
2026-06-10 04:49:04,924 - watchfiles.main - DEBUG - 1 change detected: {(<Change.modified: 2>, '/workspace/app/backend/logs/app_20260610_044731.log')}
2026-06-10 04:49:05,275 - watchfiles.main - DEBUG - 1 change detected: {(<Change.modified: 2>, '/workspace/app/backend/logs/app_20260610_044731.log')}
2026-06-10 04:49:05,626 - watchfiles.main - DEBUG - 1 change detected: {(<Change.modified: 2>, '/workspace/app/backend/logs/app_20260610_044731.log')}
2026-06-10 04:49:05,977 - watchfiles.main - DEBUG - 1 change detected: {(<Change.modified: 2>, '/workspace/app/backend/logs/app_20260610_044731.log')}
2026-06-10 04:49:06,329 - watchfiles.main - DEBUG - 1 change detected: {(<Change.modified: 2>, '/workspace/app/backend/logs/app_20260610_044731.log')}
2026-06-10 04:49:06,680 - watchfiles.main - DEBUG - 1 change detected: {(<Change.modified: 2>, '/workspace/app/backend/logs/app_20260610_044731.log')}
2026-06-10 04:49:07,031 - watchfiles.main - DEBUG - 1 change detected: {(<Change.modified: 2>, '/workspace/app/backend/logs/app_20260610_044731.log')}
2026-06-10 04:49:07,382 - watchfiles.main - DEBUG - 1 change detected: {(<Change.modified: 2>, '/workspace/app/backend/logs/app_20260610_044731.log')}
2026-06-10 04:49:07,733 - watchfiles.main - DEBUG - 1 change detected: {(<Change.modified: 2>, '/workspace/app/backend/logs/app_20260610_044731.log')}
2026-06-10 04:49:08,084 - watchfiles.main - DEBUG - 1 change detected: {(<Change.modified: 2>, '/workspace/app/backend/logs/app_20260610_044731.log')}
2026-06-10 04:49:08,435 - watchfiles.main - DEBUG - 1 change detected: {(<Change.modified: 2>, '/workspace/app/backend/logs/app_20260610_044731.log')}
2026-06-10 04:49:08,785 - watchfiles.main - DEBUG - 1 change detected: {(<Change.modified: 2>, '/workspace/app/backend/logs/app_20260610_044731.log')}
2026-06-10 04:49:09,136 - watchfiles.main - DEBUG - 1 change detected: {(<Change.modified: 2>, '/workspace/app/backend/logs/app_20260610_044731.log')}
2026-06-10 04:49:09,487 - watchfiles.main - DEBUG - 1 change detected: {(<Change.modified: 2>, '/workspace/app/backend/logs/app_20260610_044731.log')}
2026-06-10 04:49:09,838 - watchfiles.main - DEBUG - 1 change detected: {(<Change.modified: 2>, '/workspace/app/backend/logs/app_20260610_044731.log')}
2026-06-10 04:49:10,189 - watchfiles.main - DEBUG - 1 change detected: {(<Change.modified: 2>, '/workspace/app/backend/logs/app_20260610_044731.log')}
2026-06-10 04:49:10,540 - watchfiles.main - DEBUG - 1 change detected: {(<Change.modified: 2>, '/workspace/app/backend/logs/app_20260610_044731.log')}
2026-06-10 04:49:10,891 - watchfiles.main - DEBUG - 1 change detected: {(<Change.modified: 2>, '/workspace/app/backend/logs/app_20260610_044731.log')}
2026-06-10 04:49:11,242 - watchfiles.main - DEBUG - 1 change detected: {(<Change.modified: 2>, '/workspace/app/backend/logs/app_20260610_044731.log')}
2026-06-10 04:49:11,593 - watchfiles.main - DEBUG - 1 change detected: {(<Change.modified: 2>, '/workspace/app/backend/logs/app_20260610_044731.log')}
2026-06-10 04:49:11,945 - watchfiles.main - DEBUG - 1 change detected: {(<Change.modified: 2>, '/workspace/app/backend/logs/app_20260610_044731.log')}
2026-06-10 04:49:12,296 - watchfiles.main - DEBUG - 1 change detected: {(<Change.modified: 2>, '/workspace/app/backend/logs/app_20260610_044731.log')}
2026-06-10 04:49:12,647 - watchfiles.main - DEBUG - 1 change detected: {(<Change.modified: 2>, '/workspace/app/backend/logs/app_20260610_044731.log')}
2026-06-10 04:49:12,998 - watchfiles.main - DEBUG - 1 change detected: {(<Change.modified: 2>, '/workspace/app/backend/logs/app_20260610_044731.log')}
2026-06-10 04:49:13,349 - watchfiles.main - DEBUG - 1 change detected: {(<Change.modified: 2>, '/workspace/app/backend/logs/app_20260610_044731.log')}
2026-06-10 04:49:13,700 - watchfiles.main - DEBUG - 1 change detected: {(<Change.modified: 2>, '/workspace/app/backend/logs/app_20260610_044731.log')}
2026-06-10 04:49:14,051 - watchfiles.main - DEBUG - 1 change detected: {(<Change.modified: 2>, '/workspace/app/backend/logs/app_20260610_044731.log')}
2026-06-10 04:49:14,402 - watchfiles.main - DEBUG - 1 change detected: {(<Change.modified: 2>, '/workspace/app/backend/logs/app_20260610_044731.log')}
2026-06-10 04:49:14,753 - watchfiles.main - DEBUG - 1 change detected: {(<Change.modified: 2>, '/workspace/app/backend/logs/app_20260610_044731.log')}
2026-06-10 04:49:15,104 - watchfiles.main - DEBUG - 1 change detected: {(<Change.modified: 2>, '/workspace/app/backend/logs/app_20260610_044731.log')}
2026-06-10 04:49:15,455 - watchfiles.main - DEBUG - 1 change detected: {(<Change.modified: 2>, '/workspace/app/backend/logs/app_20260610_044731.log')}
2026-06-10 04:49:15,806 - watchfiles.main - DEBUG - 1 change detected: {(<Change.modified: 2>, '/workspace/app/backend/logs/app_20260610_044731.log')}
2026-06-10 04:49:16,157 - watchfiles.main - DEBUG - 1 change detected: {(<Change.modified: 2>, '/workspace/app/backend/logs/app_20260610_044731.log')}
2026-06-10 04:49:16,508 - watchfiles.main - DEBUG - 1 change detected: {(<Change.modified: 2>, '/workspace/app/backend/logs/app_20260610_044731.log')}
2026-06-10 04:49:16,859 - watchfiles.main - DEBUG - 1 change detected: {(<Change.modified: 2>, '/workspace/app/backend/logs/app_20260610_044731.log')}
2026-06-10 04:49:17,210 - watchfiles.main - DEBUG - 1 change detected: {(<Change.modified: 2>, '/workspace/app/backend/logs/app_20260610_044731.log')}
2026-06-10 04:49:17,561 - watchfiles.main - DEBUG - 1 change detected: {(<Change.modified: 2>, '/workspace/app/backend/logs/app_20260610_044731.log')}
2026-06-10 04:49:17,912 - watchfiles.main - DEBUG - 1 change detected: {(<Change.modified: 2>, '/workspace/app/backend/logs/app_20260610_044731.log')}
2026-06-10 04:49:18,263 - watchfiles.main - DEBUG - 1 change detected: {(<Change.modified: 2>, '/workspace/app/backend/logs/app_20260610_044731.log')}
2026-06-10 04:49:18,614 - watchfiles.main - DEBUG - 1 change detected: {(<Change.modified: 2>, '/workspace/app/backend/logs/app_20260610_044731.log')}
2026-06-10 04:49:18,965 - watchfiles.main - DEBUG - 1 change detected: {(<Change.modified: 2>, '/workspace/app/backend/logs/app_20260610_044731.log')}
2026-06-10 04:49:19,316 - watchfiles.main - DEBUG - 1 change detected: {(<Change.modified: 2>, '/workspace/app/backend/logs/app_20260610_044731.log')}
2026-06-10 04:49:19,667 - watchfiles.main - DEBUG - 1 change detected: {(<Change.modified: 2>, '/workspace/app/backend/logs/app_20260610_044731.log')}
2026-06-10 04:49:20,018 - watchfiles.main - DEBUG - 1 change detected: {(<Change.modified: 2>, '/workspace/app/backend/logs/app_20260610_044731.log')}
2026-06-10 04:49:20,369 - watchfiles.main - DEBUG - 1 change detected: {(<Change.modified: 2>, '/workspace/app/backend/logs/app_20260610_044731.log')}
2026-06-10 04:49:20,720 - watchfiles.main - DEBUG - 1 change detected: {(<Change.modified: 2>, '/workspace/app/backend/logs/app_20260610_044731.log')}
2026-06-10 04:49:21,071 - watchfiles.main - DEBUG - 1 change detected: {(<Change.modified: 2>, '/workspace/app/backend/logs/app_20260610_044731.log')}
2026-06-10 04:49:21,422 - watchfiles.main - DEBUG - 1 change detected: {(<Change.modified: 2>, '/workspace/app/backend/logs/app_20260610_044731.log')}
2026-06-10 04:49:21,773 - watchfiles.main - DEBUG - 1 change detected: {(<Change.modified: 2>, '/workspace/app/backend/logs/app_20260610_044731.log')}
2026-06-10 04:49:22,124 - watchfiles.main - DEBUG - 1 change detected: {(<Change.modified: 2>, '/workspace/app/backend/logs/app_20260610_044731.log')}
2026-06-10 04:49:22,475 - watchfiles.main - DEBUG - 1 change detected: {(<Change.modified: 2>, '/workspace/app/backend/logs/app_20260610_044731.log')}
2026-06-10 04:49:22,826 - watchfiles.main - DEBUG - 1 change detected: {(<Change.modified: 2>, '/workspace/app/backend/logs/app_20260610_044731.log')}
2026-06-10 04:49:23,177 - watchfiles.main - DEBUG - 1 change detected: {(<Change.modified: 2>, '/workspace/app/backend/logs/app_20260610_044731.log')}
2026-06-10 04:49:23,528 - watchfiles.main - DEBUG - 1 change detected: {(<Change.modified: 2>, '/workspace/app/backend/logs/app_20260610_044731.log')}
2026-06-10 04:49:23,879 - watchfiles.main - DEBUG - 1 change detected: {(<Change.modified: 2>, '/workspace/app/backend/logs/app_20260610_044731.log')}
2026-06-10 04:49:24,230 - watchfiles.main - DEBUG - 1 change detected: {(<Change.modified: 2>, '/workspace/app/backend/logs/app_20260610_044731.log')}
2026-06-10 04:49:24,581 - watchfiles.main - DEBUG - 1 change detected: {(<Change.modified: 2>, '/workspace/app/backend/logs/app_20260610_044731.log')}
2026-06-10 04:49:24,932 - watchfiles.main - DEBUG - 1 change detected: {(<Change.modified: 2>, '/workspace/app/backend/logs/app_20260610_044731.log')}
2026-06-10 04:49:25,284 - watchfiles.main - DEBUG - 1 change detected: {(<Change.modified: 2>, '/workspace/app/backend/logs/app_20260610_044731.log')}
2026-06-10 04:49:25,634 - watchfiles.main - DEBUG - 1 change detected: {(<Change.modified: 2>, '/workspace/app/backend/logs/app_20260610_044731.log')}
2026-06-10 04:49:25,986 - watchfiles.main - DEBUG - 1 change detected: {(<Change.modified: 2>, '/workspace/app/backend/logs/app_20260610_044731.log')}
2026-06-10 04:49:26,337 - watchfiles.main - DEBUG - 1 change detected: {(<Change.modified: 2>, '/workspace/app/backend/logs/app_20260610_044731.log')}
2026-06-10 04:49:26,688 - watchfiles.main - DEBUG - 1 change detected: {(<Change.modified: 2>, '/workspace/app/backend/logs/app_20260610_044731.log')}
2026-06-10 04:49:27,039 - watchfiles.main - DEBUG - 1 change detected: {(<Change.modified: 2>, '/workspace/app/backend/logs/app_20260610_044731.log')}
2026-06-10 04:49:27,389 - watchfiles.main - DEBUG - 1 change detected: {(<Change.modified: 2>, '/workspace/app/backend/logs/app_20260610_044731.log')}
2026-06-10 04:49:27,741 - watchfiles.main - DEBUG - 1 change detected: {(<Change.modified: 2>, '/workspace/app/backend/logs/app_20260610_044731.log')}
2026-06-10 04:49:28,092 - watchfiles.main - DEBUG - 1 change detected: {(<Change.modified: 2>, '/workspace/app/backend/logs/app_20260610_044731.log')}
2026-06-10 04:49:28,443 - watchfiles.main - DEBUG - 1 change detected: {(<Change.modified: 2>, '/workspace/app/backend/logs/app_20260610_044731.log')}
2026-06-10 04:49:28,794 - watchfiles.main - DEBUG - 1 change detected: {(<Change.modified: 2>, '/workspace/app/backend/logs/app_20260610_044731.log')}
2026-06-10 04:49:29,145 - watchfiles.main - DEBUG - 1 change detected: {(<Change.modified: 2>, '/workspace/app/backend/logs/app_20260610_044731.log')}
2026-06-10 04:49:29,496 - watchfiles.main - DEBUG - 1 change detected: {(<Change.modified: 2>, '/workspace/app/backend/logs/app_20260610_044731.log')}
2026-06-10 04:49:29,847 - watchfiles.main - DEBUG - 1 change detected: {(<Change.modified: 2>, '/workspace/app/backend/logs/app_20260610_044731.log')}
2026-06-10 04:49:30,198 - watchfiles.main - DEBUG - 1 change detected: {(<Change.modified: 2>, '/workspace/app/backend/logs/app_20260610_044731.log')}
2026-06-10 04:49:30,549 - watchfiles.main - DEBUG - 1 change detected: {(<Change.modified: 2>, '/workspace/app/backend/logs/app_20260610_044731.log')}
2026-06-10 04:49:30,900 - watchfiles.main - DEBUG - 1 change detected: {(<Change.modified: 2>, '/workspace/app/backend/logs/app_20260610_044731.log')}
2026-06-10 04:49:31,251 - watchfiles.main - DEBUG - 1 change detected: {(<Change.modified: 2>, '/workspace/app/backend/logs/app_20260610_044731.log')}
2026-06-10 04:49:31,602 - watchfiles.main - DEBUG - 1 change detected: {(<Change.modified: 2>, '/workspace/app/backend/logs/app_20260610_044731.log')}
2026-06-10 04:49:31,952 - watchfiles.main - DEBUG - 1 change detected: {(<Change.modified: 2>, '/workspace/app/backend/logs/app_20260610_044731.log')}
2026-06-10 04:49:32,303 - watchfiles.main - DEBUG - 1 change detected: {(<Change.modified: 2>, '/workspace/app/backend/logs/app_20260610_044731.log')}
2026-06-10 04:49:32,654 - watchfiles.main - DEBUG - 1 change detected: {(<Change.modified: 2>, '/workspace/app/backend/logs/app_20260610_044731.log')}
2026-06-10 04:49:33,005 - watchfiles.main - DEBUG - 1 change detected: {(<Change.modified: 2>, '/workspace/app/backend/logs/app_20260610_044731.log')}
2026-06-10 04:49:33,356 - watchfiles.main - DEBUG - 1 change detected: {(<Change.modified: 2>, '/workspace/app/backend/logs/app_20260610_044731.log')}
2026-06-10 04:49:33,707 - watchfiles.main - DEBUG - 1 change detected: {(<Change.modified: 2>, '/workspace/app/backend/logs/app_20260610_044731.log')}
2026-06-10 04:49:34,058 - watchfiles.main - DEBUG - 1 change detected: {(<Change.modified: 2>, '/workspace/app/backend/logs/app_20260610_044731.log')}
2026-06-10 04:49:34,409 - watchfiles.main - DEBUG - 1 change detected: {(<Change.modified: 2>, '/workspace/app/backend/logs/app_20260610_044731.log')}
2026-06-10 04:49:34,760 - watchfiles.main - DEBUG - 1 change detected: {(<Change.modified: 2>, '/workspace/app/backend/logs/app_20260610_044731.log')}
2026-06-10 04:49:35,111 - watchfiles.main - DEBUG - 1 change detected: {(<Change.modified: 2>, '/workspace/app/backend/logs/app_20260610_044731.log')}
2026-06-10 04:49:35,462 - watchfiles.main - DEBUG - 1 change detected: {(<Change.modified: 2>, '/workspace/app/backend/logs/app_20260610_044731.log')}
2026-06-10 04:49:35,813 - watchfiles.main - DEBUG - 1 change detected: {(<Change.modified: 2>, '/workspace/app/backend/logs/app_20260610_044731.log')}
2026-06-10 04:49:36,164 - watchfiles.main - DEBUG - 1 change detected: {(<Change.modified: 2>, '/workspace/app/backend/logs/app_20260610_044731.log')}
2026-06-10 04:49:36,515 - watchfiles.main - DEBUG - 1 change detected: {(<Change.modified: 2>, '/workspace/app/backend/logs/app_20260610_044731.log')}
2026-06-10 04:49:36,866 - watchfiles.main - DEBUG - 1 change detected: {(<Change.modified: 2>, '/workspace/app/backend/logs/app_20260610_044731.log')}
2026-06-10 04:49:37,217 - watchfiles.main - DEBUG - 1 change detected: {(<Change.modified: 2>, '/workspace/app/backend/logs/app_20260610_044731.log')}
2026-06-10 04:49:37,568 - watchfiles.main - DEBUG - 1 change detected: {(<Change.modified: 2>, '/workspace/app/backend/logs/app_20260610_044731.log')}
2026-06-10 04:49:37,919 - watchfiles.main - DEBUG - 1 change detected: {(<Change.modified: 2>, '/workspace/app/backend/logs/app_20260610_044731.log')}
2026-06-10 04:49:38,270 - watchfiles.main - DEBUG - 1 change detected: {(<Change.modified: 2>, '/workspace/app/backend/logs/app_20260610_044731.log')}
2026-06-10 04:49:38,621 - watchfiles.main - DEBUG - 1 change detected: {(<Change.modified: 2>, '/workspace/app/backend/logs/app_20260610_044731.log')}
2026-06-10 04:49:38,972 - watchfiles.main - DEBUG - 1 change detected: {(<Change.modified: 2>, '/workspace/app/backend/logs/app_20260610_044731.log')}
2026-06-10 04:49:39,323 - watchfiles.main - DEBUG - 1 change detected: {(<Change.modified: 2>, '/workspace/app/backend/logs/app_20260610_044731.log')}
2026-06-10 04:49:39,674 - watchfiles.main - DEBUG - 1 change detected: {(<Change.modified: 2>, '/workspace/app/backend/logs/app_20260610_044731.log')}
2026-06-10 04:49:40,025 - watchfiles.main - DEBUG - 1 change detected: {(<Change.modified: 2>, '/workspace/app/backend/logs/app_20260610_044731.log')}
2026-06-10 04:49:40,376 - watchfiles.main - DEBUG - 1 change detected: {(<Change.modified: 2>, '/workspace/app/backend/logs/app_20260610_044731.log')}
2026-06-10 04:49:40,727 - watchfiles.main - DEBUG - 1 change detected: {(<Change.modified: 2>, '/workspace/app/backend/logs/app_20260610_044731.log')}
2026-06-10 04:49:41,078 - watchfiles.main - DEBUG - 1 change detected: {(<Change.modified: 2>, '/workspace/app/backend/logs/app_20260610_044731.log')}
2026-06-10 04:49:41,429 - watchfiles.main - DEBUG - 1 change detected: {(<Change.modified: 2>, '/workspace/app/backend/logs/app_20260610_044731.log')}
2026-06-10 04:49:41,780 - watchfiles.main - DEBUG - 1 change detected: {(<Change.modified: 2>, '/workspace/app/backend/logs/app_20260610_044731.log')}
2026-06-10 04:49:42,131 - watchfiles.main - DEBUG - 1 change detected: {(<Change.modified: 2>, '/workspace/app/backend/logs/app_20260610_044731.log')}
2026-06-10 04:49:42,482 - watchfiles.main - DEBUG - 1 change detected: {(<Change.modified: 2>, '/workspace/app/backend/logs/app_20260610_044731.log')}
2026-06-10 04:49:42,833 - watchfiles.main - DEBUG - 1 change detected: {(<Change.modified: 2>, '/workspace/app/backend/logs/app_20260610_044731.log')}
2026-06-10 04:49:43,184 - watchfiles.main - DEBUG - 1 change detected: {(<Change.modified: 2>, '/workspace/app/backend/logs/app_20260610_044731.log')}
2026-06-10 04:49:43,535 - watchfiles.main - DEBUG - 1 change detected: {(<Change.modified: 2>, '/workspace/app/backend/logs/app_20260610_044731.log')}
2026-06-10 04:49:43,886 - watchfiles.main - DEBUG - 1 change detected: {(<Change.modified: 2>, '/workspace/app/backend/logs/app_20260610_044731.log')}
2026-06-10 04:49:44,238 - watchfiles.main - DEBUG - 1 change detected: {(<Change.modified: 2>, '/workspace/app/backend/logs/app_20260610_044731.log')}
2026-06-10 04:49:44,589 - watchfiles.main - DEBUG - 1 change detected: {(<Change.modified: 2>, '/workspace/app/backend/logs/app_20260610_044731.log')}
2026-06-10 04:49:44,940 - watchfiles.main - DEBUG - 1 change detected: {(<Change.modified: 2>, '/workspace/app/backend/logs/app_20260610_044731.log')}
2026-06-10 04:49:45,291 - watchfiles.main - DEBUG - 1 change detected: {(<Change.modified: 2>, '/workspace/app/backend/logs/app_20260610_044731.log')}
2026-06-10 04:49:45,642 - watchfiles.main - DEBUG - 1 change detected: {(<Change.modified: 2>, '/workspace/app/backend/logs/app_20260610_044731.log')}
2026-06-10 04:49:45,993 - watchfiles.main - DEBUG - 1 change detected: {(<Change.modified: 2>, '/workspace/app/backend/logs/app_20260610_044731.log')}
2026-06-10 04:49:46,344 - watchfiles.main - DEBUG - 1 change detected: {(<Change.modified: 2>, '/workspace/app/backend/logs/app_20260610_044731.log')}
2026-06-10 04:49:46,695 - watchfiles.main - DEBUG - 1 change detected: {(<Change.modified: 2>, '/workspace/app/backend/logs/app_20260610_044731.log')}
2026-06-10 04:49:47,046 - watchfiles.main - DEBUG - 1 change detected: {(<Change.modified: 2>, '/workspace/app/backend/logs/app_20260610_044731.log')}
2026-06-10 04:49:47,397 - watchfiles.main - DEBUG - 1 change detected: {(<Change.modified: 2>, '/workspace/app/backend/logs/app_20260610_044731.log')}
2026-06-10 04:49:47,748 - watchfiles.main - DEBUG - 1 change detected: {(<Change.modified: 2>, '/workspace/app/backend/logs/app_20260610_044731.log')}
2026-06-10 04:49:48,100 - watchfiles.main - DEBUG - 1 change detected: {(<Change.modified: 2>, '/workspace/app/backend/logs/app_20260610_044731.log')}
2026-06-10 04:49:48,450 - watchfiles.main - DEBUG - 1 change detected: {(<Change.modified: 2>, '/workspace/app/backend/logs/app_20260610_044731.log')}
2026-06-10 04:49:48,801 - watchfiles.main - DEBUG - 1 change detected: {(<Change.modified: 2>, '/workspace/app/backend/logs/app_20260610_044731.log')}
2026-06-10 04:49:49,152 - watchfiles.main - DEBUG - 1 change detected: {(<Change.modified: 2>, '/workspace/app/backend/logs/app_20260610_044731.log')}
2026-06-10 04:49:49,503 - watchfiles.main - DEBUG - 1 change detected: {(<Change.modified: 2>, '/workspace/app/backend/logs/app_20260610_044731.log')}
2026-06-10 04:49:49,854 - watchfiles.main - DEBUG - 1 change detected: {(<Change.modified: 2>, '/workspace/app/backend/logs/app_20260610_044731.log')}
2026-06-10 04:49:50,205 - watchfiles.main - DEBUG - 1 change detected: {(<Change.modified: 2>, '/workspace/app/backend/logs/app_20260610_044731.log')}
2026-06-10 04:49:50,556 - watchfiles.main - DEBUG - 1 change detected: {(<Change.modified: 2>, '/workspace/app/backend/logs/app_20260610_044731.log')}
2026-06-10 04:49:50,907 - watchfiles.main - DEBUG - 1 change detected: {(<Change.modified: 2>, '/workspace/app/backend/logs/app_20260610_044731.log')}
2026-06-10 04:49:51,258 - watchfiles.main - DEBUG - 1 change detected: {(<Change.modified: 2>, '/workspace/app/backend/logs/app_20260610_044731.log')}
2026-06-10 04:49:51,609 - watchfiles.main - DEBUG - 1 change detected: {(<Change.modified: 2>, '/workspace/app/backend/logs/app_20260610_044731.log')}
2026-06-10 04:49:51,960 - watchfiles.main - DEBUG - 1 change detected: {(<Change.modified: 2>, '/workspace/app/backend/logs/app_20260610_044731.log')}
2026-06-10 04:49:52,311 - watchfiles.main - DEBUG - 1 change detected: {(<Change.modified: 2>, '/workspace/app/backend/logs/app_20260610_044731.log')}
2026-06-10 04:49:52,663 - watchfiles.main - DEBUG - 1 change detected: {(<Change.modified: 2>, '/workspace/app/backend/logs/app_20260610_044731.log')}
2026-06-10 04:49:53,013 - watchfiles.main - DEBUG - 1 change detected: {(<Change.modified: 2>, '/workspace/app/backend/logs/app_20260610_044731.log')}
2026-06-10 04:49:53,365 - watchfiles.main - DEBUG - 1 change detected: {(<Change.modified: 2>, '/workspace/app/backend/logs/app_20260610_044731.log')}
2026-06-10 04:49:53,716 - watchfiles.main - DEBUG - 1 change detected: {(<Change.modified: 2>, '/workspace/app/backend/logs/app_20260610_044731.log')}
2026-06-10 04:49:54,066 - watchfiles.main - DEBUG - 1 change detected: {(<Change.modified: 2>, '/workspace/app/backend/logs/app_20260610_044731.log')}
2026-06-10 04:49:54,418 - watchfiles.main - DEBUG - 1 change detected: {(<Change.modified: 2>, '/workspace/app/backend/logs/app_20260610_044731.log')}
2026-06-10 04:49:54,768 - watchfiles.main - DEBUG - 1 change detected: {(<Change.modified: 2>, '/workspace/app/backend/logs/app_20260610_044731.log')}
2026-06-10 04:49:55,119 - watchfiles.main - DEBUG - 1 change detected: {(<Change.modified: 2>, '/workspace/app/backend/logs/app_20260610_044731.log')}
2026-06-10 04:49:55,471 - watchfiles.main - DEBUG - 1 change detected: {(<Change.modified: 2>, '/workspace/app/backend/logs/app_20260610_044731.log')}
2026-06-10 04:49:55,822 - watchfiles.main - DEBUG - 1 change detected: {(<Change.modified: 2>, '/workspace/app/backend/logs/app_20260610_044731.log')}
2026-06-10 04:49:56,173 - watchfiles.main - DEBUG - 1 change detected: {(<Change.modified: 2>, '/workspace/app/backend/logs/app_20260610_044731.log')}
2026-06-10 04:49:56,524 - watchfiles.main - DEBUG - 1 change detected: {(<Change.modified: 2>, '/workspace/app/backend/logs/app_20260610_044731.log')}
2026-06-10 04:49:56,875 - watchfiles.main - DEBUG - 1 change detected: {(<Change.modified: 2>, '/workspace/app/backend/logs/app_20260610_044731.log')}
2026-06-10 04:49:57,226 - watchfiles.main - DEBUG - 1 change detected: {(<Change.modified: 2>, '/workspace/app/backend/logs/app_20260610_044731.log')}
2026-06-10 04:49:57,577 - watchfiles.main - DEBUG - 1 change detected: {(<Change.modified: 2>, '/workspace/app/backend/logs/app_20260610_044731.log')}
2026-06-10 04:49:57,928 - watchfiles.main - DEBUG - 1 change detected: {(<Change.modified: 2>, '/workspace/app/backend/logs/app_20260610_044731.log')}
2026-06-10 04:49:58,279 - watchfiles.main - DEBUG - 1 change detected: {(<Change.modified: 2>, '/workspace/app/backend/logs/app_20260610_044731.log')}
2026-06-10 04:49:58,630 - watchfiles.main - DEBUG - 1 change detected: {(<Change.modified: 2>, '/workspace/app/backend/logs/app_20260610_044731.log')}
2026-06-10 04:49:58,981 - watchfiles.main - DEBUG - 1 change detected: {(<Change.modified: 2>, '/workspace/app/backend/logs/app_20260610_044731.log')}
2026-06-10 04:49:59,332 - watchfiles.main - DEBUG - 1 change detected: {(<Change.modified: 2>, '/workspace/app/backend/logs/app_20260610_044731.log')}
2026-06-10 04:49:59,683 - watchfiles.main - DEBUG - 1 change detected: {(<Change.modified: 2>, '/workspace/app/backend/logs/app_20260610_044731.log')}
2026-06-10 04:50:00,034 - watchfiles.main - DEBUG - 1 change detected: {(<Change.modified: 2>, '/workspace/app/backend/logs/app_20260610_044731.log')}
2026-06-10 04:50:00,385 - watchfiles.main - DEBUG - 1 change detected: {(<Change.modified: 2>, '/workspace/app/backend/logs/app_20260610_044731.log')}
2026-06-10 04:50:00,736 - watchfiles.main - DEBUG - 1 change detected: {(<Change.modified: 2>, '/workspace/app/backend/logs/app_20260610_044731.log')}
2026-06-10 04:50:01,087 - watchfiles.main - DEBUG - 1 change detected: {(<Change.modified: 2>, '/workspace/app/backend/logs/app_20260610_044731.log')}
2026-06-10 04:50:01,438 - watchfiles.main - DEBUG - 1 change detected: {(<Change.modified: 2>, '/workspace/app/backend/logs/app_20260610_044731.log')}
2026-06-10 04:50:01,789 - watchfiles.main - DEBUG - 1 change detected: {(<Change.modified: 2>, '/workspace/app/backend/logs/app_20260610_044731.log')}
2026-06-10 04:50:02,140 - watchfiles.main - DEBUG - 1 change detected: {(<Change.modified: 2>, '/workspace/app/backend/logs/app_20260610_044731.log')}
2026-06-10 04:50:02,491 - watchfiles.main - DEBUG - 1 change detected: {(<Change.modified: 2>, '/workspace/app/backend/logs/app_20260610_044731.log')}
2026-06-10 04:50:02,842 - watchfiles.main - DEBUG - 1 change detected: {(<Change.modified: 2>, '/workspace/app/backend/logs/app_20260610_044731.log')}
2026-06-10 04:50:03,193 - watchfiles.main - DEBUG - 1 change detected: {(<Change.modified: 2>, '/workspace/app/backend/logs/app_20260610_044731.log')}
2026-06-10 04:50:03,544 - watchfiles.main - DEBUG - 1 change detected: {(<Change.modified: 2>, '/workspace/app/backend/logs/app_20260610_044731.log')}
2026-06-10 04:50:03,895 - watchfiles.main - DEBUG - 1 change detected: {(<Change.modified: 2>, '/workspace/app/backend/logs/app_20260610_044731.log')}
2026-06-10 04:50:04,246 - watchfiles.main - DEBUG - 1 change detected: {(<Change.modified: 2>, '/workspace/app/backend/logs/app_20260610_044731.log')}
2026-06-10 04:50:04,597 - watchfiles.main - DEBUG - 1 change detected: {(<Change.modified: 2>, '/workspace/app/backend/logs/app_20260610_044731.log')}
2026-06-10 04:50:04,948 - watchfiles.main - DEBUG - 1 change detected: {(<Change.modified: 2>, '/workspace/app/backend/logs/app_20260610_044731.log')}
2026-06-10 04:50:05,299 - watchfiles.main - DEBUG - 1 change detected: {(<Change.modified: 2>, '/workspace/app/backend/logs/app_20260610_044731.log')}
2026-06-10 04:50:05,650 - watchfiles.main - DEBUG - 1 change detected: {(<Change.modified: 2>, '/workspace/app/backend/logs/app_20260610_044731.log')}
2026-06-10 04:50:06,001 - watchfiles.main - DEBUG - 1 change detected: {(<Change.modified: 2>, '/workspace/app/backend/logs/app_20260610_044731.log')}
2026-06-10 04:50:06,352 - watchfiles.main - DEBUG - 1 change detected: {(<Change.modified: 2>, '/workspace/app/backend/logs/app_20260610_044731.log')}
2026-06-10 04:50:06,703 - watchfiles.main - DEBUG - 1 change detected: {(<Change.modified: 2>, '/workspace/app/backend/logs/app_20260610_044731.log')}
2026-06-10 04:50:07,054 - watchfiles.main - DEBUG - 1 change detected: {(<Change.modified: 2>, '/workspace/app/backend/logs/app_20260610_044731.log')}
2026-06-10 04:50:07,405 - watchfiles.main - DEBUG - 1 change detected: {(<Change.modified: 2>, '/workspace/app/backend/logs/app_20260610_044731.log')}
2026-06-10 04:50:07,756 - watchfiles.main - DEBUG - 1 change detected: {(<Change.modified: 2>, '/workspace/app/backend/logs/app_20260610_044731.log')}
2026-06-10 04:50:08,107 - watchfiles.main - DEBUG - 1 change detected: {(<Change.modified: 2>, '/workspace/app/backend/logs/app_20260610_044731.log')}
2026-06-10 04:50:08,458 - watchfiles.main - DEBUG - 1 change detected: {(<Change.modified: 2>, '/workspace/app/backend/logs/app_20260610_044731.log')}
2026-06-10 04:50:08,809 - watchfiles.main - DEBUG - 1 change detected: {(<Change.modified: 2>, '/workspace/app/backend/logs/app_20260610_044731.log')}
2026-06-10 04:50:09,160 - watchfiles.main - DEBUG - 1 change detected: {(<Change.modified: 2>, '/workspace/app/backend/logs/app_20260610_044731.log')}
2026-06-10 04:50:09,511 - watchfiles.main - DEBUG - 1 change detected: {(<Change.modified: 2>, '/workspace/app/backend/logs/app_20260610_044731.log')}
2026-06-10 04:50:09,862 - watchfiles.main - DEBUG - 1 change detected: {(<Change.modified: 2>, '/workspace/app/backend/logs/app_20260610_044731.log')}
2026-06-10 04:50:10,213 - watchfiles.main - DEBUG - 1 change detected: {(<Change.modified: 2>, '/workspace/app/backend/logs/app_20260610_044731.log')}
2026-06-10 04:50:10,564 - watchfiles.main - DEBUG - 1 change detected: {(<Change.modified: 2>, '/workspace/app/backend/logs/app_20260610_044731.log')}
2026-06-10 04:50:10,915 - watchfiles.main - DEBUG - 1 change detected: {(<Change.modified: 2>, '/workspace/app/backend/logs/app_20260610_044731.log')}
2026-06-10 04:50:11,266 - watchfiles.main - DEBUG - 1 change detected: {(<Change.modified: 2>, '/workspace/app/backend/logs/app_20260610_044731.log')}
2026-06-10 04:50:11,617 - watchfiles.main - DEBUG - 1 change detected: {(<Change.modified: 2>, '/workspace/app/backend/logs/app_20260610_044731.log')}
2026-06-10 04:50:11,968 - watchfiles.main - DEBUG - 1 change detected: {(<Change.modified: 2>, '/workspace/app/backend/logs/app_20260610_044731.log')}
2026-06-10 04:50:12,319 - watchfiles.main - DEBUG - 1 change detected: {(<Change.modified: 2>, '/workspace/app/backend/logs/app_20260610_044731.log')}
2026-06-10 04:50:12,670 - watchfiles.main - DEBUG - 1 change detected: {(<Change.modified: 2>, '/workspace/app/backend/logs/app_20260610_044731.log')}
2026-06-10 04:50:13,021 - watchfiles.main - DEBUG - 1 change detected: {(<Change.modified: 2>, '/workspace/app/backend/logs/app_20260610_044731.log')}
2026-06-10 04:50:13,372 - watchfiles.main - DEBUG - 1 change detected: {(<Change.modified: 2>, '/workspace/app/backend/logs/app_20260610_044731.log')}
2026-06-10 04:50:13,723 - watchfiles.main - DEBUG - 1 change detected: {(<Change.modified: 2>, '/workspace/app/backend/logs/app_20260610_044731.log')}
2026-06-10 04:50:14,074 - watchfiles.main - DEBUG - 1 change detected: {(<Change.modified: 2>, '/workspace/app/backend/logs/app_20260610_044731.log')}
2026-06-10 04:50:14,425 - watchfiles.main - DEBUG - 1 change detected: {(<Change.modified: 2>, '/workspace/app/backend/logs/app_20260610_044731.log')}
2026-06-10 04:50:14,776 - watchfiles.main - DEBUG - 1 change detected: {(<Change.modified: 2>, '/workspace/app/backend/logs/app_20260610_044731.log')}
2026-06-10 04:50:15,127 - watchfiles.main - DEBUG - 1 change detected: {(<Change.modified: 2>, '/workspace/app/backend/logs/app_20260610_044731.log')}
2026-06-10 04:50:15,478 - watchfiles.main - DEBUG - 1 change detected: {(<Change.modified: 2>, '/workspace/app/backend/logs/app_20260610_044731.log')}
2026-06-10 04:50:15,829 - watchfiles.main - DEBUG - 1 change detected: {(<Change.modified: 2>, '/workspace/app/backend/logs/app_20260610_044731.log')}
2026-06-10 04:50:16,180 - watchfiles.main - DEBUG - 1 change detected: {(<Change.modified: 2>, '/workspace/app/backend/logs/app_20260610_044731.log')}
2026-06-10 04:50:16,531 - watchfiles.main - DEBUG - 1 change detected: {(<Change.modified: 2>, '/workspace/app/backend/logs/app_20260610_044731.log')}
2026-06-10 04:50:16,882 - watchfiles.main - DEBUG - 1 change detected: {(<Change.modified: 2>, '/workspace/app/backend/logs/app_20260610_044731.log')}
2026-06-10 04:50:17,233 - watchfiles.main - DEBUG - 1 change detected: {(<Change.modified: 2>, '/workspace/app/backend/logs/app_20260610_044731.log')}
2026-06-10 04:50:17,584 - watchfiles.main - DEBUG - 1 change detected: {(<Change.modified: 2>, '/workspace/app/backend/logs/app_20260610_044731.log')}
2026-06-10 04:50:17,935 - watchfiles.main - DEBUG - 1 change detected: {(<Change.modified: 2>, '/workspace/app/backend/logs/app_20260610_044731.log')}
2026-06-10 04:50:18,286 - watchfiles.main - DEBUG - 1 change detected: {(<Change.modified: 2>, '/workspace/app/backend/logs/app_20260610_044731.log')}
2026-06-10 04:50:18,637 - watchfiles.main - DEBUG - 1 change detected: {(<Change.modified: 2>, '/workspace/app/backend/logs/app_20260610_044731.log')}
2026-06-10 04:50:18,988 - watchfiles.main - DEBUG - 1 change detected: {(<Change.modified: 2>, '/workspace/app/backend/logs/app_20260610_044731.log')}
2026-06-10 04:50:19,339 - watchfiles.main - DEBUG - 1 change detected: {(<Change.modified: 2>, '/workspace/app/backend/logs/app_20260610_044731.log')}
2026-06-10 04:50:19,690 - watchfiles.main - DEBUG - 1 change detected: {(<Change.modified: 2>, '/workspace/app/backend/logs/app_20260610_044731.log')}
2026-06-10 04:50:20,041 - watchfiles.main - DEBUG - 1 change detected: {(<Change.modified: 2>, '/workspace/app/backend/logs/app_20260610_044731.log')}
2026-06-10 04:50:20,392 - watchfiles.main - DEBUG - 1 change detected: {(<Change.modified: 2>, '/workspace/app/backend/logs/app_20260610_044731.log')}
2026-06-10 04:50:20,743 - watchfiles.main - DEBUG - 1 change detected: {(<Change.modified: 2>, '/workspace/app/backend/logs/app_20260610_044731.log')}
2026-06-10 04:50:21,094 - watchfiles.main - DEBUG - 1 change detected: {(<Change.modified: 2>, '/workspace/app/backend/logs/app_20260610_044731.log')}
2026-06-10 04:50:21,445 - watchfiles.main - DEBUG - 1 change detected: {(<Change.modified: 2>, '/workspace/app/backend/logs/app_20260610_044731.log')}
2026-06-10 04:50:21,796 - watchfiles.main - DEBUG - 1 change detected: {(<Change.modified: 2>, '/workspace/app/backend/logs/app_20260610_044731.log')}
2026-06-10 04:50:22,147 - watchfiles.main - DEBUG - 1 change detected: {(<Change.modified: 2>, '/workspace/app/backend/logs/app_20260610_044731.log')}
2026-06-10 04:50:22,498 - watchfiles.main - DEBUG - 1 change detected: {(<Change.modified: 2>, '/workspace/app/backend/logs/app_20260610_044731.log')}
2026-06-10 04:50:22,849 - watchfiles.main - DEBUG - 1 change detected: {(<Change.modified: 2>, '/workspace/app/backend/logs/app_20260610_044731.log')}
2026-06-10 04:50:23,200 - watchfiles.main - DEBUG - 1 change detected: {(<Change.modified: 2>, '/workspace/app/backend/logs/app_20260610_044731.log')}
2026-06-10 04:50:23,551 - watchfiles.main - DEBUG - 1 change detected: {(<Change.modified: 2>, '/workspace/app/backend/logs/app_20260610_044731.log')}
2026-06-10 04:50:23,902 - watchfiles.main - DEBUG - 1 change detected: {(<Change.modified: 2>, '/workspace/app/backend/logs/app_20260610_044731.log')}
2026-06-10 04:50:24,253 - watchfiles.main - DEBUG - 1 change detected: {(<Change.modified: 2>, '/workspace/app/backend/logs/app_20260610_044731.log')}
2026-06-10 04:50:24,604 - watchfiles.main - DEBUG - 1 change detected: {(<Change.modified: 2>, '/workspace/app/backend/logs/app_20260610_044731.log')}
2026-06-10 04:50:24,955 - watchfiles.main - DEBUG - 1 change detected: {(<Change.modified: 2>, '/workspace/app/backend/logs/app_20260610_044731.log')}
2026-06-10 04:50:25,306 - watchfiles.main - DEBUG - 1 change detected: {(<Change.modified: 2>, '/workspace/app/backend/logs/app_20260610_044731.log')}
2026-06-10 04:50:25,657 - watchfiles.main - DEBUG - 1 change detected: {(<Change.modified: 2>, '/workspace/app/backend/logs/app_20260610_044731.log')}
2026-06-10 04:50:26,008 - watchfiles.main - DEBUG - 1 change detected: {(<Change.modified: 2>, '/workspace/app/backend/logs/app_20260610_044731.log')}
2026-06-10 04:50:26,359 - watchfiles.main - DEBUG - 1 change detected: {(<Change.modified: 2>, '/workspace/app/backend/logs/app_20260610_044731.log')}
2026-06-10 04:50:26,710 - watchfiles.main - DEBUG - 1 change detected: {(<Change.modified: 2>, '/workspace/app/backend/logs/app_20260610_044731.log')}
2026-06-10 04:50:27,061 - watchfiles.main - DEBUG - 1 change detected: {(<Change.modified: 2>, '/workspace/app/backend/logs/app_20260610_044731.log')}
2026-06-10 04:50:27,412 - watchfiles.main - DEBUG - 1 change detected: {(<Change.modified: 2>, '/workspace/app/backend/logs/app_20260610_044731.log')}
2026-06-10 04:50:27,764 - watchfiles.main - DEBUG - 1 change detected: {(<Change.modified: 2>, '/workspace/app/backend/logs/app_20260610_044731.log')}
2026-06-10 04:50:28,115 - watchfiles.main - DEBUG - 1 change detected: {(<Change.modified: 2>, '/workspace/app/backend/logs/app_20260610_044731.log')}
2026-06-10 04:50:28,467 - watchfiles.main - DEBUG - 1 change detected: {(<Change.modified: 2>, '/workspace/app/backend/logs/app_20260610_044731.log')}
2026-06-10 04:50:28,818 - watchfiles.main - DEBUG - 1 change detected: {(<Change.modified: 2>, '/workspace/app/backend/logs/app_20260610_044731.log')}
2026-06-10 04:50:29,169 - watchfiles.main - DEBUG - 1 change detected: {(<Change.modified: 2>, '/workspace/app/backend/logs/app_20260610_044731.log')}
2026-06-10 04:50:29,520 - watchfiles.main - DEBUG - 1 change detected: {(<Change.modified: 2>, '/workspace/app/backend/logs/app_20260610_044731.log')}
2026-06-10 04:50:29,871 - watchfiles.main - DEBUG - 1 change detected: {(<Change.modified: 2>, '/workspace/app/backend/logs/app_20260610_044731.log')}
2026-06-10 04:50:30,222 - watchfiles.main - DEBUG - 1 change detected: {(<Change.modified: 2>, '/workspace/app/backend/logs/app_20260610_044731.log')}
2026-06-10 04:50:30,573 - watchfiles.main - DEBUG - 1 change detected: {(<Change.modified: 2>, '/workspace/app/backend/logs/app_20260610_044731.log')}
2026-06-10 04:50:30,923 - watchfiles.main - DEBUG - 1 change detected: {(<Change.modified: 2>, '/workspace/app/backend/logs/app_20260610_044731.log')}
2026-06-10 04:50:31,275 - watchfiles.main - DEBUG - 1 change detected: {(<Change.modified: 2>, '/workspace/app/backend/logs/app_20260610_044731.log')}
2026-06-10 04:50:31,625 - watchfiles.main - DEBUG - 1 change detected: {(<Change.modified: 2>, '/workspace/app/backend/logs/app_20260610_044731.log')}
2026-06-10 04:50:31,976 - watchfiles.main - DEBUG - 1 change detected: {(<Change.modified: 2>, '/workspace/app/backend/logs/app_20260610_044731.log')}
2026-06-10 04:50:32,327 - watchfiles.main - DEBUG - 1 change detected: {(<Change.modified: 2>, '/workspace/app/backend/logs/app_20260610_044731.log')}
2026-06-10 04:50:32,678 - watchfiles.main - DEBUG - 1 change detected: {(<Change.modified: 2>, '/workspace/app/backend/logs/app_20260610_044731.log')}
2026-06-10 04:50:33,029 - watchfiles.main - DEBUG - 4 changes detected: {(<Change.deleted: 3>, '/workspace/app/backend/services/__pycache__/teeth_analysis.cpython-310.pyc.140092890427472'), (<Change.added: 1>, '/workspace/app/backend/services/__pycache__/teeth_analysis.cpython-310.pyc.140092890427472'), (<Change.added: 1>, '/workspace/app/backend/services/__pycache__/teeth_analysis.cpython-310.pyc'), (<Change.modified: 2>, '/workspace/app/backend/logs/app_20260610_044731.log')}
2026-06-10 04:50:33,380 - watchfiles.main - DEBUG - 4 changes detected: {(<Change.added: 1>, '/workspace/app/backend/routers/__pycache__/analysis.cpython-310.pyc.139690295408464'), (<Change.added: 1>, '/workspace/app/backend/routers/__pycache__/analysis.cpython-310.pyc'), (<Change.modified: 2>, '/workspace/app/backend/logs/app_20260610_044731.log'), (<Change.deleted: 3>, '/workspace/app/backend/routers/__pycache__/analysis.cpython-310.pyc.139690295408464')}
2026-06-10 04:50:33,731 - watchfiles.main - DEBUG - 1 change detected: {(<Change.modified: 2>, '/workspace/app/backend/logs/app_20260610_044731.log')}
2026-06-10 04:50:34,082 - watchfiles.main - DEBUG - 1 change detected: {(<Change.modified: 2>, '/workspace/app/backend/logs/app_20260610_044731.log')}
2026-06-10 04:50:34,433 - watchfiles.main - DEBUG - 1 change detected: {(<Change.modified: 2>, '/workspace/app/backend/logs/app_20260610_044731.log')}
2026-06-10 04:50:34,784 - watchfiles.main - DEBUG - 1 change detected: {(<Change.modified: 2>, '/workspace/app/backend/logs/app_20260610_044731.log')}
2026-06-10 04:50:35,135 - watchfiles.main - DEBUG - 1 change detected: {(<Change.modified: 2>, '/workspace/app/backend/logs/app_20260610_044731.log')}
2026-06-10 04:50:35,486 - watchfiles.main - DEBUG - 1 change detected: {(<Change.modified: 2>, '/workspace/app/backend/logs/app_20260610_044731.log')}
2026-06-10 04:50:35,837 - watchfiles.main - DEBUG - 1 change detected: {(<Change.modified: 2>, '/workspace/app/backend/logs/app_20260610_044731.log')}
2026-06-10 04:50:36,188 - watchfiles.main - DEBUG - 1 change detected: {(<Change.modified: 2>, '/workspace/app/backend/logs/app_20260610_044731.log')}
2026-06-10 04:50:36,539 - watchfiles.main - DEBUG - 1 change detected: {(<Change.modified: 2>, '/workspace/app/backend/logs/app_20260610_044731.log')}
2026-06-10 04:50:36,889 - watchfiles.main - DEBUG - 1 change detected: {(<Change.modified: 2>, '/workspace/app/backend/logs/app_20260610_044731.log')}
2026-06-10 04:50:37,240 - watchfiles.main - DEBUG - 1 change detected: {(<Change.modified: 2>, '/workspace/app/backend/logs/app_20260610_044731.log')}
2026-06-10 04:50:37,591 - watchfiles.main - DEBUG - 1 change detected: {(<Change.modified: 2>, '/workspace/app/backend/logs/app_20260610_044731.log')}
2026-06-10 04:50:37,942 - watchfiles.main - DEBUG - 1 change detected: {(<Change.modified: 2>, '/workspace/app/backend/logs/app_20260610_044731.log')}
2026-06-10 04:50:38,293 - watchfiles.main - DEBUG - 1 change detected: {(<Change.modified: 2>, '/workspace/app/backend/logs/app_20260610_044731.log')}
2026-06-10 04:50:38,644 - watchfiles.main - DEBUG - 1 change detected: {(<Change.modified: 2>, '/workspace/app/backend/logs/app_20260610_044731.log')}
2026-06-10 04:50:38,995 - watchfiles.main - DEBUG - 1 change detected: {(<Change.modified: 2>, '/workspace/app/backend/logs/app_20260610_044731.log')}
2026-06-10 04:50:39,346 - watchfiles.main - DEBUG - 1 change detected: {(<Change.modified: 2>, '/workspace/app/backend/logs/app_20260610_044731.log')}
2026-06-10 04:50:39,697 - watchfiles.main - DEBUG - 1 change detected: {(<Change.modified: 2>, '/workspace/app/backend/logs/app_20260610_044731.log')}
2026-06-10 04:50:40,048 - watchfiles.main - DEBUG - 1 change detected: {(<Change.modified: 2>, '/workspace/app/backend/logs/app_20260610_044731.log')}
2026-06-10 04:50:40,399 - watchfiles.main - DEBUG - 1 change detected: {(<Change.modified: 2>, '/workspace/app/backend/logs/app_20260610_044731.log')}
2026-06-10 04:50:40,750 - watchfiles.main - DEBUG - 1 change detected: {(<Change.modified: 2>, '/workspace/app/backend/logs/app_20260610_044731.log')}
2026-06-10 04:50:41,101 - watchfiles.main - DEBUG - 1 change detected: {(<Change.modified: 2>, '/workspace/app/backend/logs/app_20260610_044731.log')}
2026-06-10 04:50:41,452 - watchfiles.main - DEBUG - 1 change detected: {(<Change.modified: 2>, '/workspace/app/backend/logs/app_20260610_044731.log')}
2026-06-10 04:50:41,803 - watchfiles.main - DEBUG - 1 change detected: {(<Change.modified: 2>, '/workspace/app/backend/logs/app_20260610_044731.log')}
2026-06-10 04:50:42,154 - watchfiles.main - DEBUG - 1 change detected: {(<Change.modified: 2>, '/workspace/app/backend/logs/app_20260610_044731.log')}
2026-06-10 04:50:42,505 - watchfiles.main - DEBUG - 1 change detected: {(<Change.modified: 2>, '/workspace/app/backend/logs/app_20260610_044731.log')}
2026-06-10 04:50:42,856 - watchfiles.main - DEBUG - 1 change detected: {(<Change.modified: 2>, '/workspace/app/backend/logs/app_20260610_044731.log')}
2026-06-10 04:50:43,207 - watchfiles.main - DEBUG - 1 change detected: {(<Change.modified: 2>, '/workspace/app/backend/logs/app_20260610_044731.log')}
2026-06-10 04:50:43,558 - watchfiles.main - DEBUG - 1 change detected: {(<Change.modified: 2>, '/workspace/app/backend/logs/app_20260610_044731.log')}
2026-06-10 04:50:43,909 - watchfiles.main - DEBUG - 1 change detected: {(<Change.modified: 2>, '/workspace/app/backend/logs/app_20260610_044731.log')}
2026-06-10 04:50:44,261 - watchfiles.main - DEBUG - 1 change detected: {(<Change.modified: 2>, '/workspace/app/backend/logs/app_20260610_044731.log')}
2026-06-10 04:50:44,612 - watchfiles.main - DEBUG - 1 change detected: {(<Change.modified: 2>, '/workspace/app/backend/logs/app_20260610_044731.log')}
2026-06-10 04:50:44,963 - watchfiles.main - DEBUG - 1 change detected: {(<Change.modified: 2>, '/workspace/app/backend/logs/app_20260610_044731.log')}
2026-06-10 04:50:45,314 - watchfiles.main - DEBUG - 1 change detected: {(<Change.modified: 2>, '/workspace/app/backend/logs/app_20260610_044731.log')}
2026-06-10 04:50:45,665 - watchfiles.main - DEBUG - 1 change detected: {(<Change.modified: 2>, '/workspace/app/backend/logs/app_20260610_044731.log')}
2026-06-10 04:50:46,016 - watchfiles.main - DEBUG - 1 change detected: {(<Change.modified: 2>, '/workspace/app/backend/logs/app_20260610_044731.log')}
2026-06-10 04:50:46,367 - watchfiles.main - DEBUG - 1 change detected: {(<Change.modified: 2>, '/workspace/app/backend/logs/app_20260610_044731.log')}
2026-06-10 04:50:46,718 - watchfiles.main - DEBUG - 1 change detected: {(<Change.modified: 2>, '/workspace/app/backend/logs/app_20260610_044731.log')}
2026-06-10 04:50:47,068 - watchfiles.main - DEBUG - 1 change detected: {(<Change.modified: 2>, '/workspace/app/backend/logs/app_20260610_044731.log')}
2026-06-10 04:50:47,419 - watchfiles.main - DEBUG - 1 change detected: {(<Change.modified: 2>, '/workspace/app/backend/logs/app_20260610_044731.log')}
2026-06-10 04:50:47,770 - watchfiles.main - DEBUG - 1 change detected: {(<Change.modified: 2>, '/workspace/app/backend/logs/app_20260610_044731.log')}
2026-06-10 04:50:48,121 - watchfiles.main - DEBUG - 1 change detected: {(<Change.modified: 2>, '/workspace/app/backend/logs/app_20260610_044731.log')}
2026-06-10 04:50:48,472 - watchfiles.main - DEBUG - 1 change detected: {(<Change.modified: 2>, '/workspace/app/backend/logs/app_20260610_044731.log')}
2026-06-10 04:50:48,823 - watchfiles.main - DEBUG - 1 change detected: {(<Change.modified: 2>, '/workspace/app/backend/logs/app_20260610_044731.log')}
2026-06-10 04:50:49,174 - watchfiles.main - DEBUG - 1 change detected: {(<Change.modified: 2>, '/workspace/app/backend/logs/app_20260610_044731.log')}
2026-06-10 04:50:49,525 - watchfiles.main - DEBUG - 1 change detected: {(<Change.modified: 2>, '/workspace/app/backend/logs/app_20260610_044731.log')}
2026-06-10 04:50:49,876 - watchfiles.main - DEBUG - 1 change detected: {(<Change.modified: 2>, '/workspace/app/backend/logs/app_20260610_044731.log')}
2026-06-10 04:50:50,227 - watchfiles.main - DEBUG - 1 change detected: {(<Change.modified: 2>, '/workspace/app/backend/logs/app_20260610_044731.log')}
2026-06-10 04:50:50,578 - watchfiles.main - DEBUG - 1 change detected: {(<Change.modified: 2>, '/workspace/app/backend/logs/app_20260610_044731.log')}
2026-06-10 04:50:50,929 - watchfiles.main - DEBUG - 1 change detected: {(<Change.modified: 2>, '/workspace/app/backend/logs/app_20260610_044731.log')}
2026-06-10 04:50:51,280 - watchfiles.main - DEBUG - 1 change detected: {(<Change.modified: 2>, '/workspace/app/backend/logs/app_20260610_044731.log')}
2026-06-10 04:50:51,631 - watchfiles.main - DEBUG - 1 change detected: {(<Change.modified: 2>, '/workspace/app/backend/logs/app_20260610_044731.log')}
2026-06-10 04:50:51,982 - watchfiles.main - DEBUG - 1 change detected: {(<Change.modified: 2>, '/workspace/app/backend/logs/app_20260610_044731.log')}
2026-06-10 04:50:52,333 - watchfiles.main - DEBUG - 1 change detected: {(<Change.modified: 2>, '/workspace/app/backend/logs/app_20260610_044731.log')}
2026-06-10 04:50:52,683 - watchfiles.main - DEBUG - 1 change detected: {(<Change.modified: 2>, '/workspace/app/backend/logs/app_20260610_044731.log')}
2026-06-10 04:50:53,034 - watchfiles.main - DEBUG - 1 change detected: {(<Change.modified: 2>, '/workspace/app/backend/logs/app_20260610_044731.log')}
2026-06-10 04:50:53,386 - watchfiles.main - DEBUG - 1 change detected: {(<Change.modified: 2>, '/workspace/app/backend/logs/app_20260610_044731.log')}
2026-06-10 04:50:53,737 - watchfiles.main - DEBUG - 1 change detected: {(<Change.modified: 2>, '/workspace/app/backend/logs/app_20260610_044731.log')}
2026-06-10 04:50:54,088 - watchfiles.main - DEBUG - 1 change detected: {(<Change.modified: 2>, '/workspace/app/backend/logs/app_20260610_044731.log')}
2026-06-10 04:50:54,439 - watchfiles.main - DEBUG - 1 change detected: {(<Change.modified: 2>, '/workspace/app/backend/logs/app_20260610_044731.log')}
2026-06-10 04:50:54,790 - watchfiles.main - DEBUG - 1 change detected: {(<Change.modified: 2>, '/workspace/app/backend/logs/app_20260610_044731.log')}
2026-06-10 04:50:55,141 - watchfiles.main - DEBUG - 1 change detected: {(<Change.modified: 2>, '/workspace/app/backend/logs/app_20260610_044731.log')}
2026-06-10 04:50:55,492 - watchfiles.main - DEBUG - 1 change detected: {(<Change.modified: 2>, '/workspace/app/backend/logs/app_20260610_044731.log')}
2026-06-10 04:50:55,843 - watchfiles.main - DEBUG - 1 change detected: {(<Change.modified: 2>, '/workspace/app/backend/logs/app_20260610_044731.log')}
2026-06-10 04:50:56,194 - watchfiles.main - DEBUG - 1 change detected: {(<Change.modified: 2>, '/workspace/app/backend/logs/app_20260610_044731.log')}
2026-06-10 04:50:56,545 - watchfiles.main - DEBUG - 1 change detected: {(<Change.modified: 2>, '/workspace/app/backend/logs/app_20260610_044731.log')}
2026-06-10 04:50:56,896 - watchfiles.main - DEBUG - 1 change detected: {(<Change.modified: 2>, '/workspace/app/backend/logs/app_20260610_044731.log')}
2026-06-10 04:50:57,247 - watchfiles.main - DEBUG - 1 change detected: {(<Change.modified: 2>, '/workspace/app/backend/logs/app_20260610_044731.log')}
2026-06-10 04:50:57,598 - watchfiles.main - DEBUG - 1 change detected: {(<Change.modified: 2>, '/workspace/app/backend/logs/app_20260610_044731.log')}
2026-06-10 04:50:57,949 - watchfiles.main - DEBUG - 1 change detected: {(<Change.modified: 2>, '/workspace/app/backend/logs/app_20260610_044731.log')}
2026-06-10 04:50:58,300 - watchfiles.main - DEBUG - 1 change detected: {(<Change.modified: 2>, '/workspace/app/backend/logs/app_20260610_044731.log')}
2026-06-10 04:50:58,651 - watchfiles.main - DEBUG - 1 change detected: {(<Change.modified: 2>, '/workspace/app/backend/logs/app_20260610_044731.log')}
2026-06-10 04:50:59,002 - watchfiles.main - DEBUG - 1 change detected: {(<Change.modified: 2>, '/workspace/app/backend/logs/app_20260610_044731.log')}
2026-06-10 04:50:59,353 - watchfiles.main - DEBUG - 1 change detected: {(<Change.modified: 2>, '/workspace/app/backend/logs/app_20260610_044731.log')}
2026-06-10 04:50:59,704 - watchfiles.main - DEBUG - 1 change detected: {(<Change.modified: 2>, '/workspace/app/backend/logs/app_20260610_044731.log')}
2026-06-10 04:51:00,056 - watchfiles.main - DEBUG - 1 change detected: {(<Change.modified: 2>, '/workspace/app/backend/logs/app_20260610_044731.log')}
2026-06-10 04:51:00,407 - watchfiles.main - DEBUG - 1 change detected: {(<Change.modified: 2>, '/workspace/app/backend/logs/app_20260610_044731.log')}
2026-06-10 04:51:00,758 - watchfiles.main - DEBUG - 1 change detected: {(<Change.modified: 2>, '/workspace/app/backend/logs/app_20260610_044731.log')}
