2026-06-15 03:02:52,189 - main - INFO - === Logging system initialized ===
2026-06-15 03:02:52,190 - main - INFO - Log file: logs/app_20260615_030252.log
2026-06-15 03:02:52,190 - main - INFO - Log level: INFO
2026-06-15 03:02:52,190 - main - INFO - Timestamp: 20260615_030252
2026-06-15 03:02:52,962 - main - INFO - Included router: routers.aihub.router
2026-06-15 03:02:52,978 - main - INFO - Included router: routers.analysis.router
2026-06-15 03:02:52,993 - main - INFO - Included router: routers.auth.router
2026-06-15 03:02:53,005 - main - INFO - Included router: routers.custom_auth.router
2026-06-15 03:02:53,079 - main - INFO - Included router: routers.doctor_patients.router
2026-06-15 03:02:53,080 - main - INFO - Included router: routers.health.router
2026-06-15 03:02:53,131 - main - INFO - Included router: routers.invite.router
2026-06-15 03:02:53,142 - main - INFO - Included router: routers.reports.router
2026-06-15 03:02:53,160 - main - INFO - Included router: routers.settings.router
2026-06-15 03:02:53,195 - main - INFO - Included router: routers.storage.router
2026-06-15 03:02:53,203 - main - INFO - Included router: routers.user.router
2026-06-15 03:02:53,251 - main - INFO - Included router: routers.users_profiles.router
2026-06-15 03:02:54,566 - watchfiles.main - DEBUG - 1 change detected: {(<Change.added: 1>, '/workspace/app/backend/logs/app_20260615_030254.log')}
2026-06-15 03:02:54,917 - watchfiles.main - DEBUG - 1 change detected: {(<Change.modified: 2>, '/workspace/app/backend/logs/app_20260615_030252.log')}
2026-06-15 03:02:55,268 - watchfiles.main - DEBUG - 1 change detected: {(<Change.modified: 2>, '/workspace/app/backend/logs/app_20260615_030252.log')}
2026-06-15 03:02:55,618 - watchfiles.main - DEBUG - 2 changes detected: {(<Change.modified: 2>, '/workspace/app/backend/logs/app_20260615_030254.log'), (<Change.modified: 2>, '/workspace/app/backend/logs/app_20260615_030252.log')}
2026-06-15 03:02:55,969 - watchfiles.main - DEBUG - 1 change detected: {(<Change.modified: 2>, '/workspace/app/backend/logs/app_20260615_030252.log')}
2026-06-15 03:02:56,320 - watchfiles.main - DEBUG - 1 change detected: {(<Change.modified: 2>, '/workspace/app/backend/logs/app_20260615_030252.log')}
2026-06-15 03:02:56,671 - watchfiles.main - DEBUG - 1 change detected: {(<Change.modified: 2>, '/workspace/app/backend/logs/app_20260615_030252.log')}
2026-06-15 03:02:57,023 - watchfiles.main - DEBUG - 1 change detected: {(<Change.modified: 2>, '/workspace/app/backend/logs/app_20260615_030252.log')}
2026-06-15 03:02:57,374 - watchfiles.main - DEBUG - 1 change detected: {(<Change.modified: 2>, '/workspace/app/backend/logs/app_20260615_030252.log')}
2026-06-15 03:02:57,725 - watchfiles.main - DEBUG - 1 change detected: {(<Change.modified: 2>, '/workspace/app/backend/logs/app_20260615_030252.log')}
2026-06-15 03:02:58,075 - watchfiles.main - DEBUG - 1 change detected: {(<Change.modified: 2>, '/workspace/app/backend/logs/app_20260615_030252.log')}
2026-06-15 03:02:58,426 - watchfiles.main - DEBUG - 1 change detected: {(<Change.modified: 2>, '/workspace/app/backend/logs/app_20260615_030252.log')}
2026-06-15 03:02:58,777 - watchfiles.main - DEBUG - 1 change detected: {(<Change.modified: 2>, '/workspace/app/backend/logs/app_20260615_030252.log')}
2026-06-15 03:02:59,129 - watchfiles.main - DEBUG - 1 change detected: {(<Change.modified: 2>, '/workspace/app/backend/logs/app_20260615_030252.log')}
2026-06-15 03:02:59,480 - watchfiles.main - DEBUG - 1 change detected: {(<Change.modified: 2>, '/workspace/app/backend/logs/app_20260615_030252.log')}
2026-06-15 03:02:59,831 - watchfiles.main - DEBUG - 1 change detected: {(<Change.modified: 2>, '/workspace/app/backend/logs/app_20260615_030252.log')}
2026-06-15 03:03:00,182 - watchfiles.main - DEBUG - 1 change detected: {(<Change.modified: 2>, '/workspace/app/backend/logs/app_20260615_030252.log')}
2026-06-15 03:03:00,533 - watchfiles.main - DEBUG - 1 change detected: {(<Change.modified: 2>, '/workspace/app/backend/logs/app_20260615_030252.log')}
2026-06-15 03:03:00,884 - watchfiles.main - DEBUG - 1 change detected: {(<Change.modified: 2>, '/workspace/app/backend/logs/app_20260615_030252.log')}
2026-06-15 03:03:01,235 - watchfiles.main - DEBUG - 1 change detected: {(<Change.modified: 2>, '/workspace/app/backend/logs/app_20260615_030252.log')}
2026-06-15 03:03:01,586 - watchfiles.main - DEBUG - 1 change detected: {(<Change.modified: 2>, '/workspace/app/backend/logs/app_20260615_030252.log')}
2026-06-15 03:03:01,937 - watchfiles.main - DEBUG - 1 change detected: {(<Change.modified: 2>, '/workspace/app/backend/logs/app_20260615_030252.log')}
2026-06-15 03:03:02,288 - watchfiles.main - DEBUG - 1 change detected: {(<Change.modified: 2>, '/workspace/app/backend/logs/app_20260615_030252.log')}
2026-06-15 03:03:02,639 - watchfiles.main - DEBUG - 1 change detected: {(<Change.modified: 2>, '/workspace/app/backend/logs/app_20260615_030252.log')}
2026-06-15 03:03:02,990 - watchfiles.main - DEBUG - 1 change detected: {(<Change.modified: 2>, '/workspace/app/backend/logs/app_20260615_030252.log')}
2026-06-15 03:03:03,341 - watchfiles.main - DEBUG - 1 change detected: {(<Change.modified: 2>, '/workspace/app/backend/logs/app_20260615_030252.log')}
2026-06-15 03:03:03,691 - watchfiles.main - DEBUG - 1 change detected: {(<Change.modified: 2>, '/workspace/app/backend/logs/app_20260615_030252.log')}
2026-06-15 03:03:04,042 - watchfiles.main - DEBUG - 1 change detected: {(<Change.modified: 2>, '/workspace/app/backend/logs/app_20260615_030252.log')}
2026-06-15 03:03:04,393 - watchfiles.main - DEBUG - 1 change detected: {(<Change.modified: 2>, '/workspace/app/backend/logs/app_20260615_030252.log')}
2026-06-15 03:03:04,744 - watchfiles.main - DEBUG - 1 change detected: {(<Change.modified: 2>, '/workspace/app/backend/logs/app_20260615_030252.log')}
2026-06-15 03:03:05,096 - watchfiles.main - DEBUG - 1 change detected: {(<Change.modified: 2>, '/workspace/app/backend/logs/app_20260615_030252.log')}
2026-06-15 03:03:05,447 - watchfiles.main - DEBUG - 1 change detected: {(<Change.modified: 2>, '/workspace/app/backend/logs/app_20260615_030252.log')}
2026-06-15 03:03:05,798 - watchfiles.main - DEBUG - 1 change detected: {(<Change.modified: 2>, '/workspace/app/backend/logs/app_20260615_030252.log')}
2026-06-15 03:03:06,149 - watchfiles.main - DEBUG - 1 change detected: {(<Change.modified: 2>, '/workspace/app/backend/logs/app_20260615_030252.log')}
2026-06-15 03:03:06,500 - watchfiles.main - DEBUG - 1 change detected: {(<Change.modified: 2>, '/workspace/app/backend/logs/app_20260615_030252.log')}
2026-06-15 03:03:06,850 - watchfiles.main - DEBUG - 1 change detected: {(<Change.modified: 2>, '/workspace/app/backend/logs/app_20260615_030252.log')}
2026-06-15 03:03:07,203 - watchfiles.main - DEBUG - 1 change detected: {(<Change.modified: 2>, '/workspace/app/backend/logs/app_20260615_030252.log')}
2026-06-15 03:03:07,554 - watchfiles.main - DEBUG - 1 change detected: {(<Change.modified: 2>, '/workspace/app/backend/logs/app_20260615_030252.log')}
2026-06-15 03:03:07,905 - watchfiles.main - DEBUG - 1 change detected: {(<Change.modified: 2>, '/workspace/app/backend/logs/app_20260615_030252.log')}
2026-06-15 03:03:08,255 - watchfiles.main - DEBUG - 1 change detected: {(<Change.modified: 2>, '/workspace/app/backend/logs/app_20260615_030252.log')}
2026-06-15 03:03:08,606 - watchfiles.main - DEBUG - 1 change detected: {(<Change.modified: 2>, '/workspace/app/backend/logs/app_20260615_030252.log')}
2026-06-15 03:03:08,957 - watchfiles.main - DEBUG - 1 change detected: {(<Change.modified: 2>, '/workspace/app/backend/logs/app_20260615_030252.log')}
2026-06-15 03:03:09,308 - watchfiles.main - DEBUG - 1 change detected: {(<Change.modified: 2>, '/workspace/app/backend/logs/app_20260615_030252.log')}
2026-06-15 03:03:09,659 - watchfiles.main - DEBUG - 1 change detected: {(<Change.modified: 2>, '/workspace/app/backend/logs/app_20260615_030252.log')}
2026-06-15 03:03:10,010 - watchfiles.main - DEBUG - 1 change detected: {(<Change.modified: 2>, '/workspace/app/backend/logs/app_20260615_030252.log')}
2026-06-15 03:03:10,361 - watchfiles.main - DEBUG - 1 change detected: {(<Change.modified: 2>, '/workspace/app/backend/logs/app_20260615_030252.log')}
2026-06-15 03:03:10,712 - watchfiles.main - DEBUG - 1 change detected: {(<Change.modified: 2>, '/workspace/app/backend/logs/app_20260615_030252.log')}
2026-06-15 03:03:11,063 - watchfiles.main - DEBUG - 1 change detected: {(<Change.modified: 2>, '/workspace/app/backend/logs/app_20260615_030252.log')}
2026-06-15 03:03:11,414 - watchfiles.main - DEBUG - 1 change detected: {(<Change.modified: 2>, '/workspace/app/backend/logs/app_20260615_030252.log')}
2026-06-15 03:03:11,765 - watchfiles.main - DEBUG - 1 change detected: {(<Change.modified: 2>, '/workspace/app/backend/logs/app_20260615_030252.log')}
2026-06-15 03:03:12,116 - watchfiles.main - DEBUG - 1 change detected: {(<Change.modified: 2>, '/workspace/app/backend/logs/app_20260615_030252.log')}
2026-06-15 03:03:12,467 - watchfiles.main - DEBUG - 1 change detected: {(<Change.modified: 2>, '/workspace/app/backend/logs/app_20260615_030252.log')}
2026-06-15 03:03:12,818 - watchfiles.main - DEBUG - 1 change detected: {(<Change.modified: 2>, '/workspace/app/backend/logs/app_20260615_030252.log')}
2026-06-15 03:03:13,169 - watchfiles.main - DEBUG - 1 change detected: {(<Change.modified: 2>, '/workspace/app/backend/logs/app_20260615_030252.log')}
2026-06-15 03:03:13,520 - watchfiles.main - DEBUG - 1 change detected: {(<Change.modified: 2>, '/workspace/app/backend/logs/app_20260615_030252.log')}
2026-06-15 03:03:13,872 - watchfiles.main - DEBUG - 1 change detected: {(<Change.modified: 2>, '/workspace/app/backend/logs/app_20260615_030252.log')}
2026-06-15 03:03:14,222 - watchfiles.main - DEBUG - 1 change detected: {(<Change.modified: 2>, '/workspace/app/backend/logs/app_20260615_030252.log')}
2026-06-15 03:03:14,573 - watchfiles.main - DEBUG - 1 change detected: {(<Change.modified: 2>, '/workspace/app/backend/logs/app_20260615_030252.log')}
2026-06-15 03:03:14,924 - watchfiles.main - DEBUG - 1 change detected: {(<Change.modified: 2>, '/workspace/app/backend/logs/app_20260615_030252.log')}
2026-06-15 03:03:15,275 - watchfiles.main - DEBUG - 1 change detected: {(<Change.modified: 2>, '/workspace/app/backend/logs/app_20260615_030252.log')}
2026-06-15 03:03:15,626 - watchfiles.main - DEBUG - 1 change detected: {(<Change.modified: 2>, '/workspace/app/backend/logs/app_20260615_030252.log')}
2026-06-15 03:03:15,977 - watchfiles.main - DEBUG - 1 change detected: {(<Change.modified: 2>, '/workspace/app/backend/logs/app_20260615_030252.log')}
2026-06-15 03:03:16,328 - watchfiles.main - DEBUG - 1 change detected: {(<Change.modified: 2>, '/workspace/app/backend/logs/app_20260615_030252.log')}
2026-06-15 03:03:16,679 - watchfiles.main - DEBUG - 1 change detected: {(<Change.modified: 2>, '/workspace/app/backend/logs/app_20260615_030252.log')}
2026-06-15 03:03:17,029 - watchfiles.main - DEBUG - 1 change detected: {(<Change.modified: 2>, '/workspace/app/backend/logs/app_20260615_030252.log')}
2026-06-15 03:03:17,380 - watchfiles.main - DEBUG - 1 change detected: {(<Change.modified: 2>, '/workspace/app/backend/logs/app_20260615_030252.log')}
2026-06-15 03:03:17,731 - watchfiles.main - DEBUG - 1 change detected: {(<Change.modified: 2>, '/workspace/app/backend/logs/app_20260615_030252.log')}
2026-06-15 03:03:18,082 - watchfiles.main - DEBUG - 1 change detected: {(<Change.modified: 2>, '/workspace/app/backend/logs/app_20260615_030252.log')}
2026-06-15 03:03:18,433 - watchfiles.main - DEBUG - 1 change detected: {(<Change.modified: 2>, '/workspace/app/backend/logs/app_20260615_030252.log')}
2026-06-15 03:03:18,784 - watchfiles.main - DEBUG - 1 change detected: {(<Change.modified: 2>, '/workspace/app/backend/logs/app_20260615_030252.log')}
2026-06-15 03:03:19,135 - watchfiles.main - DEBUG - 1 change detected: {(<Change.modified: 2>, '/workspace/app/backend/logs/app_20260615_030252.log')}
2026-06-15 03:03:19,485 - watchfiles.main - DEBUG - 1 change detected: {(<Change.modified: 2>, '/workspace/app/backend/logs/app_20260615_030252.log')}
2026-06-15 03:03:19,836 - watchfiles.main - DEBUG - 1 change detected: {(<Change.modified: 2>, '/workspace/app/backend/logs/app_20260615_030252.log')}
2026-06-15 03:03:20,187 - watchfiles.main - DEBUG - 1 change detected: {(<Change.modified: 2>, '/workspace/app/backend/logs/app_20260615_030252.log')}
2026-06-15 03:03:20,538 - watchfiles.main - DEBUG - 1 change detected: {(<Change.modified: 2>, '/workspace/app/backend/logs/app_20260615_030252.log')}
2026-06-15 03:03:20,889 - watchfiles.main - DEBUG - 1 change detected: {(<Change.modified: 2>, '/workspace/app/backend/logs/app_20260615_030252.log')}
2026-06-15 03:03:21,240 - watchfiles.main - DEBUG - 1 change detected: {(<Change.modified: 2>, '/workspace/app/backend/logs/app_20260615_030252.log')}
2026-06-15 03:03:21,591 - watchfiles.main - DEBUG - 1 change detected: {(<Change.modified: 2>, '/workspace/app/backend/logs/app_20260615_030252.log')}
2026-06-15 03:03:21,942 - watchfiles.main - DEBUG - 1 change detected: {(<Change.modified: 2>, '/workspace/app/backend/logs/app_20260615_030252.log')}
2026-06-15 03:03:22,293 - watchfiles.main - DEBUG - 1 change detected: {(<Change.modified: 2>, '/workspace/app/backend/logs/app_20260615_030252.log')}
2026-06-15 03:03:22,644 - watchfiles.main - DEBUG - 1 change detected: {(<Change.modified: 2>, '/workspace/app/backend/logs/app_20260615_030252.log')}
2026-06-15 03:03:22,994 - watchfiles.main - DEBUG - 1 change detected: {(<Change.modified: 2>, '/workspace/app/backend/logs/app_20260615_030252.log')}
2026-06-15 03:03:23,345 - watchfiles.main - DEBUG - 1 change detected: {(<Change.modified: 2>, '/workspace/app/backend/logs/app_20260615_030252.log')}
2026-06-15 03:03:23,696 - watchfiles.main - DEBUG - 1 change detected: {(<Change.modified: 2>, '/workspace/app/backend/logs/app_20260615_030252.log')}
2026-06-15 03:03:24,047 - watchfiles.main - DEBUG - 1 change detected: {(<Change.modified: 2>, '/workspace/app/backend/logs/app_20260615_030252.log')}
2026-06-15 03:03:24,398 - watchfiles.main - DEBUG - 1 change detected: {(<Change.modified: 2>, '/workspace/app/backend/logs/app_20260615_030252.log')}
2026-06-15 03:03:24,749 - watchfiles.main - DEBUG - 1 change detected: {(<Change.modified: 2>, '/workspace/app/backend/logs/app_20260615_030252.log')}
2026-06-15 03:03:25,100 - watchfiles.main - DEBUG - 1 change detected: {(<Change.modified: 2>, '/workspace/app/backend/logs/app_20260615_030252.log')}
2026-06-15 03:03:25,451 - watchfiles.main - DEBUG - 1 change detected: {(<Change.modified: 2>, '/workspace/app/backend/logs/app_20260615_030252.log')}
2026-06-15 03:03:25,802 - watchfiles.main - DEBUG - 1 change detected: {(<Change.modified: 2>, '/workspace/app/backend/logs/app_20260615_030252.log')}
2026-06-15 03:03:26,153 - watchfiles.main - DEBUG - 1 change detected: {(<Change.modified: 2>, '/workspace/app/backend/logs/app_20260615_030252.log')}
2026-06-15 03:03:26,504 - watchfiles.main - DEBUG - 1 change detected: {(<Change.modified: 2>, '/workspace/app/backend/logs/app_20260615_030252.log')}
2026-06-15 03:03:26,855 - watchfiles.main - DEBUG - 1 change detected: {(<Change.modified: 2>, '/workspace/app/backend/logs/app_20260615_030252.log')}
2026-06-15 03:03:27,206 - watchfiles.main - DEBUG - 1 change detected: {(<Change.modified: 2>, '/workspace/app/backend/logs/app_20260615_030252.log')}
2026-06-15 03:03:27,557 - watchfiles.main - DEBUG - 1 change detected: {(<Change.modified: 2>, '/workspace/app/backend/logs/app_20260615_030252.log')}
2026-06-15 03:03:27,908 - watchfiles.main - DEBUG - 1 change detected: {(<Change.modified: 2>, '/workspace/app/backend/logs/app_20260615_030252.log')}
2026-06-15 03:03:28,258 - watchfiles.main - DEBUG - 1 change detected: {(<Change.modified: 2>, '/workspace/app/backend/logs/app_20260615_030252.log')}
2026-06-15 03:03:28,609 - watchfiles.main - DEBUG - 1 change detected: {(<Change.modified: 2>, '/workspace/app/backend/logs/app_20260615_030252.log')}
2026-06-15 03:03:28,960 - watchfiles.main - DEBUG - 1 change detected: {(<Change.modified: 2>, '/workspace/app/backend/logs/app_20260615_030252.log')}
2026-06-15 03:03:29,311 - watchfiles.main - DEBUG - 1 change detected: {(<Change.modified: 2>, '/workspace/app/backend/logs/app_20260615_030252.log')}
2026-06-15 03:03:29,661 - watchfiles.main - DEBUG - 1 change detected: {(<Change.modified: 2>, '/workspace/app/backend/logs/app_20260615_030252.log')}
2026-06-15 03:03:30,012 - watchfiles.main - DEBUG - 1 change detected: {(<Change.modified: 2>, '/workspace/app/backend/logs/app_20260615_030252.log')}
2026-06-15 03:03:30,363 - watchfiles.main - DEBUG - 1 change detected: {(<Change.modified: 2>, '/workspace/app/backend/logs/app_20260615_030252.log')}
2026-06-15 03:03:30,714 - watchfiles.main - DEBUG - 1 change detected: {(<Change.modified: 2>, '/workspace/app/backend/logs/app_20260615_030252.log')}
2026-06-15 03:03:31,065 - watchfiles.main - DEBUG - 1 change detected: {(<Change.modified: 2>, '/workspace/app/backend/logs/app_20260615_030252.log')}
2026-06-15 03:03:31,416 - watchfiles.main - DEBUG - 1 change detected: {(<Change.modified: 2>, '/workspace/app/backend/logs/app_20260615_030252.log')}
2026-06-15 03:03:31,767 - watchfiles.main - DEBUG - 1 change detected: {(<Change.modified: 2>, '/workspace/app/backend/logs/app_20260615_030252.log')}
2026-06-15 03:03:32,118 - watchfiles.main - DEBUG - 1 change detected: {(<Change.modified: 2>, '/workspace/app/backend/logs/app_20260615_030252.log')}
2026-06-15 03:03:32,468 - watchfiles.main - DEBUG - 1 change detected: {(<Change.modified: 2>, '/workspace/app/backend/logs/app_20260615_030252.log')}
2026-06-15 03:03:32,819 - watchfiles.main - DEBUG - 1 change detected: {(<Change.modified: 2>, '/workspace/app/backend/logs/app_20260615_030252.log')}
2026-06-15 03:03:33,170 - watchfiles.main - DEBUG - 1 change detected: {(<Change.modified: 2>, '/workspace/app/backend/logs/app_20260615_030252.log')}
2026-06-15 03:03:33,521 - watchfiles.main - DEBUG - 1 change detected: {(<Change.modified: 2>, '/workspace/app/backend/logs/app_20260615_030252.log')}
2026-06-15 03:03:33,872 - watchfiles.main - DEBUG - 1 change detected: {(<Change.modified: 2>, '/workspace/app/backend/logs/app_20260615_030252.log')}
2026-06-15 03:03:34,223 - watchfiles.main - DEBUG - 1 change detected: {(<Change.modified: 2>, '/workspace/app/backend/logs/app_20260615_030252.log')}
2026-06-15 03:03:34,574 - watchfiles.main - DEBUG - 1 change detected: {(<Change.modified: 2>, '/workspace/app/backend/logs/app_20260615_030252.log')}
2026-06-15 03:03:34,925 - watchfiles.main - DEBUG - 1 change detected: {(<Change.modified: 2>, '/workspace/app/backend/logs/app_20260615_030252.log')}
2026-06-15 03:03:35,276 - watchfiles.main - DEBUG - 1 change detected: {(<Change.modified: 2>, '/workspace/app/backend/logs/app_20260615_030252.log')}
2026-06-15 03:03:35,627 - watchfiles.main - DEBUG - 1 change detected: {(<Change.modified: 2>, '/workspace/app/backend/logs/app_20260615_030252.log')}
2026-06-15 03:03:35,978 - watchfiles.main - DEBUG - 1 change detected: {(<Change.modified: 2>, '/workspace/app/backend/logs/app_20260615_030252.log')}
2026-06-15 03:03:36,329 - watchfiles.main - DEBUG - 1 change detected: {(<Change.modified: 2>, '/workspace/app/backend/logs/app_20260615_030252.log')}
2026-06-15 03:03:36,680 - watchfiles.main - DEBUG - 1 change detected: {(<Change.modified: 2>, '/workspace/app/backend/logs/app_20260615_030252.log')}
2026-06-15 03:03:37,031 - watchfiles.main - DEBUG - 1 change detected: {(<Change.modified: 2>, '/workspace/app/backend/logs/app_20260615_030252.log')}
2026-06-15 03:03:37,381 - watchfiles.main - DEBUG - 1 change detected: {(<Change.modified: 2>, '/workspace/app/backend/logs/app_20260615_030252.log')}
2026-06-15 03:03:37,732 - watchfiles.main - DEBUG - 1 change detected: {(<Change.modified: 2>, '/workspace/app/backend/logs/app_20260615_030252.log')}
2026-06-15 03:03:38,084 - watchfiles.main - DEBUG - 1 change detected: {(<Change.modified: 2>, '/workspace/app/backend/logs/app_20260615_030252.log')}
2026-06-15 03:03:38,436 - watchfiles.main - DEBUG - 1 change detected: {(<Change.modified: 2>, '/workspace/app/backend/logs/app_20260615_030252.log')}
2026-06-15 03:03:38,786 - watchfiles.main - DEBUG - 1 change detected: {(<Change.modified: 2>, '/workspace/app/backend/logs/app_20260615_030252.log')}
2026-06-15 03:03:39,137 - watchfiles.main - DEBUG - 1 change detected: {(<Change.modified: 2>, '/workspace/app/backend/logs/app_20260615_030252.log')}
2026-06-15 03:03:39,488 - watchfiles.main - DEBUG - 1 change detected: {(<Change.modified: 2>, '/workspace/app/backend/logs/app_20260615_030252.log')}
2026-06-15 03:03:39,839 - watchfiles.main - DEBUG - 1 change detected: {(<Change.modified: 2>, '/workspace/app/backend/logs/app_20260615_030252.log')}
2026-06-15 03:03:40,190 - watchfiles.main - DEBUG - 1 change detected: {(<Change.modified: 2>, '/workspace/app/backend/logs/app_20260615_030252.log')}
2026-06-15 03:03:40,541 - watchfiles.main - DEBUG - 1 change detected: {(<Change.modified: 2>, '/workspace/app/backend/logs/app_20260615_030252.log')}
2026-06-15 03:03:40,892 - watchfiles.main - DEBUG - 1 change detected: {(<Change.modified: 2>, '/workspace/app/backend/logs/app_20260615_030252.log')}
2026-06-15 03:03:41,243 - watchfiles.main - DEBUG - 1 change detected: {(<Change.modified: 2>, '/workspace/app/backend/logs/app_20260615_030252.log')}
2026-06-15 03:03:41,594 - watchfiles.main - DEBUG - 1 change detected: {(<Change.modified: 2>, '/workspace/app/backend/logs/app_20260615_030252.log')}
2026-06-15 03:03:41,945 - watchfiles.main - DEBUG - 1 change detected: {(<Change.modified: 2>, '/workspace/app/backend/logs/app_20260615_030252.log')}
2026-06-15 03:03:42,296 - watchfiles.main - DEBUG - 1 change detected: {(<Change.modified: 2>, '/workspace/app/backend/logs/app_20260615_030252.log')}
2026-06-15 03:03:42,647 - watchfiles.main - DEBUG - 1 change detected: {(<Change.modified: 2>, '/workspace/app/backend/logs/app_20260615_030252.log')}
2026-06-15 03:03:42,998 - watchfiles.main - DEBUG - 1 change detected: {(<Change.modified: 2>, '/workspace/app/backend/logs/app_20260615_030252.log')}
2026-06-15 03:03:43,350 - watchfiles.main - DEBUG - 1 change detected: {(<Change.modified: 2>, '/workspace/app/backend/logs/app_20260615_030252.log')}
2026-06-15 03:03:43,701 - watchfiles.main - DEBUG - 1 change detected: {(<Change.modified: 2>, '/workspace/app/backend/logs/app_20260615_030252.log')}
2026-06-15 03:03:44,052 - watchfiles.main - DEBUG - 1 change detected: {(<Change.modified: 2>, '/workspace/app/backend/logs/app_20260615_030252.log')}
2026-06-15 03:03:44,402 - watchfiles.main - DEBUG - 1 change detected: {(<Change.modified: 2>, '/workspace/app/backend/logs/app_20260615_030252.log')}
2026-06-15 03:03:44,753 - watchfiles.main - DEBUG - 1 change detected: {(<Change.modified: 2>, '/workspace/app/backend/logs/app_20260615_030252.log')}
2026-06-15 03:03:45,104 - watchfiles.main - DEBUG - 1 change detected: {(<Change.modified: 2>, '/workspace/app/backend/logs/app_20260615_030252.log')}
2026-06-15 03:03:45,455 - watchfiles.main - DEBUG - 1 change detected: {(<Change.modified: 2>, '/workspace/app/backend/logs/app_20260615_030252.log')}
2026-06-15 03:03:45,806 - watchfiles.main - DEBUG - 1 change detected: {(<Change.modified: 2>, '/workspace/app/backend/logs/app_20260615_030252.log')}
2026-06-15 03:03:46,158 - watchfiles.main - DEBUG - 1 change detected: {(<Change.modified: 2>, '/workspace/app/backend/logs/app_20260615_030252.log')}
2026-06-15 03:03:46,509 - watchfiles.main - DEBUG - 1 change detected: {(<Change.modified: 2>, '/workspace/app/backend/logs/app_20260615_030252.log')}
2026-06-15 03:03:46,859 - watchfiles.main - DEBUG - 1 change detected: {(<Change.modified: 2>, '/workspace/app/backend/logs/app_20260615_030252.log')}
2026-06-15 03:03:47,210 - watchfiles.main - DEBUG - 1 change detected: {(<Change.modified: 2>, '/workspace/app/backend/logs/app_20260615_030252.log')}
2026-06-15 03:03:47,561 - watchfiles.main - DEBUG - 1 change detected: {(<Change.modified: 2>, '/workspace/app/backend/logs/app_20260615_030252.log')}
2026-06-15 03:03:47,912 - watchfiles.main - DEBUG - 1 change detected: {(<Change.modified: 2>, '/workspace/app/backend/logs/app_20260615_030252.log')}
2026-06-15 03:03:48,263 - watchfiles.main - DEBUG - 1 change detected: {(<Change.modified: 2>, '/workspace/app/backend/logs/app_20260615_030252.log')}
2026-06-15 03:03:48,614 - watchfiles.main - DEBUG - 1 change detected: {(<Change.modified: 2>, '/workspace/app/backend/logs/app_20260615_030252.log')}
2026-06-15 03:03:48,965 - watchfiles.main - DEBUG - 1 change detected: {(<Change.modified: 2>, '/workspace/app/backend/logs/app_20260615_030252.log')}
2026-06-15 03:03:49,316 - watchfiles.main - DEBUG - 1 change detected: {(<Change.modified: 2>, '/workspace/app/backend/logs/app_20260615_030252.log')}
2026-06-15 03:03:49,667 - watchfiles.main - DEBUG - 1 change detected: {(<Change.modified: 2>, '/workspace/app/backend/logs/app_20260615_030252.log')}
2026-06-15 03:03:50,018 - watchfiles.main - DEBUG - 1 change detected: {(<Change.modified: 2>, '/workspace/app/backend/logs/app_20260615_030252.log')}
2026-06-15 03:03:50,369 - watchfiles.main - DEBUG - 1 change detected: {(<Change.modified: 2>, '/workspace/app/backend/logs/app_20260615_030252.log')}
2026-06-15 03:03:50,720 - watchfiles.main - DEBUG - 1 change detected: {(<Change.modified: 2>, '/workspace/app/backend/logs/app_20260615_030252.log')}
2026-06-15 03:03:51,071 - watchfiles.main - DEBUG - 1 change detected: {(<Change.modified: 2>, '/workspace/app/backend/logs/app_20260615_030252.log')}
2026-06-15 03:03:51,422 - watchfiles.main - DEBUG - 1 change detected: {(<Change.modified: 2>, '/workspace/app/backend/logs/app_20260615_030252.log')}
2026-06-15 03:03:51,773 - watchfiles.main - DEBUG - 1 change detected: {(<Change.modified: 2>, '/workspace/app/backend/logs/app_20260615_030252.log')}
2026-06-15 03:03:52,124 - watchfiles.main - DEBUG - 1 change detected: {(<Change.modified: 2>, '/workspace/app/backend/logs/app_20260615_030252.log')}
2026-06-15 03:03:52,475 - watchfiles.main - DEBUG - 1 change detected: {(<Change.modified: 2>, '/workspace/app/backend/logs/app_20260615_030252.log')}
2026-06-15 03:03:52,826 - watchfiles.main - DEBUG - 1 change detected: {(<Change.modified: 2>, '/workspace/app/backend/logs/app_20260615_030252.log')}
2026-06-15 03:03:53,177 - watchfiles.main - DEBUG - 1 change detected: {(<Change.modified: 2>, '/workspace/app/backend/logs/app_20260615_030252.log')}
2026-06-15 03:03:53,528 - watchfiles.main - DEBUG - 1 change detected: {(<Change.modified: 2>, '/workspace/app/backend/logs/app_20260615_030252.log')}
2026-06-15 03:03:53,879 - watchfiles.main - DEBUG - 1 change detected: {(<Change.modified: 2>, '/workspace/app/backend/logs/app_20260615_030252.log')}
2026-06-15 03:03:54,230 - watchfiles.main - DEBUG - 1 change detected: {(<Change.modified: 2>, '/workspace/app/backend/logs/app_20260615_030252.log')}
2026-06-15 03:03:54,581 - watchfiles.main - DEBUG - 1 change detected: {(<Change.modified: 2>, '/workspace/app/backend/logs/app_20260615_030252.log')}
2026-06-15 03:03:54,932 - watchfiles.main - DEBUG - 1 change detected: {(<Change.modified: 2>, '/workspace/app/backend/logs/app_20260615_030252.log')}
2026-06-15 03:03:55,283 - watchfiles.main - DEBUG - 1 change detected: {(<Change.modified: 2>, '/workspace/app/backend/logs/app_20260615_030252.log')}
2026-06-15 03:03:55,634 - watchfiles.main - DEBUG - 1 change detected: {(<Change.modified: 2>, '/workspace/app/backend/logs/app_20260615_030252.log')}
2026-06-15 03:03:55,984 - watchfiles.main - DEBUG - 1 change detected: {(<Change.modified: 2>, '/workspace/app/backend/logs/app_20260615_030252.log')}
2026-06-15 03:03:56,335 - watchfiles.main - DEBUG - 1 change detected: {(<Change.modified: 2>, '/workspace/app/backend/logs/app_20260615_030252.log')}
2026-06-15 03:03:56,686 - watchfiles.main - DEBUG - 1 change detected: {(<Change.modified: 2>, '/workspace/app/backend/logs/app_20260615_030252.log')}
2026-06-15 03:03:57,037 - watchfiles.main - DEBUG - 1 change detected: {(<Change.modified: 2>, '/workspace/app/backend/logs/app_20260615_030252.log')}
2026-06-15 03:03:57,387 - watchfiles.main - DEBUG - 1 change detected: {(<Change.modified: 2>, '/workspace/app/backend/logs/app_20260615_030252.log')}
2026-06-15 03:03:57,738 - watchfiles.main - DEBUG - 1 change detected: {(<Change.modified: 2>, '/workspace/app/backend/logs/app_20260615_030252.log')}
2026-06-15 03:03:58,089 - watchfiles.main - DEBUG - 1 change detected: {(<Change.modified: 2>, '/workspace/app/backend/logs/app_20260615_030252.log')}
2026-06-15 03:03:58,440 - watchfiles.main - DEBUG - 1 change detected: {(<Change.modified: 2>, '/workspace/app/backend/logs/app_20260615_030252.log')}
2026-06-15 03:03:58,790 - watchfiles.main - DEBUG - 1 change detected: {(<Change.modified: 2>, '/workspace/app/backend/logs/app_20260615_030252.log')}
2026-06-15 03:03:59,141 - watchfiles.main - DEBUG - 1 change detected: {(<Change.modified: 2>, '/workspace/app/backend/logs/app_20260615_030252.log')}
2026-06-15 03:03:59,492 - watchfiles.main - DEBUG - 1 change detected: {(<Change.modified: 2>, '/workspace/app/backend/logs/app_20260615_030252.log')}
2026-06-15 03:03:59,843 - watchfiles.main - DEBUG - 1 change detected: {(<Change.modified: 2>, '/workspace/app/backend/logs/app_20260615_030252.log')}
2026-06-15 03:04:00,194 - watchfiles.main - DEBUG - 1 change detected: {(<Change.modified: 2>, '/workspace/app/backend/logs/app_20260615_030252.log')}
2026-06-15 03:04:00,545 - watchfiles.main - DEBUG - 1 change detected: {(<Change.modified: 2>, '/workspace/app/backend/logs/app_20260615_030252.log')}
2026-06-15 03:04:00,896 - watchfiles.main - DEBUG - 1 change detected: {(<Change.modified: 2>, '/workspace/app/backend/logs/app_20260615_030252.log')}
2026-06-15 03:04:01,247 - watchfiles.main - DEBUG - 1 change detected: {(<Change.modified: 2>, '/workspace/app/backend/logs/app_20260615_030252.log')}
2026-06-15 03:04:01,598 - watchfiles.main - DEBUG - 1 change detected: {(<Change.modified: 2>, '/workspace/app/backend/logs/app_20260615_030252.log')}
2026-06-15 03:04:01,949 - watchfiles.main - DEBUG - 1 change detected: {(<Change.modified: 2>, '/workspace/app/backend/logs/app_20260615_030252.log')}
2026-06-15 03:04:02,300 - watchfiles.main - DEBUG - 1 change detected: {(<Change.modified: 2>, '/workspace/app/backend/logs/app_20260615_030252.log')}
2026-06-15 03:04:02,651 - watchfiles.main - DEBUG - 1 change detected: {(<Change.modified: 2>, '/workspace/app/backend/logs/app_20260615_030252.log')}
2026-06-15 03:04:03,002 - watchfiles.main - DEBUG - 1 change detected: {(<Change.modified: 2>, '/workspace/app/backend/logs/app_20260615_030252.log')}
2026-06-15 03:04:03,353 - watchfiles.main - DEBUG - 1 change detected: {(<Change.modified: 2>, '/workspace/app/backend/logs/app_20260615_030252.log')}
2026-06-15 03:04:03,704 - watchfiles.main - DEBUG - 1 change detected: {(<Change.modified: 2>, '/workspace/app/backend/logs/app_20260615_030252.log')}
2026-06-15 03:04:04,055 - watchfiles.main - DEBUG - 1 change detected: {(<Change.modified: 2>, '/workspace/app/backend/logs/app_20260615_030252.log')}
