2026-06-12 12:21:47,572 - main - INFO - === Logging system initialized ===
2026-06-12 12:21:47,572 - main - INFO - Log file: logs/app_20260612_122147.log
2026-06-12 12:21:47,572 - main - INFO - Log level: INFO
2026-06-12 12:21:47,572 - main - INFO - Timestamp: 20260612_122147
2026-06-12 12:21:48,735 - main - INFO - Included router: routers.aihub.router
2026-06-12 12:21:48,763 - main - INFO - Included router: routers.analysis.router
2026-06-12 12:21:48,780 - main - INFO - Included router: routers.auth.router
2026-06-12 12:21:48,798 - main - INFO - Included router: routers.custom_auth.router
2026-06-12 12:21:48,854 - main - INFO - Included router: routers.doctor_patients.router
2026-06-12 12:21:48,856 - main - INFO - Included router: routers.health.router
2026-06-12 12:21:48,903 - main - INFO - Included router: routers.invite.router
2026-06-12 12:21:48,915 - main - INFO - Included router: routers.reports.router
2026-06-12 12:21:48,934 - main - INFO - Included router: routers.settings.router
2026-06-12 12:21:48,980 - main - INFO - Included router: routers.storage.router
2026-06-12 12:21:48,989 - main - INFO - Included router: routers.user.router
2026-06-12 12:21:49,043 - main - INFO - Included router: routers.users_profiles.router
2026-06-12 12:21:50,612 - watchfiles.main - DEBUG - 1 change detected: {(<Change.added: 1>, '/workspace/app/backend/logs/app_20260612_122150.log')}
2026-06-12 12:21:50,964 - watchfiles.main - DEBUG - 1 change detected: {(<Change.modified: 2>, '/workspace/app/backend/logs/app_20260612_122147.log')}
2026-06-12 12:21:51,314 - watchfiles.main - DEBUG - 1 change detected: {(<Change.modified: 2>, '/workspace/app/backend/logs/app_20260612_122147.log')}
2026-06-12 12:21:51,665 - watchfiles.main - DEBUG - 2 changes detected: {(<Change.modified: 2>, '/workspace/app/backend/logs/app_20260612_122150.log'), (<Change.modified: 2>, '/workspace/app/backend/logs/app_20260612_122147.log')}
2026-06-12 12:21:52,016 - watchfiles.main - DEBUG - 2 changes detected: {(<Change.modified: 2>, '/workspace/app/backend/logs/app_20260612_122150.log'), (<Change.modified: 2>, '/workspace/app/backend/logs/app_20260612_122147.log')}
2026-06-12 12:21:52,367 - watchfiles.main - DEBUG - 1 change detected: {(<Change.modified: 2>, '/workspace/app/backend/logs/app_20260612_122147.log')}
2026-06-12 12:21:52,718 - watchfiles.main - DEBUG - 1 change detected: {(<Change.modified: 2>, '/workspace/app/backend/logs/app_20260612_122147.log')}
2026-06-12 12:21:53,069 - watchfiles.main - DEBUG - 1 change detected: {(<Change.modified: 2>, '/workspace/app/backend/logs/app_20260612_122147.log')}
2026-06-12 12:21:53,420 - watchfiles.main - DEBUG - 1 change detected: {(<Change.modified: 2>, '/workspace/app/backend/logs/app_20260612_122147.log')}
2026-06-12 12:21:53,771 - watchfiles.main - DEBUG - 1 change detected: {(<Change.modified: 2>, '/workspace/app/backend/logs/app_20260612_122147.log')}
2026-06-12 12:21:54,122 - watchfiles.main - DEBUG - 1 change detected: {(<Change.modified: 2>, '/workspace/app/backend/logs/app_20260612_122147.log')}
2026-06-12 12:21:54,474 - watchfiles.main - DEBUG - 1 change detected: {(<Change.modified: 2>, '/workspace/app/backend/logs/app_20260612_122147.log')}
2026-06-12 12:21:54,825 - watchfiles.main - DEBUG - 1 change detected: {(<Change.modified: 2>, '/workspace/app/backend/logs/app_20260612_122147.log')}
2026-06-12 12:21:55,176 - watchfiles.main - DEBUG - 1 change detected: {(<Change.modified: 2>, '/workspace/app/backend/logs/app_20260612_122147.log')}
2026-06-12 12:21:55,527 - watchfiles.main - DEBUG - 1 change detected: {(<Change.modified: 2>, '/workspace/app/backend/logs/app_20260612_122147.log')}
2026-06-12 12:21:55,878 - watchfiles.main - DEBUG - 1 change detected: {(<Change.modified: 2>, '/workspace/app/backend/logs/app_20260612_122147.log')}
2026-06-12 12:21:56,229 - watchfiles.main - DEBUG - 1 change detected: {(<Change.modified: 2>, '/workspace/app/backend/logs/app_20260612_122147.log')}
2026-06-12 12:21:56,581 - watchfiles.main - DEBUG - 1 change detected: {(<Change.modified: 2>, '/workspace/app/backend/logs/app_20260612_122147.log')}
2026-06-12 12:21:56,932 - watchfiles.main - DEBUG - 1 change detected: {(<Change.modified: 2>, '/workspace/app/backend/logs/app_20260612_122147.log')}
2026-06-12 12:21:57,283 - watchfiles.main - DEBUG - 1 change detected: {(<Change.modified: 2>, '/workspace/app/backend/logs/app_20260612_122147.log')}
2026-06-12 12:21:57,634 - watchfiles.main - DEBUG - 1 change detected: {(<Change.modified: 2>, '/workspace/app/backend/logs/app_20260612_122147.log')}
2026-06-12 12:21:57,985 - watchfiles.main - DEBUG - 1 change detected: {(<Change.modified: 2>, '/workspace/app/backend/logs/app_20260612_122147.log')}
2026-06-12 12:21:58,336 - watchfiles.main - DEBUG - 1 change detected: {(<Change.modified: 2>, '/workspace/app/backend/logs/app_20260612_122147.log')}
2026-06-12 12:21:58,687 - watchfiles.main - DEBUG - 1 change detected: {(<Change.modified: 2>, '/workspace/app/backend/logs/app_20260612_122147.log')}
2026-06-12 12:21:59,038 - watchfiles.main - DEBUG - 1 change detected: {(<Change.modified: 2>, '/workspace/app/backend/logs/app_20260612_122147.log')}
2026-06-12 12:21:59,389 - watchfiles.main - DEBUG - 1 change detected: {(<Change.modified: 2>, '/workspace/app/backend/logs/app_20260612_122147.log')}
2026-06-12 12:21:59,740 - watchfiles.main - DEBUG - 1 change detected: {(<Change.modified: 2>, '/workspace/app/backend/logs/app_20260612_122147.log')}
2026-06-12 12:22:00,091 - watchfiles.main - DEBUG - 1 change detected: {(<Change.modified: 2>, '/workspace/app/backend/logs/app_20260612_122147.log')}
2026-06-12 12:22:00,442 - watchfiles.main - DEBUG - 1 change detected: {(<Change.modified: 2>, '/workspace/app/backend/logs/app_20260612_122147.log')}
2026-06-12 12:22:00,793 - watchfiles.main - DEBUG - 1 change detected: {(<Change.modified: 2>, '/workspace/app/backend/logs/app_20260612_122147.log')}
2026-06-12 12:22:01,144 - watchfiles.main - DEBUG - 2 changes detected: {(<Change.modified: 2>, '/workspace/app/backend/logs/app_20260612_122150.log'), (<Change.modified: 2>, '/workspace/app/backend/logs/app_20260612_122147.log')}
2026-06-12 12:22:01,496 - watchfiles.main - DEBUG - 1 change detected: {(<Change.modified: 2>, '/workspace/app/backend/logs/app_20260612_122147.log')}
2026-06-12 12:22:01,846 - watchfiles.main - DEBUG - 1 change detected: {(<Change.modified: 2>, '/workspace/app/backend/logs/app_20260612_122147.log')}
2026-06-12 12:22:02,198 - watchfiles.main - DEBUG - 1 change detected: {(<Change.modified: 2>, '/workspace/app/backend/logs/app_20260612_122147.log')}
2026-06-12 12:22:02,599 - watchfiles.main - DEBUG - 2 changes detected: {(<Change.modified: 2>, '/workspace/app/backend/logs/app_20260612_122150.log'), (<Change.modified: 2>, '/workspace/app/backend/logs/app_20260612_122147.log')}
2026-06-12 12:22:02,950 - watchfiles.main - DEBUG - 1 change detected: {(<Change.modified: 2>, '/workspace/app/backend/logs/app_20260612_122147.log')}
2026-06-12 12:22:03,301 - watchfiles.main - DEBUG - 2 changes detected: {(<Change.modified: 2>, '/workspace/app/backend/logs/app_20260612_122150.log'), (<Change.modified: 2>, '/workspace/app/backend/logs/app_20260612_122147.log')}
2026-06-12 12:22:03,652 - watchfiles.main - DEBUG - 1 change detected: {(<Change.modified: 2>, '/workspace/app/backend/logs/app_20260612_122147.log')}
2026-06-12 12:22:04,003 - watchfiles.main - DEBUG - 1 change detected: {(<Change.modified: 2>, '/workspace/app/backend/logs/app_20260612_122147.log')}
2026-06-12 12:22:04,354 - watchfiles.main - DEBUG - 1 change detected: {(<Change.modified: 2>, '/workspace/app/backend/logs/app_20260612_122147.log')}
2026-06-12 12:22:04,705 - watchfiles.main - DEBUG - 1 change detected: {(<Change.modified: 2>, '/workspace/app/backend/logs/app_20260612_122147.log')}
2026-06-12 12:22:05,057 - watchfiles.main - DEBUG - 1 change detected: {(<Change.modified: 2>, '/workspace/app/backend/logs/app_20260612_122147.log')}
2026-06-12 12:22:05,407 - watchfiles.main - DEBUG - 1 change detected: {(<Change.modified: 2>, '/workspace/app/backend/logs/app_20260612_122147.log')}
2026-06-12 12:22:05,759 - watchfiles.main - DEBUG - 1 change detected: {(<Change.modified: 2>, '/workspace/app/backend/logs/app_20260612_122147.log')}
2026-06-12 12:22:06,109 - watchfiles.main - DEBUG - 1 change detected: {(<Change.modified: 2>, '/workspace/app/backend/logs/app_20260612_122147.log')}
2026-06-12 12:22:06,460 - watchfiles.main - DEBUG - 1 change detected: {(<Change.modified: 2>, '/workspace/app/backend/logs/app_20260612_122147.log')}
2026-06-12 12:22:06,812 - watchfiles.main - DEBUG - 1 change detected: {(<Change.modified: 2>, '/workspace/app/backend/logs/app_20260612_122147.log')}
2026-06-12 12:22:07,163 - watchfiles.main - DEBUG - 1 change detected: {(<Change.modified: 2>, '/workspace/app/backend/logs/app_20260612_122147.log')}
2026-06-12 12:22:07,514 - watchfiles.main - DEBUG - 1 change detected: {(<Change.modified: 2>, '/workspace/app/backend/logs/app_20260612_122147.log')}
2026-06-12 12:22:07,865 - watchfiles.main - DEBUG - 1 change detected: {(<Change.modified: 2>, '/workspace/app/backend/logs/app_20260612_122147.log')}
2026-06-12 12:22:08,216 - watchfiles.main - DEBUG - 1 change detected: {(<Change.modified: 2>, '/workspace/app/backend/logs/app_20260612_122147.log')}
2026-06-12 12:22:08,567 - watchfiles.main - DEBUG - 1 change detected: {(<Change.modified: 2>, '/workspace/app/backend/logs/app_20260612_122147.log')}
2026-06-12 12:22:08,918 - watchfiles.main - DEBUG - 1 change detected: {(<Change.modified: 2>, '/workspace/app/backend/logs/app_20260612_122147.log')}
2026-06-12 12:22:09,268 - watchfiles.main - DEBUG - 1 change detected: {(<Change.modified: 2>, '/workspace/app/backend/logs/app_20260612_122147.log')}
2026-06-12 12:22:09,619 - watchfiles.main - DEBUG - 1 change detected: {(<Change.modified: 2>, '/workspace/app/backend/logs/app_20260612_122147.log')}
2026-06-12 12:22:09,970 - watchfiles.main - DEBUG - 1 change detected: {(<Change.modified: 2>, '/workspace/app/backend/logs/app_20260612_122147.log')}
2026-06-12 12:22:10,321 - watchfiles.main - DEBUG - 1 change detected: {(<Change.modified: 2>, '/workspace/app/backend/logs/app_20260612_122147.log')}
2026-06-12 12:22:10,672 - watchfiles.main - DEBUG - 1 change detected: {(<Change.modified: 2>, '/workspace/app/backend/logs/app_20260612_122147.log')}
2026-06-12 12:22:11,023 - watchfiles.main - DEBUG - 1 change detected: {(<Change.modified: 2>, '/workspace/app/backend/logs/app_20260612_122147.log')}
2026-06-12 12:22:11,374 - watchfiles.main - DEBUG - 1 change detected: {(<Change.modified: 2>, '/workspace/app/backend/logs/app_20260612_122147.log')}
2026-06-12 12:22:11,725 - watchfiles.main - DEBUG - 1 change detected: {(<Change.modified: 2>, '/workspace/app/backend/logs/app_20260612_122147.log')}
2026-06-12 12:22:12,076 - watchfiles.main - DEBUG - 1 change detected: {(<Change.modified: 2>, '/workspace/app/backend/logs/app_20260612_122147.log')}
2026-06-12 12:22:12,427 - watchfiles.main - DEBUG - 1 change detected: {(<Change.modified: 2>, '/workspace/app/backend/logs/app_20260612_122147.log')}
2026-06-12 12:22:12,778 - watchfiles.main - DEBUG - 1 change detected: {(<Change.modified: 2>, '/workspace/app/backend/logs/app_20260612_122147.log')}
2026-06-12 12:22:13,129 - watchfiles.main - DEBUG - 1 change detected: {(<Change.modified: 2>, '/workspace/app/backend/logs/app_20260612_122147.log')}
2026-06-12 12:22:13,480 - watchfiles.main - DEBUG - 1 change detected: {(<Change.modified: 2>, '/workspace/app/backend/logs/app_20260612_122147.log')}
2026-06-12 12:22:13,831 - watchfiles.main - DEBUG - 1 change detected: {(<Change.modified: 2>, '/workspace/app/backend/logs/app_20260612_122147.log')}
2026-06-12 12:22:14,182 - watchfiles.main - DEBUG - 1 change detected: {(<Change.modified: 2>, '/workspace/app/backend/logs/app_20260612_122147.log')}
2026-06-12 12:22:14,533 - watchfiles.main - DEBUG - 1 change detected: {(<Change.modified: 2>, '/workspace/app/backend/logs/app_20260612_122147.log')}
2026-06-12 12:22:14,884 - watchfiles.main - DEBUG - 1 change detected: {(<Change.modified: 2>, '/workspace/app/backend/logs/app_20260612_122147.log')}
2026-06-12 12:22:15,235 - watchfiles.main - DEBUG - 1 change detected: {(<Change.modified: 2>, '/workspace/app/backend/logs/app_20260612_122147.log')}
2026-06-12 12:22:15,586 - watchfiles.main - DEBUG - 1 change detected: {(<Change.modified: 2>, '/workspace/app/backend/logs/app_20260612_122147.log')}
2026-06-12 12:22:15,937 - watchfiles.main - DEBUG - 1 change detected: {(<Change.modified: 2>, '/workspace/app/backend/logs/app_20260612_122147.log')}
2026-06-12 12:22:16,288 - watchfiles.main - DEBUG - 1 change detected: {(<Change.modified: 2>, '/workspace/app/backend/logs/app_20260612_122147.log')}
2026-06-12 12:22:16,640 - watchfiles.main - DEBUG - 1 change detected: {(<Change.modified: 2>, '/workspace/app/backend/logs/app_20260612_122147.log')}
2026-06-12 12:22:16,991 - watchfiles.main - DEBUG - 1 change detected: {(<Change.modified: 2>, '/workspace/app/backend/logs/app_20260612_122147.log')}
2026-06-12 12:22:17,342 - watchfiles.main - DEBUG - 1 change detected: {(<Change.modified: 2>, '/workspace/app/backend/logs/app_20260612_122147.log')}
2026-06-12 12:22:17,693 - watchfiles.main - DEBUG - 1 change detected: {(<Change.modified: 2>, '/workspace/app/backend/logs/app_20260612_122147.log')}
2026-06-12 12:22:18,044 - watchfiles.main - DEBUG - 1 change detected: {(<Change.modified: 2>, '/workspace/app/backend/logs/app_20260612_122147.log')}
2026-06-12 12:22:18,395 - watchfiles.main - DEBUG - 1 change detected: {(<Change.modified: 2>, '/workspace/app/backend/logs/app_20260612_122147.log')}
2026-06-12 12:22:18,746 - watchfiles.main - DEBUG - 1 change detected: {(<Change.modified: 2>, '/workspace/app/backend/logs/app_20260612_122147.log')}
2026-06-12 12:22:19,097 - watchfiles.main - DEBUG - 1 change detected: {(<Change.modified: 2>, '/workspace/app/backend/logs/app_20260612_122147.log')}
2026-06-12 12:22:19,449 - watchfiles.main - DEBUG - 1 change detected: {(<Change.modified: 2>, '/workspace/app/backend/logs/app_20260612_122147.log')}
2026-06-12 12:22:19,800 - watchfiles.main - DEBUG - 1 change detected: {(<Change.modified: 2>, '/workspace/app/backend/logs/app_20260612_122147.log')}
2026-06-12 12:22:20,151 - watchfiles.main - DEBUG - 1 change detected: {(<Change.modified: 2>, '/workspace/app/backend/logs/app_20260612_122147.log')}
2026-06-12 12:22:20,502 - watchfiles.main - DEBUG - 1 change detected: {(<Change.modified: 2>, '/workspace/app/backend/logs/app_20260612_122147.log')}
2026-06-12 12:22:20,853 - watchfiles.main - DEBUG - 1 change detected: {(<Change.modified: 2>, '/workspace/app/backend/logs/app_20260612_122147.log')}
2026-06-12 12:22:21,204 - watchfiles.main - DEBUG - 1 change detected: {(<Change.modified: 2>, '/workspace/app/backend/logs/app_20260612_122147.log')}
2026-06-12 12:22:21,555 - watchfiles.main - DEBUG - 1 change detected: {(<Change.modified: 2>, '/workspace/app/backend/logs/app_20260612_122147.log')}
2026-06-12 12:22:21,906 - watchfiles.main - DEBUG - 1 change detected: {(<Change.modified: 2>, '/workspace/app/backend/logs/app_20260612_122147.log')}
2026-06-12 12:22:22,257 - watchfiles.main - DEBUG - 1 change detected: {(<Change.modified: 2>, '/workspace/app/backend/logs/app_20260612_122147.log')}
2026-06-12 12:22:22,608 - watchfiles.main - DEBUG - 1 change detected: {(<Change.modified: 2>, '/workspace/app/backend/logs/app_20260612_122147.log')}
2026-06-12 12:22:22,959 - watchfiles.main - DEBUG - 1 change detected: {(<Change.modified: 2>, '/workspace/app/backend/logs/app_20260612_122147.log')}
2026-06-12 12:22:23,309 - watchfiles.main - DEBUG - 1 change detected: {(<Change.modified: 2>, '/workspace/app/backend/logs/app_20260612_122147.log')}
2026-06-12 12:22:23,660 - watchfiles.main - DEBUG - 1 change detected: {(<Change.modified: 2>, '/workspace/app/backend/logs/app_20260612_122147.log')}
2026-06-12 12:22:24,011 - watchfiles.main - DEBUG - 1 change detected: {(<Change.modified: 2>, '/workspace/app/backend/logs/app_20260612_122147.log')}
2026-06-12 12:22:24,362 - watchfiles.main - DEBUG - 1 change detected: {(<Change.modified: 2>, '/workspace/app/backend/logs/app_20260612_122147.log')}
2026-06-12 12:22:24,713 - watchfiles.main - DEBUG - 1 change detected: {(<Change.modified: 2>, '/workspace/app/backend/logs/app_20260612_122147.log')}
2026-06-12 12:22:25,064 - watchfiles.main - DEBUG - 1 change detected: {(<Change.modified: 2>, '/workspace/app/backend/logs/app_20260612_122147.log')}
2026-06-12 12:22:25,415 - watchfiles.main - DEBUG - 1 change detected: {(<Change.modified: 2>, '/workspace/app/backend/logs/app_20260612_122147.log')}
2026-06-12 12:22:25,767 - watchfiles.main - DEBUG - 1 change detected: {(<Change.modified: 2>, '/workspace/app/backend/logs/app_20260612_122147.log')}
2026-06-12 12:22:26,118 - watchfiles.main - DEBUG - 1 change detected: {(<Change.modified: 2>, '/workspace/app/backend/logs/app_20260612_122147.log')}
2026-06-12 12:22:26,469 - watchfiles.main - DEBUG - 1 change detected: {(<Change.modified: 2>, '/workspace/app/backend/logs/app_20260612_122147.log')}
2026-06-12 12:22:26,820 - watchfiles.main - DEBUG - 1 change detected: {(<Change.modified: 2>, '/workspace/app/backend/logs/app_20260612_122147.log')}
2026-06-12 12:22:27,170 - watchfiles.main - DEBUG - 1 change detected: {(<Change.modified: 2>, '/workspace/app/backend/logs/app_20260612_122147.log')}
2026-06-12 12:22:27,521 - watchfiles.main - DEBUG - 1 change detected: {(<Change.modified: 2>, '/workspace/app/backend/logs/app_20260612_122147.log')}
2026-06-12 12:22:27,872 - watchfiles.main - DEBUG - 1 change detected: {(<Change.modified: 2>, '/workspace/app/backend/logs/app_20260612_122147.log')}
2026-06-12 12:22:28,223 - watchfiles.main - DEBUG - 1 change detected: {(<Change.modified: 2>, '/workspace/app/backend/logs/app_20260612_122147.log')}
2026-06-12 12:22:28,574 - watchfiles.main - DEBUG - 1 change detected: {(<Change.modified: 2>, '/workspace/app/backend/logs/app_20260612_122147.log')}
2026-06-12 12:22:28,925 - watchfiles.main - DEBUG - 1 change detected: {(<Change.modified: 2>, '/workspace/app/backend/logs/app_20260612_122147.log')}
2026-06-12 12:22:29,276 - watchfiles.main - DEBUG - 1 change detected: {(<Change.modified: 2>, '/workspace/app/backend/logs/app_20260612_122147.log')}
2026-06-12 12:22:29,627 - watchfiles.main - DEBUG - 1 change detected: {(<Change.modified: 2>, '/workspace/app/backend/logs/app_20260612_122147.log')}
2026-06-12 12:22:29,979 - watchfiles.main - DEBUG - 1 change detected: {(<Change.modified: 2>, '/workspace/app/backend/logs/app_20260612_122147.log')}
2026-06-12 12:22:30,330 - watchfiles.main - DEBUG - 1 change detected: {(<Change.modified: 2>, '/workspace/app/backend/logs/app_20260612_122147.log')}
2026-06-12 12:22:30,681 - watchfiles.main - DEBUG - 1 change detected: {(<Change.modified: 2>, '/workspace/app/backend/logs/app_20260612_122147.log')}
2026-06-12 12:22:31,032 - watchfiles.main - DEBUG - 1 change detected: {(<Change.modified: 2>, '/workspace/app/backend/logs/app_20260612_122147.log')}
2026-06-12 12:22:31,383 - watchfiles.main - DEBUG - 1 change detected: {(<Change.modified: 2>, '/workspace/app/backend/logs/app_20260612_122147.log')}
2026-06-12 12:22:31,734 - watchfiles.main - DEBUG - 1 change detected: {(<Change.modified: 2>, '/workspace/app/backend/logs/app_20260612_122147.log')}
2026-06-12 12:22:32,085 - watchfiles.main - DEBUG - 1 change detected: {(<Change.modified: 2>, '/workspace/app/backend/logs/app_20260612_122147.log')}
2026-06-12 12:22:32,437 - watchfiles.main - DEBUG - 1 change detected: {(<Change.modified: 2>, '/workspace/app/backend/logs/app_20260612_122147.log')}
2026-06-12 12:22:32,788 - watchfiles.main - DEBUG - 1 change detected: {(<Change.modified: 2>, '/workspace/app/backend/logs/app_20260612_122147.log')}
2026-06-12 12:22:33,139 - watchfiles.main - DEBUG - 1 change detected: {(<Change.modified: 2>, '/workspace/app/backend/logs/app_20260612_122147.log')}
2026-06-12 12:22:33,490 - watchfiles.main - DEBUG - 1 change detected: {(<Change.modified: 2>, '/workspace/app/backend/logs/app_20260612_122147.log')}
2026-06-12 12:22:33,842 - watchfiles.main - DEBUG - 1 change detected: {(<Change.modified: 2>, '/workspace/app/backend/logs/app_20260612_122147.log')}
2026-06-12 12:22:34,193 - watchfiles.main - DEBUG - 1 change detected: {(<Change.modified: 2>, '/workspace/app/backend/logs/app_20260612_122147.log')}
2026-06-12 12:22:34,544 - watchfiles.main - DEBUG - 1 change detected: {(<Change.modified: 2>, '/workspace/app/backend/logs/app_20260612_122147.log')}
2026-06-12 12:22:34,896 - watchfiles.main - DEBUG - 1 change detected: {(<Change.modified: 2>, '/workspace/app/backend/logs/app_20260612_122147.log')}
2026-06-12 12:22:35,247 - watchfiles.main - DEBUG - 1 change detected: {(<Change.modified: 2>, '/workspace/app/backend/logs/app_20260612_122147.log')}
2026-06-12 12:22:35,597 - watchfiles.main - DEBUG - 1 change detected: {(<Change.modified: 2>, '/workspace/app/backend/logs/app_20260612_122147.log')}
2026-06-12 12:22:35,949 - watchfiles.main - DEBUG - 1 change detected: {(<Change.modified: 2>, '/workspace/app/backend/logs/app_20260612_122147.log')}
2026-06-12 12:22:36,300 - watchfiles.main - DEBUG - 1 change detected: {(<Change.modified: 2>, '/workspace/app/backend/logs/app_20260612_122147.log')}
2026-06-12 12:22:36,651 - watchfiles.main - DEBUG - 1 change detected: {(<Change.modified: 2>, '/workspace/app/backend/logs/app_20260612_122147.log')}
2026-06-12 12:22:37,001 - watchfiles.main - DEBUG - 1 change detected: {(<Change.modified: 2>, '/workspace/app/backend/logs/app_20260612_122147.log')}
2026-06-12 12:22:37,352 - watchfiles.main - DEBUG - 1 change detected: {(<Change.modified: 2>, '/workspace/app/backend/logs/app_20260612_122147.log')}
2026-06-12 12:22:37,703 - watchfiles.main - DEBUG - 1 change detected: {(<Change.modified: 2>, '/workspace/app/backend/logs/app_20260612_122147.log')}
2026-06-12 12:22:38,054 - watchfiles.main - DEBUG - 1 change detected: {(<Change.modified: 2>, '/workspace/app/backend/logs/app_20260612_122147.log')}
2026-06-12 12:22:38,405 - watchfiles.main - DEBUG - 1 change detected: {(<Change.modified: 2>, '/workspace/app/backend/logs/app_20260612_122147.log')}
2026-06-12 12:22:38,756 - watchfiles.main - DEBUG - 1 change detected: {(<Change.modified: 2>, '/workspace/app/backend/logs/app_20260612_122147.log')}
2026-06-12 12:22:39,107 - watchfiles.main - DEBUG - 1 change detected: {(<Change.modified: 2>, '/workspace/app/backend/logs/app_20260612_122147.log')}
2026-06-12 12:22:39,458 - watchfiles.main - DEBUG - 1 change detected: {(<Change.modified: 2>, '/workspace/app/backend/logs/app_20260612_122147.log')}
2026-06-12 12:22:39,809 - watchfiles.main - DEBUG - 1 change detected: {(<Change.modified: 2>, '/workspace/app/backend/logs/app_20260612_122147.log')}
2026-06-12 12:22:40,160 - watchfiles.main - DEBUG - 1 change detected: {(<Change.modified: 2>, '/workspace/app/backend/logs/app_20260612_122147.log')}
2026-06-12 12:22:40,512 - watchfiles.main - DEBUG - 1 change detected: {(<Change.modified: 2>, '/workspace/app/backend/logs/app_20260612_122147.log')}
2026-06-12 12:22:40,863 - watchfiles.main - DEBUG - 1 change detected: {(<Change.modified: 2>, '/workspace/app/backend/logs/app_20260612_122147.log')}
2026-06-12 12:22:41,214 - watchfiles.main - DEBUG - 1 change detected: {(<Change.modified: 2>, '/workspace/app/backend/logs/app_20260612_122147.log')}
2026-06-12 12:22:41,564 - watchfiles.main - DEBUG - 1 change detected: {(<Change.modified: 2>, '/workspace/app/backend/logs/app_20260612_122147.log')}
2026-06-12 12:22:41,916 - watchfiles.main - DEBUG - 1 change detected: {(<Change.modified: 2>, '/workspace/app/backend/logs/app_20260612_122147.log')}
2026-06-12 12:22:42,267 - watchfiles.main - DEBUG - 1 change detected: {(<Change.modified: 2>, '/workspace/app/backend/logs/app_20260612_122147.log')}
2026-06-12 12:22:42,617 - watchfiles.main - DEBUG - 1 change detected: {(<Change.modified: 2>, '/workspace/app/backend/logs/app_20260612_122147.log')}
2026-06-12 12:22:42,969 - watchfiles.main - DEBUG - 1 change detected: {(<Change.modified: 2>, '/workspace/app/backend/logs/app_20260612_122147.log')}
2026-06-12 12:22:43,320 - watchfiles.main - DEBUG - 1 change detected: {(<Change.modified: 2>, '/workspace/app/backend/logs/app_20260612_122147.log')}
2026-06-12 12:22:43,671 - watchfiles.main - DEBUG - 1 change detected: {(<Change.modified: 2>, '/workspace/app/backend/logs/app_20260612_122147.log')}
2026-06-12 12:22:44,022 - watchfiles.main - DEBUG - 1 change detected: {(<Change.modified: 2>, '/workspace/app/backend/logs/app_20260612_122147.log')}
2026-06-12 12:22:44,373 - watchfiles.main - DEBUG - 1 change detected: {(<Change.modified: 2>, '/workspace/app/backend/logs/app_20260612_122147.log')}
2026-06-12 12:22:44,724 - watchfiles.main - DEBUG - 1 change detected: {(<Change.modified: 2>, '/workspace/app/backend/logs/app_20260612_122147.log')}
2026-06-12 12:22:45,075 - watchfiles.main - DEBUG - 1 change detected: {(<Change.modified: 2>, '/workspace/app/backend/logs/app_20260612_122147.log')}
2026-06-12 12:22:45,427 - watchfiles.main - DEBUG - 1 change detected: {(<Change.modified: 2>, '/workspace/app/backend/logs/app_20260612_122147.log')}
2026-06-12 12:22:45,778 - watchfiles.main - DEBUG - 1 change detected: {(<Change.modified: 2>, '/workspace/app/backend/logs/app_20260612_122147.log')}
2026-06-12 12:22:46,128 - watchfiles.main - DEBUG - 2 changes detected: {(<Change.modified: 2>, '/workspace/app/backend/logs/app_20260612_122150.log'), (<Change.modified: 2>, '/workspace/app/backend/logs/app_20260612_122147.log')}
2026-06-12 12:22:46,479 - watchfiles.main - DEBUG - 1 change detected: {(<Change.modified: 2>, '/workspace/app/backend/logs/app_20260612_122147.log')}
2026-06-12 12:22:46,830 - watchfiles.main - DEBUG - 2 changes detected: {(<Change.modified: 2>, '/workspace/app/backend/logs/app_20260612_122150.log'), (<Change.modified: 2>, '/workspace/app/backend/logs/app_20260612_122147.log')}
2026-06-12 12:22:47,181 - watchfiles.main - DEBUG - 1 change detected: {(<Change.modified: 2>, '/workspace/app/backend/logs/app_20260612_122147.log')}
2026-06-12 12:22:47,532 - watchfiles.main - DEBUG - 1 change detected: {(<Change.modified: 2>, '/workspace/app/backend/logs/app_20260612_122147.log')}
2026-06-12 12:22:47,883 - watchfiles.main - DEBUG - 1 change detected: {(<Change.modified: 2>, '/workspace/app/backend/logs/app_20260612_122147.log')}
2026-06-12 12:22:48,234 - watchfiles.main - DEBUG - 1 change detected: {(<Change.modified: 2>, '/workspace/app/backend/logs/app_20260612_122147.log')}
2026-06-12 12:22:48,585 - watchfiles.main - DEBUG - 1 change detected: {(<Change.modified: 2>, '/workspace/app/backend/logs/app_20260612_122147.log')}
2026-06-12 12:22:48,936 - watchfiles.main - DEBUG - 1 change detected: {(<Change.modified: 2>, '/workspace/app/backend/logs/app_20260612_122147.log')}
2026-06-12 12:22:49,287 - watchfiles.main - DEBUG - 1 change detected: {(<Change.modified: 2>, '/workspace/app/backend/logs/app_20260612_122147.log')}
2026-06-12 12:22:49,639 - watchfiles.main - DEBUG - 1 change detected: {(<Change.modified: 2>, '/workspace/app/backend/logs/app_20260612_122147.log')}
2026-06-12 12:22:49,990 - watchfiles.main - DEBUG - 1 change detected: {(<Change.modified: 2>, '/workspace/app/backend/logs/app_20260612_122147.log')}
2026-06-12 12:22:50,341 - watchfiles.main - DEBUG - 1 change detected: {(<Change.modified: 2>, '/workspace/app/backend/logs/app_20260612_122147.log')}
2026-06-12 12:22:50,692 - watchfiles.main - DEBUG - 1 change detected: {(<Change.modified: 2>, '/workspace/app/backend/logs/app_20260612_122147.log')}
2026-06-12 12:22:51,043 - watchfiles.main - DEBUG - 1 change detected: {(<Change.modified: 2>, '/workspace/app/backend/logs/app_20260612_122147.log')}
2026-06-12 12:22:51,394 - watchfiles.main - DEBUG - 1 change detected: {(<Change.modified: 2>, '/workspace/app/backend/logs/app_20260612_122147.log')}
2026-06-12 12:22:51,745 - watchfiles.main - DEBUG - 1 change detected: {(<Change.modified: 2>, '/workspace/app/backend/logs/app_20260612_122147.log')}
2026-06-12 12:22:52,096 - watchfiles.main - DEBUG - 1 change detected: {(<Change.modified: 2>, '/workspace/app/backend/logs/app_20260612_122147.log')}
2026-06-12 12:22:52,448 - watchfiles.main - DEBUG - 1 change detected: {(<Change.modified: 2>, '/workspace/app/backend/logs/app_20260612_122147.log')}
2026-06-12 12:22:52,799 - watchfiles.main - DEBUG - 1 change detected: {(<Change.modified: 2>, '/workspace/app/backend/logs/app_20260612_122147.log')}
2026-06-12 12:22:53,150 - watchfiles.main - DEBUG - 1 change detected: {(<Change.modified: 2>, '/workspace/app/backend/logs/app_20260612_122147.log')}
2026-06-12 12:22:53,501 - watchfiles.main - DEBUG - 1 change detected: {(<Change.modified: 2>, '/workspace/app/backend/logs/app_20260612_122147.log')}
2026-06-12 12:22:53,852 - watchfiles.main - DEBUG - 1 change detected: {(<Change.modified: 2>, '/workspace/app/backend/logs/app_20260612_122147.log')}
2026-06-12 12:22:54,203 - watchfiles.main - DEBUG - 1 change detected: {(<Change.modified: 2>, '/workspace/app/backend/logs/app_20260612_122147.log')}
2026-06-12 12:22:54,554 - watchfiles.main - DEBUG - 1 change detected: {(<Change.modified: 2>, '/workspace/app/backend/logs/app_20260612_122147.log')}
2026-06-12 12:22:54,905 - watchfiles.main - DEBUG - 1 change detected: {(<Change.modified: 2>, '/workspace/app/backend/logs/app_20260612_122147.log')}
