2026-06-12 11:00:28,754 - main - INFO - === Logging system initialized ===
2026-06-12 11:00:28,754 - main - INFO - Log file: logs/app_20260612_110028.log
2026-06-12 11:00:28,754 - main - INFO - Log level: INFO
2026-06-12 11:00:28,755 - main - INFO - Timestamp: 20260612_110028
2026-06-12 11:00:29,487 - main - INFO - Included router: routers.aihub.router
2026-06-12 11:00:29,504 - main - INFO - Included router: routers.analysis.router
2026-06-12 11:00:29,518 - main - INFO - Included router: routers.auth.router
2026-06-12 11:00:29,531 - main - INFO - Included router: routers.custom_auth.router
2026-06-12 11:00:29,582 - main - INFO - Included router: routers.doctor_patients.router
2026-06-12 11:00:29,584 - main - INFO - Included router: routers.health.router
2026-06-12 11:00:29,652 - main - INFO - Included router: routers.invite.router
2026-06-12 11:00:29,666 - main - INFO - Included router: routers.reports.router
2026-06-12 11:00:29,688 - main - INFO - Included router: routers.settings.router
2026-06-12 11:00:29,728 - main - INFO - Included router: routers.storage.router
2026-06-12 11:00:29,738 - main - INFO - Included router: routers.user.router
2026-06-12 11:00:29,792 - main - INFO - Included router: routers.users_profiles.router
2026-06-12 11:00:29,793 - main - INFO - === Application startup initiated ===
2026-06-12 11:00:29,793 - services.database - INFO - Ignore creating tables
2026-06-12 11:00:29,793 - services.mock_data - INFO - Ignore initialize data
2026-06-12 11:00:29,794 - services.auth - INFO - Ignore initialize admin
2026-06-12 11:00:29,794 - main - INFO - === Application startup completed successfully ===
2026-06-12 11:00:29,894 - services.database - DEBUG - [DB_OP] Starting database close
2026-06-12 11:00:29,895 - services.database - INFO - Database connections closed
2026-06-12 11:00:29,895 - services.database - DEBUG - [DB_OP] Database close completed in 0.0004s
