2026-06-12 10:37:42,543 - main - INFO - === Logging system initialized ===
2026-06-12 10:37:42,543 - main - INFO - Log file: logs/app_20260612_103742.log
2026-06-12 10:37:42,544 - main - INFO - Log level: INFO
2026-06-12 10:37:42,544 - main - INFO - Timestamp: 20260612_103742
2026-06-12 10:37:43,291 - main - INFO - Included router: routers.aihub.router
2026-06-12 10:37:43,309 - main - INFO - Included router: routers.analysis.router
2026-06-12 10:37:43,320 - main - INFO - Included router: routers.auth.router
2026-06-12 10:37:43,363 - main - INFO - Included router: routers.doctor_patients.router
2026-06-12 10:37:43,365 - main - INFO - Included router: routers.health.router
2026-06-12 10:37:43,385 - main - INFO - Included router: routers.invite.router
2026-06-12 10:37:43,399 - main - INFO - Included router: routers.reports.router
2026-06-12 10:37:43,419 - main - INFO - Included router: routers.settings.router
2026-06-12 10:37:43,452 - main - INFO - Included router: routers.storage.router
2026-06-12 10:37:43,460 - main - INFO - Included router: routers.user.router
2026-06-12 10:37:43,505 - main - INFO - Included router: routers.users_profiles.router
2026-06-12 10:37:43,506 - main - INFO - === Application startup initiated ===
2026-06-12 10:37:43,507 - services.database - INFO - Ignore creating tables
2026-06-12 10:37:43,507 - services.mock_data - INFO - Ignore initialize data
2026-06-12 10:37:43,507 - services.auth - INFO - Ignore initialize admin
2026-06-12 10:37:43,507 - main - INFO - === Application startup completed successfully ===
2026-06-12 10:44:35,442 - dependencies.auth - DEBUG - Authentication required for request GET /api/v1/auth/me
2026-06-12 10:44:48,008 - services.database - DEBUG - [DB_OP] Starting database close
2026-06-12 10:44:48,008 - services.database - INFO - Database connections closed
2026-06-12 10:44:48,008 - services.database - DEBUG - [DB_OP] Database close completed in 0.0006s
