2026-06-12 12:18:08,207 - main - INFO - === Logging system initialized ===
2026-06-12 12:18:08,208 - main - INFO - Log file: logs/app_20260612_121808.log
2026-06-12 12:18:08,208 - main - INFO - Log level: INFO
2026-06-12 12:18:08,208 - main - INFO - Timestamp: 20260612_121808
2026-06-12 12:18:09,104 - main - INFO - Included router: routers.aihub.router
2026-06-12 12:18:09,130 - main - INFO - Included router: routers.analysis.router
2026-06-12 12:18:09,144 - main - INFO - Included router: routers.auth.router
2026-06-12 12:18:09,159 - main - INFO - Included router: routers.custom_auth.router
2026-06-12 12:18:09,210 - main - INFO - Included router: routers.doctor_patients.router
2026-06-12 12:18:09,213 - main - INFO - Included router: routers.health.router
2026-06-12 12:18:09,264 - main - INFO - Included router: routers.invite.router
2026-06-12 12:18:09,280 - main - INFO - Included router: routers.reports.router
2026-06-12 12:18:09,303 - main - INFO - Included router: routers.settings.router
2026-06-12 12:18:09,340 - main - INFO - Included router: routers.storage.router
2026-06-12 12:18:09,351 - main - INFO - Included router: routers.user.router
2026-06-12 12:18:09,401 - main - INFO - Included router: routers.users_profiles.router
2026-06-12 12:18:09,402 - main - INFO - === Application startup initiated ===
2026-06-12 12:18:09,402 - services.database - INFO - Ignore creating tables
2026-06-12 12:18:09,403 - services.mock_data - INFO - Ignore initialize data
2026-06-12 12:18:09,403 - services.auth - INFO - Ignore initialize admin
2026-06-12 12:18:09,403 - main - INFO - === Application startup completed successfully ===
2026-06-12 12:18:09,708 - services.database - DEBUG - [DB_OP] Starting database close
2026-06-12 12:18:09,709 - services.database - INFO - Database connections closed
2026-06-12 12:18:09,709 - services.database - DEBUG - [DB_OP] Database close completed in 0.0004s
