2026-06-18 12:46:03,476 - main - INFO - === Logging system initialized ===
2026-06-18 12:46:03,476 - main - INFO - Log file: logs/app_20260618_124603.log
2026-06-18 12:46:03,476 - main - INFO - Log level: INFO
2026-06-18 12:46:03,477 - main - INFO - Timestamp: 20260618_124603
2026-06-18 12:46:04,234 - main - INFO - Included router: routers.aihub.router
2026-06-18 12:46:04,250 - main - INFO - Included router: routers.analysis.router
2026-06-18 12:46:04,261 - main - INFO - Included router: routers.auth.router
2026-06-18 12:46:04,273 - main - INFO - Included router: routers.custom_auth.router
2026-06-18 12:46:04,316 - main - INFO - Included router: routers.doctor_patients.router
2026-06-18 12:46:04,318 - main - INFO - Included router: routers.health.router
2026-06-18 12:46:04,373 - main - INFO - Included router: routers.invite.router
2026-06-18 12:46:04,384 - main - INFO - Included router: routers.reports.router
2026-06-18 12:46:04,403 - main - INFO - Included router: routers.settings.router
2026-06-18 12:46:04,437 - main - INFO - Included router: routers.storage.router
2026-06-18 12:46:04,444 - main - INFO - Included router: routers.user.router
2026-06-18 12:46:04,486 - main - INFO - Included router: routers.users_profiles.router
2026-06-18 12:46:04,488 - main - INFO - === Application startup initiated ===
2026-06-18 12:46:04,488 - services.database - INFO - Ignore creating tables
2026-06-18 12:46:04,488 - services.mock_data - INFO - Ignore initialize data
2026-06-18 12:46:04,488 - services.auth - INFO - Ignore initialize admin
2026-06-18 12:46:04,488 - main - INFO - === Application startup completed successfully ===
2026-06-18 12:48:32,756 - services.database - DEBUG - [DB_OP] Starting database close
2026-06-18 12:48:32,756 - services.database - INFO - Database connections closed
2026-06-18 12:48:32,756 - services.database - DEBUG - [DB_OP] Database close completed in 0.0004s
