2026-06-30 06:52:48,569 - main - INFO - === Logging system initialized ===
2026-06-30 06:52:48,569 - main - INFO - Log file: logs/app_20260630_065248.log
2026-06-30 06:52:48,569 - main - INFO - Log level: INFO
2026-06-30 06:52:48,569 - main - INFO - Timestamp: 20260630_065248
2026-06-30 06:52:49,338 - main - INFO - Included router: routers.aihub.router
2026-06-30 06:52:49,361 - main - INFO - Included router: routers.analysis.router
2026-06-30 06:52:49,375 - main - INFO - Included router: routers.auth.router
2026-06-30 06:52:49,389 - main - INFO - Included router: routers.custom_auth.router
2026-06-30 06:52:49,438 - main - INFO - Included router: routers.doctor_patients.router
2026-06-30 06:52:49,439 - main - INFO - Included router: routers.health.router
2026-06-30 06:52:49,499 - main - INFO - Included router: routers.invite.router
2026-06-30 06:52:49,512 - main - INFO - Included router: routers.reports.router
2026-06-30 06:52:49,531 - main - INFO - Included router: routers.settings.router
2026-06-30 06:52:49,566 - main - INFO - Included router: routers.storage.router
2026-06-30 06:52:49,574 - main - INFO - Included router: routers.user.router
2026-06-30 06:52:49,621 - main - INFO - Included router: routers.users_profiles.router
2026-06-30 06:52:49,622 - main - INFO - === Application startup initiated ===
2026-06-30 06:52:49,623 - services.database - INFO - Ignore creating tables
2026-06-30 06:52:49,623 - services.mock_data - INFO - Ignore initialize data
2026-06-30 06:52:49,624 - services.auth - INFO - Ignore initialize admin
2026-06-30 06:52:49,624 - main - INFO - === Application startup completed successfully ===
2026-06-30 07:02:26,254 - services.database - DEBUG - [DB_OP] Starting database close
2026-06-30 07:02:26,254 - services.database - INFO - Database connections closed
2026-06-30 07:02:26,254 - services.database - DEBUG - [DB_OP] Database close completed in 0.0006s
