2026-06-13 09:40:09,487 - main - INFO - === Logging system initialized ===
2026-06-13 09:40:09,487 - main - INFO - Log file: logs/app_20260613_094009.log
2026-06-13 09:40:09,487 - main - INFO - Log level: INFO
2026-06-13 09:40:09,487 - main - INFO - Timestamp: 20260613_094009
2026-06-13 09:40:10,398 - main - INFO - Included router: routers.aihub.router
2026-06-13 09:40:10,414 - main - INFO - Included router: routers.analysis.router
2026-06-13 09:40:10,423 - main - INFO - Included router: routers.auth.router
2026-06-13 09:40:10,435 - main - INFO - Included router: routers.custom_auth.router
2026-06-13 09:40:10,479 - main - INFO - Included router: routers.doctor_patients.router
2026-06-13 09:40:10,482 - main - INFO - Included router: routers.health.router
2026-06-13 09:40:10,537 - main - INFO - Included router: routers.invite.router
2026-06-13 09:40:10,553 - main - INFO - Included router: routers.reports.router
2026-06-13 09:40:10,576 - main - INFO - Included router: routers.settings.router
2026-06-13 09:40:10,609 - main - INFO - Included router: routers.storage.router
2026-06-13 09:40:10,621 - main - INFO - Included router: routers.user.router
2026-06-13 09:40:10,670 - main - INFO - Included router: routers.users_profiles.router
2026-06-13 09:40:10,672 - main - INFO - === Application startup initiated ===
2026-06-13 09:40:10,672 - services.database - INFO - Ignore creating tables
2026-06-13 09:40:10,672 - services.mock_data - INFO - Ignore initialize data
2026-06-13 09:40:10,672 - services.auth - INFO - Ignore initialize admin
2026-06-13 09:40:10,672 - main - INFO - === Application startup completed successfully ===
2026-06-13 09:44:12,487 - services.database - DEBUG - [DB_OP] Starting database close
2026-06-13 09:44:12,488 - services.database - INFO - Database connections closed
2026-06-13 09:44:12,488 - services.database - DEBUG - [DB_OP] Database close completed in 0.0006s
