2026-06-15 03:21:21,816 - main - INFO - === Logging system initialized ===
2026-06-15 03:21:21,816 - main - INFO - Log file: logs/app_20260615_032121.log
2026-06-15 03:21:21,816 - main - INFO - Log level: INFO
2026-06-15 03:21:21,816 - main - INFO - Timestamp: 20260615_032121
2026-06-15 03:21:22,711 - main - INFO - Included router: routers.aihub.router
2026-06-15 03:21:22,732 - main - INFO - Included router: routers.analysis.router
2026-06-15 03:21:22,746 - main - INFO - Included router: routers.auth.router
2026-06-15 03:21:22,760 - main - INFO - Included router: routers.custom_auth.router
2026-06-15 03:21:22,805 - main - INFO - Included router: routers.doctor_patients.router
2026-06-15 03:21:22,808 - main - INFO - Included router: routers.health.router
2026-06-15 03:21:22,875 - main - INFO - Included router: routers.invite.router
2026-06-15 03:21:22,892 - main - INFO - Included router: routers.reports.router
2026-06-15 03:21:22,921 - main - INFO - Included router: routers.settings.router
2026-06-15 03:21:22,965 - main - INFO - Included router: routers.storage.router
2026-06-15 03:21:22,980 - main - INFO - Included router: routers.user.router
2026-06-15 03:21:23,031 - main - INFO - Included router: routers.users_profiles.router
2026-06-15 03:21:23,034 - main - INFO - === Application startup initiated ===
2026-06-15 03:21:23,034 - services.database - INFO - Ignore creating tables
2026-06-15 03:21:23,034 - services.mock_data - INFO - Ignore initialize data
2026-06-15 03:21:23,034 - services.auth - INFO - Ignore initialize admin
2026-06-15 03:21:23,035 - main - INFO - === Application startup completed successfully ===
2026-06-15 03:34:12,465 - services.database - DEBUG - [DB_OP] Starting database close
2026-06-15 03:34:12,465 - services.database - INFO - Database connections closed
2026-06-15 03:34:12,465 - services.database - DEBUG - [DB_OP] Database close completed in 0.0005s
