2026-06-10 21:25:15,880 - main - INFO - === Logging system initialized ===
2026-06-10 21:25:15,880 - main - INFO - Log file: logs/app_20260610_212515.log
2026-06-10 21:25:15,880 - main - INFO - Log level: INFO
2026-06-10 21:25:15,880 - main - INFO - Timestamp: 20260610_212515
2026-06-10 21:25:16,562 - main - INFO - Included router: routers.aihub.router
2026-06-10 21:25:16,574 - main - INFO - Included router: routers.analysis.router
2026-06-10 21:25:16,592 - main - INFO - Included router: routers.auth.router
2026-06-10 21:25:16,593 - main - INFO - Included router: routers.health.router
2026-06-10 21:25:16,606 - main - INFO - Included router: routers.reports.router
2026-06-10 21:25:16,627 - main - INFO - Included router: routers.settings.router
2026-06-10 21:25:16,664 - main - INFO - Included router: routers.storage.router
2026-06-10 21:25:16,676 - main - INFO - Included router: routers.user.router
2026-06-10 21:25:16,677 - main - INFO - === Application startup initiated ===
2026-06-10 21:25:16,677 - services.database - INFO - Ignore creating tables
2026-06-10 21:25:16,678 - services.mock_data - INFO - Ignore initialize data
2026-06-10 21:25:16,678 - services.auth - INFO - Ignore initialize admin
2026-06-10 21:25:16,678 - main - INFO - === Application startup completed successfully ===
2026-06-10 21:26:00,477 - services.database - DEBUG - [DB_OP] Starting database close
2026-06-10 21:26:00,477 - services.database - INFO - Database connections closed
2026-06-10 21:26:00,477 - services.database - DEBUG - [DB_OP] Database close completed in 0.0006s
