2026-06-18 10:43:10,883 - main - INFO - === Logging system initialized ===
2026-06-18 10:43:10,883 - main - INFO - Log file: logs/app_20260618_104310.log
2026-06-18 10:43:10,883 - main - INFO - Log level: INFO
2026-06-18 10:43:10,883 - main - INFO - Timestamp: 20260618_104310
2026-06-18 10:43:11,742 - main - INFO - Included router: routers.aihub.router
2026-06-18 10:43:11,761 - main - INFO - Included router: routers.analysis.router
2026-06-18 10:43:11,772 - main - INFO - Included router: routers.auth.router
2026-06-18 10:43:11,784 - main - INFO - Included router: routers.custom_auth.router
2026-06-18 10:43:11,852 - main - INFO - Included router: routers.doctor_patients.router
2026-06-18 10:43:11,855 - main - INFO - Included router: routers.health.router
2026-06-18 10:43:11,907 - main - INFO - Included router: routers.invite.router
2026-06-18 10:43:11,922 - main - INFO - Included router: routers.reports.router
2026-06-18 10:43:11,945 - main - INFO - Included router: routers.settings.router
2026-06-18 10:43:11,988 - main - INFO - Included router: routers.storage.router
2026-06-18 10:43:12,003 - main - INFO - Included router: routers.user.router
2026-06-18 10:43:12,096 - main - INFO - Included router: routers.users_profiles.router
2026-06-18 10:43:12,097 - main - INFO - === Application startup initiated ===
2026-06-18 10:43:12,097 - services.database - INFO - Ignore creating tables
2026-06-18 10:43:12,097 - services.mock_data - INFO - Ignore initialize data
2026-06-18 10:43:12,097 - services.auth - INFO - Ignore initialize admin
2026-06-18 10:43:12,097 - main - INFO - === Application startup completed successfully ===
2026-06-18 11:08:54,359 - services.database - DEBUG - [DB_OP] Starting database close
2026-06-18 11:08:54,360 - services.database - INFO - Database connections closed
2026-06-18 11:08:54,360 - services.database - DEBUG - [DB_OP] Database close completed in 0.0005s
