2026-06-21 22:34:21,889 - main - INFO - === Logging system initialized ===
2026-06-21 22:34:21,890 - main - INFO - Log file: logs/app_20260621_223421.log
2026-06-21 22:34:21,890 - main - INFO - Log level: INFO
2026-06-21 22:34:21,890 - main - INFO - Timestamp: 20260621_223421
2026-06-21 22:34:22,801 - main - INFO - Included router: routers.aihub.router
2026-06-21 22:34:22,852 - main - INFO - Included router: routers.analysis.router
2026-06-21 22:34:22,869 - main - INFO - Included router: routers.auth.router
2026-06-21 22:34:22,885 - main - INFO - Included router: routers.custom_auth.router
2026-06-21 22:34:22,944 - main - INFO - Included router: routers.doctor_patients.router
2026-06-21 22:34:22,946 - main - INFO - Included router: routers.health.router
2026-06-21 22:34:23,012 - main - INFO - Included router: routers.invite.router
2026-06-21 22:34:23,050 - main - INFO - Included router: routers.reports.router
2026-06-21 22:34:23,072 - main - INFO - Included router: routers.settings.router
2026-06-21 22:34:23,107 - main - INFO - Included router: routers.storage.router
2026-06-21 22:34:23,115 - main - INFO - Included router: routers.user.router
2026-06-21 22:34:23,159 - main - INFO - Included router: routers.users_profiles.router
2026-06-21 22:34:24,527 - watchfiles.main - DEBUG - 1 change detected: {(<Change.added: 1>, '/workspace/app/backend/logs/app_20260621_223424.log')}
2026-06-21 22:34:24,878 - watchfiles.main - DEBUG - 1 change detected: {(<Change.modified: 2>, '/workspace/app/backend/logs/app_20260621_223421.log')}
2026-06-21 22:34:25,229 - watchfiles.main - DEBUG - 1 change detected: {(<Change.modified: 2>, '/workspace/app/backend/logs/app_20260621_223421.log')}
2026-06-21 22:34:25,580 - watchfiles.main - DEBUG - 2 changes detected: {(<Change.modified: 2>, '/workspace/app/backend/logs/app_20260621_223421.log'), (<Change.modified: 2>, '/workspace/app/backend/logs/app_20260621_223424.log')}
2026-06-21 22:34:25,931 - watchfiles.main - DEBUG - 2 changes detected: {(<Change.modified: 2>, '/workspace/app/backend/logs/app_20260621_223421.log'), (<Change.modified: 2>, '/workspace/app/backend/logs/app_20260621_223424.log')}
2026-06-21 22:34:26,282 - watchfiles.main - DEBUG - 1 change detected: {(<Change.modified: 2>, '/workspace/app/backend/logs/app_20260621_223421.log')}
2026-06-21 22:34:26,633 - watchfiles.main - DEBUG - 1 change detected: {(<Change.modified: 2>, '/workspace/app/backend/logs/app_20260621_223421.log')}
2026-06-21 22:34:26,984 - watchfiles.main - DEBUG - 1 change detected: {(<Change.modified: 2>, '/workspace/app/backend/logs/app_20260621_223421.log')}
2026-06-21 22:34:27,335 - watchfiles.main - DEBUG - 1 change detected: {(<Change.modified: 2>, '/workspace/app/backend/logs/app_20260621_223421.log')}
2026-06-21 22:34:27,686 - watchfiles.main - DEBUG - 1 change detected: {(<Change.modified: 2>, '/workspace/app/backend/logs/app_20260621_223421.log')}
2026-06-21 22:34:28,037 - watchfiles.main - DEBUG - 1 change detected: {(<Change.modified: 2>, '/workspace/app/backend/logs/app_20260621_223421.log')}
2026-06-21 22:34:28,388 - watchfiles.main - DEBUG - 1 change detected: {(<Change.modified: 2>, '/workspace/app/backend/logs/app_20260621_223421.log')}
2026-06-21 22:34:28,740 - watchfiles.main - DEBUG - 1 change detected: {(<Change.modified: 2>, '/workspace/app/backend/logs/app_20260621_223421.log')}
2026-06-21 22:34:29,091 - watchfiles.main - DEBUG - 1 change detected: {(<Change.modified: 2>, '/workspace/app/backend/logs/app_20260621_223421.log')}
2026-06-21 22:34:29,442 - watchfiles.main - DEBUG - 1 change detected: {(<Change.modified: 2>, '/workspace/app/backend/logs/app_20260621_223421.log')}
2026-06-21 22:34:29,793 - watchfiles.main - DEBUG - 1 change detected: {(<Change.modified: 2>, '/workspace/app/backend/logs/app_20260621_223421.log')}
2026-06-21 22:34:30,144 - watchfiles.main - DEBUG - 1 change detected: {(<Change.modified: 2>, '/workspace/app/backend/logs/app_20260621_223421.log')}
2026-06-21 22:34:30,495 - watchfiles.main - DEBUG - 1 change detected: {(<Change.modified: 2>, '/workspace/app/backend/logs/app_20260621_223421.log')}
2026-06-21 22:34:30,846 - watchfiles.main - DEBUG - 1 change detected: {(<Change.modified: 2>, '/workspace/app/backend/logs/app_20260621_223421.log')}
2026-06-21 22:34:31,197 - watchfiles.main - DEBUG - 1 change detected: {(<Change.modified: 2>, '/workspace/app/backend/logs/app_20260621_223421.log')}
2026-06-21 22:34:31,548 - watchfiles.main - DEBUG - 1 change detected: {(<Change.modified: 2>, '/workspace/app/backend/logs/app_20260621_223421.log')}
2026-06-21 22:34:31,899 - watchfiles.main - DEBUG - 1 change detected: {(<Change.modified: 2>, '/workspace/app/backend/logs/app_20260621_223421.log')}
2026-06-21 22:34:32,250 - watchfiles.main - DEBUG - 1 change detected: {(<Change.modified: 2>, '/workspace/app/backend/logs/app_20260621_223421.log')}
2026-06-21 22:34:32,601 - watchfiles.main - DEBUG - 1 change detected: {(<Change.modified: 2>, '/workspace/app/backend/logs/app_20260621_223421.log')}
2026-06-21 22:34:32,952 - watchfiles.main - DEBUG - 1 change detected: {(<Change.modified: 2>, '/workspace/app/backend/logs/app_20260621_223421.log')}
2026-06-21 22:34:33,303 - watchfiles.main - DEBUG - 1 change detected: {(<Change.modified: 2>, '/workspace/app/backend/logs/app_20260621_223421.log')}
2026-06-21 22:34:33,654 - watchfiles.main - DEBUG - 1 change detected: {(<Change.modified: 2>, '/workspace/app/backend/logs/app_20260621_223421.log')}
2026-06-21 22:34:34,006 - watchfiles.main - DEBUG - 1 change detected: {(<Change.modified: 2>, '/workspace/app/backend/logs/app_20260621_223421.log')}
2026-06-21 22:34:34,357 - watchfiles.main - DEBUG - 1 change detected: {(<Change.modified: 2>, '/workspace/app/backend/logs/app_20260621_223421.log')}
2026-06-21 22:34:34,708 - watchfiles.main - DEBUG - 1 change detected: {(<Change.modified: 2>, '/workspace/app/backend/logs/app_20260621_223421.log')}
2026-06-21 22:34:35,059 - watchfiles.main - DEBUG - 1 change detected: {(<Change.modified: 2>, '/workspace/app/backend/logs/app_20260621_223421.log')}
2026-06-21 22:34:35,410 - watchfiles.main - DEBUG - 1 change detected: {(<Change.modified: 2>, '/workspace/app/backend/logs/app_20260621_223421.log')}
2026-06-21 22:34:35,761 - watchfiles.main - DEBUG - 1 change detected: {(<Change.modified: 2>, '/workspace/app/backend/logs/app_20260621_223421.log')}
2026-06-21 22:34:36,112 - watchfiles.main - DEBUG - 1 change detected: {(<Change.modified: 2>, '/workspace/app/backend/logs/app_20260621_223421.log')}
2026-06-21 22:34:36,463 - watchfiles.main - DEBUG - 1 change detected: {(<Change.modified: 2>, '/workspace/app/backend/logs/app_20260621_223421.log')}
2026-06-21 22:34:36,814 - watchfiles.main - DEBUG - 1 change detected: {(<Change.modified: 2>, '/workspace/app/backend/logs/app_20260621_223421.log')}
2026-06-21 22:34:37,165 - watchfiles.main - DEBUG - 1 change detected: {(<Change.modified: 2>, '/workspace/app/backend/logs/app_20260621_223421.log')}
2026-06-21 22:34:37,516 - watchfiles.main - DEBUG - 1 change detected: {(<Change.modified: 2>, '/workspace/app/backend/logs/app_20260621_223421.log')}
2026-06-21 22:34:37,867 - watchfiles.main - DEBUG - 1 change detected: {(<Change.modified: 2>, '/workspace/app/backend/logs/app_20260621_223421.log')}
2026-06-21 22:34:38,218 - watchfiles.main - DEBUG - 1 change detected: {(<Change.modified: 2>, '/workspace/app/backend/logs/app_20260621_223421.log')}
2026-06-21 22:34:38,569 - watchfiles.main - DEBUG - 1 change detected: {(<Change.modified: 2>, '/workspace/app/backend/logs/app_20260621_223421.log')}
2026-06-21 22:34:38,920 - watchfiles.main - DEBUG - 1 change detected: {(<Change.modified: 2>, '/workspace/app/backend/logs/app_20260621_223421.log')}
2026-06-21 22:34:39,271 - watchfiles.main - DEBUG - 1 change detected: {(<Change.modified: 2>, '/workspace/app/backend/logs/app_20260621_223421.log')}
2026-06-21 22:34:39,622 - watchfiles.main - DEBUG - 1 change detected: {(<Change.modified: 2>, '/workspace/app/backend/logs/app_20260621_223421.log')}
2026-06-21 22:34:39,973 - watchfiles.main - DEBUG - 1 change detected: {(<Change.modified: 2>, '/workspace/app/backend/logs/app_20260621_223421.log')}
2026-06-21 22:34:40,324 - watchfiles.main - DEBUG - 1 change detected: {(<Change.modified: 2>, '/workspace/app/backend/logs/app_20260621_223421.log')}
2026-06-21 22:34:40,675 - watchfiles.main - DEBUG - 1 change detected: {(<Change.modified: 2>, '/workspace/app/backend/logs/app_20260621_223421.log')}
2026-06-21 22:34:41,026 - watchfiles.main - DEBUG - 1 change detected: {(<Change.modified: 2>, '/workspace/app/backend/logs/app_20260621_223421.log')}
2026-06-21 22:34:41,377 - watchfiles.main - DEBUG - 1 change detected: {(<Change.modified: 2>, '/workspace/app/backend/logs/app_20260621_223421.log')}
2026-06-21 22:34:41,728 - watchfiles.main - DEBUG - 1 change detected: {(<Change.modified: 2>, '/workspace/app/backend/logs/app_20260621_223421.log')}
2026-06-21 22:34:42,079 - watchfiles.main - DEBUG - 1 change detected: {(<Change.modified: 2>, '/workspace/app/backend/logs/app_20260621_223421.log')}
2026-06-21 22:34:42,430 - watchfiles.main - DEBUG - 1 change detected: {(<Change.modified: 2>, '/workspace/app/backend/logs/app_20260621_223421.log')}
2026-06-21 22:34:42,780 - watchfiles.main - DEBUG - 1 change detected: {(<Change.modified: 2>, '/workspace/app/backend/logs/app_20260621_223421.log')}
2026-06-21 22:34:43,131 - watchfiles.main - DEBUG - 1 change detected: {(<Change.modified: 2>, '/workspace/app/backend/logs/app_20260621_223421.log')}
2026-06-21 22:34:43,482 - watchfiles.main - DEBUG - 1 change detected: {(<Change.modified: 2>, '/workspace/app/backend/logs/app_20260621_223421.log')}
2026-06-21 22:34:43,833 - watchfiles.main - DEBUG - 1 change detected: {(<Change.modified: 2>, '/workspace/app/backend/logs/app_20260621_223421.log')}
2026-06-21 22:34:44,184 - watchfiles.main - DEBUG - 1 change detected: {(<Change.modified: 2>, '/workspace/app/backend/logs/app_20260621_223421.log')}
2026-06-21 22:34:44,535 - watchfiles.main - DEBUG - 1 change detected: {(<Change.modified: 2>, '/workspace/app/backend/logs/app_20260621_223421.log')}
2026-06-21 22:34:44,886 - watchfiles.main - DEBUG - 1 change detected: {(<Change.modified: 2>, '/workspace/app/backend/logs/app_20260621_223421.log')}
2026-06-21 22:34:45,237 - watchfiles.main - DEBUG - 1 change detected: {(<Change.modified: 2>, '/workspace/app/backend/logs/app_20260621_223421.log')}
2026-06-21 22:34:45,588 - watchfiles.main - DEBUG - 1 change detected: {(<Change.modified: 2>, '/workspace/app/backend/logs/app_20260621_223421.log')}
2026-06-21 22:34:45,939 - watchfiles.main - DEBUG - 1 change detected: {(<Change.modified: 2>, '/workspace/app/backend/logs/app_20260621_223421.log')}
2026-06-21 22:34:46,289 - watchfiles.main - DEBUG - 1 change detected: {(<Change.modified: 2>, '/workspace/app/backend/logs/app_20260621_223421.log')}
2026-06-21 22:34:46,641 - watchfiles.main - DEBUG - 1 change detected: {(<Change.modified: 2>, '/workspace/app/backend/logs/app_20260621_223421.log')}
2026-06-21 22:34:46,992 - watchfiles.main - DEBUG - 1 change detected: {(<Change.modified: 2>, '/workspace/app/backend/logs/app_20260621_223421.log')}
2026-06-21 22:34:47,343 - watchfiles.main - DEBUG - 1 change detected: {(<Change.modified: 2>, '/workspace/app/backend/logs/app_20260621_223421.log')}
2026-06-21 22:34:47,694 - watchfiles.main - DEBUG - 1 change detected: {(<Change.modified: 2>, '/workspace/app/backend/logs/app_20260621_223421.log')}
2026-06-21 22:34:48,045 - watchfiles.main - DEBUG - 1 change detected: {(<Change.modified: 2>, '/workspace/app/backend/logs/app_20260621_223421.log')}
2026-06-21 22:34:48,396 - watchfiles.main - DEBUG - 1 change detected: {(<Change.modified: 2>, '/workspace/app/backend/logs/app_20260621_223421.log')}
2026-06-21 22:34:48,747 - watchfiles.main - DEBUG - 1 change detected: {(<Change.modified: 2>, '/workspace/app/backend/logs/app_20260621_223421.log')}
2026-06-21 22:34:49,098 - watchfiles.main - DEBUG - 1 change detected: {(<Change.modified: 2>, '/workspace/app/backend/logs/app_20260621_223421.log')}
2026-06-21 22:34:49,449 - watchfiles.main - DEBUG - 1 change detected: {(<Change.modified: 2>, '/workspace/app/backend/logs/app_20260621_223421.log')}
2026-06-21 22:34:49,800 - watchfiles.main - DEBUG - 1 change detected: {(<Change.modified: 2>, '/workspace/app/backend/logs/app_20260621_223421.log')}
2026-06-21 22:34:50,150 - watchfiles.main - DEBUG - 1 change detected: {(<Change.modified: 2>, '/workspace/app/backend/logs/app_20260621_223421.log')}
2026-06-21 22:34:50,501 - watchfiles.main - DEBUG - 1 change detected: {(<Change.modified: 2>, '/workspace/app/backend/logs/app_20260621_223421.log')}
2026-06-21 22:34:50,852 - watchfiles.main - DEBUG - 1 change detected: {(<Change.modified: 2>, '/workspace/app/backend/logs/app_20260621_223421.log')}
2026-06-21 22:34:51,203 - watchfiles.main - DEBUG - 1 change detected: {(<Change.modified: 2>, '/workspace/app/backend/logs/app_20260621_223421.log')}
2026-06-21 22:34:51,554 - watchfiles.main - DEBUG - 1 change detected: {(<Change.modified: 2>, '/workspace/app/backend/logs/app_20260621_223421.log')}
2026-06-21 22:34:51,905 - watchfiles.main - DEBUG - 1 change detected: {(<Change.modified: 2>, '/workspace/app/backend/logs/app_20260621_223421.log')}
2026-06-21 22:34:52,256 - watchfiles.main - DEBUG - 1 change detected: {(<Change.modified: 2>, '/workspace/app/backend/logs/app_20260621_223421.log')}
2026-06-21 22:34:52,607 - watchfiles.main - DEBUG - 1 change detected: {(<Change.modified: 2>, '/workspace/app/backend/logs/app_20260621_223421.log')}
2026-06-21 22:34:52,958 - watchfiles.main - DEBUG - 1 change detected: {(<Change.modified: 2>, '/workspace/app/backend/logs/app_20260621_223421.log')}
2026-06-21 22:34:53,309 - watchfiles.main - DEBUG - 1 change detected: {(<Change.modified: 2>, '/workspace/app/backend/logs/app_20260621_223421.log')}
2026-06-21 22:34:53,660 - watchfiles.main - DEBUG - 1 change detected: {(<Change.modified: 2>, '/workspace/app/backend/logs/app_20260621_223421.log')}
2026-06-21 22:34:54,011 - watchfiles.main - DEBUG - 1 change detected: {(<Change.modified: 2>, '/workspace/app/backend/logs/app_20260621_223421.log')}
2026-06-21 22:34:54,362 - watchfiles.main - DEBUG - 1 change detected: {(<Change.modified: 2>, '/workspace/app/backend/logs/app_20260621_223421.log')}
2026-06-21 22:34:54,713 - watchfiles.main - DEBUG - 1 change detected: {(<Change.modified: 2>, '/workspace/app/backend/logs/app_20260621_223421.log')}
2026-06-21 22:34:55,064 - watchfiles.main - DEBUG - 1 change detected: {(<Change.modified: 2>, '/workspace/app/backend/logs/app_20260621_223421.log')}
2026-06-21 22:34:55,415 - watchfiles.main - DEBUG - 1 change detected: {(<Change.modified: 2>, '/workspace/app/backend/logs/app_20260621_223421.log')}
2026-06-21 22:34:55,766 - watchfiles.main - DEBUG - 1 change detected: {(<Change.modified: 2>, '/workspace/app/backend/logs/app_20260621_223421.log')}
2026-06-21 22:34:56,117 - watchfiles.main - DEBUG - 1 change detected: {(<Change.modified: 2>, '/workspace/app/backend/logs/app_20260621_223421.log')}
2026-06-21 22:34:56,468 - watchfiles.main - DEBUG - 1 change detected: {(<Change.modified: 2>, '/workspace/app/backend/logs/app_20260621_223421.log')}
2026-06-21 22:34:56,819 - watchfiles.main - DEBUG - 1 change detected: {(<Change.modified: 2>, '/workspace/app/backend/logs/app_20260621_223421.log')}
2026-06-21 22:34:57,170 - watchfiles.main - DEBUG - 1 change detected: {(<Change.modified: 2>, '/workspace/app/backend/logs/app_20260621_223421.log')}
2026-06-21 22:34:57,521 - watchfiles.main - DEBUG - 1 change detected: {(<Change.modified: 2>, '/workspace/app/backend/logs/app_20260621_223421.log')}
2026-06-21 22:34:57,871 - watchfiles.main - DEBUG - 1 change detected: {(<Change.modified: 2>, '/workspace/app/backend/logs/app_20260621_223421.log')}
2026-06-21 22:34:58,222 - watchfiles.main - DEBUG - 1 change detected: {(<Change.modified: 2>, '/workspace/app/backend/logs/app_20260621_223421.log')}
2026-06-21 22:34:58,573 - watchfiles.main - DEBUG - 1 change detected: {(<Change.modified: 2>, '/workspace/app/backend/logs/app_20260621_223421.log')}
2026-06-21 22:34:58,924 - watchfiles.main - DEBUG - 1 change detected: {(<Change.modified: 2>, '/workspace/app/backend/logs/app_20260621_223421.log')}
2026-06-21 22:34:59,275 - watchfiles.main - DEBUG - 1 change detected: {(<Change.modified: 2>, '/workspace/app/backend/logs/app_20260621_223421.log')}
2026-06-21 22:34:59,626 - watchfiles.main - DEBUG - 1 change detected: {(<Change.modified: 2>, '/workspace/app/backend/logs/app_20260621_223421.log')}
2026-06-21 22:34:59,977 - watchfiles.main - DEBUG - 1 change detected: {(<Change.modified: 2>, '/workspace/app/backend/logs/app_20260621_223421.log')}
2026-06-21 22:35:00,328 - watchfiles.main - DEBUG - 1 change detected: {(<Change.modified: 2>, '/workspace/app/backend/logs/app_20260621_223421.log')}
2026-06-21 22:35:00,679 - watchfiles.main - DEBUG - 1 change detected: {(<Change.modified: 2>, '/workspace/app/backend/logs/app_20260621_223421.log')}
2026-06-21 22:35:01,030 - watchfiles.main - DEBUG - 1 change detected: {(<Change.modified: 2>, '/workspace/app/backend/logs/app_20260621_223421.log')}
2026-06-21 22:35:01,381 - watchfiles.main - DEBUG - 1 change detected: {(<Change.modified: 2>, '/workspace/app/backend/logs/app_20260621_223421.log')}
2026-06-21 22:35:01,732 - watchfiles.main - DEBUG - 1 change detected: {(<Change.modified: 2>, '/workspace/app/backend/logs/app_20260621_223421.log')}
2026-06-21 22:35:02,083 - watchfiles.main - DEBUG - 1 change detected: {(<Change.modified: 2>, '/workspace/app/backend/logs/app_20260621_223421.log')}
2026-06-21 22:35:02,434 - watchfiles.main - DEBUG - 1 change detected: {(<Change.modified: 2>, '/workspace/app/backend/logs/app_20260621_223421.log')}
2026-06-21 22:35:02,785 - watchfiles.main - DEBUG - 1 change detected: {(<Change.modified: 2>, '/workspace/app/backend/logs/app_20260621_223421.log')}
2026-06-21 22:35:03,136 - watchfiles.main - DEBUG - 1 change detected: {(<Change.modified: 2>, '/workspace/app/backend/logs/app_20260621_223421.log')}
2026-06-21 22:35:03,487 - watchfiles.main - DEBUG - 1 change detected: {(<Change.modified: 2>, '/workspace/app/backend/logs/app_20260621_223421.log')}
2026-06-21 22:35:03,838 - watchfiles.main - DEBUG - 1 change detected: {(<Change.modified: 2>, '/workspace/app/backend/logs/app_20260621_223421.log')}
2026-06-21 22:35:04,189 - watchfiles.main - DEBUG - 1 change detected: {(<Change.modified: 2>, '/workspace/app/backend/logs/app_20260621_223421.log')}
2026-06-21 22:35:04,540 - watchfiles.main - DEBUG - 1 change detected: {(<Change.modified: 2>, '/workspace/app/backend/logs/app_20260621_223421.log')}
2026-06-21 22:35:04,891 - watchfiles.main - DEBUG - 1 change detected: {(<Change.modified: 2>, '/workspace/app/backend/logs/app_20260621_223421.log')}
2026-06-21 22:35:05,242 - watchfiles.main - DEBUG - 1 change detected: {(<Change.modified: 2>, '/workspace/app/backend/logs/app_20260621_223421.log')}
2026-06-21 22:35:05,593 - watchfiles.main - DEBUG - 1 change detected: {(<Change.modified: 2>, '/workspace/app/backend/logs/app_20260621_223421.log')}
2026-06-21 22:35:05,944 - watchfiles.main - DEBUG - 1 change detected: {(<Change.modified: 2>, '/workspace/app/backend/logs/app_20260621_223421.log')}
2026-06-21 22:35:06,295 - watchfiles.main - DEBUG - 1 change detected: {(<Change.modified: 2>, '/workspace/app/backend/logs/app_20260621_223421.log')}
2026-06-21 22:35:06,646 - watchfiles.main - DEBUG - 1 change detected: {(<Change.modified: 2>, '/workspace/app/backend/logs/app_20260621_223421.log')}
2026-06-21 22:35:06,997 - watchfiles.main - DEBUG - 1 change detected: {(<Change.modified: 2>, '/workspace/app/backend/logs/app_20260621_223421.log')}
2026-06-21 22:35:07,348 - watchfiles.main - DEBUG - 1 change detected: {(<Change.modified: 2>, '/workspace/app/backend/logs/app_20260621_223421.log')}
2026-06-21 22:35:07,699 - watchfiles.main - DEBUG - 1 change detected: {(<Change.modified: 2>, '/workspace/app/backend/logs/app_20260621_223421.log')}
2026-06-21 22:35:08,050 - watchfiles.main - DEBUG - 1 change detected: {(<Change.modified: 2>, '/workspace/app/backend/logs/app_20260621_223421.log')}
2026-06-21 22:35:08,401 - watchfiles.main - DEBUG - 1 change detected: {(<Change.modified: 2>, '/workspace/app/backend/logs/app_20260621_223421.log')}
2026-06-21 22:35:08,752 - watchfiles.main - DEBUG - 1 change detected: {(<Change.modified: 2>, '/workspace/app/backend/logs/app_20260621_223421.log')}
2026-06-21 22:35:09,103 - watchfiles.main - DEBUG - 1 change detected: {(<Change.modified: 2>, '/workspace/app/backend/logs/app_20260621_223421.log')}
2026-06-21 22:35:09,454 - watchfiles.main - DEBUG - 1 change detected: {(<Change.modified: 2>, '/workspace/app/backend/logs/app_20260621_223421.log')}
2026-06-21 22:35:09,805 - watchfiles.main - DEBUG - 1 change detected: {(<Change.modified: 2>, '/workspace/app/backend/logs/app_20260621_223421.log')}
2026-06-21 22:35:10,156 - watchfiles.main - DEBUG - 1 change detected: {(<Change.modified: 2>, '/workspace/app/backend/logs/app_20260621_223421.log')}
2026-06-21 22:35:10,507 - watchfiles.main - DEBUG - 1 change detected: {(<Change.modified: 2>, '/workspace/app/backend/logs/app_20260621_223421.log')}
2026-06-21 22:35:10,858 - watchfiles.main - DEBUG - 1 change detected: {(<Change.modified: 2>, '/workspace/app/backend/logs/app_20260621_223421.log')}
2026-06-21 22:35:11,209 - watchfiles.main - DEBUG - 1 change detected: {(<Change.modified: 2>, '/workspace/app/backend/logs/app_20260621_223421.log')}
2026-06-21 22:35:11,559 - watchfiles.main - DEBUG - 1 change detected: {(<Change.modified: 2>, '/workspace/app/backend/logs/app_20260621_223421.log')}
2026-06-21 22:35:11,910 - watchfiles.main - DEBUG - 1 change detected: {(<Change.modified: 2>, '/workspace/app/backend/logs/app_20260621_223421.log')}
2026-06-21 22:35:12,262 - watchfiles.main - DEBUG - 1 change detected: {(<Change.modified: 2>, '/workspace/app/backend/logs/app_20260621_223421.log')}
2026-06-21 22:35:12,613 - watchfiles.main - DEBUG - 1 change detected: {(<Change.modified: 2>, '/workspace/app/backend/logs/app_20260621_223421.log')}
2026-06-21 22:35:12,964 - watchfiles.main - DEBUG - 1 change detected: {(<Change.modified: 2>, '/workspace/app/backend/logs/app_20260621_223421.log')}
2026-06-21 22:35:13,315 - watchfiles.main - DEBUG - 1 change detected: {(<Change.modified: 2>, '/workspace/app/backend/logs/app_20260621_223421.log')}
2026-06-21 22:35:13,666 - watchfiles.main - DEBUG - 1 change detected: {(<Change.modified: 2>, '/workspace/app/backend/logs/app_20260621_223421.log')}
2026-06-21 22:35:14,017 - watchfiles.main - DEBUG - 1 change detected: {(<Change.modified: 2>, '/workspace/app/backend/logs/app_20260621_223421.log')}
2026-06-21 22:35:14,368 - watchfiles.main - DEBUG - 1 change detected: {(<Change.modified: 2>, '/workspace/app/backend/logs/app_20260621_223421.log')}
2026-06-21 22:35:14,719 - watchfiles.main - DEBUG - 1 change detected: {(<Change.modified: 2>, '/workspace/app/backend/logs/app_20260621_223421.log')}
2026-06-21 22:35:15,070 - watchfiles.main - DEBUG - 1 change detected: {(<Change.modified: 2>, '/workspace/app/backend/logs/app_20260621_223421.log')}
2026-06-21 22:35:15,421 - watchfiles.main - DEBUG - 1 change detected: {(<Change.modified: 2>, '/workspace/app/backend/logs/app_20260621_223421.log')}
2026-06-21 22:35:15,772 - watchfiles.main - DEBUG - 1 change detected: {(<Change.modified: 2>, '/workspace/app/backend/logs/app_20260621_223421.log')}
2026-06-21 22:35:16,123 - watchfiles.main - DEBUG - 1 change detected: {(<Change.modified: 2>, '/workspace/app/backend/logs/app_20260621_223421.log')}
2026-06-21 22:35:16,474 - watchfiles.main - DEBUG - 1 change detected: {(<Change.modified: 2>, '/workspace/app/backend/logs/app_20260621_223421.log')}
2026-06-21 22:35:16,825 - watchfiles.main - DEBUG - 1 change detected: {(<Change.modified: 2>, '/workspace/app/backend/logs/app_20260621_223421.log')}
2026-06-21 22:35:17,176 - watchfiles.main - DEBUG - 1 change detected: {(<Change.modified: 2>, '/workspace/app/backend/logs/app_20260621_223421.log')}
2026-06-21 22:35:17,527 - watchfiles.main - DEBUG - 1 change detected: {(<Change.modified: 2>, '/workspace/app/backend/logs/app_20260621_223421.log')}
2026-06-21 22:35:17,878 - watchfiles.main - DEBUG - 1 change detected: {(<Change.modified: 2>, '/workspace/app/backend/logs/app_20260621_223421.log')}
2026-06-21 22:35:18,229 - watchfiles.main - DEBUG - 1 change detected: {(<Change.modified: 2>, '/workspace/app/backend/logs/app_20260621_223421.log')}
2026-06-21 22:35:18,581 - watchfiles.main - DEBUG - 1 change detected: {(<Change.modified: 2>, '/workspace/app/backend/logs/app_20260621_223421.log')}
2026-06-21 22:35:18,932 - watchfiles.main - DEBUG - 1 change detected: {(<Change.modified: 2>, '/workspace/app/backend/logs/app_20260621_223421.log')}
2026-06-21 22:35:19,283 - watchfiles.main - DEBUG - 1 change detected: {(<Change.modified: 2>, '/workspace/app/backend/logs/app_20260621_223421.log')}
2026-06-21 22:35:19,634 - watchfiles.main - DEBUG - 1 change detected: {(<Change.modified: 2>, '/workspace/app/backend/logs/app_20260621_223421.log')}
2026-06-21 22:35:19,985 - watchfiles.main - DEBUG - 1 change detected: {(<Change.modified: 2>, '/workspace/app/backend/logs/app_20260621_223421.log')}
2026-06-21 22:35:20,336 - watchfiles.main - DEBUG - 1 change detected: {(<Change.modified: 2>, '/workspace/app/backend/logs/app_20260621_223421.log')}
2026-06-21 22:35:20,687 - watchfiles.main - DEBUG - 1 change detected: {(<Change.modified: 2>, '/workspace/app/backend/logs/app_20260621_223421.log')}
2026-06-21 22:35:21,038 - watchfiles.main - DEBUG - 1 change detected: {(<Change.modified: 2>, '/workspace/app/backend/logs/app_20260621_223421.log')}
2026-06-21 22:35:21,389 - watchfiles.main - DEBUG - 1 change detected: {(<Change.modified: 2>, '/workspace/app/backend/logs/app_20260621_223421.log')}
2026-06-21 22:35:21,740 - watchfiles.main - DEBUG - 1 change detected: {(<Change.modified: 2>, '/workspace/app/backend/logs/app_20260621_223421.log')}
2026-06-21 22:35:22,091 - watchfiles.main - DEBUG - 1 change detected: {(<Change.modified: 2>, '/workspace/app/backend/logs/app_20260621_223421.log')}
2026-06-21 22:35:22,442 - watchfiles.main - DEBUG - 1 change detected: {(<Change.modified: 2>, '/workspace/app/backend/logs/app_20260621_223421.log')}
2026-06-21 22:35:22,793 - watchfiles.main - DEBUG - 1 change detected: {(<Change.modified: 2>, '/workspace/app/backend/logs/app_20260621_223421.log')}
