2026-07-06 11:49:04,255 - main - INFO - === Logging system initialized ===
2026-07-06 11:49:04,255 - main - INFO - Log file: logs/app_20260706_114904.log
2026-07-06 11:49:04,256 - main - INFO - Log level: INFO
2026-07-06 11:49:04,256 - main - INFO - Timestamp: 20260706_114904
2026-07-06 11:49:05,145 - main - INFO - Included router: routers.aihub.router
2026-07-06 11:49:05,172 - main - INFO - Included router: routers.analysis.router
2026-07-06 11:49:05,189 - main - INFO - Included router: routers.auth.router
2026-07-06 11:49:05,207 - main - INFO - Included router: routers.custom_auth.router
2026-07-06 11:49:05,259 - main - INFO - Included router: routers.doctor_patients.router
2026-07-06 11:49:05,260 - main - INFO - Included router: routers.health.router
2026-07-06 11:49:05,323 - main - INFO - Included router: routers.invite.router
2026-07-06 11:49:05,338 - main - INFO - Included router: routers.reports.router
2026-07-06 11:49:05,360 - main - INFO - Included router: routers.settings.router
2026-07-06 11:49:05,409 - main - INFO - Included router: routers.storage.router
2026-07-06 11:49:05,419 - main - INFO - Included router: routers.user.router
2026-07-06 11:49:05,465 - main - INFO - Included router: routers.users_profiles.router
2026-07-06 11:49:05,467 - main - INFO - === Application startup initiated ===
2026-07-06 11:49:05,467 - services.database - INFO - Ignore creating tables
2026-07-06 11:49:05,467 - services.mock_data - INFO - Ignore initialize data
2026-07-06 11:49:05,467 - services.auth - INFO - Ignore initialize admin
2026-07-06 11:49:05,467 - main - INFO - === Application startup completed successfully ===
2026-07-06 12:00:35,641 - services.database - DEBUG - [DB_OP] Starting database close
2026-07-06 12:00:35,641 - services.database - INFO - Database connections closed
2026-07-06 12:00:35,642 - services.database - DEBUG - [DB_OP] Database close completed in 0.0008s
