2026-06-21 11:10:26,231 - main - INFO - === Logging system initialized ===
2026-06-21 11:10:26,232 - main - INFO - Log file: logs/app_20260621_111026.log
2026-06-21 11:10:26,232 - main - INFO - Log level: INFO
2026-06-21 11:10:26,232 - main - INFO - Timestamp: 20260621_111026
2026-06-21 11:10:27,257 - main - INFO - Included router: routers.aihub.router
2026-06-21 11:10:27,280 - main - INFO - Included router: routers.analysis.router
2026-06-21 11:10:27,298 - main - INFO - Included router: routers.auth.router
2026-06-21 11:10:27,314 - main - INFO - Included router: routers.custom_auth.router
2026-06-21 11:10:27,366 - main - INFO - Included router: routers.doctor_patients.router
2026-06-21 11:10:27,370 - main - INFO - Included router: routers.health.router
2026-06-21 11:10:27,438 - main - INFO - Included router: routers.invite.router
2026-06-21 11:10:27,452 - main - INFO - Included router: routers.reports.router
2026-06-21 11:10:27,473 - main - INFO - Included router: routers.settings.router
2026-06-21 11:10:27,511 - main - INFO - Included router: routers.storage.router
2026-06-21 11:10:27,521 - main - INFO - Included router: routers.user.router
2026-06-21 11:10:27,566 - main - INFO - Included router: routers.users_profiles.router
2026-06-21 11:10:27,567 - main - INFO - === Application startup initiated ===
2026-06-21 11:10:27,568 - services.database - INFO - Ignore creating tables
2026-06-21 11:10:27,568 - services.mock_data - INFO - Ignore initialize data
2026-06-21 11:10:27,568 - services.auth - INFO - Ignore initialize admin
2026-06-21 11:10:27,568 - main - INFO - === Application startup completed successfully ===
2026-06-21 11:19:40,228 - services.database - DEBUG - [DB_OP] Starting database close
2026-06-21 11:19:40,228 - services.database - INFO - Database connections closed
2026-06-21 11:19:40,228 - services.database - DEBUG - [DB_OP] Database close completed in 0.0003s
