2026-06-16 11:14:12,507 - main - INFO - === Logging system initialized ===
2026-06-16 11:14:12,508 - main - INFO - Log file: logs/app_20260616_111412.log
2026-06-16 11:14:12,508 - main - INFO - Log level: INFO
2026-06-16 11:14:12,508 - main - INFO - Timestamp: 20260616_111412
2026-06-16 11:14:13,283 - main - INFO - Included router: routers.aihub.router
2026-06-16 11:14:13,302 - main - INFO - Included router: routers.analysis.router
2026-06-16 11:14:13,319 - main - INFO - Included router: routers.auth.router
2026-06-16 11:14:13,333 - main - INFO - Included router: routers.custom_auth.router
2026-06-16 11:14:13,385 - main - INFO - Included router: routers.doctor_patients.router
2026-06-16 11:14:13,387 - main - INFO - Included router: routers.health.router
2026-06-16 11:14:13,467 - main - INFO - Included router: routers.invite.router
2026-06-16 11:14:13,480 - main - INFO - Included router: routers.reports.router
2026-06-16 11:14:13,501 - main - INFO - Included router: routers.settings.router
2026-06-16 11:14:13,546 - main - INFO - Included router: routers.storage.router
2026-06-16 11:14:13,554 - main - INFO - Included router: routers.user.router
2026-06-16 11:14:13,607 - main - INFO - Included router: routers.users_profiles.router
2026-06-16 11:14:14,069 - watchfiles.main - DEBUG - 1 change detected: {(<Change.modified: 2>, '/workspace/app/backend/logs/app_20260616_111133.log')}
2026-06-16 11:14:14,420 - watchfiles.main - DEBUG - 2 changes detected: {(<Change.modified: 2>, '/workspace/app/backend/logs/app_20260616_111412.log'), (<Change.modified: 2>, '/workspace/app/backend/logs/app_20260616_111133.log')}
2026-06-16 11:14:14,771 - watchfiles.main - DEBUG - 2 changes detected: {(<Change.modified: 2>, '/workspace/app/backend/logs/app_20260616_111412.log'), (<Change.modified: 2>, '/workspace/app/backend/logs/app_20260616_111133.log')}
2026-06-16 11:14:15,122 - watchfiles.main - DEBUG - 3 changes detected: {(<Change.modified: 2>, '/workspace/app/backend/logs/app_20260616_111412.log'), (<Change.added: 1>, '/workspace/app/backend/logs/app_20260616_111414.log'), (<Change.modified: 2>, '/workspace/app/backend/logs/app_20260616_111133.log')}
2026-06-16 11:14:15,473 - watchfiles.main - DEBUG - 2 changes detected: {(<Change.modified: 2>, '/workspace/app/backend/logs/app_20260616_111412.log'), (<Change.modified: 2>, '/workspace/app/backend/logs/app_20260616_111133.log')}
2026-06-16 11:14:15,824 - watchfiles.main - DEBUG - 3 changes detected: {(<Change.modified: 2>, '/workspace/app/backend/logs/app_20260616_111414.log'), (<Change.modified: 2>, '/workspace/app/backend/logs/app_20260616_111412.log'), (<Change.modified: 2>, '/workspace/app/backend/logs/app_20260616_111133.log')}
2026-06-16 11:14:16,175 - watchfiles.main - DEBUG - 3 changes detected: {(<Change.modified: 2>, '/workspace/app/backend/logs/app_20260616_111414.log'), (<Change.modified: 2>, '/workspace/app/backend/logs/app_20260616_111412.log'), (<Change.modified: 2>, '/workspace/app/backend/logs/app_20260616_111133.log')}
2026-06-16 11:14:16,526 - watchfiles.main - DEBUG - 2 changes detected: {(<Change.modified: 2>, '/workspace/app/backend/logs/app_20260616_111412.log'), (<Change.modified: 2>, '/workspace/app/backend/logs/app_20260616_111133.log')}
2026-06-16 11:14:16,877 - watchfiles.main - DEBUG - 2 changes detected: {(<Change.modified: 2>, '/workspace/app/backend/logs/app_20260616_111412.log'), (<Change.modified: 2>, '/workspace/app/backend/logs/app_20260616_111133.log')}
2026-06-16 11:14:17,228 - watchfiles.main - DEBUG - 2 changes detected: {(<Change.modified: 2>, '/workspace/app/backend/logs/app_20260616_111412.log'), (<Change.modified: 2>, '/workspace/app/backend/logs/app_20260616_111133.log')}
2026-06-16 11:14:17,579 - watchfiles.main - DEBUG - 2 changes detected: {(<Change.modified: 2>, '/workspace/app/backend/logs/app_20260616_111412.log'), (<Change.modified: 2>, '/workspace/app/backend/logs/app_20260616_111133.log')}
2026-06-16 11:14:17,930 - watchfiles.main - DEBUG - 2 changes detected: {(<Change.modified: 2>, '/workspace/app/backend/logs/app_20260616_111412.log'), (<Change.modified: 2>, '/workspace/app/backend/logs/app_20260616_111133.log')}
2026-06-16 11:14:18,281 - watchfiles.main - DEBUG - 2 changes detected: {(<Change.modified: 2>, '/workspace/app/backend/logs/app_20260616_111412.log'), (<Change.modified: 2>, '/workspace/app/backend/logs/app_20260616_111133.log')}
2026-06-16 11:14:18,632 - watchfiles.main - DEBUG - 2 changes detected: {(<Change.modified: 2>, '/workspace/app/backend/logs/app_20260616_111412.log'), (<Change.modified: 2>, '/workspace/app/backend/logs/app_20260616_111133.log')}
2026-06-16 11:14:18,982 - watchfiles.main - DEBUG - 2 changes detected: {(<Change.modified: 2>, '/workspace/app/backend/logs/app_20260616_111412.log'), (<Change.modified: 2>, '/workspace/app/backend/logs/app_20260616_111133.log')}
2026-06-16 11:14:19,333 - watchfiles.main - DEBUG - 2 changes detected: {(<Change.modified: 2>, '/workspace/app/backend/logs/app_20260616_111412.log'), (<Change.modified: 2>, '/workspace/app/backend/logs/app_20260616_111133.log')}
2026-06-16 11:14:19,684 - watchfiles.main - DEBUG - 2 changes detected: {(<Change.modified: 2>, '/workspace/app/backend/logs/app_20260616_111412.log'), (<Change.modified: 2>, '/workspace/app/backend/logs/app_20260616_111133.log')}
2026-06-16 11:14:20,035 - watchfiles.main - DEBUG - 2 changes detected: {(<Change.modified: 2>, '/workspace/app/backend/logs/app_20260616_111412.log'), (<Change.modified: 2>, '/workspace/app/backend/logs/app_20260616_111133.log')}
2026-06-16 11:14:20,386 - watchfiles.main - DEBUG - 2 changes detected: {(<Change.modified: 2>, '/workspace/app/backend/logs/app_20260616_111412.log'), (<Change.modified: 2>, '/workspace/app/backend/logs/app_20260616_111133.log')}
2026-06-16 11:14:20,737 - watchfiles.main - DEBUG - 2 changes detected: {(<Change.modified: 2>, '/workspace/app/backend/logs/app_20260616_111412.log'), (<Change.modified: 2>, '/workspace/app/backend/logs/app_20260616_111133.log')}
2026-06-16 11:14:21,088 - watchfiles.main - DEBUG - 2 changes detected: {(<Change.modified: 2>, '/workspace/app/backend/logs/app_20260616_111412.log'), (<Change.modified: 2>, '/workspace/app/backend/logs/app_20260616_111133.log')}
2026-06-16 11:14:21,439 - watchfiles.main - DEBUG - 2 changes detected: {(<Change.modified: 2>, '/workspace/app/backend/logs/app_20260616_111412.log'), (<Change.modified: 2>, '/workspace/app/backend/logs/app_20260616_111133.log')}
2026-06-16 11:14:21,790 - watchfiles.main - DEBUG - 2 changes detected: {(<Change.modified: 2>, '/workspace/app/backend/logs/app_20260616_111412.log'), (<Change.modified: 2>, '/workspace/app/backend/logs/app_20260616_111133.log')}
2026-06-16 11:14:22,141 - watchfiles.main - DEBUG - 2 changes detected: {(<Change.modified: 2>, '/workspace/app/backend/logs/app_20260616_111412.log'), (<Change.modified: 2>, '/workspace/app/backend/logs/app_20260616_111133.log')}
2026-06-16 11:14:22,492 - watchfiles.main - DEBUG - 2 changes detected: {(<Change.modified: 2>, '/workspace/app/backend/logs/app_20260616_111412.log'), (<Change.modified: 2>, '/workspace/app/backend/logs/app_20260616_111133.log')}
2026-06-16 11:14:22,843 - watchfiles.main - DEBUG - 2 changes detected: {(<Change.modified: 2>, '/workspace/app/backend/logs/app_20260616_111412.log'), (<Change.modified: 2>, '/workspace/app/backend/logs/app_20260616_111133.log')}
2026-06-16 11:14:23,194 - watchfiles.main - DEBUG - 2 changes detected: {(<Change.modified: 2>, '/workspace/app/backend/logs/app_20260616_111412.log'), (<Change.modified: 2>, '/workspace/app/backend/logs/app_20260616_111133.log')}
2026-06-16 11:14:23,544 - watchfiles.main - DEBUG - 2 changes detected: {(<Change.modified: 2>, '/workspace/app/backend/logs/app_20260616_111412.log'), (<Change.modified: 2>, '/workspace/app/backend/logs/app_20260616_111133.log')}
2026-06-16 11:14:23,895 - watchfiles.main - DEBUG - 2 changes detected: {(<Change.modified: 2>, '/workspace/app/backend/logs/app_20260616_111412.log'), (<Change.modified: 2>, '/workspace/app/backend/logs/app_20260616_111133.log')}
2026-06-16 11:14:24,246 - watchfiles.main - DEBUG - 2 changes detected: {(<Change.modified: 2>, '/workspace/app/backend/logs/app_20260616_111412.log'), (<Change.modified: 2>, '/workspace/app/backend/logs/app_20260616_111133.log')}
2026-06-16 11:14:24,597 - watchfiles.main - DEBUG - 2 changes detected: {(<Change.modified: 2>, '/workspace/app/backend/logs/app_20260616_111412.log'), (<Change.modified: 2>, '/workspace/app/backend/logs/app_20260616_111133.log')}
2026-06-16 11:14:24,948 - watchfiles.main - DEBUG - 2 changes detected: {(<Change.modified: 2>, '/workspace/app/backend/logs/app_20260616_111412.log'), (<Change.modified: 2>, '/workspace/app/backend/logs/app_20260616_111133.log')}
2026-06-16 11:14:25,299 - watchfiles.main - DEBUG - 2 changes detected: {(<Change.modified: 2>, '/workspace/app/backend/logs/app_20260616_111412.log'), (<Change.modified: 2>, '/workspace/app/backend/logs/app_20260616_111133.log')}
2026-06-16 11:14:25,650 - watchfiles.main - DEBUG - 2 changes detected: {(<Change.modified: 2>, '/workspace/app/backend/logs/app_20260616_111412.log'), (<Change.modified: 2>, '/workspace/app/backend/logs/app_20260616_111133.log')}
2026-06-16 11:14:26,001 - watchfiles.main - DEBUG - 2 changes detected: {(<Change.modified: 2>, '/workspace/app/backend/logs/app_20260616_111412.log'), (<Change.modified: 2>, '/workspace/app/backend/logs/app_20260616_111133.log')}
2026-06-16 11:14:26,352 - watchfiles.main - DEBUG - 2 changes detected: {(<Change.modified: 2>, '/workspace/app/backend/logs/app_20260616_111412.log'), (<Change.modified: 2>, '/workspace/app/backend/logs/app_20260616_111133.log')}
2026-06-16 11:14:26,703 - watchfiles.main - DEBUG - 2 changes detected: {(<Change.modified: 2>, '/workspace/app/backend/logs/app_20260616_111412.log'), (<Change.modified: 2>, '/workspace/app/backend/logs/app_20260616_111133.log')}
2026-06-16 11:14:27,054 - watchfiles.main - DEBUG - 2 changes detected: {(<Change.modified: 2>, '/workspace/app/backend/logs/app_20260616_111412.log'), (<Change.modified: 2>, '/workspace/app/backend/logs/app_20260616_111133.log')}
2026-06-16 11:14:27,405 - watchfiles.main - DEBUG - 2 changes detected: {(<Change.modified: 2>, '/workspace/app/backend/logs/app_20260616_111412.log'), (<Change.modified: 2>, '/workspace/app/backend/logs/app_20260616_111133.log')}
2026-06-16 11:14:27,756 - watchfiles.main - DEBUG - 2 changes detected: {(<Change.modified: 2>, '/workspace/app/backend/logs/app_20260616_111412.log'), (<Change.modified: 2>, '/workspace/app/backend/logs/app_20260616_111133.log')}
2026-06-16 11:14:28,107 - watchfiles.main - DEBUG - 2 changes detected: {(<Change.modified: 2>, '/workspace/app/backend/logs/app_20260616_111412.log'), (<Change.modified: 2>, '/workspace/app/backend/logs/app_20260616_111133.log')}
2026-06-16 11:14:28,457 - watchfiles.main - DEBUG - 2 changes detected: {(<Change.modified: 2>, '/workspace/app/backend/logs/app_20260616_111412.log'), (<Change.modified: 2>, '/workspace/app/backend/logs/app_20260616_111133.log')}
2026-06-16 11:14:28,808 - watchfiles.main - DEBUG - 2 changes detected: {(<Change.modified: 2>, '/workspace/app/backend/logs/app_20260616_111412.log'), (<Change.modified: 2>, '/workspace/app/backend/logs/app_20260616_111133.log')}
2026-06-16 11:14:29,159 - watchfiles.main - DEBUG - 2 changes detected: {(<Change.modified: 2>, '/workspace/app/backend/logs/app_20260616_111412.log'), (<Change.modified: 2>, '/workspace/app/backend/logs/app_20260616_111133.log')}
2026-06-16 11:14:29,510 - watchfiles.main - DEBUG - 2 changes detected: {(<Change.modified: 2>, '/workspace/app/backend/logs/app_20260616_111412.log'), (<Change.modified: 2>, '/workspace/app/backend/logs/app_20260616_111133.log')}
2026-06-16 11:14:29,861 - watchfiles.main - DEBUG - 2 changes detected: {(<Change.modified: 2>, '/workspace/app/backend/logs/app_20260616_111412.log'), (<Change.modified: 2>, '/workspace/app/backend/logs/app_20260616_111133.log')}
2026-06-16 11:14:30,212 - watchfiles.main - DEBUG - 2 changes detected: {(<Change.modified: 2>, '/workspace/app/backend/logs/app_20260616_111412.log'), (<Change.modified: 2>, '/workspace/app/backend/logs/app_20260616_111133.log')}
2026-06-16 11:14:30,563 - watchfiles.main - DEBUG - 2 changes detected: {(<Change.modified: 2>, '/workspace/app/backend/logs/app_20260616_111412.log'), (<Change.modified: 2>, '/workspace/app/backend/logs/app_20260616_111133.log')}
2026-06-16 11:14:30,914 - watchfiles.main - DEBUG - 2 changes detected: {(<Change.modified: 2>, '/workspace/app/backend/logs/app_20260616_111412.log'), (<Change.modified: 2>, '/workspace/app/backend/logs/app_20260616_111133.log')}
2026-06-16 11:14:31,265 - watchfiles.main - DEBUG - 2 changes detected: {(<Change.modified: 2>, '/workspace/app/backend/logs/app_20260616_111412.log'), (<Change.modified: 2>, '/workspace/app/backend/logs/app_20260616_111133.log')}
2026-06-16 11:14:31,616 - watchfiles.main - DEBUG - 2 changes detected: {(<Change.modified: 2>, '/workspace/app/backend/logs/app_20260616_111412.log'), (<Change.modified: 2>, '/workspace/app/backend/logs/app_20260616_111133.log')}
2026-06-16 11:14:31,967 - watchfiles.main - DEBUG - 2 changes detected: {(<Change.modified: 2>, '/workspace/app/backend/logs/app_20260616_111412.log'), (<Change.modified: 2>, '/workspace/app/backend/logs/app_20260616_111133.log')}
2026-06-16 11:14:32,318 - watchfiles.main - DEBUG - 2 changes detected: {(<Change.modified: 2>, '/workspace/app/backend/logs/app_20260616_111412.log'), (<Change.modified: 2>, '/workspace/app/backend/logs/app_20260616_111133.log')}
2026-06-16 11:14:32,669 - watchfiles.main - DEBUG - 2 changes detected: {(<Change.modified: 2>, '/workspace/app/backend/logs/app_20260616_111412.log'), (<Change.modified: 2>, '/workspace/app/backend/logs/app_20260616_111133.log')}
2026-06-16 11:14:33,020 - watchfiles.main - DEBUG - 2 changes detected: {(<Change.modified: 2>, '/workspace/app/backend/logs/app_20260616_111412.log'), (<Change.modified: 2>, '/workspace/app/backend/logs/app_20260616_111133.log')}
2026-06-16 11:14:33,371 - watchfiles.main - DEBUG - 2 changes detected: {(<Change.modified: 2>, '/workspace/app/backend/logs/app_20260616_111412.log'), (<Change.modified: 2>, '/workspace/app/backend/logs/app_20260616_111133.log')}
2026-06-16 11:14:33,722 - watchfiles.main - DEBUG - 2 changes detected: {(<Change.modified: 2>, '/workspace/app/backend/logs/app_20260616_111412.log'), (<Change.modified: 2>, '/workspace/app/backend/logs/app_20260616_111133.log')}
2026-06-16 11:14:34,073 - watchfiles.main - DEBUG - 2 changes detected: {(<Change.modified: 2>, '/workspace/app/backend/logs/app_20260616_111412.log'), (<Change.modified: 2>, '/workspace/app/backend/logs/app_20260616_111133.log')}
2026-06-16 11:14:34,424 - watchfiles.main - DEBUG - 2 changes detected: {(<Change.modified: 2>, '/workspace/app/backend/logs/app_20260616_111412.log'), (<Change.modified: 2>, '/workspace/app/backend/logs/app_20260616_111133.log')}
2026-06-16 11:14:34,775 - watchfiles.main - DEBUG - 2 changes detected: {(<Change.modified: 2>, '/workspace/app/backend/logs/app_20260616_111412.log'), (<Change.modified: 2>, '/workspace/app/backend/logs/app_20260616_111133.log')}
2026-06-16 11:14:35,126 - watchfiles.main - DEBUG - 2 changes detected: {(<Change.modified: 2>, '/workspace/app/backend/logs/app_20260616_111412.log'), (<Change.modified: 2>, '/workspace/app/backend/logs/app_20260616_111133.log')}
2026-06-16 11:14:35,477 - watchfiles.main - DEBUG - 2 changes detected: {(<Change.modified: 2>, '/workspace/app/backend/logs/app_20260616_111412.log'), (<Change.modified: 2>, '/workspace/app/backend/logs/app_20260616_111133.log')}
2026-06-16 11:14:35,828 - watchfiles.main - DEBUG - 2 changes detected: {(<Change.modified: 2>, '/workspace/app/backend/logs/app_20260616_111412.log'), (<Change.modified: 2>, '/workspace/app/backend/logs/app_20260616_111133.log')}
2026-06-16 11:14:36,179 - watchfiles.main - DEBUG - 2 changes detected: {(<Change.modified: 2>, '/workspace/app/backend/logs/app_20260616_111412.log'), (<Change.modified: 2>, '/workspace/app/backend/logs/app_20260616_111133.log')}
2026-06-16 11:14:36,530 - watchfiles.main - DEBUG - 2 changes detected: {(<Change.modified: 2>, '/workspace/app/backend/logs/app_20260616_111412.log'), (<Change.modified: 2>, '/workspace/app/backend/logs/app_20260616_111133.log')}
2026-06-16 11:14:36,881 - watchfiles.main - DEBUG - 2 changes detected: {(<Change.modified: 2>, '/workspace/app/backend/logs/app_20260616_111412.log'), (<Change.modified: 2>, '/workspace/app/backend/logs/app_20260616_111133.log')}
2026-06-16 11:14:37,231 - watchfiles.main - DEBUG - 2 changes detected: {(<Change.modified: 2>, '/workspace/app/backend/logs/app_20260616_111412.log'), (<Change.modified: 2>, '/workspace/app/backend/logs/app_20260616_111133.log')}
2026-06-16 11:14:37,583 - watchfiles.main - DEBUG - 2 changes detected: {(<Change.modified: 2>, '/workspace/app/backend/logs/app_20260616_111412.log'), (<Change.modified: 2>, '/workspace/app/backend/logs/app_20260616_111133.log')}
2026-06-16 11:14:37,934 - watchfiles.main - DEBUG - 2 changes detected: {(<Change.modified: 2>, '/workspace/app/backend/logs/app_20260616_111412.log'), (<Change.modified: 2>, '/workspace/app/backend/logs/app_20260616_111133.log')}
2026-06-16 11:14:38,285 - watchfiles.main - DEBUG - 2 changes detected: {(<Change.modified: 2>, '/workspace/app/backend/logs/app_20260616_111412.log'), (<Change.modified: 2>, '/workspace/app/backend/logs/app_20260616_111133.log')}
2026-06-16 11:14:38,636 - watchfiles.main - DEBUG - 2 changes detected: {(<Change.modified: 2>, '/workspace/app/backend/logs/app_20260616_111412.log'), (<Change.modified: 2>, '/workspace/app/backend/logs/app_20260616_111133.log')}
2026-06-16 11:14:38,987 - watchfiles.main - DEBUG - 2 changes detected: {(<Change.modified: 2>, '/workspace/app/backend/logs/app_20260616_111412.log'), (<Change.modified: 2>, '/workspace/app/backend/logs/app_20260616_111133.log')}
2026-06-16 11:14:39,338 - watchfiles.main - DEBUG - 2 changes detected: {(<Change.modified: 2>, '/workspace/app/backend/logs/app_20260616_111412.log'), (<Change.modified: 2>, '/workspace/app/backend/logs/app_20260616_111133.log')}
2026-06-16 11:14:39,689 - watchfiles.main - DEBUG - 2 changes detected: {(<Change.modified: 2>, '/workspace/app/backend/logs/app_20260616_111412.log'), (<Change.modified: 2>, '/workspace/app/backend/logs/app_20260616_111133.log')}
2026-06-16 11:14:40,040 - watchfiles.main - DEBUG - 2 changes detected: {(<Change.modified: 2>, '/workspace/app/backend/logs/app_20260616_111412.log'), (<Change.modified: 2>, '/workspace/app/backend/logs/app_20260616_111133.log')}
2026-06-16 11:14:40,391 - watchfiles.main - DEBUG - 2 changes detected: {(<Change.modified: 2>, '/workspace/app/backend/logs/app_20260616_111412.log'), (<Change.modified: 2>, '/workspace/app/backend/logs/app_20260616_111133.log')}
2026-06-16 11:14:40,742 - watchfiles.main - DEBUG - 2 changes detected: {(<Change.modified: 2>, '/workspace/app/backend/logs/app_20260616_111412.log'), (<Change.modified: 2>, '/workspace/app/backend/logs/app_20260616_111133.log')}
2026-06-16 11:14:41,093 - watchfiles.main - DEBUG - 2 changes detected: {(<Change.modified: 2>, '/workspace/app/backend/logs/app_20260616_111412.log'), (<Change.modified: 2>, '/workspace/app/backend/logs/app_20260616_111133.log')}
2026-06-16 11:14:41,444 - watchfiles.main - DEBUG - 2 changes detected: {(<Change.modified: 2>, '/workspace/app/backend/logs/app_20260616_111412.log'), (<Change.modified: 2>, '/workspace/app/backend/logs/app_20260616_111133.log')}
2026-06-16 11:14:41,795 - watchfiles.main - DEBUG - 2 changes detected: {(<Change.modified: 2>, '/workspace/app/backend/logs/app_20260616_111412.log'), (<Change.modified: 2>, '/workspace/app/backend/logs/app_20260616_111133.log')}
2026-06-16 11:14:42,146 - watchfiles.main - DEBUG - 2 changes detected: {(<Change.modified: 2>, '/workspace/app/backend/logs/app_20260616_111412.log'), (<Change.modified: 2>, '/workspace/app/backend/logs/app_20260616_111133.log')}
2026-06-16 11:14:42,497 - watchfiles.main - DEBUG - 2 changes detected: {(<Change.modified: 2>, '/workspace/app/backend/logs/app_20260616_111412.log'), (<Change.modified: 2>, '/workspace/app/backend/logs/app_20260616_111133.log')}
2026-06-16 11:14:42,848 - watchfiles.main - DEBUG - 2 changes detected: {(<Change.modified: 2>, '/workspace/app/backend/logs/app_20260616_111412.log'), (<Change.modified: 2>, '/workspace/app/backend/logs/app_20260616_111133.log')}
2026-06-16 11:14:43,199 - watchfiles.main - DEBUG - 2 changes detected: {(<Change.modified: 2>, '/workspace/app/backend/logs/app_20260616_111412.log'), (<Change.modified: 2>, '/workspace/app/backend/logs/app_20260616_111133.log')}
2026-06-16 11:14:43,550 - watchfiles.main - DEBUG - 2 changes detected: {(<Change.modified: 2>, '/workspace/app/backend/logs/app_20260616_111412.log'), (<Change.modified: 2>, '/workspace/app/backend/logs/app_20260616_111133.log')}
2026-06-16 11:14:43,901 - watchfiles.main - DEBUG - 2 changes detected: {(<Change.modified: 2>, '/workspace/app/backend/logs/app_20260616_111412.log'), (<Change.modified: 2>, '/workspace/app/backend/logs/app_20260616_111133.log')}
2026-06-16 11:14:44,251 - watchfiles.main - DEBUG - 2 changes detected: {(<Change.modified: 2>, '/workspace/app/backend/logs/app_20260616_111412.log'), (<Change.modified: 2>, '/workspace/app/backend/logs/app_20260616_111133.log')}
2026-06-16 11:14:44,602 - watchfiles.main - DEBUG - 2 changes detected: {(<Change.modified: 2>, '/workspace/app/backend/logs/app_20260616_111412.log'), (<Change.modified: 2>, '/workspace/app/backend/logs/app_20260616_111133.log')}
2026-06-16 11:14:44,953 - watchfiles.main - DEBUG - 2 changes detected: {(<Change.modified: 2>, '/workspace/app/backend/logs/app_20260616_111412.log'), (<Change.modified: 2>, '/workspace/app/backend/logs/app_20260616_111133.log')}
2026-06-16 11:14:45,304 - watchfiles.main - DEBUG - 2 changes detected: {(<Change.modified: 2>, '/workspace/app/backend/logs/app_20260616_111412.log'), (<Change.modified: 2>, '/workspace/app/backend/logs/app_20260616_111133.log')}
2026-06-16 11:14:45,655 - watchfiles.main - DEBUG - 2 changes detected: {(<Change.modified: 2>, '/workspace/app/backend/logs/app_20260616_111412.log'), (<Change.modified: 2>, '/workspace/app/backend/logs/app_20260616_111133.log')}
2026-06-16 11:14:46,006 - watchfiles.main - DEBUG - 2 changes detected: {(<Change.modified: 2>, '/workspace/app/backend/logs/app_20260616_111412.log'), (<Change.modified: 2>, '/workspace/app/backend/logs/app_20260616_111133.log')}
2026-06-16 11:14:46,357 - watchfiles.main - DEBUG - 2 changes detected: {(<Change.modified: 2>, '/workspace/app/backend/logs/app_20260616_111412.log'), (<Change.modified: 2>, '/workspace/app/backend/logs/app_20260616_111133.log')}
2026-06-16 11:14:46,708 - watchfiles.main - DEBUG - 2 changes detected: {(<Change.modified: 2>, '/workspace/app/backend/logs/app_20260616_111412.log'), (<Change.modified: 2>, '/workspace/app/backend/logs/app_20260616_111133.log')}
2026-06-16 11:14:47,059 - watchfiles.main - DEBUG - 2 changes detected: {(<Change.modified: 2>, '/workspace/app/backend/logs/app_20260616_111412.log'), (<Change.modified: 2>, '/workspace/app/backend/logs/app_20260616_111133.log')}
2026-06-16 11:14:47,410 - watchfiles.main - DEBUG - 2 changes detected: {(<Change.modified: 2>, '/workspace/app/backend/logs/app_20260616_111412.log'), (<Change.modified: 2>, '/workspace/app/backend/logs/app_20260616_111133.log')}
2026-06-16 11:14:47,761 - watchfiles.main - DEBUG - 2 changes detected: {(<Change.modified: 2>, '/workspace/app/backend/logs/app_20260616_111412.log'), (<Change.modified: 2>, '/workspace/app/backend/logs/app_20260616_111133.log')}
2026-06-16 11:14:48,112 - watchfiles.main - DEBUG - 2 changes detected: {(<Change.modified: 2>, '/workspace/app/backend/logs/app_20260616_111412.log'), (<Change.modified: 2>, '/workspace/app/backend/logs/app_20260616_111133.log')}
2026-06-16 11:14:48,462 - watchfiles.main - DEBUG - 2 changes detected: {(<Change.modified: 2>, '/workspace/app/backend/logs/app_20260616_111412.log'), (<Change.modified: 2>, '/workspace/app/backend/logs/app_20260616_111133.log')}
2026-06-16 11:14:48,813 - watchfiles.main - DEBUG - 2 changes detected: {(<Change.modified: 2>, '/workspace/app/backend/logs/app_20260616_111412.log'), (<Change.modified: 2>, '/workspace/app/backend/logs/app_20260616_111133.log')}
2026-06-16 11:14:49,164 - watchfiles.main - DEBUG - 2 changes detected: {(<Change.modified: 2>, '/workspace/app/backend/logs/app_20260616_111412.log'), (<Change.modified: 2>, '/workspace/app/backend/logs/app_20260616_111133.log')}
2026-06-16 11:14:49,515 - watchfiles.main - DEBUG - 2 changes detected: {(<Change.modified: 2>, '/workspace/app/backend/logs/app_20260616_111412.log'), (<Change.modified: 2>, '/workspace/app/backend/logs/app_20260616_111133.log')}
2026-06-16 11:14:49,866 - watchfiles.main - DEBUG - 2 changes detected: {(<Change.modified: 2>, '/workspace/app/backend/logs/app_20260616_111412.log'), (<Change.modified: 2>, '/workspace/app/backend/logs/app_20260616_111133.log')}
2026-06-16 11:14:50,217 - watchfiles.main - DEBUG - 2 changes detected: {(<Change.modified: 2>, '/workspace/app/backend/logs/app_20260616_111412.log'), (<Change.modified: 2>, '/workspace/app/backend/logs/app_20260616_111133.log')}
2026-06-16 11:14:50,568 - watchfiles.main - DEBUG - 2 changes detected: {(<Change.modified: 2>, '/workspace/app/backend/logs/app_20260616_111412.log'), (<Change.modified: 2>, '/workspace/app/backend/logs/app_20260616_111133.log')}
2026-06-16 11:14:50,919 - watchfiles.main - DEBUG - 2 changes detected: {(<Change.modified: 2>, '/workspace/app/backend/logs/app_20260616_111412.log'), (<Change.modified: 2>, '/workspace/app/backend/logs/app_20260616_111133.log')}
2026-06-16 11:14:51,270 - watchfiles.main - DEBUG - 2 changes detected: {(<Change.modified: 2>, '/workspace/app/backend/logs/app_20260616_111412.log'), (<Change.modified: 2>, '/workspace/app/backend/logs/app_20260616_111133.log')}
2026-06-16 11:14:51,621 - watchfiles.main - DEBUG - 2 changes detected: {(<Change.modified: 2>, '/workspace/app/backend/logs/app_20260616_111412.log'), (<Change.modified: 2>, '/workspace/app/backend/logs/app_20260616_111133.log')}
2026-06-16 11:14:51,972 - watchfiles.main - DEBUG - 2 changes detected: {(<Change.modified: 2>, '/workspace/app/backend/logs/app_20260616_111412.log'), (<Change.modified: 2>, '/workspace/app/backend/logs/app_20260616_111133.log')}
2026-06-16 11:14:52,323 - watchfiles.main - DEBUG - 2 changes detected: {(<Change.modified: 2>, '/workspace/app/backend/logs/app_20260616_111412.log'), (<Change.modified: 2>, '/workspace/app/backend/logs/app_20260616_111133.log')}
2026-06-16 11:14:52,674 - watchfiles.main - DEBUG - 2 changes detected: {(<Change.modified: 2>, '/workspace/app/backend/logs/app_20260616_111412.log'), (<Change.modified: 2>, '/workspace/app/backend/logs/app_20260616_111133.log')}
2026-06-16 11:14:53,025 - watchfiles.main - DEBUG - 2 changes detected: {(<Change.modified: 2>, '/workspace/app/backend/logs/app_20260616_111412.log'), (<Change.modified: 2>, '/workspace/app/backend/logs/app_20260616_111133.log')}
2026-06-16 11:14:53,376 - watchfiles.main - DEBUG - 2 changes detected: {(<Change.modified: 2>, '/workspace/app/backend/logs/app_20260616_111412.log'), (<Change.modified: 2>, '/workspace/app/backend/logs/app_20260616_111133.log')}
2026-06-16 11:14:53,727 - watchfiles.main - DEBUG - 2 changes detected: {(<Change.modified: 2>, '/workspace/app/backend/logs/app_20260616_111412.log'), (<Change.modified: 2>, '/workspace/app/backend/logs/app_20260616_111133.log')}
2026-06-16 11:14:54,078 - watchfiles.main - DEBUG - 2 changes detected: {(<Change.modified: 2>, '/workspace/app/backend/logs/app_20260616_111412.log'), (<Change.modified: 2>, '/workspace/app/backend/logs/app_20260616_111133.log')}
2026-06-16 11:14:54,429 - watchfiles.main - DEBUG - 2 changes detected: {(<Change.modified: 2>, '/workspace/app/backend/logs/app_20260616_111412.log'), (<Change.modified: 2>, '/workspace/app/backend/logs/app_20260616_111133.log')}
2026-06-16 11:14:54,780 - watchfiles.main - DEBUG - 2 changes detected: {(<Change.modified: 2>, '/workspace/app/backend/logs/app_20260616_111412.log'), (<Change.modified: 2>, '/workspace/app/backend/logs/app_20260616_111133.log')}
2026-06-16 11:14:55,131 - watchfiles.main - DEBUG - 2 changes detected: {(<Change.modified: 2>, '/workspace/app/backend/logs/app_20260616_111412.log'), (<Change.modified: 2>, '/workspace/app/backend/logs/app_20260616_111133.log')}
2026-06-16 11:14:55,481 - watchfiles.main - DEBUG - 2 changes detected: {(<Change.modified: 2>, '/workspace/app/backend/logs/app_20260616_111412.log'), (<Change.modified: 2>, '/workspace/app/backend/logs/app_20260616_111133.log')}
2026-06-16 11:14:55,832 - watchfiles.main - DEBUG - 2 changes detected: {(<Change.modified: 2>, '/workspace/app/backend/logs/app_20260616_111412.log'), (<Change.modified: 2>, '/workspace/app/backend/logs/app_20260616_111133.log')}
2026-06-16 11:14:56,183 - watchfiles.main - DEBUG - 2 changes detected: {(<Change.modified: 2>, '/workspace/app/backend/logs/app_20260616_111412.log'), (<Change.modified: 2>, '/workspace/app/backend/logs/app_20260616_111133.log')}
2026-06-16 11:14:56,534 - watchfiles.main - DEBUG - 2 changes detected: {(<Change.modified: 2>, '/workspace/app/backend/logs/app_20260616_111412.log'), (<Change.modified: 2>, '/workspace/app/backend/logs/app_20260616_111133.log')}
2026-06-16 11:14:56,885 - watchfiles.main - DEBUG - 2 changes detected: {(<Change.modified: 2>, '/workspace/app/backend/logs/app_20260616_111412.log'), (<Change.modified: 2>, '/workspace/app/backend/logs/app_20260616_111133.log')}
2026-06-16 11:14:57,236 - watchfiles.main - DEBUG - 2 changes detected: {(<Change.modified: 2>, '/workspace/app/backend/logs/app_20260616_111412.log'), (<Change.modified: 2>, '/workspace/app/backend/logs/app_20260616_111133.log')}
2026-06-16 11:14:57,587 - watchfiles.main - DEBUG - 2 changes detected: {(<Change.modified: 2>, '/workspace/app/backend/logs/app_20260616_111412.log'), (<Change.modified: 2>, '/workspace/app/backend/logs/app_20260616_111133.log')}
2026-06-16 11:14:57,938 - watchfiles.main - DEBUG - 2 changes detected: {(<Change.modified: 2>, '/workspace/app/backend/logs/app_20260616_111412.log'), (<Change.modified: 2>, '/workspace/app/backend/logs/app_20260616_111133.log')}
2026-06-16 11:14:58,288 - watchfiles.main - DEBUG - 2 changes detected: {(<Change.modified: 2>, '/workspace/app/backend/logs/app_20260616_111412.log'), (<Change.modified: 2>, '/workspace/app/backend/logs/app_20260616_111133.log')}
2026-06-16 11:14:58,639 - watchfiles.main - DEBUG - 2 changes detected: {(<Change.modified: 2>, '/workspace/app/backend/logs/app_20260616_111412.log'), (<Change.modified: 2>, '/workspace/app/backend/logs/app_20260616_111133.log')}
2026-06-16 11:14:58,990 - watchfiles.main - DEBUG - 2 changes detected: {(<Change.modified: 2>, '/workspace/app/backend/logs/app_20260616_111412.log'), (<Change.modified: 2>, '/workspace/app/backend/logs/app_20260616_111133.log')}
2026-06-16 11:14:59,341 - watchfiles.main - DEBUG - 2 changes detected: {(<Change.modified: 2>, '/workspace/app/backend/logs/app_20260616_111412.log'), (<Change.modified: 2>, '/workspace/app/backend/logs/app_20260616_111133.log')}
2026-06-16 11:14:59,692 - watchfiles.main - DEBUG - 2 changes detected: {(<Change.modified: 2>, '/workspace/app/backend/logs/app_20260616_111412.log'), (<Change.modified: 2>, '/workspace/app/backend/logs/app_20260616_111133.log')}
2026-06-16 11:15:00,043 - watchfiles.main - DEBUG - 2 changes detected: {(<Change.modified: 2>, '/workspace/app/backend/logs/app_20260616_111412.log'), (<Change.modified: 2>, '/workspace/app/backend/logs/app_20260616_111133.log')}
2026-06-16 11:15:00,394 - watchfiles.main - DEBUG - 2 changes detected: {(<Change.modified: 2>, '/workspace/app/backend/logs/app_20260616_111412.log'), (<Change.modified: 2>, '/workspace/app/backend/logs/app_20260616_111133.log')}
2026-06-16 11:15:00,745 - watchfiles.main - DEBUG - 2 changes detected: {(<Change.modified: 2>, '/workspace/app/backend/logs/app_20260616_111412.log'), (<Change.modified: 2>, '/workspace/app/backend/logs/app_20260616_111133.log')}
2026-06-16 11:15:01,096 - watchfiles.main - DEBUG - 2 changes detected: {(<Change.modified: 2>, '/workspace/app/backend/logs/app_20260616_111412.log'), (<Change.modified: 2>, '/workspace/app/backend/logs/app_20260616_111133.log')}
2026-06-16 11:15:01,447 - watchfiles.main - DEBUG - 2 changes detected: {(<Change.modified: 2>, '/workspace/app/backend/logs/app_20260616_111412.log'), (<Change.modified: 2>, '/workspace/app/backend/logs/app_20260616_111133.log')}
2026-06-16 11:15:01,798 - watchfiles.main - DEBUG - 2 changes detected: {(<Change.modified: 2>, '/workspace/app/backend/logs/app_20260616_111412.log'), (<Change.modified: 2>, '/workspace/app/backend/logs/app_20260616_111133.log')}
2026-06-16 11:15:02,149 - watchfiles.main - DEBUG - 2 changes detected: {(<Change.modified: 2>, '/workspace/app/backend/logs/app_20260616_111412.log'), (<Change.modified: 2>, '/workspace/app/backend/logs/app_20260616_111133.log')}
2026-06-16 11:15:02,499 - watchfiles.main - DEBUG - 2 changes detected: {(<Change.modified: 2>, '/workspace/app/backend/logs/app_20260616_111412.log'), (<Change.modified: 2>, '/workspace/app/backend/logs/app_20260616_111133.log')}
2026-06-16 11:15:02,850 - watchfiles.main - DEBUG - 2 changes detected: {(<Change.modified: 2>, '/workspace/app/backend/logs/app_20260616_111412.log'), (<Change.modified: 2>, '/workspace/app/backend/logs/app_20260616_111133.log')}
2026-06-16 11:15:03,201 - watchfiles.main - DEBUG - 2 changes detected: {(<Change.modified: 2>, '/workspace/app/backend/logs/app_20260616_111412.log'), (<Change.modified: 2>, '/workspace/app/backend/logs/app_20260616_111133.log')}
2026-06-16 11:15:03,552 - watchfiles.main - DEBUG - 2 changes detected: {(<Change.modified: 2>, '/workspace/app/backend/logs/app_20260616_111412.log'), (<Change.modified: 2>, '/workspace/app/backend/logs/app_20260616_111133.log')}
2026-06-16 11:15:03,903 - watchfiles.main - DEBUG - 2 changes detected: {(<Change.modified: 2>, '/workspace/app/backend/logs/app_20260616_111412.log'), (<Change.modified: 2>, '/workspace/app/backend/logs/app_20260616_111133.log')}
2026-06-16 11:15:04,254 - watchfiles.main - DEBUG - 2 changes detected: {(<Change.modified: 2>, '/workspace/app/backend/logs/app_20260616_111412.log'), (<Change.modified: 2>, '/workspace/app/backend/logs/app_20260616_111133.log')}
2026-06-16 11:15:04,605 - watchfiles.main - DEBUG - 2 changes detected: {(<Change.modified: 2>, '/workspace/app/backend/logs/app_20260616_111412.log'), (<Change.modified: 2>, '/workspace/app/backend/logs/app_20260616_111133.log')}
2026-06-16 11:15:04,956 - watchfiles.main - DEBUG - 2 changes detected: {(<Change.modified: 2>, '/workspace/app/backend/logs/app_20260616_111412.log'), (<Change.modified: 2>, '/workspace/app/backend/logs/app_20260616_111133.log')}
2026-06-16 11:15:05,307 - watchfiles.main - DEBUG - 2 changes detected: {(<Change.modified: 2>, '/workspace/app/backend/logs/app_20260616_111412.log'), (<Change.modified: 2>, '/workspace/app/backend/logs/app_20260616_111133.log')}
2026-06-16 11:15:05,658 - watchfiles.main - DEBUG - 2 changes detected: {(<Change.modified: 2>, '/workspace/app/backend/logs/app_20260616_111412.log'), (<Change.modified: 2>, '/workspace/app/backend/logs/app_20260616_111133.log')}
2026-06-16 11:15:06,009 - watchfiles.main - DEBUG - 2 changes detected: {(<Change.modified: 2>, '/workspace/app/backend/logs/app_20260616_111412.log'), (<Change.modified: 2>, '/workspace/app/backend/logs/app_20260616_111133.log')}
2026-06-16 11:15:06,360 - watchfiles.main - DEBUG - 2 changes detected: {(<Change.modified: 2>, '/workspace/app/backend/logs/app_20260616_111412.log'), (<Change.modified: 2>, '/workspace/app/backend/logs/app_20260616_111133.log')}
2026-06-16 11:15:06,710 - watchfiles.main - DEBUG - 2 changes detected: {(<Change.modified: 2>, '/workspace/app/backend/logs/app_20260616_111412.log'), (<Change.modified: 2>, '/workspace/app/backend/logs/app_20260616_111133.log')}
2026-06-16 11:15:07,061 - watchfiles.main - DEBUG - 2 changes detected: {(<Change.modified: 2>, '/workspace/app/backend/logs/app_20260616_111412.log'), (<Change.modified: 2>, '/workspace/app/backend/logs/app_20260616_111133.log')}
2026-06-16 11:15:07,412 - watchfiles.main - DEBUG - 2 changes detected: {(<Change.modified: 2>, '/workspace/app/backend/logs/app_20260616_111412.log'), (<Change.modified: 2>, '/workspace/app/backend/logs/app_20260616_111133.log')}
2026-06-16 11:15:07,763 - watchfiles.main - DEBUG - 2 changes detected: {(<Change.modified: 2>, '/workspace/app/backend/logs/app_20260616_111412.log'), (<Change.modified: 2>, '/workspace/app/backend/logs/app_20260616_111133.log')}
2026-06-16 11:15:08,114 - watchfiles.main - DEBUG - 2 changes detected: {(<Change.modified: 2>, '/workspace/app/backend/logs/app_20260616_111412.log'), (<Change.modified: 2>, '/workspace/app/backend/logs/app_20260616_111133.log')}
2026-06-16 11:15:08,465 - watchfiles.main - DEBUG - 2 changes detected: {(<Change.modified: 2>, '/workspace/app/backend/logs/app_20260616_111412.log'), (<Change.modified: 2>, '/workspace/app/backend/logs/app_20260616_111133.log')}
2026-06-16 11:15:08,816 - watchfiles.main - DEBUG - 2 changes detected: {(<Change.modified: 2>, '/workspace/app/backend/logs/app_20260616_111412.log'), (<Change.modified: 2>, '/workspace/app/backend/logs/app_20260616_111133.log')}
2026-06-16 11:15:09,167 - watchfiles.main - DEBUG - 2 changes detected: {(<Change.modified: 2>, '/workspace/app/backend/logs/app_20260616_111412.log'), (<Change.modified: 2>, '/workspace/app/backend/logs/app_20260616_111133.log')}
2026-06-16 11:15:09,518 - watchfiles.main - DEBUG - 2 changes detected: {(<Change.modified: 2>, '/workspace/app/backend/logs/app_20260616_111412.log'), (<Change.modified: 2>, '/workspace/app/backend/logs/app_20260616_111133.log')}
2026-06-16 11:15:09,869 - watchfiles.main - DEBUG - 2 changes detected: {(<Change.modified: 2>, '/workspace/app/backend/logs/app_20260616_111412.log'), (<Change.modified: 2>, '/workspace/app/backend/logs/app_20260616_111133.log')}
2026-06-16 11:15:10,220 - watchfiles.main - DEBUG - 2 changes detected: {(<Change.modified: 2>, '/workspace/app/backend/logs/app_20260616_111412.log'), (<Change.modified: 2>, '/workspace/app/backend/logs/app_20260616_111133.log')}
2026-06-16 11:15:10,570 - watchfiles.main - DEBUG - 2 changes detected: {(<Change.modified: 2>, '/workspace/app/backend/logs/app_20260616_111412.log'), (<Change.modified: 2>, '/workspace/app/backend/logs/app_20260616_111133.log')}
2026-06-16 11:15:10,921 - watchfiles.main - DEBUG - 2 changes detected: {(<Change.modified: 2>, '/workspace/app/backend/logs/app_20260616_111412.log'), (<Change.modified: 2>, '/workspace/app/backend/logs/app_20260616_111133.log')}
2026-06-16 11:15:11,272 - watchfiles.main - DEBUG - 2 changes detected: {(<Change.modified: 2>, '/workspace/app/backend/logs/app_20260616_111412.log'), (<Change.modified: 2>, '/workspace/app/backend/logs/app_20260616_111133.log')}
2026-06-16 11:15:11,623 - watchfiles.main - DEBUG - 2 changes detected: {(<Change.modified: 2>, '/workspace/app/backend/logs/app_20260616_111412.log'), (<Change.modified: 2>, '/workspace/app/backend/logs/app_20260616_111133.log')}
2026-06-16 11:15:11,974 - watchfiles.main - DEBUG - 2 changes detected: {(<Change.modified: 2>, '/workspace/app/backend/logs/app_20260616_111412.log'), (<Change.modified: 2>, '/workspace/app/backend/logs/app_20260616_111133.log')}
2026-06-16 11:15:12,325 - watchfiles.main - DEBUG - 2 changes detected: {(<Change.modified: 2>, '/workspace/app/backend/logs/app_20260616_111412.log'), (<Change.modified: 2>, '/workspace/app/backend/logs/app_20260616_111133.log')}
2026-06-16 11:15:12,676 - watchfiles.main - DEBUG - 2 changes detected: {(<Change.modified: 2>, '/workspace/app/backend/logs/app_20260616_111412.log'), (<Change.modified: 2>, '/workspace/app/backend/logs/app_20260616_111133.log')}
2026-06-16 11:15:13,027 - watchfiles.main - DEBUG - 2 changes detected: {(<Change.modified: 2>, '/workspace/app/backend/logs/app_20260616_111412.log'), (<Change.modified: 2>, '/workspace/app/backend/logs/app_20260616_111133.log')}
2026-06-16 11:15:13,378 - watchfiles.main - DEBUG - 2 changes detected: {(<Change.modified: 2>, '/workspace/app/backend/logs/app_20260616_111412.log'), (<Change.modified: 2>, '/workspace/app/backend/logs/app_20260616_111133.log')}
2026-06-16 11:15:13,729 - watchfiles.main - DEBUG - 2 changes detected: {(<Change.modified: 2>, '/workspace/app/backend/logs/app_20260616_111412.log'), (<Change.modified: 2>, '/workspace/app/backend/logs/app_20260616_111133.log')}
2026-06-16 11:15:14,080 - watchfiles.main - DEBUG - 2 changes detected: {(<Change.modified: 2>, '/workspace/app/backend/logs/app_20260616_111412.log'), (<Change.modified: 2>, '/workspace/app/backend/logs/app_20260616_111133.log')}
2026-06-16 11:15:14,431 - watchfiles.main - DEBUG - 2 changes detected: {(<Change.modified: 2>, '/workspace/app/backend/logs/app_20260616_111412.log'), (<Change.modified: 2>, '/workspace/app/backend/logs/app_20260616_111133.log')}
2026-06-16 11:15:14,782 - watchfiles.main - DEBUG - 2 changes detected: {(<Change.modified: 2>, '/workspace/app/backend/logs/app_20260616_111412.log'), (<Change.modified: 2>, '/workspace/app/backend/logs/app_20260616_111133.log')}
2026-06-16 11:15:15,133 - watchfiles.main - DEBUG - 2 changes detected: {(<Change.modified: 2>, '/workspace/app/backend/logs/app_20260616_111412.log'), (<Change.modified: 2>, '/workspace/app/backend/logs/app_20260616_111133.log')}
2026-06-16 11:15:15,484 - watchfiles.main - DEBUG - 2 changes detected: {(<Change.modified: 2>, '/workspace/app/backend/logs/app_20260616_111412.log'), (<Change.modified: 2>, '/workspace/app/backend/logs/app_20260616_111133.log')}
2026-06-16 11:15:15,835 - watchfiles.main - DEBUG - 2 changes detected: {(<Change.modified: 2>, '/workspace/app/backend/logs/app_20260616_111412.log'), (<Change.modified: 2>, '/workspace/app/backend/logs/app_20260616_111133.log')}
2026-06-16 11:15:16,186 - watchfiles.main - DEBUG - 2 changes detected: {(<Change.modified: 2>, '/workspace/app/backend/logs/app_20260616_111412.log'), (<Change.modified: 2>, '/workspace/app/backend/logs/app_20260616_111133.log')}
2026-06-16 11:15:16,537 - watchfiles.main - DEBUG - 2 changes detected: {(<Change.modified: 2>, '/workspace/app/backend/logs/app_20260616_111412.log'), (<Change.modified: 2>, '/workspace/app/backend/logs/app_20260616_111133.log')}
2026-06-16 11:15:16,888 - watchfiles.main - DEBUG - 2 changes detected: {(<Change.modified: 2>, '/workspace/app/backend/logs/app_20260616_111412.log'), (<Change.modified: 2>, '/workspace/app/backend/logs/app_20260616_111133.log')}
2026-06-16 11:15:17,239 - watchfiles.main - DEBUG - 2 changes detected: {(<Change.modified: 2>, '/workspace/app/backend/logs/app_20260616_111412.log'), (<Change.modified: 2>, '/workspace/app/backend/logs/app_20260616_111133.log')}
2026-06-16 11:15:17,590 - watchfiles.main - DEBUG - 2 changes detected: {(<Change.modified: 2>, '/workspace/app/backend/logs/app_20260616_111412.log'), (<Change.modified: 2>, '/workspace/app/backend/logs/app_20260616_111133.log')}
2026-06-16 11:15:17,941 - watchfiles.main - DEBUG - 2 changes detected: {(<Change.modified: 2>, '/workspace/app/backend/logs/app_20260616_111412.log'), (<Change.modified: 2>, '/workspace/app/backend/logs/app_20260616_111133.log')}
2026-06-16 11:15:18,292 - watchfiles.main - DEBUG - 2 changes detected: {(<Change.modified: 2>, '/workspace/app/backend/logs/app_20260616_111412.log'), (<Change.modified: 2>, '/workspace/app/backend/logs/app_20260616_111133.log')}
2026-06-16 11:15:18,643 - watchfiles.main - DEBUG - 2 changes detected: {(<Change.modified: 2>, '/workspace/app/backend/logs/app_20260616_111412.log'), (<Change.modified: 2>, '/workspace/app/backend/logs/app_20260616_111133.log')}
2026-06-16 11:15:18,994 - watchfiles.main - DEBUG - 2 changes detected: {(<Change.modified: 2>, '/workspace/app/backend/logs/app_20260616_111412.log'), (<Change.modified: 2>, '/workspace/app/backend/logs/app_20260616_111133.log')}
2026-06-16 11:15:19,345 - watchfiles.main - DEBUG - 2 changes detected: {(<Change.modified: 2>, '/workspace/app/backend/logs/app_20260616_111412.log'), (<Change.modified: 2>, '/workspace/app/backend/logs/app_20260616_111133.log')}
2026-06-16 11:15:19,696 - watchfiles.main - DEBUG - 2 changes detected: {(<Change.modified: 2>, '/workspace/app/backend/logs/app_20260616_111412.log'), (<Change.modified: 2>, '/workspace/app/backend/logs/app_20260616_111133.log')}
2026-06-16 11:15:20,046 - watchfiles.main - DEBUG - 2 changes detected: {(<Change.modified: 2>, '/workspace/app/backend/logs/app_20260616_111412.log'), (<Change.modified: 2>, '/workspace/app/backend/logs/app_20260616_111133.log')}
2026-06-16 11:15:20,397 - watchfiles.main - DEBUG - 2 changes detected: {(<Change.modified: 2>, '/workspace/app/backend/logs/app_20260616_111412.log'), (<Change.modified: 2>, '/workspace/app/backend/logs/app_20260616_111133.log')}
2026-06-16 11:15:20,748 - watchfiles.main - DEBUG - 2 changes detected: {(<Change.modified: 2>, '/workspace/app/backend/logs/app_20260616_111412.log'), (<Change.modified: 2>, '/workspace/app/backend/logs/app_20260616_111133.log')}
2026-06-16 11:15:21,099 - watchfiles.main - DEBUG - 2 changes detected: {(<Change.modified: 2>, '/workspace/app/backend/logs/app_20260616_111412.log'), (<Change.modified: 2>, '/workspace/app/backend/logs/app_20260616_111133.log')}
2026-06-16 11:15:21,450 - watchfiles.main - DEBUG - 2 changes detected: {(<Change.modified: 2>, '/workspace/app/backend/logs/app_20260616_111412.log'), (<Change.modified: 2>, '/workspace/app/backend/logs/app_20260616_111133.log')}
2026-06-16 11:15:21,801 - watchfiles.main - DEBUG - 2 changes detected: {(<Change.modified: 2>, '/workspace/app/backend/logs/app_20260616_111412.log'), (<Change.modified: 2>, '/workspace/app/backend/logs/app_20260616_111133.log')}
2026-06-16 11:15:22,152 - watchfiles.main - DEBUG - 2 changes detected: {(<Change.modified: 2>, '/workspace/app/backend/logs/app_20260616_111412.log'), (<Change.modified: 2>, '/workspace/app/backend/logs/app_20260616_111133.log')}
2026-06-16 11:15:22,503 - watchfiles.main - DEBUG - 2 changes detected: {(<Change.modified: 2>, '/workspace/app/backend/logs/app_20260616_111412.log'), (<Change.modified: 2>, '/workspace/app/backend/logs/app_20260616_111133.log')}
2026-06-16 11:15:22,854 - watchfiles.main - DEBUG - 2 changes detected: {(<Change.modified: 2>, '/workspace/app/backend/logs/app_20260616_111412.log'), (<Change.modified: 2>, '/workspace/app/backend/logs/app_20260616_111133.log')}
2026-06-16 11:15:23,205 - watchfiles.main - DEBUG - 2 changes detected: {(<Change.modified: 2>, '/workspace/app/backend/logs/app_20260616_111412.log'), (<Change.modified: 2>, '/workspace/app/backend/logs/app_20260616_111133.log')}
2026-06-16 11:15:23,556 - watchfiles.main - DEBUG - 2 changes detected: {(<Change.modified: 2>, '/workspace/app/backend/logs/app_20260616_111412.log'), (<Change.modified: 2>, '/workspace/app/backend/logs/app_20260616_111133.log')}
2026-06-16 11:15:23,907 - watchfiles.main - DEBUG - 2 changes detected: {(<Change.modified: 2>, '/workspace/app/backend/logs/app_20260616_111412.log'), (<Change.modified: 2>, '/workspace/app/backend/logs/app_20260616_111133.log')}
2026-06-16 11:15:24,258 - watchfiles.main - DEBUG - 2 changes detected: {(<Change.modified: 2>, '/workspace/app/backend/logs/app_20260616_111412.log'), (<Change.modified: 2>, '/workspace/app/backend/logs/app_20260616_111133.log')}
2026-06-16 11:15:24,609 - watchfiles.main - DEBUG - 2 changes detected: {(<Change.modified: 2>, '/workspace/app/backend/logs/app_20260616_111412.log'), (<Change.modified: 2>, '/workspace/app/backend/logs/app_20260616_111133.log')}
2026-06-16 11:15:24,960 - watchfiles.main - DEBUG - 2 changes detected: {(<Change.modified: 2>, '/workspace/app/backend/logs/app_20260616_111412.log'), (<Change.modified: 2>, '/workspace/app/backend/logs/app_20260616_111133.log')}
2026-06-16 11:15:25,311 - watchfiles.main - DEBUG - 2 changes detected: {(<Change.modified: 2>, '/workspace/app/backend/logs/app_20260616_111412.log'), (<Change.modified: 2>, '/workspace/app/backend/logs/app_20260616_111133.log')}
2026-06-16 11:15:25,662 - watchfiles.main - DEBUG - 2 changes detected: {(<Change.modified: 2>, '/workspace/app/backend/logs/app_20260616_111412.log'), (<Change.modified: 2>, '/workspace/app/backend/logs/app_20260616_111133.log')}
2026-06-16 11:15:26,013 - watchfiles.main - DEBUG - 2 changes detected: {(<Change.modified: 2>, '/workspace/app/backend/logs/app_20260616_111412.log'), (<Change.modified: 2>, '/workspace/app/backend/logs/app_20260616_111133.log')}
2026-06-16 11:15:26,364 - watchfiles.main - DEBUG - 2 changes detected: {(<Change.modified: 2>, '/workspace/app/backend/logs/app_20260616_111412.log'), (<Change.modified: 2>, '/workspace/app/backend/logs/app_20260616_111133.log')}
2026-06-16 11:15:26,715 - watchfiles.main - DEBUG - 2 changes detected: {(<Change.modified: 2>, '/workspace/app/backend/logs/app_20260616_111412.log'), (<Change.modified: 2>, '/workspace/app/backend/logs/app_20260616_111133.log')}
2026-06-16 11:15:27,066 - watchfiles.main - DEBUG - 2 changes detected: {(<Change.modified: 2>, '/workspace/app/backend/logs/app_20260616_111412.log'), (<Change.modified: 2>, '/workspace/app/backend/logs/app_20260616_111133.log')}
2026-06-16 11:15:27,417 - watchfiles.main - DEBUG - 2 changes detected: {(<Change.modified: 2>, '/workspace/app/backend/logs/app_20260616_111412.log'), (<Change.modified: 2>, '/workspace/app/backend/logs/app_20260616_111133.log')}
2026-06-16 11:15:27,768 - watchfiles.main - DEBUG - 2 changes detected: {(<Change.modified: 2>, '/workspace/app/backend/logs/app_20260616_111412.log'), (<Change.modified: 2>, '/workspace/app/backend/logs/app_20260616_111133.log')}
2026-06-16 11:15:28,119 - watchfiles.main - DEBUG - 2 changes detected: {(<Change.modified: 2>, '/workspace/app/backend/logs/app_20260616_111412.log'), (<Change.modified: 2>, '/workspace/app/backend/logs/app_20260616_111133.log')}
2026-06-16 11:15:28,470 - watchfiles.main - DEBUG - 2 changes detected: {(<Change.modified: 2>, '/workspace/app/backend/logs/app_20260616_111412.log'), (<Change.modified: 2>, '/workspace/app/backend/logs/app_20260616_111133.log')}
2026-06-16 11:15:28,821 - watchfiles.main - DEBUG - 2 changes detected: {(<Change.modified: 2>, '/workspace/app/backend/logs/app_20260616_111412.log'), (<Change.modified: 2>, '/workspace/app/backend/logs/app_20260616_111133.log')}
2026-06-16 11:15:29,171 - watchfiles.main - DEBUG - 2 changes detected: {(<Change.modified: 2>, '/workspace/app/backend/logs/app_20260616_111412.log'), (<Change.modified: 2>, '/workspace/app/backend/logs/app_20260616_111133.log')}
2026-06-16 11:15:29,522 - watchfiles.main - DEBUG - 2 changes detected: {(<Change.modified: 2>, '/workspace/app/backend/logs/app_20260616_111412.log'), (<Change.modified: 2>, '/workspace/app/backend/logs/app_20260616_111133.log')}
2026-06-16 11:15:29,873 - watchfiles.main - DEBUG - 2 changes detected: {(<Change.modified: 2>, '/workspace/app/backend/logs/app_20260616_111412.log'), (<Change.modified: 2>, '/workspace/app/backend/logs/app_20260616_111133.log')}
2026-06-16 11:15:30,224 - watchfiles.main - DEBUG - 2 changes detected: {(<Change.modified: 2>, '/workspace/app/backend/logs/app_20260616_111412.log'), (<Change.modified: 2>, '/workspace/app/backend/logs/app_20260616_111133.log')}
2026-06-16 11:15:30,575 - watchfiles.main - DEBUG - 2 changes detected: {(<Change.modified: 2>, '/workspace/app/backend/logs/app_20260616_111412.log'), (<Change.modified: 2>, '/workspace/app/backend/logs/app_20260616_111133.log')}
2026-06-16 11:15:30,926 - watchfiles.main - DEBUG - 2 changes detected: {(<Change.modified: 2>, '/workspace/app/backend/logs/app_20260616_111412.log'), (<Change.modified: 2>, '/workspace/app/backend/logs/app_20260616_111133.log')}
2026-06-16 11:15:31,277 - watchfiles.main - DEBUG - 2 changes detected: {(<Change.modified: 2>, '/workspace/app/backend/logs/app_20260616_111412.log'), (<Change.modified: 2>, '/workspace/app/backend/logs/app_20260616_111133.log')}
2026-06-16 11:15:31,628 - watchfiles.main - DEBUG - 2 changes detected: {(<Change.modified: 2>, '/workspace/app/backend/logs/app_20260616_111412.log'), (<Change.modified: 2>, '/workspace/app/backend/logs/app_20260616_111133.log')}
2026-06-16 11:15:31,979 - watchfiles.main - DEBUG - 2 changes detected: {(<Change.modified: 2>, '/workspace/app/backend/logs/app_20260616_111412.log'), (<Change.modified: 2>, '/workspace/app/backend/logs/app_20260616_111133.log')}
2026-06-16 11:15:32,330 - watchfiles.main - DEBUG - 2 changes detected: {(<Change.modified: 2>, '/workspace/app/backend/logs/app_20260616_111412.log'), (<Change.modified: 2>, '/workspace/app/backend/logs/app_20260616_111133.log')}
2026-06-16 11:15:32,680 - watchfiles.main - DEBUG - 2 changes detected: {(<Change.modified: 2>, '/workspace/app/backend/logs/app_20260616_111412.log'), (<Change.modified: 2>, '/workspace/app/backend/logs/app_20260616_111133.log')}
2026-06-16 11:15:33,031 - watchfiles.main - DEBUG - 2 changes detected: {(<Change.modified: 2>, '/workspace/app/backend/logs/app_20260616_111412.log'), (<Change.modified: 2>, '/workspace/app/backend/logs/app_20260616_111133.log')}
2026-06-16 11:15:33,382 - watchfiles.main - DEBUG - 2 changes detected: {(<Change.modified: 2>, '/workspace/app/backend/logs/app_20260616_111412.log'), (<Change.modified: 2>, '/workspace/app/backend/logs/app_20260616_111133.log')}
2026-06-16 11:15:33,733 - watchfiles.main - DEBUG - 2 changes detected: {(<Change.modified: 2>, '/workspace/app/backend/logs/app_20260616_111412.log'), (<Change.modified: 2>, '/workspace/app/backend/logs/app_20260616_111133.log')}
2026-06-16 11:15:34,084 - watchfiles.main - DEBUG - 2 changes detected: {(<Change.modified: 2>, '/workspace/app/backend/logs/app_20260616_111412.log'), (<Change.modified: 2>, '/workspace/app/backend/logs/app_20260616_111133.log')}
2026-06-16 11:15:34,435 - watchfiles.main - DEBUG - 2 changes detected: {(<Change.modified: 2>, '/workspace/app/backend/logs/app_20260616_111412.log'), (<Change.modified: 2>, '/workspace/app/backend/logs/app_20260616_111133.log')}
2026-06-16 11:15:34,786 - watchfiles.main - DEBUG - 2 changes detected: {(<Change.modified: 2>, '/workspace/app/backend/logs/app_20260616_111412.log'), (<Change.modified: 2>, '/workspace/app/backend/logs/app_20260616_111133.log')}
2026-06-16 11:15:35,137 - watchfiles.main - DEBUG - 2 changes detected: {(<Change.modified: 2>, '/workspace/app/backend/logs/app_20260616_111412.log'), (<Change.modified: 2>, '/workspace/app/backend/logs/app_20260616_111133.log')}
2026-06-16 11:15:35,488 - watchfiles.main - DEBUG - 2 changes detected: {(<Change.modified: 2>, '/workspace/app/backend/logs/app_20260616_111412.log'), (<Change.modified: 2>, '/workspace/app/backend/logs/app_20260616_111133.log')}
2026-06-16 11:15:35,839 - watchfiles.main - DEBUG - 2 changes detected: {(<Change.modified: 2>, '/workspace/app/backend/logs/app_20260616_111412.log'), (<Change.modified: 2>, '/workspace/app/backend/logs/app_20260616_111133.log')}
2026-06-16 11:15:36,190 - watchfiles.main - DEBUG - 2 changes detected: {(<Change.modified: 2>, '/workspace/app/backend/logs/app_20260616_111412.log'), (<Change.modified: 2>, '/workspace/app/backend/logs/app_20260616_111133.log')}
2026-06-16 11:15:36,541 - watchfiles.main - DEBUG - 2 changes detected: {(<Change.modified: 2>, '/workspace/app/backend/logs/app_20260616_111412.log'), (<Change.modified: 2>, '/workspace/app/backend/logs/app_20260616_111133.log')}
2026-06-16 11:15:36,892 - watchfiles.main - DEBUG - 2 changes detected: {(<Change.modified: 2>, '/workspace/app/backend/logs/app_20260616_111412.log'), (<Change.modified: 2>, '/workspace/app/backend/logs/app_20260616_111133.log')}
2026-06-16 11:15:37,243 - watchfiles.main - DEBUG - 2 changes detected: {(<Change.modified: 2>, '/workspace/app/backend/logs/app_20260616_111412.log'), (<Change.modified: 2>, '/workspace/app/backend/logs/app_20260616_111133.log')}
2026-06-16 11:15:37,594 - watchfiles.main - DEBUG - 3 changes detected: {(<Change.modified: 2>, '/workspace/app/backend/logs/app_20260616_111152.log'), (<Change.modified: 2>, '/workspace/app/backend/logs/app_20260616_111412.log'), (<Change.modified: 2>, '/workspace/app/backend/logs/app_20260616_111133.log')}
2026-06-16 11:15:37,945 - watchfiles.main - DEBUG - 2 changes detected: {(<Change.modified: 2>, '/workspace/app/backend/logs/app_20260616_111412.log'), (<Change.modified: 2>, '/workspace/app/backend/logs/app_20260616_111133.log')}
2026-06-16 11:15:38,296 - watchfiles.main - DEBUG - 2 changes detected: {(<Change.modified: 2>, '/workspace/app/backend/logs/app_20260616_111412.log'), (<Change.modified: 2>, '/workspace/app/backend/logs/app_20260616_111133.log')}
2026-06-16 11:15:38,647 - watchfiles.main - DEBUG - 1 change detected: {(<Change.modified: 2>, '/workspace/app/backend/logs/app_20260616_111412.log')}
2026-06-16 11:15:38,997 - watchfiles.main - DEBUG - 1 change detected: {(<Change.modified: 2>, '/workspace/app/backend/logs/app_20260616_111412.log')}
2026-06-16 11:15:39,349 - watchfiles.main - DEBUG - 1 change detected: {(<Change.modified: 2>, '/workspace/app/backend/logs/app_20260616_111412.log')}
2026-06-16 11:15:39,699 - watchfiles.main - DEBUG - 1 change detected: {(<Change.modified: 2>, '/workspace/app/backend/logs/app_20260616_111412.log')}
2026-06-16 11:15:40,050 - watchfiles.main - DEBUG - 1 change detected: {(<Change.modified: 2>, '/workspace/app/backend/logs/app_20260616_111412.log')}
2026-06-16 11:15:40,401 - watchfiles.main - DEBUG - 1 change detected: {(<Change.modified: 2>, '/workspace/app/backend/logs/app_20260616_111412.log')}
2026-06-16 11:15:40,752 - watchfiles.main - DEBUG - 1 change detected: {(<Change.modified: 2>, '/workspace/app/backend/logs/app_20260616_111412.log')}
2026-06-16 11:15:41,103 - watchfiles.main - DEBUG - 1 change detected: {(<Change.modified: 2>, '/workspace/app/backend/logs/app_20260616_111412.log')}
2026-06-16 11:15:41,454 - watchfiles.main - DEBUG - 1 change detected: {(<Change.modified: 2>, '/workspace/app/backend/logs/app_20260616_111412.log')}
2026-06-16 11:15:41,804 - watchfiles.main - DEBUG - 1 change detected: {(<Change.modified: 2>, '/workspace/app/backend/logs/app_20260616_111412.log')}
2026-06-16 11:15:42,155 - watchfiles.main - DEBUG - 1 change detected: {(<Change.modified: 2>, '/workspace/app/backend/logs/app_20260616_111412.log')}
2026-06-16 11:15:42,506 - watchfiles.main - DEBUG - 1 change detected: {(<Change.modified: 2>, '/workspace/app/backend/logs/app_20260616_111412.log')}
2026-06-16 11:15:42,857 - watchfiles.main - DEBUG - 1 change detected: {(<Change.modified: 2>, '/workspace/app/backend/logs/app_20260616_111412.log')}
2026-06-16 11:15:43,208 - watchfiles.main - DEBUG - 1 change detected: {(<Change.modified: 2>, '/workspace/app/backend/logs/app_20260616_111412.log')}
2026-06-16 11:15:43,558 - watchfiles.main - DEBUG - 1 change detected: {(<Change.modified: 2>, '/workspace/app/backend/logs/app_20260616_111412.log')}
2026-06-16 11:15:43,909 - watchfiles.main - DEBUG - 1 change detected: {(<Change.modified: 2>, '/workspace/app/backend/logs/app_20260616_111412.log')}
2026-06-16 11:15:44,260 - watchfiles.main - DEBUG - 1 change detected: {(<Change.modified: 2>, '/workspace/app/backend/logs/app_20260616_111412.log')}
2026-06-16 11:15:44,611 - watchfiles.main - DEBUG - 1 change detected: {(<Change.modified: 2>, '/workspace/app/backend/logs/app_20260616_111412.log')}
2026-06-16 11:15:44,962 - watchfiles.main - DEBUG - 1 change detected: {(<Change.modified: 2>, '/workspace/app/backend/logs/app_20260616_111412.log')}
2026-06-16 11:15:45,313 - watchfiles.main - DEBUG - 1 change detected: {(<Change.modified: 2>, '/workspace/app/backend/logs/app_20260616_111412.log')}
2026-06-16 11:15:45,664 - watchfiles.main - DEBUG - 1 change detected: {(<Change.modified: 2>, '/workspace/app/backend/logs/app_20260616_111412.log')}
2026-06-16 11:15:46,014 - watchfiles.main - DEBUG - 1 change detected: {(<Change.modified: 2>, '/workspace/app/backend/logs/app_20260616_111412.log')}
2026-06-16 11:15:46,365 - watchfiles.main - DEBUG - 1 change detected: {(<Change.modified: 2>, '/workspace/app/backend/logs/app_20260616_111412.log')}
2026-06-16 11:15:46,716 - watchfiles.main - DEBUG - 1 change detected: {(<Change.modified: 2>, '/workspace/app/backend/logs/app_20260616_111412.log')}
2026-06-16 11:15:47,068 - watchfiles.main - DEBUG - 1 change detected: {(<Change.modified: 2>, '/workspace/app/backend/logs/app_20260616_111412.log')}
2026-06-16 11:15:47,418 - watchfiles.main - DEBUG - 1 change detected: {(<Change.modified: 2>, '/workspace/app/backend/logs/app_20260616_111412.log')}
2026-06-16 11:15:47,769 - watchfiles.main - DEBUG - 1 change detected: {(<Change.modified: 2>, '/workspace/app/backend/logs/app_20260616_111412.log')}
2026-06-16 11:15:48,120 - watchfiles.main - DEBUG - 1 change detected: {(<Change.modified: 2>, '/workspace/app/backend/logs/app_20260616_111412.log')}
2026-06-16 11:15:48,471 - watchfiles.main - DEBUG - 1 change detected: {(<Change.modified: 2>, '/workspace/app/backend/logs/app_20260616_111412.log')}
2026-06-16 11:15:48,822 - watchfiles.main - DEBUG - 1 change detected: {(<Change.modified: 2>, '/workspace/app/backend/logs/app_20260616_111412.log')}
2026-06-16 11:15:49,173 - watchfiles.main - DEBUG - 1 change detected: {(<Change.modified: 2>, '/workspace/app/backend/logs/app_20260616_111412.log')}
2026-06-16 11:15:49,524 - watchfiles.main - DEBUG - 1 change detected: {(<Change.modified: 2>, '/workspace/app/backend/logs/app_20260616_111412.log')}
2026-06-16 11:15:49,875 - watchfiles.main - DEBUG - 1 change detected: {(<Change.modified: 2>, '/workspace/app/backend/logs/app_20260616_111412.log')}
2026-06-16 11:15:50,226 - watchfiles.main - DEBUG - 1 change detected: {(<Change.modified: 2>, '/workspace/app/backend/logs/app_20260616_111412.log')}
2026-06-16 11:15:50,577 - watchfiles.main - DEBUG - 1 change detected: {(<Change.modified: 2>, '/workspace/app/backend/logs/app_20260616_111412.log')}
2026-06-16 11:15:50,927 - watchfiles.main - DEBUG - 1 change detected: {(<Change.modified: 2>, '/workspace/app/backend/logs/app_20260616_111412.log')}
2026-06-16 11:15:51,278 - watchfiles.main - DEBUG - 1 change detected: {(<Change.modified: 2>, '/workspace/app/backend/logs/app_20260616_111412.log')}
2026-06-16 11:15:51,629 - watchfiles.main - DEBUG - 1 change detected: {(<Change.modified: 2>, '/workspace/app/backend/logs/app_20260616_111412.log')}
2026-06-16 11:15:51,980 - watchfiles.main - DEBUG - 1 change detected: {(<Change.modified: 2>, '/workspace/app/backend/logs/app_20260616_111412.log')}
2026-06-16 11:15:52,331 - watchfiles.main - DEBUG - 1 change detected: {(<Change.modified: 2>, '/workspace/app/backend/logs/app_20260616_111412.log')}
2026-06-16 11:15:52,682 - watchfiles.main - DEBUG - 1 change detected: {(<Change.modified: 2>, '/workspace/app/backend/logs/app_20260616_111412.log')}
2026-06-16 11:15:53,033 - watchfiles.main - DEBUG - 1 change detected: {(<Change.modified: 2>, '/workspace/app/backend/logs/app_20260616_111412.log')}
2026-06-16 11:15:53,384 - watchfiles.main - DEBUG - 1 change detected: {(<Change.modified: 2>, '/workspace/app/backend/logs/app_20260616_111412.log')}
2026-06-16 11:15:53,735 - watchfiles.main - DEBUG - 1 change detected: {(<Change.modified: 2>, '/workspace/app/backend/logs/app_20260616_111412.log')}
2026-06-16 11:15:54,086 - watchfiles.main - DEBUG - 1 change detected: {(<Change.modified: 2>, '/workspace/app/backend/logs/app_20260616_111412.log')}
2026-06-16 11:15:54,437 - watchfiles.main - DEBUG - 1 change detected: {(<Change.modified: 2>, '/workspace/app/backend/logs/app_20260616_111412.log')}
2026-06-16 11:15:54,788 - watchfiles.main - DEBUG - 1 change detected: {(<Change.modified: 2>, '/workspace/app/backend/logs/app_20260616_111412.log')}
2026-06-16 11:15:55,138 - watchfiles.main - DEBUG - 1 change detected: {(<Change.modified: 2>, '/workspace/app/backend/logs/app_20260616_111412.log')}
2026-06-16 11:15:55,489 - watchfiles.main - DEBUG - 1 change detected: {(<Change.modified: 2>, '/workspace/app/backend/logs/app_20260616_111412.log')}
2026-06-16 11:15:55,840 - watchfiles.main - DEBUG - 1 change detected: {(<Change.modified: 2>, '/workspace/app/backend/logs/app_20260616_111412.log')}
2026-06-16 11:15:56,191 - watchfiles.main - DEBUG - 1 change detected: {(<Change.modified: 2>, '/workspace/app/backend/logs/app_20260616_111412.log')}
2026-06-16 11:15:56,542 - watchfiles.main - DEBUG - 1 change detected: {(<Change.modified: 2>, '/workspace/app/backend/logs/app_20260616_111412.log')}
2026-06-16 11:15:56,892 - watchfiles.main - DEBUG - 1 change detected: {(<Change.modified: 2>, '/workspace/app/backend/logs/app_20260616_111412.log')}
2026-06-16 11:15:57,243 - watchfiles.main - DEBUG - 1 change detected: {(<Change.modified: 2>, '/workspace/app/backend/logs/app_20260616_111412.log')}
2026-06-16 11:15:57,594 - watchfiles.main - DEBUG - 1 change detected: {(<Change.modified: 2>, '/workspace/app/backend/logs/app_20260616_111412.log')}
2026-06-16 11:15:57,945 - watchfiles.main - DEBUG - 1 change detected: {(<Change.modified: 2>, '/workspace/app/backend/logs/app_20260616_111412.log')}
2026-06-16 11:15:58,296 - watchfiles.main - DEBUG - 1 change detected: {(<Change.modified: 2>, '/workspace/app/backend/logs/app_20260616_111412.log')}
2026-06-16 11:15:58,647 - watchfiles.main - DEBUG - 1 change detected: {(<Change.modified: 2>, '/workspace/app/backend/logs/app_20260616_111412.log')}
2026-06-16 11:15:58,998 - watchfiles.main - DEBUG - 1 change detected: {(<Change.modified: 2>, '/workspace/app/backend/logs/app_20260616_111412.log')}
2026-06-16 11:15:59,349 - watchfiles.main - DEBUG - 1 change detected: {(<Change.modified: 2>, '/workspace/app/backend/logs/app_20260616_111412.log')}
2026-06-16 11:15:59,700 - watchfiles.main - DEBUG - 1 change detected: {(<Change.modified: 2>, '/workspace/app/backend/logs/app_20260616_111412.log')}
2026-06-16 11:16:00,051 - watchfiles.main - DEBUG - 1 change detected: {(<Change.modified: 2>, '/workspace/app/backend/logs/app_20260616_111412.log')}
2026-06-16 11:16:00,402 - watchfiles.main - DEBUG - 1 change detected: {(<Change.modified: 2>, '/workspace/app/backend/logs/app_20260616_111412.log')}
2026-06-16 11:16:00,753 - watchfiles.main - DEBUG - 1 change detected: {(<Change.modified: 2>, '/workspace/app/backend/logs/app_20260616_111412.log')}
2026-06-16 11:16:01,103 - watchfiles.main - DEBUG - 1 change detected: {(<Change.modified: 2>, '/workspace/app/backend/logs/app_20260616_111412.log')}
2026-06-16 11:16:01,454 - watchfiles.main - DEBUG - 1 change detected: {(<Change.modified: 2>, '/workspace/app/backend/logs/app_20260616_111412.log')}
2026-06-16 11:16:01,805 - watchfiles.main - DEBUG - 1 change detected: {(<Change.modified: 2>, '/workspace/app/backend/logs/app_20260616_111412.log')}
2026-06-16 11:16:02,156 - watchfiles.main - DEBUG - 1 change detected: {(<Change.modified: 2>, '/workspace/app/backend/logs/app_20260616_111412.log')}
2026-06-16 11:16:02,507 - watchfiles.main - DEBUG - 1 change detected: {(<Change.modified: 2>, '/workspace/app/backend/logs/app_20260616_111412.log')}
2026-06-16 11:16:02,858 - watchfiles.main - DEBUG - 1 change detected: {(<Change.modified: 2>, '/workspace/app/backend/logs/app_20260616_111412.log')}
2026-06-16 11:16:03,209 - watchfiles.main - DEBUG - 1 change detected: {(<Change.modified: 2>, '/workspace/app/backend/logs/app_20260616_111412.log')}
2026-06-16 11:16:03,560 - watchfiles.main - DEBUG - 1 change detected: {(<Change.modified: 2>, '/workspace/app/backend/logs/app_20260616_111412.log')}
2026-06-16 11:16:03,911 - watchfiles.main - DEBUG - 1 change detected: {(<Change.modified: 2>, '/workspace/app/backend/logs/app_20260616_111412.log')}
2026-06-16 11:16:04,261 - watchfiles.main - DEBUG - 1 change detected: {(<Change.modified: 2>, '/workspace/app/backend/logs/app_20260616_111412.log')}
2026-06-16 11:16:04,612 - watchfiles.main - DEBUG - 1 change detected: {(<Change.modified: 2>, '/workspace/app/backend/logs/app_20260616_111412.log')}
2026-06-16 11:16:04,963 - watchfiles.main - DEBUG - 1 change detected: {(<Change.modified: 2>, '/workspace/app/backend/logs/app_20260616_111412.log')}
2026-06-16 11:16:05,314 - watchfiles.main - DEBUG - 1 change detected: {(<Change.modified: 2>, '/workspace/app/backend/logs/app_20260616_111412.log')}
2026-06-16 11:16:05,665 - watchfiles.main - DEBUG - 1 change detected: {(<Change.modified: 2>, '/workspace/app/backend/logs/app_20260616_111412.log')}
2026-06-16 11:16:06,016 - watchfiles.main - DEBUG - 1 change detected: {(<Change.modified: 2>, '/workspace/app/backend/logs/app_20260616_111412.log')}
2026-06-16 11:16:06,367 - watchfiles.main - DEBUG - 1 change detected: {(<Change.modified: 2>, '/workspace/app/backend/logs/app_20260616_111412.log')}
2026-06-16 11:16:06,718 - watchfiles.main - DEBUG - 1 change detected: {(<Change.modified: 2>, '/workspace/app/backend/logs/app_20260616_111412.log')}
2026-06-16 11:16:07,068 - watchfiles.main - DEBUG - 1 change detected: {(<Change.modified: 2>, '/workspace/app/backend/logs/app_20260616_111412.log')}
2026-06-16 11:16:07,419 - watchfiles.main - DEBUG - 1 change detected: {(<Change.modified: 2>, '/workspace/app/backend/logs/app_20260616_111412.log')}
2026-06-16 11:16:07,770 - watchfiles.main - DEBUG - 1 change detected: {(<Change.modified: 2>, '/workspace/app/backend/logs/app_20260616_111412.log')}
2026-06-16 11:16:08,121 - watchfiles.main - DEBUG - 1 change detected: {(<Change.modified: 2>, '/workspace/app/backend/logs/app_20260616_111412.log')}
2026-06-16 11:16:08,472 - watchfiles.main - DEBUG - 1 change detected: {(<Change.modified: 2>, '/workspace/app/backend/logs/app_20260616_111412.log')}
2026-06-16 11:16:08,823 - watchfiles.main - DEBUG - 1 change detected: {(<Change.modified: 2>, '/workspace/app/backend/logs/app_20260616_111412.log')}
2026-06-16 11:16:09,174 - watchfiles.main - DEBUG - 1 change detected: {(<Change.modified: 2>, '/workspace/app/backend/logs/app_20260616_111412.log')}
2026-06-16 11:16:09,525 - watchfiles.main - DEBUG - 1 change detected: {(<Change.modified: 2>, '/workspace/app/backend/logs/app_20260616_111412.log')}
2026-06-16 11:16:09,876 - watchfiles.main - DEBUG - 1 change detected: {(<Change.modified: 2>, '/workspace/app/backend/logs/app_20260616_111412.log')}
2026-06-16 11:16:10,227 - watchfiles.main - DEBUG - 1 change detected: {(<Change.modified: 2>, '/workspace/app/backend/logs/app_20260616_111412.log')}
2026-06-16 11:16:10,578 - watchfiles.main - DEBUG - 1 change detected: {(<Change.modified: 2>, '/workspace/app/backend/logs/app_20260616_111412.log')}
2026-06-16 11:16:10,929 - watchfiles.main - DEBUG - 1 change detected: {(<Change.modified: 2>, '/workspace/app/backend/logs/app_20260616_111412.log')}
2026-06-16 11:16:11,280 - watchfiles.main - DEBUG - 1 change detected: {(<Change.modified: 2>, '/workspace/app/backend/logs/app_20260616_111412.log')}
2026-06-16 11:16:11,631 - watchfiles.main - DEBUG - 1 change detected: {(<Change.modified: 2>, '/workspace/app/backend/logs/app_20260616_111412.log')}
2026-06-16 11:16:11,982 - watchfiles.main - DEBUG - 1 change detected: {(<Change.modified: 2>, '/workspace/app/backend/logs/app_20260616_111412.log')}
2026-06-16 11:16:12,332 - watchfiles.main - DEBUG - 1 change detected: {(<Change.modified: 2>, '/workspace/app/backend/logs/app_20260616_111412.log')}
2026-06-16 11:16:12,683 - watchfiles.main - DEBUG - 1 change detected: {(<Change.modified: 2>, '/workspace/app/backend/logs/app_20260616_111412.log')}
2026-06-16 11:16:13,034 - watchfiles.main - DEBUG - 1 change detected: {(<Change.modified: 2>, '/workspace/app/backend/logs/app_20260616_111412.log')}
2026-06-16 11:16:13,385 - watchfiles.main - DEBUG - 1 change detected: {(<Change.modified: 2>, '/workspace/app/backend/logs/app_20260616_111412.log')}
2026-06-16 11:16:13,737 - watchfiles.main - DEBUG - 1 change detected: {(<Change.modified: 2>, '/workspace/app/backend/logs/app_20260616_111412.log')}
2026-06-16 11:16:14,087 - watchfiles.main - DEBUG - 1 change detected: {(<Change.modified: 2>, '/workspace/app/backend/logs/app_20260616_111412.log')}
2026-06-16 11:16:14,438 - watchfiles.main - DEBUG - 1 change detected: {(<Change.modified: 2>, '/workspace/app/backend/logs/app_20260616_111412.log')}
2026-06-16 11:16:14,789 - watchfiles.main - DEBUG - 1 change detected: {(<Change.modified: 2>, '/workspace/app/backend/logs/app_20260616_111412.log')}
2026-06-16 11:16:15,140 - watchfiles.main - DEBUG - 1 change detected: {(<Change.modified: 2>, '/workspace/app/backend/logs/app_20260616_111412.log')}
2026-06-16 11:16:15,491 - watchfiles.main - DEBUG - 1 change detected: {(<Change.modified: 2>, '/workspace/app/backend/logs/app_20260616_111412.log')}
2026-06-16 11:16:15,842 - watchfiles.main - DEBUG - 1 change detected: {(<Change.modified: 2>, '/workspace/app/backend/logs/app_20260616_111412.log')}
2026-06-16 11:16:16,193 - watchfiles.main - DEBUG - 1 change detected: {(<Change.modified: 2>, '/workspace/app/backend/logs/app_20260616_111412.log')}
2026-06-16 11:16:16,544 - watchfiles.main - DEBUG - 1 change detected: {(<Change.modified: 2>, '/workspace/app/backend/logs/app_20260616_111412.log')}
2026-06-16 11:16:16,895 - watchfiles.main - DEBUG - 1 change detected: {(<Change.modified: 2>, '/workspace/app/backend/logs/app_20260616_111412.log')}
2026-06-16 11:16:17,246 - watchfiles.main - DEBUG - 1 change detected: {(<Change.modified: 2>, '/workspace/app/backend/logs/app_20260616_111412.log')}
2026-06-16 11:16:17,597 - watchfiles.main - DEBUG - 1 change detected: {(<Change.modified: 2>, '/workspace/app/backend/logs/app_20260616_111412.log')}
2026-06-16 11:16:17,948 - watchfiles.main - DEBUG - 1 change detected: {(<Change.modified: 2>, '/workspace/app/backend/logs/app_20260616_111412.log')}
2026-06-16 11:16:18,299 - watchfiles.main - DEBUG - 1 change detected: {(<Change.modified: 2>, '/workspace/app/backend/logs/app_20260616_111412.log')}
2026-06-16 11:16:18,650 - watchfiles.main - DEBUG - 1 change detected: {(<Change.modified: 2>, '/workspace/app/backend/logs/app_20260616_111412.log')}
2026-06-16 11:16:19,000 - watchfiles.main - DEBUG - 1 change detected: {(<Change.modified: 2>, '/workspace/app/backend/logs/app_20260616_111412.log')}
2026-06-16 11:16:19,351 - watchfiles.main - DEBUG - 1 change detected: {(<Change.modified: 2>, '/workspace/app/backend/logs/app_20260616_111412.log')}
2026-06-16 11:16:19,702 - watchfiles.main - DEBUG - 1 change detected: {(<Change.modified: 2>, '/workspace/app/backend/logs/app_20260616_111412.log')}
2026-06-16 11:16:20,053 - watchfiles.main - DEBUG - 1 change detected: {(<Change.modified: 2>, '/workspace/app/backend/logs/app_20260616_111412.log')}
2026-06-16 11:16:20,404 - watchfiles.main - DEBUG - 1 change detected: {(<Change.modified: 2>, '/workspace/app/backend/logs/app_20260616_111412.log')}
2026-06-16 11:16:20,755 - watchfiles.main - DEBUG - 1 change detected: {(<Change.modified: 2>, '/workspace/app/backend/logs/app_20260616_111412.log')}
2026-06-16 11:16:21,105 - watchfiles.main - DEBUG - 1 change detected: {(<Change.modified: 2>, '/workspace/app/backend/logs/app_20260616_111412.log')}
2026-06-16 11:16:21,456 - watchfiles.main - DEBUG - 1 change detected: {(<Change.modified: 2>, '/workspace/app/backend/logs/app_20260616_111412.log')}
2026-06-16 11:16:21,807 - watchfiles.main - DEBUG - 1 change detected: {(<Change.modified: 2>, '/workspace/app/backend/logs/app_20260616_111412.log')}
2026-06-16 11:16:22,158 - watchfiles.main - DEBUG - 1 change detected: {(<Change.modified: 2>, '/workspace/app/backend/logs/app_20260616_111412.log')}
2026-06-16 11:16:22,509 - watchfiles.main - DEBUG - 1 change detected: {(<Change.modified: 2>, '/workspace/app/backend/logs/app_20260616_111412.log')}
2026-06-16 11:16:22,860 - watchfiles.main - DEBUG - 1 change detected: {(<Change.modified: 2>, '/workspace/app/backend/logs/app_20260616_111412.log')}
2026-06-16 11:16:23,211 - watchfiles.main - DEBUG - 1 change detected: {(<Change.modified: 2>, '/workspace/app/backend/logs/app_20260616_111412.log')}
2026-06-16 11:16:23,562 - watchfiles.main - DEBUG - 1 change detected: {(<Change.modified: 2>, '/workspace/app/backend/logs/app_20260616_111412.log')}
2026-06-16 11:16:23,913 - watchfiles.main - DEBUG - 1 change detected: {(<Change.modified: 2>, '/workspace/app/backend/logs/app_20260616_111412.log')}
2026-06-16 11:16:24,362 - watchfiles.main - DEBUG - 1 change detected: {(<Change.modified: 2>, '/workspace/app/backend/logs/app_20260616_111412.log')}
2026-06-16 11:16:24,714 - watchfiles.main - DEBUG - 1 change detected: {(<Change.modified: 2>, '/workspace/app/backend/logs/app_20260616_111412.log')}
2026-06-16 11:16:25,065 - watchfiles.main - DEBUG - 1 change detected: {(<Change.modified: 2>, '/workspace/app/backend/logs/app_20260616_111412.log')}
2026-06-16 11:16:25,415 - watchfiles.main - DEBUG - 1 change detected: {(<Change.modified: 2>, '/workspace/app/backend/logs/app_20260616_111412.log')}
2026-06-16 11:16:25,767 - watchfiles.main - DEBUG - 1 change detected: {(<Change.modified: 2>, '/workspace/app/backend/logs/app_20260616_111412.log')}
2026-06-16 11:16:26,118 - watchfiles.main - DEBUG - 1 change detected: {(<Change.modified: 2>, '/workspace/app/backend/logs/app_20260616_111412.log')}
2026-06-16 11:16:26,469 - watchfiles.main - DEBUG - 1 change detected: {(<Change.modified: 2>, '/workspace/app/backend/logs/app_20260616_111412.log')}
2026-06-16 11:16:26,820 - watchfiles.main - DEBUG - 1 change detected: {(<Change.modified: 2>, '/workspace/app/backend/logs/app_20260616_111412.log')}
