2026-06-19 05:38:59,762 - main - INFO - === Logging system initialized ===
2026-06-19 05:38:59,762 - main - INFO - Log file: logs/app_20260619_053859.log
2026-06-19 05:38:59,762 - main - INFO - Log level: INFO
2026-06-19 05:38:59,763 - main - INFO - Timestamp: 20260619_053859
2026-06-19 05:39:00,680 - main - INFO - Included router: routers.aihub.router
2026-06-19 05:39:00,704 - main - INFO - Included router: routers.analysis.router
2026-06-19 05:39:00,719 - main - INFO - Included router: routers.auth.router
2026-06-19 05:39:00,732 - main - INFO - Included router: routers.custom_auth.router
2026-06-19 05:39:00,778 - main - INFO - Included router: routers.doctor_patients.router
2026-06-19 05:39:00,780 - main - INFO - Included router: routers.health.router
2026-06-19 05:39:00,840 - main - INFO - Included router: routers.invite.router
2026-06-19 05:39:00,854 - main - INFO - Included router: routers.reports.router
2026-06-19 05:39:00,875 - main - INFO - Included router: routers.settings.router
2026-06-19 05:39:00,910 - main - INFO - Included router: routers.storage.router
2026-06-19 05:39:00,920 - main - INFO - Included router: routers.user.router
2026-06-19 05:39:00,966 - main - INFO - Included router: routers.users_profiles.router
2026-06-19 05:39:00,968 - main - INFO - === Application startup initiated ===
2026-06-19 05:39:00,968 - services.database - INFO - Ignore creating tables
2026-06-19 05:39:00,968 - services.mock_data - INFO - Ignore initialize data
2026-06-19 05:39:00,968 - services.auth - INFO - Ignore initialize admin
2026-06-19 05:39:00,968 - main - INFO - === Application startup completed successfully ===
2026-06-19 05:40:10,535 - services.database - DEBUG - [DB_OP] Starting database close
2026-06-19 05:40:10,535 - services.database - INFO - Database connections closed
2026-06-19 05:40:10,535 - services.database - DEBUG - [DB_OP] Database close completed in 0.0005s
