2026-06-22 04:50:49,274 - main - INFO - === Logging system initialized ===
2026-06-22 04:50:49,274 - main - INFO - Log file: logs/app_20260622_045049.log
2026-06-22 04:50:49,274 - main - INFO - Log level: INFO
2026-06-22 04:50:49,274 - main - INFO - Timestamp: 20260622_045049
2026-06-22 04:50:50,105 - main - INFO - Included router: routers.aihub.router
2026-06-22 04:50:50,124 - main - INFO - Included router: routers.analysis.router
2026-06-22 04:50:50,134 - main - INFO - Included router: routers.auth.router
2026-06-22 04:50:50,146 - main - INFO - Included router: routers.custom_auth.router
2026-06-22 04:50:50,188 - main - INFO - Included router: routers.doctor_patients.router
2026-06-22 04:50:50,189 - main - INFO - Included router: routers.health.router
2026-06-22 04:50:50,243 - main - INFO - Included router: routers.invite.router
2026-06-22 04:50:50,254 - main - INFO - Included router: routers.reports.router
2026-06-22 04:50:50,272 - main - INFO - Included router: routers.settings.router
2026-06-22 04:50:50,303 - main - INFO - Included router: routers.storage.router
2026-06-22 04:50:50,311 - main - INFO - Included router: routers.user.router
2026-06-22 04:50:50,352 - main - INFO - Included router: routers.users_profiles.router
2026-06-22 04:50:50,353 - main - INFO - === Application startup initiated ===
2026-06-22 04:50:50,353 - services.database - INFO - Ignore creating tables
2026-06-22 04:50:50,353 - services.mock_data - INFO - Ignore initialize data
2026-06-22 04:50:50,354 - services.auth - INFO - Ignore initialize admin
2026-06-22 04:50:50,354 - main - INFO - === Application startup completed successfully ===
2026-06-22 04:58:22,168 - services.database - DEBUG - [DB_OP] Starting database close
2026-06-22 04:58:22,168 - services.database - INFO - Database connections closed
2026-06-22 04:58:22,168 - services.database - DEBUG - [DB_OP] Database close completed in 0.0005s
