2026-07-07 02:11:52,548 - main - INFO - === Logging system initialized ===
2026-07-07 02:11:52,549 - main - INFO - Log file: logs/app_20260707_021152.log
2026-07-07 02:11:52,549 - main - INFO - Log level: INFO
2026-07-07 02:11:52,549 - main - INFO - Timestamp: 20260707_021152
2026-07-07 02:11:53,324 - main - INFO - Included router: routers.aihub.router
2026-07-07 02:11:53,349 - main - INFO - Included router: routers.analysis.router
2026-07-07 02:11:53,362 - main - INFO - Included router: routers.auth.router
2026-07-07 02:11:53,374 - main - INFO - Included router: routers.custom_auth.router
2026-07-07 02:11:53,418 - main - INFO - Included router: routers.doctor_patients.router
2026-07-07 02:11:53,420 - main - INFO - Included router: routers.health.router
2026-07-07 02:11:53,481 - main - INFO - Included router: routers.invite.router
2026-07-07 02:11:53,495 - main - INFO - Included router: routers.reports.router
2026-07-07 02:11:53,516 - main - INFO - Included router: routers.settings.router
2026-07-07 02:11:53,551 - main - INFO - Included router: routers.storage.router
2026-07-07 02:11:53,559 - main - INFO - Included router: routers.user.router
2026-07-07 02:11:53,605 - main - INFO - Included router: routers.users_profiles.router
2026-07-07 02:11:54,971 - watchfiles.main - DEBUG - 1 change detected: {(<Change.added: 1>, '/workspace/app/backend/logs/app_20260707_021154.log')}
2026-07-07 02:11:55,322 - watchfiles.main - DEBUG - 1 change detected: {(<Change.modified: 2>, '/workspace/app/backend/logs/app_20260707_021152.log')}
2026-07-07 02:11:55,723 - watchfiles.main - DEBUG - 2 changes detected: {(<Change.modified: 2>, '/workspace/app/backend/logs/app_20260707_021152.log'), (<Change.modified: 2>, '/workspace/app/backend/logs/app_20260707_021154.log')}
2026-07-07 02:11:56,074 - watchfiles.main - DEBUG - 2 changes detected: {(<Change.modified: 2>, '/workspace/app/backend/logs/app_20260707_021152.log'), (<Change.modified: 2>, '/workspace/app/backend/logs/app_20260707_021154.log')}
2026-07-07 02:11:56,424 - watchfiles.main - DEBUG - 1 change detected: {(<Change.modified: 2>, '/workspace/app/backend/logs/app_20260707_021152.log')}
2026-07-07 02:11:56,775 - watchfiles.main - DEBUG - 1 change detected: {(<Change.modified: 2>, '/workspace/app/backend/logs/app_20260707_021152.log')}
2026-07-07 02:11:57,126 - watchfiles.main - DEBUG - 1 change detected: {(<Change.modified: 2>, '/workspace/app/backend/logs/app_20260707_021152.log')}
2026-07-07 02:11:57,477 - watchfiles.main - DEBUG - 1 change detected: {(<Change.modified: 2>, '/workspace/app/backend/logs/app_20260707_021152.log')}
2026-07-07 02:11:57,828 - watchfiles.main - DEBUG - 1 change detected: {(<Change.modified: 2>, '/workspace/app/backend/logs/app_20260707_021152.log')}
2026-07-07 02:11:58,178 - watchfiles.main - DEBUG - 1 change detected: {(<Change.modified: 2>, '/workspace/app/backend/logs/app_20260707_021152.log')}
2026-07-07 02:11:58,529 - watchfiles.main - DEBUG - 1 change detected: {(<Change.modified: 2>, '/workspace/app/backend/logs/app_20260707_021152.log')}
2026-07-07 02:11:58,880 - watchfiles.main - DEBUG - 1 change detected: {(<Change.modified: 2>, '/workspace/app/backend/logs/app_20260707_021152.log')}
2026-07-07 02:11:59,231 - watchfiles.main - DEBUG - 1 change detected: {(<Change.modified: 2>, '/workspace/app/backend/logs/app_20260707_021152.log')}
2026-07-07 02:11:59,582 - watchfiles.main - DEBUG - 1 change detected: {(<Change.modified: 2>, '/workspace/app/backend/logs/app_20260707_021152.log')}
2026-07-07 02:11:59,932 - watchfiles.main - DEBUG - 1 change detected: {(<Change.modified: 2>, '/workspace/app/backend/logs/app_20260707_021152.log')}
2026-07-07 02:12:00,283 - watchfiles.main - DEBUG - 1 change detected: {(<Change.modified: 2>, '/workspace/app/backend/logs/app_20260707_021152.log')}
2026-07-07 02:12:00,634 - watchfiles.main - DEBUG - 1 change detected: {(<Change.modified: 2>, '/workspace/app/backend/logs/app_20260707_021152.log')}
2026-07-07 02:12:00,985 - watchfiles.main - DEBUG - 1 change detected: {(<Change.modified: 2>, '/workspace/app/backend/logs/app_20260707_021152.log')}
2026-07-07 02:12:01,336 - watchfiles.main - DEBUG - 1 change detected: {(<Change.modified: 2>, '/workspace/app/backend/logs/app_20260707_021152.log')}
2026-07-07 02:12:01,687 - watchfiles.main - DEBUG - 1 change detected: {(<Change.modified: 2>, '/workspace/app/backend/logs/app_20260707_021152.log')}
2026-07-07 02:12:02,038 - watchfiles.main - DEBUG - 1 change detected: {(<Change.modified: 2>, '/workspace/app/backend/logs/app_20260707_021152.log')}
2026-07-07 02:12:02,389 - watchfiles.main - DEBUG - 1 change detected: {(<Change.modified: 2>, '/workspace/app/backend/logs/app_20260707_021152.log')}
2026-07-07 02:12:02,740 - watchfiles.main - DEBUG - 1 change detected: {(<Change.modified: 2>, '/workspace/app/backend/logs/app_20260707_021152.log')}
2026-07-07 02:12:03,091 - watchfiles.main - DEBUG - 1 change detected: {(<Change.modified: 2>, '/workspace/app/backend/logs/app_20260707_021152.log')}
2026-07-07 02:12:03,442 - watchfiles.main - DEBUG - 1 change detected: {(<Change.modified: 2>, '/workspace/app/backend/logs/app_20260707_021152.log')}
2026-07-07 02:12:03,792 - watchfiles.main - DEBUG - 1 change detected: {(<Change.modified: 2>, '/workspace/app/backend/logs/app_20260707_021152.log')}
2026-07-07 02:12:04,143 - watchfiles.main - DEBUG - 1 change detected: {(<Change.modified: 2>, '/workspace/app/backend/logs/app_20260707_021152.log')}
2026-07-07 02:12:04,494 - watchfiles.main - DEBUG - 1 change detected: {(<Change.modified: 2>, '/workspace/app/backend/logs/app_20260707_021152.log')}
2026-07-07 02:12:04,845 - watchfiles.main - DEBUG - 1 change detected: {(<Change.modified: 2>, '/workspace/app/backend/logs/app_20260707_021152.log')}
2026-07-07 02:12:05,197 - watchfiles.main - DEBUG - 1 change detected: {(<Change.modified: 2>, '/workspace/app/backend/logs/app_20260707_021152.log')}
2026-07-07 02:12:05,548 - watchfiles.main - DEBUG - 1 change detected: {(<Change.modified: 2>, '/workspace/app/backend/logs/app_20260707_021152.log')}
2026-07-07 02:12:05,899 - watchfiles.main - DEBUG - 1 change detected: {(<Change.modified: 2>, '/workspace/app/backend/logs/app_20260707_021152.log')}
2026-07-07 02:12:06,250 - watchfiles.main - DEBUG - 1 change detected: {(<Change.modified: 2>, '/workspace/app/backend/logs/app_20260707_021152.log')}
2026-07-07 02:12:06,601 - watchfiles.main - DEBUG - 1 change detected: {(<Change.modified: 2>, '/workspace/app/backend/logs/app_20260707_021152.log')}
2026-07-07 02:12:06,952 - watchfiles.main - DEBUG - 1 change detected: {(<Change.modified: 2>, '/workspace/app/backend/logs/app_20260707_021152.log')}
2026-07-07 02:12:07,303 - watchfiles.main - DEBUG - 1 change detected: {(<Change.modified: 2>, '/workspace/app/backend/logs/app_20260707_021152.log')}
2026-07-07 02:12:07,654 - watchfiles.main - DEBUG - 1 change detected: {(<Change.modified: 2>, '/workspace/app/backend/logs/app_20260707_021152.log')}
2026-07-07 02:12:08,005 - watchfiles.main - DEBUG - 1 change detected: {(<Change.modified: 2>, '/workspace/app/backend/logs/app_20260707_021152.log')}
2026-07-07 02:12:08,356 - watchfiles.main - DEBUG - 1 change detected: {(<Change.modified: 2>, '/workspace/app/backend/logs/app_20260707_021152.log')}
2026-07-07 02:12:08,707 - watchfiles.main - DEBUG - 1 change detected: {(<Change.modified: 2>, '/workspace/app/backend/logs/app_20260707_021152.log')}
2026-07-07 02:12:09,058 - watchfiles.main - DEBUG - 1 change detected: {(<Change.modified: 2>, '/workspace/app/backend/logs/app_20260707_021152.log')}
2026-07-07 02:12:09,409 - watchfiles.main - DEBUG - 1 change detected: {(<Change.modified: 2>, '/workspace/app/backend/logs/app_20260707_021152.log')}
2026-07-07 02:12:09,760 - watchfiles.main - DEBUG - 1 change detected: {(<Change.modified: 2>, '/workspace/app/backend/logs/app_20260707_021152.log')}
2026-07-07 02:12:10,111 - watchfiles.main - DEBUG - 1 change detected: {(<Change.modified: 2>, '/workspace/app/backend/logs/app_20260707_021152.log')}
2026-07-07 02:12:10,462 - watchfiles.main - DEBUG - 1 change detected: {(<Change.modified: 2>, '/workspace/app/backend/logs/app_20260707_021152.log')}
2026-07-07 02:12:10,813 - watchfiles.main - DEBUG - 1 change detected: {(<Change.modified: 2>, '/workspace/app/backend/logs/app_20260707_021152.log')}
2026-07-07 02:12:11,164 - watchfiles.main - DEBUG - 1 change detected: {(<Change.modified: 2>, '/workspace/app/backend/logs/app_20260707_021152.log')}
2026-07-07 02:12:11,515 - watchfiles.main - DEBUG - 1 change detected: {(<Change.modified: 2>, '/workspace/app/backend/logs/app_20260707_021152.log')}
2026-07-07 02:12:11,866 - watchfiles.main - DEBUG - 1 change detected: {(<Change.modified: 2>, '/workspace/app/backend/logs/app_20260707_021152.log')}
2026-07-07 02:12:12,217 - watchfiles.main - DEBUG - 1 change detected: {(<Change.modified: 2>, '/workspace/app/backend/logs/app_20260707_021152.log')}
2026-07-07 02:12:12,568 - watchfiles.main - DEBUG - 1 change detected: {(<Change.modified: 2>, '/workspace/app/backend/logs/app_20260707_021152.log')}
2026-07-07 02:12:12,919 - watchfiles.main - DEBUG - 1 change detected: {(<Change.modified: 2>, '/workspace/app/backend/logs/app_20260707_021152.log')}
2026-07-07 02:12:13,270 - watchfiles.main - DEBUG - 1 change detected: {(<Change.modified: 2>, '/workspace/app/backend/logs/app_20260707_021152.log')}
2026-07-07 02:12:13,621 - watchfiles.main - DEBUG - 1 change detected: {(<Change.modified: 2>, '/workspace/app/backend/logs/app_20260707_021152.log')}
2026-07-07 02:12:13,972 - watchfiles.main - DEBUG - 1 change detected: {(<Change.modified: 2>, '/workspace/app/backend/logs/app_20260707_021152.log')}
2026-07-07 02:12:14,323 - watchfiles.main - DEBUG - 1 change detected: {(<Change.modified: 2>, '/workspace/app/backend/logs/app_20260707_021152.log')}
2026-07-07 02:12:14,674 - watchfiles.main - DEBUG - 1 change detected: {(<Change.modified: 2>, '/workspace/app/backend/logs/app_20260707_021152.log')}
2026-07-07 02:12:15,025 - watchfiles.main - DEBUG - 1 change detected: {(<Change.modified: 2>, '/workspace/app/backend/logs/app_20260707_021152.log')}
2026-07-07 02:12:15,376 - watchfiles.main - DEBUG - 1 change detected: {(<Change.modified: 2>, '/workspace/app/backend/logs/app_20260707_021152.log')}
2026-07-07 02:12:15,727 - watchfiles.main - DEBUG - 1 change detected: {(<Change.modified: 2>, '/workspace/app/backend/logs/app_20260707_021152.log')}
2026-07-07 02:12:16,078 - watchfiles.main - DEBUG - 1 change detected: {(<Change.modified: 2>, '/workspace/app/backend/logs/app_20260707_021152.log')}
2026-07-07 02:12:16,429 - watchfiles.main - DEBUG - 1 change detected: {(<Change.modified: 2>, '/workspace/app/backend/logs/app_20260707_021152.log')}
2026-07-07 02:12:16,779 - watchfiles.main - DEBUG - 1 change detected: {(<Change.modified: 2>, '/workspace/app/backend/logs/app_20260707_021152.log')}
2026-07-07 02:12:17,131 - watchfiles.main - DEBUG - 1 change detected: {(<Change.modified: 2>, '/workspace/app/backend/logs/app_20260707_021152.log')}
2026-07-07 02:12:17,481 - watchfiles.main - DEBUG - 1 change detected: {(<Change.modified: 2>, '/workspace/app/backend/logs/app_20260707_021152.log')}
2026-07-07 02:12:17,832 - watchfiles.main - DEBUG - 1 change detected: {(<Change.modified: 2>, '/workspace/app/backend/logs/app_20260707_021152.log')}
2026-07-07 02:12:18,183 - watchfiles.main - DEBUG - 1 change detected: {(<Change.modified: 2>, '/workspace/app/backend/logs/app_20260707_021152.log')}
2026-07-07 02:12:18,534 - watchfiles.main - DEBUG - 1 change detected: {(<Change.modified: 2>, '/workspace/app/backend/logs/app_20260707_021152.log')}
2026-07-07 02:12:18,885 - watchfiles.main - DEBUG - 1 change detected: {(<Change.modified: 2>, '/workspace/app/backend/logs/app_20260707_021152.log')}
2026-07-07 02:12:19,236 - watchfiles.main - DEBUG - 1 change detected: {(<Change.modified: 2>, '/workspace/app/backend/logs/app_20260707_021152.log')}
2026-07-07 02:12:19,587 - watchfiles.main - DEBUG - 1 change detected: {(<Change.modified: 2>, '/workspace/app/backend/logs/app_20260707_021152.log')}
2026-07-07 02:12:19,938 - watchfiles.main - DEBUG - 1 change detected: {(<Change.modified: 2>, '/workspace/app/backend/logs/app_20260707_021152.log')}
2026-07-07 02:12:20,289 - watchfiles.main - DEBUG - 1 change detected: {(<Change.modified: 2>, '/workspace/app/backend/logs/app_20260707_021152.log')}
2026-07-07 02:12:20,640 - watchfiles.main - DEBUG - 1 change detected: {(<Change.modified: 2>, '/workspace/app/backend/logs/app_20260707_021152.log')}
2026-07-07 02:12:20,991 - watchfiles.main - DEBUG - 1 change detected: {(<Change.modified: 2>, '/workspace/app/backend/logs/app_20260707_021152.log')}
2026-07-07 02:12:21,342 - watchfiles.main - DEBUG - 1 change detected: {(<Change.modified: 2>, '/workspace/app/backend/logs/app_20260707_021152.log')}
2026-07-07 02:12:21,693 - watchfiles.main - DEBUG - 1 change detected: {(<Change.modified: 2>, '/workspace/app/backend/logs/app_20260707_021152.log')}
2026-07-07 02:12:22,044 - watchfiles.main - DEBUG - 1 change detected: {(<Change.modified: 2>, '/workspace/app/backend/logs/app_20260707_021152.log')}
2026-07-07 02:12:22,395 - watchfiles.main - DEBUG - 1 change detected: {(<Change.modified: 2>, '/workspace/app/backend/logs/app_20260707_021152.log')}
2026-07-07 02:12:22,746 - watchfiles.main - DEBUG - 1 change detected: {(<Change.modified: 2>, '/workspace/app/backend/logs/app_20260707_021152.log')}
2026-07-07 02:12:23,097 - watchfiles.main - DEBUG - 1 change detected: {(<Change.modified: 2>, '/workspace/app/backend/logs/app_20260707_021152.log')}
2026-07-07 02:12:23,448 - watchfiles.main - DEBUG - 1 change detected: {(<Change.modified: 2>, '/workspace/app/backend/logs/app_20260707_021152.log')}
2026-07-07 02:12:23,799 - watchfiles.main - DEBUG - 1 change detected: {(<Change.modified: 2>, '/workspace/app/backend/logs/app_20260707_021152.log')}
2026-07-07 02:12:24,150 - watchfiles.main - DEBUG - 1 change detected: {(<Change.modified: 2>, '/workspace/app/backend/logs/app_20260707_021152.log')}
2026-07-07 02:12:24,501 - watchfiles.main - DEBUG - 1 change detected: {(<Change.modified: 2>, '/workspace/app/backend/logs/app_20260707_021152.log')}
2026-07-07 02:12:24,852 - watchfiles.main - DEBUG - 1 change detected: {(<Change.modified: 2>, '/workspace/app/backend/logs/app_20260707_021152.log')}
2026-07-07 02:12:25,203 - watchfiles.main - DEBUG - 1 change detected: {(<Change.modified: 2>, '/workspace/app/backend/logs/app_20260707_021152.log')}
2026-07-07 02:12:25,554 - watchfiles.main - DEBUG - 1 change detected: {(<Change.modified: 2>, '/workspace/app/backend/logs/app_20260707_021152.log')}
2026-07-07 02:12:25,905 - watchfiles.main - DEBUG - 1 change detected: {(<Change.modified: 2>, '/workspace/app/backend/logs/app_20260707_021152.log')}
2026-07-07 02:12:26,256 - watchfiles.main - DEBUG - 1 change detected: {(<Change.modified: 2>, '/workspace/app/backend/logs/app_20260707_021152.log')}
2026-07-07 02:12:26,607 - watchfiles.main - DEBUG - 1 change detected: {(<Change.modified: 2>, '/workspace/app/backend/logs/app_20260707_021152.log')}
2026-07-07 02:12:26,957 - watchfiles.main - DEBUG - 1 change detected: {(<Change.modified: 2>, '/workspace/app/backend/logs/app_20260707_021152.log')}
2026-07-07 02:12:27,308 - watchfiles.main - DEBUG - 1 change detected: {(<Change.modified: 2>, '/workspace/app/backend/logs/app_20260707_021152.log')}
2026-07-07 02:12:27,659 - watchfiles.main - DEBUG - 1 change detected: {(<Change.modified: 2>, '/workspace/app/backend/logs/app_20260707_021152.log')}
2026-07-07 02:12:28,010 - watchfiles.main - DEBUG - 1 change detected: {(<Change.modified: 2>, '/workspace/app/backend/logs/app_20260707_021152.log')}
2026-07-07 02:12:28,361 - watchfiles.main - DEBUG - 1 change detected: {(<Change.modified: 2>, '/workspace/app/backend/logs/app_20260707_021152.log')}
2026-07-07 02:12:28,712 - watchfiles.main - DEBUG - 1 change detected: {(<Change.modified: 2>, '/workspace/app/backend/logs/app_20260707_021152.log')}
2026-07-07 02:12:29,063 - watchfiles.main - DEBUG - 1 change detected: {(<Change.modified: 2>, '/workspace/app/backend/logs/app_20260707_021152.log')}
2026-07-07 02:12:29,414 - watchfiles.main - DEBUG - 1 change detected: {(<Change.modified: 2>, '/workspace/app/backend/logs/app_20260707_021152.log')}
2026-07-07 02:12:29,765 - watchfiles.main - DEBUG - 1 change detected: {(<Change.modified: 2>, '/workspace/app/backend/logs/app_20260707_021152.log')}
2026-07-07 02:12:30,116 - watchfiles.main - DEBUG - 1 change detected: {(<Change.modified: 2>, '/workspace/app/backend/logs/app_20260707_021152.log')}
2026-07-07 02:12:30,467 - watchfiles.main - DEBUG - 1 change detected: {(<Change.modified: 2>, '/workspace/app/backend/logs/app_20260707_021152.log')}
2026-07-07 02:12:30,818 - watchfiles.main - DEBUG - 1 change detected: {(<Change.modified: 2>, '/workspace/app/backend/logs/app_20260707_021152.log')}
2026-07-07 02:12:31,169 - watchfiles.main - DEBUG - 1 change detected: {(<Change.modified: 2>, '/workspace/app/backend/logs/app_20260707_021152.log')}
2026-07-07 02:12:31,520 - watchfiles.main - DEBUG - 1 change detected: {(<Change.modified: 2>, '/workspace/app/backend/logs/app_20260707_021152.log')}
2026-07-07 02:12:31,870 - watchfiles.main - DEBUG - 1 change detected: {(<Change.modified: 2>, '/workspace/app/backend/logs/app_20260707_021152.log')}
2026-07-07 02:12:32,221 - watchfiles.main - DEBUG - 1 change detected: {(<Change.modified: 2>, '/workspace/app/backend/logs/app_20260707_021152.log')}
2026-07-07 02:12:32,572 - watchfiles.main - DEBUG - 1 change detected: {(<Change.modified: 2>, '/workspace/app/backend/logs/app_20260707_021152.log')}
2026-07-07 02:12:32,924 - watchfiles.main - DEBUG - 1 change detected: {(<Change.modified: 2>, '/workspace/app/backend/logs/app_20260707_021152.log')}
2026-07-07 02:12:33,275 - watchfiles.main - DEBUG - 1 change detected: {(<Change.modified: 2>, '/workspace/app/backend/logs/app_20260707_021152.log')}
2026-07-07 02:12:33,625 - watchfiles.main - DEBUG - 1 change detected: {(<Change.modified: 2>, '/workspace/app/backend/logs/app_20260707_021152.log')}
2026-07-07 02:12:33,977 - watchfiles.main - DEBUG - 1 change detected: {(<Change.modified: 2>, '/workspace/app/backend/logs/app_20260707_021152.log')}
2026-07-07 02:12:34,327 - watchfiles.main - DEBUG - 1 change detected: {(<Change.modified: 2>, '/workspace/app/backend/logs/app_20260707_021152.log')}
2026-07-07 02:12:34,678 - watchfiles.main - DEBUG - 1 change detected: {(<Change.modified: 2>, '/workspace/app/backend/logs/app_20260707_021152.log')}
2026-07-07 02:12:35,029 - watchfiles.main - DEBUG - 1 change detected: {(<Change.modified: 2>, '/workspace/app/backend/logs/app_20260707_021152.log')}
2026-07-07 02:12:35,380 - watchfiles.main - DEBUG - 1 change detected: {(<Change.modified: 2>, '/workspace/app/backend/logs/app_20260707_021152.log')}
2026-07-07 02:12:35,731 - watchfiles.main - DEBUG - 1 change detected: {(<Change.modified: 2>, '/workspace/app/backend/logs/app_20260707_021152.log')}
2026-07-07 02:12:36,082 - watchfiles.main - DEBUG - 1 change detected: {(<Change.modified: 2>, '/workspace/app/backend/logs/app_20260707_021152.log')}
2026-07-07 02:12:36,432 - watchfiles.main - DEBUG - 1 change detected: {(<Change.modified: 2>, '/workspace/app/backend/logs/app_20260707_021152.log')}
2026-07-07 02:12:36,783 - watchfiles.main - DEBUG - 1 change detected: {(<Change.modified: 2>, '/workspace/app/backend/logs/app_20260707_021152.log')}
2026-07-07 02:12:37,134 - watchfiles.main - DEBUG - 1 change detected: {(<Change.modified: 2>, '/workspace/app/backend/logs/app_20260707_021152.log')}
2026-07-07 02:12:37,485 - watchfiles.main - DEBUG - 1 change detected: {(<Change.modified: 2>, '/workspace/app/backend/logs/app_20260707_021152.log')}
2026-07-07 02:12:37,836 - watchfiles.main - DEBUG - 1 change detected: {(<Change.modified: 2>, '/workspace/app/backend/logs/app_20260707_021152.log')}
2026-07-07 02:12:38,187 - watchfiles.main - DEBUG - 1 change detected: {(<Change.modified: 2>, '/workspace/app/backend/logs/app_20260707_021152.log')}
2026-07-07 02:12:38,538 - watchfiles.main - DEBUG - 1 change detected: {(<Change.modified: 2>, '/workspace/app/backend/logs/app_20260707_021152.log')}
2026-07-07 02:12:38,889 - watchfiles.main - DEBUG - 1 change detected: {(<Change.modified: 2>, '/workspace/app/backend/logs/app_20260707_021152.log')}
2026-07-07 02:12:39,240 - watchfiles.main - DEBUG - 1 change detected: {(<Change.modified: 2>, '/workspace/app/backend/logs/app_20260707_021152.log')}
2026-07-07 02:12:39,591 - watchfiles.main - DEBUG - 1 change detected: {(<Change.modified: 2>, '/workspace/app/backend/logs/app_20260707_021152.log')}
2026-07-07 02:12:39,943 - watchfiles.main - DEBUG - 1 change detected: {(<Change.modified: 2>, '/workspace/app/backend/logs/app_20260707_021152.log')}
2026-07-07 02:12:40,294 - watchfiles.main - DEBUG - 1 change detected: {(<Change.modified: 2>, '/workspace/app/backend/logs/app_20260707_021152.log')}
2026-07-07 02:12:40,645 - watchfiles.main - DEBUG - 1 change detected: {(<Change.modified: 2>, '/workspace/app/backend/logs/app_20260707_021152.log')}
2026-07-07 02:12:40,996 - watchfiles.main - DEBUG - 1 change detected: {(<Change.modified: 2>, '/workspace/app/backend/logs/app_20260707_021152.log')}
2026-07-07 02:12:41,347 - watchfiles.main - DEBUG - 1 change detected: {(<Change.modified: 2>, '/workspace/app/backend/logs/app_20260707_021152.log')}
2026-07-07 02:12:41,697 - watchfiles.main - DEBUG - 1 change detected: {(<Change.modified: 2>, '/workspace/app/backend/logs/app_20260707_021152.log')}
2026-07-07 02:12:42,048 - watchfiles.main - DEBUG - 1 change detected: {(<Change.modified: 2>, '/workspace/app/backend/logs/app_20260707_021152.log')}
2026-07-07 02:12:42,399 - watchfiles.main - DEBUG - 1 change detected: {(<Change.modified: 2>, '/workspace/app/backend/logs/app_20260707_021152.log')}
2026-07-07 02:12:42,750 - watchfiles.main - DEBUG - 1 change detected: {(<Change.modified: 2>, '/workspace/app/backend/logs/app_20260707_021152.log')}
2026-07-07 02:12:43,101 - watchfiles.main - DEBUG - 1 change detected: {(<Change.modified: 2>, '/workspace/app/backend/logs/app_20260707_021152.log')}
2026-07-07 02:12:43,452 - watchfiles.main - DEBUG - 1 change detected: {(<Change.modified: 2>, '/workspace/app/backend/logs/app_20260707_021152.log')}
2026-07-07 02:12:43,803 - watchfiles.main - DEBUG - 1 change detected: {(<Change.modified: 2>, '/workspace/app/backend/logs/app_20260707_021152.log')}
2026-07-07 02:12:44,154 - watchfiles.main - DEBUG - 1 change detected: {(<Change.modified: 2>, '/workspace/app/backend/logs/app_20260707_021152.log')}
2026-07-07 02:12:44,505 - watchfiles.main - DEBUG - 1 change detected: {(<Change.modified: 2>, '/workspace/app/backend/logs/app_20260707_021152.log')}
2026-07-07 02:12:44,856 - watchfiles.main - DEBUG - 1 change detected: {(<Change.modified: 2>, '/workspace/app/backend/logs/app_20260707_021152.log')}
2026-07-07 02:12:45,207 - watchfiles.main - DEBUG - 1 change detected: {(<Change.modified: 2>, '/workspace/app/backend/logs/app_20260707_021152.log')}
2026-07-07 02:12:45,558 - watchfiles.main - DEBUG - 1 change detected: {(<Change.modified: 2>, '/workspace/app/backend/logs/app_20260707_021152.log')}
2026-07-07 02:12:45,909 - watchfiles.main - DEBUG - 1 change detected: {(<Change.modified: 2>, '/workspace/app/backend/logs/app_20260707_021152.log')}
2026-07-07 02:12:46,260 - watchfiles.main - DEBUG - 1 change detected: {(<Change.modified: 2>, '/workspace/app/backend/logs/app_20260707_021152.log')}
2026-07-07 02:12:46,611 - watchfiles.main - DEBUG - 1 change detected: {(<Change.modified: 2>, '/workspace/app/backend/logs/app_20260707_021152.log')}
2026-07-07 02:12:46,962 - watchfiles.main - DEBUG - 1 change detected: {(<Change.modified: 2>, '/workspace/app/backend/logs/app_20260707_021152.log')}
2026-07-07 02:12:47,313 - watchfiles.main - DEBUG - 1 change detected: {(<Change.modified: 2>, '/workspace/app/backend/logs/app_20260707_021152.log')}
2026-07-07 02:12:47,664 - watchfiles.main - DEBUG - 1 change detected: {(<Change.modified: 2>, '/workspace/app/backend/logs/app_20260707_021152.log')}
2026-07-07 02:12:48,015 - watchfiles.main - DEBUG - 1 change detected: {(<Change.modified: 2>, '/workspace/app/backend/logs/app_20260707_021152.log')}
2026-07-07 02:12:48,366 - watchfiles.main - DEBUG - 1 change detected: {(<Change.modified: 2>, '/workspace/app/backend/logs/app_20260707_021152.log')}
2026-07-07 02:12:48,717 - watchfiles.main - DEBUG - 1 change detected: {(<Change.modified: 2>, '/workspace/app/backend/logs/app_20260707_021152.log')}
2026-07-07 02:12:49,068 - watchfiles.main - DEBUG - 1 change detected: {(<Change.modified: 2>, '/workspace/app/backend/logs/app_20260707_021152.log')}
2026-07-07 02:12:49,419 - watchfiles.main - DEBUG - 1 change detected: {(<Change.modified: 2>, '/workspace/app/backend/logs/app_20260707_021152.log')}
2026-07-07 02:12:49,770 - watchfiles.main - DEBUG - 1 change detected: {(<Change.modified: 2>, '/workspace/app/backend/logs/app_20260707_021152.log')}
2026-07-07 02:12:50,121 - watchfiles.main - DEBUG - 1 change detected: {(<Change.modified: 2>, '/workspace/app/backend/logs/app_20260707_021152.log')}
2026-07-07 02:12:50,471 - watchfiles.main - DEBUG - 1 change detected: {(<Change.modified: 2>, '/workspace/app/backend/logs/app_20260707_021152.log')}
2026-07-07 02:12:50,822 - watchfiles.main - DEBUG - 1 change detected: {(<Change.modified: 2>, '/workspace/app/backend/logs/app_20260707_021152.log')}
2026-07-07 02:12:51,173 - watchfiles.main - DEBUG - 1 change detected: {(<Change.modified: 2>, '/workspace/app/backend/logs/app_20260707_021152.log')}
2026-07-07 02:12:51,524 - watchfiles.main - DEBUG - 1 change detected: {(<Change.modified: 2>, '/workspace/app/backend/logs/app_20260707_021152.log')}
2026-07-07 02:12:51,875 - watchfiles.main - DEBUG - 1 change detected: {(<Change.modified: 2>, '/workspace/app/backend/logs/app_20260707_021152.log')}
2026-07-07 02:12:52,227 - watchfiles.main - DEBUG - 1 change detected: {(<Change.modified: 2>, '/workspace/app/backend/logs/app_20260707_021152.log')}
2026-07-07 02:12:52,577 - watchfiles.main - DEBUG - 1 change detected: {(<Change.modified: 2>, '/workspace/app/backend/logs/app_20260707_021152.log')}
2026-07-07 02:12:52,929 - watchfiles.main - DEBUG - 1 change detected: {(<Change.modified: 2>, '/workspace/app/backend/logs/app_20260707_021152.log')}
2026-07-07 02:12:53,280 - watchfiles.main - DEBUG - 1 change detected: {(<Change.modified: 2>, '/workspace/app/backend/logs/app_20260707_021152.log')}
2026-07-07 02:12:53,631 - watchfiles.main - DEBUG - 1 change detected: {(<Change.modified: 2>, '/workspace/app/backend/logs/app_20260707_021152.log')}
2026-07-07 02:12:53,981 - watchfiles.main - DEBUG - 1 change detected: {(<Change.modified: 2>, '/workspace/app/backend/logs/app_20260707_021152.log')}
2026-07-07 02:12:54,332 - watchfiles.main - DEBUG - 1 change detected: {(<Change.modified: 2>, '/workspace/app/backend/logs/app_20260707_021152.log')}
2026-07-07 02:12:54,683 - watchfiles.main - DEBUG - 1 change detected: {(<Change.modified: 2>, '/workspace/app/backend/logs/app_20260707_021152.log')}
2026-07-07 02:12:55,034 - watchfiles.main - DEBUG - 1 change detected: {(<Change.modified: 2>, '/workspace/app/backend/logs/app_20260707_021152.log')}
2026-07-07 02:12:55,385 - watchfiles.main - DEBUG - 1 change detected: {(<Change.modified: 2>, '/workspace/app/backend/logs/app_20260707_021152.log')}
2026-07-07 02:12:55,736 - watchfiles.main - DEBUG - 1 change detected: {(<Change.modified: 2>, '/workspace/app/backend/logs/app_20260707_021152.log')}
2026-07-07 02:12:56,087 - watchfiles.main - DEBUG - 1 change detected: {(<Change.modified: 2>, '/workspace/app/backend/logs/app_20260707_021152.log')}
2026-07-07 02:12:56,438 - watchfiles.main - DEBUG - 1 change detected: {(<Change.modified: 2>, '/workspace/app/backend/logs/app_20260707_021152.log')}
2026-07-07 02:12:56,789 - watchfiles.main - DEBUG - 1 change detected: {(<Change.modified: 2>, '/workspace/app/backend/logs/app_20260707_021152.log')}
2026-07-07 02:12:57,140 - watchfiles.main - DEBUG - 1 change detected: {(<Change.modified: 2>, '/workspace/app/backend/logs/app_20260707_021152.log')}
2026-07-07 02:12:57,491 - watchfiles.main - DEBUG - 1 change detected: {(<Change.modified: 2>, '/workspace/app/backend/logs/app_20260707_021152.log')}
2026-07-07 02:12:57,842 - watchfiles.main - DEBUG - 1 change detected: {(<Change.modified: 2>, '/workspace/app/backend/logs/app_20260707_021152.log')}
2026-07-07 02:12:58,193 - watchfiles.main - DEBUG - 1 change detected: {(<Change.modified: 2>, '/workspace/app/backend/logs/app_20260707_021152.log')}
2026-07-07 02:12:58,544 - watchfiles.main - DEBUG - 1 change detected: {(<Change.modified: 2>, '/workspace/app/backend/logs/app_20260707_021152.log')}
