2026-06-13 10:13:37,599 - main - INFO - === Logging system initialized ===
2026-06-13 10:13:37,599 - main - INFO - Log file: logs/app_20260613_101337.log
2026-06-13 10:13:37,599 - main - INFO - Log level: INFO
2026-06-13 10:13:37,599 - main - INFO - Timestamp: 20260613_101337
2026-06-13 10:13:38,443 - main - INFO - Included router: routers.aihub.router
2026-06-13 10:13:38,465 - main - INFO - Included router: routers.analysis.router
2026-06-13 10:13:38,479 - main - INFO - Included router: routers.auth.router
2026-06-13 10:13:38,494 - main - INFO - Included router: routers.custom_auth.router
2026-06-13 10:13:38,549 - main - INFO - Included router: routers.doctor_patients.router
2026-06-13 10:13:38,551 - main - INFO - Included router: routers.health.router
2026-06-13 10:13:38,613 - main - INFO - Included router: routers.invite.router
2026-06-13 10:13:38,626 - main - INFO - Included router: routers.reports.router
2026-06-13 10:13:38,652 - main - INFO - Included router: routers.settings.router
2026-06-13 10:13:38,689 - main - INFO - Included router: routers.storage.router
2026-06-13 10:13:38,697 - main - INFO - Included router: routers.user.router
2026-06-13 10:13:38,739 - main - INFO - Included router: routers.users_profiles.router
2026-06-13 10:13:38,740 - main - INFO - === Application startup initiated ===
2026-06-13 10:13:38,740 - services.database - INFO - Ignore creating tables
2026-06-13 10:13:38,740 - services.mock_data - INFO - Ignore initialize data
2026-06-13 10:13:38,741 - services.auth - INFO - Ignore initialize admin
2026-06-13 10:13:38,741 - main - INFO - === Application startup completed successfully ===
2026-06-13 10:17:17,563 - services.database - DEBUG - [DB_OP] Starting database close
2026-06-13 10:17:17,563 - services.database - INFO - Database connections closed
2026-06-13 10:17:17,564 - services.database - DEBUG - [DB_OP] Database close completed in 0.0005s
