2026-06-12 12:41:20,168 - main - INFO - === Logging system initialized ===
2026-06-12 12:41:20,169 - main - INFO - Log file: logs/app_20260612_124120.log
2026-06-12 12:41:20,169 - main - INFO - Log level: INFO
2026-06-12 12:41:20,169 - main - INFO - Timestamp: 20260612_124120
2026-06-12 12:41:21,001 - main - INFO - Included router: routers.aihub.router
2026-06-12 12:41:21,055 - main - INFO - Included router: routers.analysis.router
2026-06-12 12:41:21,070 - main - INFO - Included router: routers.auth.router
2026-06-12 12:41:21,082 - main - INFO - Included router: routers.custom_auth.router
2026-06-12 12:41:21,126 - main - INFO - Included router: routers.doctor_patients.router
2026-06-12 12:41:21,128 - main - INFO - Included router: routers.health.router
2026-06-12 12:41:21,179 - main - INFO - Included router: routers.invite.router
2026-06-12 12:41:21,190 - main - INFO - Included router: routers.reports.router
2026-06-12 12:41:21,210 - main - INFO - Included router: routers.settings.router
2026-06-12 12:41:21,245 - main - INFO - Included router: routers.storage.router
2026-06-12 12:41:21,254 - main - INFO - Included router: routers.user.router
2026-06-12 12:41:21,299 - main - INFO - Included router: routers.users_profiles.router
2026-06-12 12:41:21,301 - main - INFO - === Application startup initiated ===
2026-06-12 12:41:21,301 - services.database - INFO - Ignore creating tables
2026-06-12 12:41:21,301 - services.mock_data - INFO - Ignore initialize data
2026-06-12 12:41:21,301 - services.auth - INFO - Ignore initialize admin
2026-06-12 12:41:21,301 - main - INFO - === Application startup completed successfully ===
2026-06-12 12:41:30,828 - services.database - DEBUG - [DB_OP] Starting database close
2026-06-12 12:41:30,829 - services.database - INFO - Database connections closed
2026-06-12 12:41:30,829 - services.database - DEBUG - [DB_OP] Database close completed in 0.0006s
