2026-06-17 02:27:28,883 - main - INFO - === Logging system initialized ===
2026-06-17 02:27:28,884 - main - INFO - Log file: logs/app_20260617_022728.log
2026-06-17 02:27:28,884 - main - INFO - Log level: INFO
2026-06-17 02:27:28,884 - main - INFO - Timestamp: 20260617_022728
2026-06-17 02:27:29,849 - main - INFO - Included router: routers.aihub.router
2026-06-17 02:27:29,868 - main - INFO - Included router: routers.analysis.router
2026-06-17 02:27:29,881 - main - INFO - Included router: routers.auth.router
2026-06-17 02:27:29,895 - main - INFO - Included router: routers.custom_auth.router
2026-06-17 02:27:29,940 - main - INFO - Included router: routers.doctor_patients.router
2026-06-17 02:27:29,942 - main - INFO - Included router: routers.health.router
2026-06-17 02:27:29,996 - main - INFO - Included router: routers.invite.router
2026-06-17 02:27:30,007 - main - INFO - Included router: routers.reports.router
2026-06-17 02:27:30,056 - main - INFO - Included router: routers.settings.router
2026-06-17 02:27:30,091 - main - INFO - Included router: routers.storage.router
2026-06-17 02:27:30,099 - main - INFO - Included router: routers.user.router
2026-06-17 02:27:30,149 - main - INFO - Included router: routers.users_profiles.router
2026-06-17 02:27:30,151 - main - INFO - === Application startup initiated ===
2026-06-17 02:27:30,151 - services.database - INFO - Ignore creating tables
2026-06-17 02:27:30,152 - services.mock_data - INFO - Ignore initialize data
2026-06-17 02:27:30,152 - services.auth - INFO - Ignore initialize admin
2026-06-17 02:27:30,152 - main - INFO - === Application startup completed successfully ===
2026-06-17 02:28:19,779 - services.database - DEBUG - [DB_OP] Starting database close
2026-06-17 02:28:19,780 - services.database - INFO - Database connections closed
2026-06-17 02:28:19,780 - services.database - DEBUG - [DB_OP] Database close completed in 0.0005s
