2026-06-12 10:58:39,459 - main - INFO - === Logging system initialized ===
2026-06-12 10:58:39,460 - main - INFO - Log file: logs/app_20260612_105839.log
2026-06-12 10:58:39,460 - main - INFO - Log level: INFO
2026-06-12 10:58:39,460 - main - INFO - Timestamp: 20260612_105839
2026-06-12 10:58:40,148 - main - INFO - Included router: routers.aihub.router
2026-06-12 10:58:40,164 - main - INFO - Included router: routers.analysis.router
2026-06-12 10:58:40,174 - main - INFO - Included router: routers.auth.router
2026-06-12 10:58:40,191 - main - INFO - Included router: routers.custom_auth.router
2026-06-12 10:58:40,239 - main - INFO - Included router: routers.doctor_patients.router
2026-06-12 10:58:40,241 - main - INFO - Included router: routers.health.router
2026-06-12 10:58:40,262 - main - INFO - Included router: routers.invite.router
2026-06-12 10:58:40,273 - main - INFO - Included router: routers.reports.router
2026-06-12 10:58:40,291 - main - INFO - Included router: routers.settings.router
2026-06-12 10:58:40,323 - main - INFO - Included router: routers.storage.router
2026-06-12 10:58:40,330 - main - INFO - Included router: routers.user.router
2026-06-12 10:58:40,374 - main - INFO - Included router: routers.users_profiles.router
2026-06-12 10:58:40,376 - main - INFO - === Application startup initiated ===
2026-06-12 10:58:40,376 - services.database - INFO - Ignore creating tables
2026-06-12 10:58:40,376 - services.mock_data - INFO - Ignore initialize data
2026-06-12 10:58:40,376 - services.auth - INFO - Ignore initialize admin
2026-06-12 10:58:40,376 - main - INFO - === Application startup completed successfully ===
2026-06-12 11:00:27,528 - services.database - DEBUG - [DB_OP] Starting database close
2026-06-12 11:00:27,528 - services.database - INFO - Database connections closed
2026-06-12 11:00:27,529 - services.database - DEBUG - [DB_OP] Database close completed in 0.0005s
