2026-06-12 11:00:31,530 - main - INFO - === Logging system initialized ===
2026-06-12 11:00:31,530 - main - INFO - Log file: logs/app_20260612_110031.log
2026-06-12 11:00:31,530 - main - INFO - Log level: INFO
2026-06-12 11:00:31,530 - main - INFO - Timestamp: 20260612_110031
2026-06-12 11:00:32,297 - main - INFO - Included router: routers.aihub.router
2026-06-12 11:00:32,320 - main - INFO - Included router: routers.analysis.router
2026-06-12 11:00:32,332 - main - INFO - Included router: routers.auth.router
2026-06-12 11:00:32,341 - main - INFO - Included router: routers.custom_auth.router
2026-06-12 11:00:32,384 - main - INFO - Included router: routers.doctor_patients.router
2026-06-12 11:00:32,386 - main - INFO - Included router: routers.health.router
2026-06-12 11:00:32,419 - main - INFO - Included router: routers.invite.router
2026-06-12 11:00:32,430 - main - INFO - Included router: routers.reports.router
2026-06-12 11:00:32,447 - main - INFO - Included router: routers.settings.router
2026-06-12 11:00:32,478 - main - INFO - Included router: routers.storage.router
2026-06-12 11:00:32,485 - main - INFO - Included router: routers.user.router
2026-06-12 11:00:32,538 - main - INFO - Included router: routers.users_profiles.router
2026-06-12 11:00:32,539 - main - INFO - === Application startup initiated ===
2026-06-12 11:00:32,539 - services.database - INFO - Ignore creating tables
2026-06-12 11:00:32,539 - services.mock_data - INFO - Ignore initialize data
2026-06-12 11:00:32,539 - services.auth - INFO - Ignore initialize admin
2026-06-12 11:00:32,540 - main - INFO - === Application startup completed successfully ===
2026-06-12 11:00:45,467 - services.database - DEBUG - [DB_OP] Starting database close
2026-06-12 11:00:45,468 - services.database - INFO - Database connections closed
2026-06-12 11:00:45,468 - services.database - DEBUG - [DB_OP] Database close completed in 0.0008s
