2026-06-22 05:35:08,089 - main - INFO - === Logging system initialized ===
2026-06-22 05:35:08,090 - main - INFO - Log file: logs/app_20260622_053508.log
2026-06-22 05:35:08,090 - main - INFO - Log level: INFO
2026-06-22 05:35:08,090 - main - INFO - Timestamp: 20260622_053508
2026-06-22 05:35:08,788 - main - INFO - Included router: routers.aihub.router
2026-06-22 05:35:08,805 - main - INFO - Included router: routers.analysis.router
2026-06-22 05:35:08,818 - main - INFO - Included router: routers.auth.router
2026-06-22 05:35:08,830 - main - INFO - Included router: routers.custom_auth.router
2026-06-22 05:35:08,871 - main - INFO - Included router: routers.doctor_patients.router
2026-06-22 05:35:08,872 - main - INFO - Included router: routers.health.router
2026-06-22 05:35:08,927 - main - INFO - Included router: routers.invite.router
2026-06-22 05:35:08,937 - main - INFO - Included router: routers.reports.router
2026-06-22 05:35:08,955 - main - INFO - Included router: routers.settings.router
2026-06-22 05:35:08,985 - main - INFO - Included router: routers.storage.router
2026-06-22 05:35:08,992 - main - INFO - Included router: routers.user.router
2026-06-22 05:35:09,031 - main - INFO - Included router: routers.users_profiles.router
2026-06-22 05:35:10,256 - watchfiles.main - DEBUG - 1 change detected: {(<Change.added: 1>, '/workspace/app/backend/logs/app_20260622_053510.log')}
2026-06-22 05:35:10,607 - watchfiles.main - DEBUG - 1 change detected: {(<Change.modified: 2>, '/workspace/app/backend/logs/app_20260622_053508.log')}
2026-06-22 05:35:10,958 - watchfiles.main - DEBUG - 2 changes detected: {(<Change.modified: 2>, '/workspace/app/backend/logs/app_20260622_053508.log'), (<Change.modified: 2>, '/workspace/app/backend/logs/app_20260622_053510.log')}
2026-06-22 05:35:11,309 - watchfiles.main - DEBUG - 2 changes detected: {(<Change.modified: 2>, '/workspace/app/backend/logs/app_20260622_053508.log'), (<Change.modified: 2>, '/workspace/app/backend/logs/app_20260622_053510.log')}
2026-06-22 05:35:11,660 - watchfiles.main - DEBUG - 1 change detected: {(<Change.modified: 2>, '/workspace/app/backend/logs/app_20260622_053508.log')}
2026-06-22 05:35:12,010 - watchfiles.main - DEBUG - 1 change detected: {(<Change.modified: 2>, '/workspace/app/backend/logs/app_20260622_053508.log')}
2026-06-22 05:35:12,361 - watchfiles.main - DEBUG - 1 change detected: {(<Change.modified: 2>, '/workspace/app/backend/logs/app_20260622_053508.log')}
2026-06-22 05:35:12,712 - watchfiles.main - DEBUG - 1 change detected: {(<Change.modified: 2>, '/workspace/app/backend/logs/app_20260622_053508.log')}
2026-06-22 05:35:13,063 - watchfiles.main - DEBUG - 1 change detected: {(<Change.modified: 2>, '/workspace/app/backend/logs/app_20260622_053508.log')}
2026-06-22 05:35:13,414 - watchfiles.main - DEBUG - 1 change detected: {(<Change.modified: 2>, '/workspace/app/backend/logs/app_20260622_053508.log')}
2026-06-22 05:35:13,764 - watchfiles.main - DEBUG - 1 change detected: {(<Change.modified: 2>, '/workspace/app/backend/logs/app_20260622_053508.log')}
2026-06-22 05:35:14,115 - watchfiles.main - DEBUG - 1 change detected: {(<Change.modified: 2>, '/workspace/app/backend/logs/app_20260622_053508.log')}
2026-06-22 05:35:14,466 - watchfiles.main - DEBUG - 1 change detected: {(<Change.modified: 2>, '/workspace/app/backend/logs/app_20260622_053508.log')}
2026-06-22 05:35:14,817 - watchfiles.main - DEBUG - 1 change detected: {(<Change.modified: 2>, '/workspace/app/backend/logs/app_20260622_053508.log')}
2026-06-22 05:35:15,168 - watchfiles.main - DEBUG - 1 change detected: {(<Change.modified: 2>, '/workspace/app/backend/logs/app_20260622_053508.log')}
2026-06-22 05:35:15,519 - watchfiles.main - DEBUG - 1 change detected: {(<Change.modified: 2>, '/workspace/app/backend/logs/app_20260622_053508.log')}
2026-06-22 05:35:15,871 - watchfiles.main - DEBUG - 1 change detected: {(<Change.modified: 2>, '/workspace/app/backend/logs/app_20260622_053508.log')}
2026-06-22 05:35:16,222 - watchfiles.main - DEBUG - 1 change detected: {(<Change.modified: 2>, '/workspace/app/backend/logs/app_20260622_053508.log')}
2026-06-22 05:35:16,573 - watchfiles.main - DEBUG - 1 change detected: {(<Change.modified: 2>, '/workspace/app/backend/logs/app_20260622_053508.log')}
2026-06-22 05:35:16,924 - watchfiles.main - DEBUG - 1 change detected: {(<Change.modified: 2>, '/workspace/app/backend/logs/app_20260622_053508.log')}
2026-06-22 05:35:17,275 - watchfiles.main - DEBUG - 1 change detected: {(<Change.modified: 2>, '/workspace/app/backend/logs/app_20260622_053508.log')}
2026-06-22 05:35:17,626 - watchfiles.main - DEBUG - 1 change detected: {(<Change.modified: 2>, '/workspace/app/backend/logs/app_20260622_053508.log')}
2026-06-22 05:35:17,977 - watchfiles.main - DEBUG - 1 change detected: {(<Change.modified: 2>, '/workspace/app/backend/logs/app_20260622_053508.log')}
2026-06-22 05:35:18,328 - watchfiles.main - DEBUG - 1 change detected: {(<Change.modified: 2>, '/workspace/app/backend/logs/app_20260622_053508.log')}
2026-06-22 05:35:18,679 - watchfiles.main - DEBUG - 1 change detected: {(<Change.modified: 2>, '/workspace/app/backend/logs/app_20260622_053508.log')}
2026-06-22 05:35:19,030 - watchfiles.main - DEBUG - 1 change detected: {(<Change.modified: 2>, '/workspace/app/backend/logs/app_20260622_053508.log')}
2026-06-22 05:35:19,381 - watchfiles.main - DEBUG - 1 change detected: {(<Change.modified: 2>, '/workspace/app/backend/logs/app_20260622_053508.log')}
2026-06-22 05:35:19,731 - watchfiles.main - DEBUG - 1 change detected: {(<Change.modified: 2>, '/workspace/app/backend/logs/app_20260622_053508.log')}
2026-06-22 05:35:20,082 - watchfiles.main - DEBUG - 1 change detected: {(<Change.modified: 2>, '/workspace/app/backend/logs/app_20260622_053508.log')}
2026-06-22 05:35:20,433 - watchfiles.main - DEBUG - 1 change detected: {(<Change.modified: 2>, '/workspace/app/backend/logs/app_20260622_053508.log')}
2026-06-22 05:35:20,784 - watchfiles.main - DEBUG - 1 change detected: {(<Change.modified: 2>, '/workspace/app/backend/logs/app_20260622_053508.log')}
2026-06-22 05:35:21,134 - watchfiles.main - DEBUG - 1 change detected: {(<Change.modified: 2>, '/workspace/app/backend/logs/app_20260622_053508.log')}
2026-06-22 05:35:21,485 - watchfiles.main - DEBUG - 1 change detected: {(<Change.modified: 2>, '/workspace/app/backend/logs/app_20260622_053508.log')}
2026-06-22 05:35:21,836 - watchfiles.main - DEBUG - 1 change detected: {(<Change.modified: 2>, '/workspace/app/backend/logs/app_20260622_053508.log')}
2026-06-22 05:35:22,187 - watchfiles.main - DEBUG - 1 change detected: {(<Change.modified: 2>, '/workspace/app/backend/logs/app_20260622_053508.log')}
2026-06-22 05:35:22,538 - watchfiles.main - DEBUG - 1 change detected: {(<Change.modified: 2>, '/workspace/app/backend/logs/app_20260622_053508.log')}
2026-06-22 05:35:22,889 - watchfiles.main - DEBUG - 1 change detected: {(<Change.modified: 2>, '/workspace/app/backend/logs/app_20260622_053508.log')}
2026-06-22 05:35:23,240 - watchfiles.main - DEBUG - 1 change detected: {(<Change.modified: 2>, '/workspace/app/backend/logs/app_20260622_053508.log')}
2026-06-22 05:35:23,591 - watchfiles.main - DEBUG - 1 change detected: {(<Change.modified: 2>, '/workspace/app/backend/logs/app_20260622_053508.log')}
2026-06-22 05:35:23,942 - watchfiles.main - DEBUG - 1 change detected: {(<Change.modified: 2>, '/workspace/app/backend/logs/app_20260622_053508.log')}
2026-06-22 05:35:24,293 - watchfiles.main - DEBUG - 1 change detected: {(<Change.modified: 2>, '/workspace/app/backend/logs/app_20260622_053508.log')}
2026-06-22 05:35:24,643 - watchfiles.main - DEBUG - 1 change detected: {(<Change.modified: 2>, '/workspace/app/backend/logs/app_20260622_053508.log')}
2026-06-22 05:35:24,994 - watchfiles.main - DEBUG - 1 change detected: {(<Change.modified: 2>, '/workspace/app/backend/logs/app_20260622_053508.log')}
2026-06-22 05:35:25,345 - watchfiles.main - DEBUG - 1 change detected: {(<Change.modified: 2>, '/workspace/app/backend/logs/app_20260622_053508.log')}
2026-06-22 05:35:25,696 - watchfiles.main - DEBUG - 1 change detected: {(<Change.modified: 2>, '/workspace/app/backend/logs/app_20260622_053508.log')}
2026-06-22 05:35:26,046 - watchfiles.main - DEBUG - 1 change detected: {(<Change.modified: 2>, '/workspace/app/backend/logs/app_20260622_053508.log')}
2026-06-22 05:35:26,397 - watchfiles.main - DEBUG - 1 change detected: {(<Change.modified: 2>, '/workspace/app/backend/logs/app_20260622_053508.log')}
2026-06-22 05:35:26,748 - watchfiles.main - DEBUG - 1 change detected: {(<Change.modified: 2>, '/workspace/app/backend/logs/app_20260622_053508.log')}
2026-06-22 05:35:27,098 - watchfiles.main - DEBUG - 1 change detected: {(<Change.modified: 2>, '/workspace/app/backend/logs/app_20260622_053508.log')}
2026-06-22 05:35:27,449 - watchfiles.main - DEBUG - 1 change detected: {(<Change.modified: 2>, '/workspace/app/backend/logs/app_20260622_053508.log')}
2026-06-22 05:35:27,800 - watchfiles.main - DEBUG - 1 change detected: {(<Change.modified: 2>, '/workspace/app/backend/logs/app_20260622_053508.log')}
2026-06-22 05:35:28,151 - watchfiles.main - DEBUG - 1 change detected: {(<Change.modified: 2>, '/workspace/app/backend/logs/app_20260622_053508.log')}
2026-06-22 05:35:28,502 - watchfiles.main - DEBUG - 1 change detected: {(<Change.modified: 2>, '/workspace/app/backend/logs/app_20260622_053508.log')}
2026-06-22 05:35:28,853 - watchfiles.main - DEBUG - 1 change detected: {(<Change.modified: 2>, '/workspace/app/backend/logs/app_20260622_053508.log')}
2026-06-22 05:35:29,204 - watchfiles.main - DEBUG - 1 change detected: {(<Change.modified: 2>, '/workspace/app/backend/logs/app_20260622_053508.log')}
2026-06-22 05:35:29,555 - watchfiles.main - DEBUG - 1 change detected: {(<Change.modified: 2>, '/workspace/app/backend/logs/app_20260622_053508.log')}
2026-06-22 05:35:29,905 - watchfiles.main - DEBUG - 1 change detected: {(<Change.modified: 2>, '/workspace/app/backend/logs/app_20260622_053508.log')}
2026-06-22 05:35:30,256 - watchfiles.main - DEBUG - 1 change detected: {(<Change.modified: 2>, '/workspace/app/backend/logs/app_20260622_053508.log')}
2026-06-22 05:35:30,607 - watchfiles.main - DEBUG - 1 change detected: {(<Change.modified: 2>, '/workspace/app/backend/logs/app_20260622_053508.log')}
2026-06-22 05:35:30,958 - watchfiles.main - DEBUG - 1 change detected: {(<Change.modified: 2>, '/workspace/app/backend/logs/app_20260622_053508.log')}
2026-06-22 05:35:31,309 - watchfiles.main - DEBUG - 1 change detected: {(<Change.modified: 2>, '/workspace/app/backend/logs/app_20260622_053508.log')}
2026-06-22 05:35:31,660 - watchfiles.main - DEBUG - 1 change detected: {(<Change.modified: 2>, '/workspace/app/backend/logs/app_20260622_053508.log')}
2026-06-22 05:35:32,010 - watchfiles.main - DEBUG - 1 change detected: {(<Change.modified: 2>, '/workspace/app/backend/logs/app_20260622_053508.log')}
2026-06-22 05:35:32,361 - watchfiles.main - DEBUG - 1 change detected: {(<Change.modified: 2>, '/workspace/app/backend/logs/app_20260622_053508.log')}
2026-06-22 05:35:32,712 - watchfiles.main - DEBUG - 1 change detected: {(<Change.modified: 2>, '/workspace/app/backend/logs/app_20260622_053508.log')}
2026-06-22 05:35:33,063 - watchfiles.main - DEBUG - 1 change detected: {(<Change.modified: 2>, '/workspace/app/backend/logs/app_20260622_053508.log')}
2026-06-22 05:35:33,413 - watchfiles.main - DEBUG - 1 change detected: {(<Change.modified: 2>, '/workspace/app/backend/logs/app_20260622_053508.log')}
2026-06-22 05:35:33,764 - watchfiles.main - DEBUG - 1 change detected: {(<Change.modified: 2>, '/workspace/app/backend/logs/app_20260622_053508.log')}
2026-06-22 05:35:34,115 - watchfiles.main - DEBUG - 1 change detected: {(<Change.modified: 2>, '/workspace/app/backend/logs/app_20260622_053508.log')}
2026-06-22 05:35:34,465 - watchfiles.main - DEBUG - 1 change detected: {(<Change.modified: 2>, '/workspace/app/backend/logs/app_20260622_053508.log')}
2026-06-22 05:35:34,816 - watchfiles.main - DEBUG - 1 change detected: {(<Change.modified: 2>, '/workspace/app/backend/logs/app_20260622_053508.log')}
2026-06-22 05:35:35,167 - watchfiles.main - DEBUG - 1 change detected: {(<Change.modified: 2>, '/workspace/app/backend/logs/app_20260622_053508.log')}
2026-06-22 05:35:35,518 - watchfiles.main - DEBUG - 1 change detected: {(<Change.modified: 2>, '/workspace/app/backend/logs/app_20260622_053508.log')}
2026-06-22 05:35:35,868 - watchfiles.main - DEBUG - 1 change detected: {(<Change.modified: 2>, '/workspace/app/backend/logs/app_20260622_053508.log')}
2026-06-22 05:35:36,219 - watchfiles.main - DEBUG - 1 change detected: {(<Change.modified: 2>, '/workspace/app/backend/logs/app_20260622_053508.log')}
2026-06-22 05:35:36,570 - watchfiles.main - DEBUG - 1 change detected: {(<Change.modified: 2>, '/workspace/app/backend/logs/app_20260622_053508.log')}
2026-06-22 05:35:36,921 - watchfiles.main - DEBUG - 1 change detected: {(<Change.modified: 2>, '/workspace/app/backend/logs/app_20260622_053508.log')}
2026-06-22 05:35:37,272 - watchfiles.main - DEBUG - 1 change detected: {(<Change.modified: 2>, '/workspace/app/backend/logs/app_20260622_053508.log')}
2026-06-22 05:35:37,623 - watchfiles.main - DEBUG - 1 change detected: {(<Change.modified: 2>, '/workspace/app/backend/logs/app_20260622_053508.log')}
2026-06-22 05:35:37,974 - watchfiles.main - DEBUG - 1 change detected: {(<Change.modified: 2>, '/workspace/app/backend/logs/app_20260622_053508.log')}
2026-06-22 05:35:38,325 - watchfiles.main - DEBUG - 1 change detected: {(<Change.modified: 2>, '/workspace/app/backend/logs/app_20260622_053508.log')}
2026-06-22 05:35:38,676 - watchfiles.main - DEBUG - 1 change detected: {(<Change.modified: 2>, '/workspace/app/backend/logs/app_20260622_053508.log')}
2026-06-22 05:35:39,027 - watchfiles.main - DEBUG - 1 change detected: {(<Change.modified: 2>, '/workspace/app/backend/logs/app_20260622_053508.log')}
2026-06-22 05:35:39,378 - watchfiles.main - DEBUG - 1 change detected: {(<Change.modified: 2>, '/workspace/app/backend/logs/app_20260622_053508.log')}
2026-06-22 05:35:39,729 - watchfiles.main - DEBUG - 1 change detected: {(<Change.modified: 2>, '/workspace/app/backend/logs/app_20260622_053508.log')}
2026-06-22 05:35:40,080 - watchfiles.main - DEBUG - 1 change detected: {(<Change.modified: 2>, '/workspace/app/backend/logs/app_20260622_053508.log')}
2026-06-22 05:35:40,431 - watchfiles.main - DEBUG - 1 change detected: {(<Change.modified: 2>, '/workspace/app/backend/logs/app_20260622_053508.log')}
2026-06-22 05:35:40,782 - watchfiles.main - DEBUG - 1 change detected: {(<Change.modified: 2>, '/workspace/app/backend/logs/app_20260622_053508.log')}
2026-06-22 05:35:41,133 - watchfiles.main - DEBUG - 1 change detected: {(<Change.modified: 2>, '/workspace/app/backend/logs/app_20260622_053508.log')}
2026-06-22 05:35:41,484 - watchfiles.main - DEBUG - 1 change detected: {(<Change.modified: 2>, '/workspace/app/backend/logs/app_20260622_053508.log')}
2026-06-22 05:35:41,834 - watchfiles.main - DEBUG - 1 change detected: {(<Change.modified: 2>, '/workspace/app/backend/logs/app_20260622_053508.log')}
2026-06-22 05:35:42,185 - watchfiles.main - DEBUG - 1 change detected: {(<Change.modified: 2>, '/workspace/app/backend/logs/app_20260622_053508.log')}
2026-06-22 05:35:42,536 - watchfiles.main - DEBUG - 1 change detected: {(<Change.modified: 2>, '/workspace/app/backend/logs/app_20260622_053508.log')}
2026-06-22 05:35:42,887 - watchfiles.main - DEBUG - 1 change detected: {(<Change.modified: 2>, '/workspace/app/backend/logs/app_20260622_053508.log')}
2026-06-22 05:35:43,238 - watchfiles.main - DEBUG - 1 change detected: {(<Change.modified: 2>, '/workspace/app/backend/logs/app_20260622_053508.log')}
2026-06-22 05:35:43,589 - watchfiles.main - DEBUG - 1 change detected: {(<Change.modified: 2>, '/workspace/app/backend/logs/app_20260622_053508.log')}
2026-06-22 05:35:43,939 - watchfiles.main - DEBUG - 1 change detected: {(<Change.modified: 2>, '/workspace/app/backend/logs/app_20260622_053508.log')}
2026-06-22 05:35:44,290 - watchfiles.main - DEBUG - 1 change detected: {(<Change.modified: 2>, '/workspace/app/backend/logs/app_20260622_053508.log')}
2026-06-22 05:35:44,641 - watchfiles.main - DEBUG - 1 change detected: {(<Change.modified: 2>, '/workspace/app/backend/logs/app_20260622_053508.log')}
2026-06-22 05:35:44,992 - watchfiles.main - DEBUG - 1 change detected: {(<Change.modified: 2>, '/workspace/app/backend/logs/app_20260622_053508.log')}
2026-06-22 05:35:45,343 - watchfiles.main - DEBUG - 1 change detected: {(<Change.modified: 2>, '/workspace/app/backend/logs/app_20260622_053508.log')}
2026-06-22 05:35:45,694 - watchfiles.main - DEBUG - 1 change detected: {(<Change.modified: 2>, '/workspace/app/backend/logs/app_20260622_053508.log')}
2026-06-22 05:35:46,045 - watchfiles.main - DEBUG - 1 change detected: {(<Change.modified: 2>, '/workspace/app/backend/logs/app_20260622_053508.log')}
2026-06-22 05:35:46,396 - watchfiles.main - DEBUG - 1 change detected: {(<Change.modified: 2>, '/workspace/app/backend/logs/app_20260622_053508.log')}
2026-06-22 05:35:46,747 - watchfiles.main - DEBUG - 1 change detected: {(<Change.modified: 2>, '/workspace/app/backend/logs/app_20260622_053508.log')}
2026-06-22 05:35:47,098 - watchfiles.main - DEBUG - 1 change detected: {(<Change.modified: 2>, '/workspace/app/backend/logs/app_20260622_053508.log')}
2026-06-22 05:35:47,450 - watchfiles.main - DEBUG - 1 change detected: {(<Change.modified: 2>, '/workspace/app/backend/logs/app_20260622_053508.log')}
2026-06-22 05:35:47,801 - watchfiles.main - DEBUG - 1 change detected: {(<Change.modified: 2>, '/workspace/app/backend/logs/app_20260622_053508.log')}
2026-06-22 05:35:48,152 - watchfiles.main - DEBUG - 1 change detected: {(<Change.modified: 2>, '/workspace/app/backend/logs/app_20260622_053508.log')}
2026-06-22 05:35:48,502 - watchfiles.main - DEBUG - 1 change detected: {(<Change.modified: 2>, '/workspace/app/backend/logs/app_20260622_053508.log')}
2026-06-22 05:35:48,853 - watchfiles.main - DEBUG - 1 change detected: {(<Change.modified: 2>, '/workspace/app/backend/logs/app_20260622_053508.log')}
2026-06-22 05:35:49,204 - watchfiles.main - DEBUG - 1 change detected: {(<Change.modified: 2>, '/workspace/app/backend/logs/app_20260622_053508.log')}
2026-06-22 05:35:49,555 - watchfiles.main - DEBUG - 1 change detected: {(<Change.modified: 2>, '/workspace/app/backend/logs/app_20260622_053508.log')}
2026-06-22 05:35:49,906 - watchfiles.main - DEBUG - 1 change detected: {(<Change.modified: 2>, '/workspace/app/backend/logs/app_20260622_053508.log')}
2026-06-22 05:35:50,257 - watchfiles.main - DEBUG - 1 change detected: {(<Change.modified: 2>, '/workspace/app/backend/logs/app_20260622_053508.log')}
2026-06-22 05:35:50,608 - watchfiles.main - DEBUG - 1 change detected: {(<Change.modified: 2>, '/workspace/app/backend/logs/app_20260622_053508.log')}
2026-06-22 05:35:50,959 - watchfiles.main - DEBUG - 1 change detected: {(<Change.modified: 2>, '/workspace/app/backend/logs/app_20260622_053508.log')}
2026-06-22 05:35:51,310 - watchfiles.main - DEBUG - 1 change detected: {(<Change.modified: 2>, '/workspace/app/backend/logs/app_20260622_053508.log')}
2026-06-22 05:35:51,661 - watchfiles.main - DEBUG - 1 change detected: {(<Change.modified: 2>, '/workspace/app/backend/logs/app_20260622_053508.log')}
2026-06-22 05:35:52,012 - watchfiles.main - DEBUG - 1 change detected: {(<Change.modified: 2>, '/workspace/app/backend/logs/app_20260622_053508.log')}
2026-06-22 05:35:52,363 - watchfiles.main - DEBUG - 1 change detected: {(<Change.modified: 2>, '/workspace/app/backend/logs/app_20260622_053508.log')}
2026-06-22 05:35:52,714 - watchfiles.main - DEBUG - 1 change detected: {(<Change.modified: 2>, '/workspace/app/backend/logs/app_20260622_053508.log')}
2026-06-22 05:35:53,065 - watchfiles.main - DEBUG - 1 change detected: {(<Change.modified: 2>, '/workspace/app/backend/logs/app_20260622_053508.log')}
2026-06-22 05:35:53,416 - watchfiles.main - DEBUG - 1 change detected: {(<Change.modified: 2>, '/workspace/app/backend/logs/app_20260622_053508.log')}
2026-06-22 05:35:53,766 - watchfiles.main - DEBUG - 1 change detected: {(<Change.modified: 2>, '/workspace/app/backend/logs/app_20260622_053508.log')}
2026-06-22 05:35:54,117 - watchfiles.main - DEBUG - 1 change detected: {(<Change.modified: 2>, '/workspace/app/backend/logs/app_20260622_053508.log')}
2026-06-22 05:35:54,468 - watchfiles.main - DEBUG - 1 change detected: {(<Change.modified: 2>, '/workspace/app/backend/logs/app_20260622_053508.log')}
2026-06-22 05:35:54,819 - watchfiles.main - DEBUG - 1 change detected: {(<Change.modified: 2>, '/workspace/app/backend/logs/app_20260622_053508.log')}
2026-06-22 05:35:55,170 - watchfiles.main - DEBUG - 1 change detected: {(<Change.modified: 2>, '/workspace/app/backend/logs/app_20260622_053508.log')}
2026-06-22 05:35:55,521 - watchfiles.main - DEBUG - 1 change detected: {(<Change.modified: 2>, '/workspace/app/backend/logs/app_20260622_053508.log')}
2026-06-22 05:35:55,872 - watchfiles.main - DEBUG - 1 change detected: {(<Change.modified: 2>, '/workspace/app/backend/logs/app_20260622_053508.log')}
2026-06-22 05:35:56,223 - watchfiles.main - DEBUG - 1 change detected: {(<Change.modified: 2>, '/workspace/app/backend/logs/app_20260622_053508.log')}
2026-06-22 05:35:56,574 - watchfiles.main - DEBUG - 1 change detected: {(<Change.modified: 2>, '/workspace/app/backend/logs/app_20260622_053508.log')}
2026-06-22 05:35:56,925 - watchfiles.main - DEBUG - 1 change detected: {(<Change.modified: 2>, '/workspace/app/backend/logs/app_20260622_053508.log')}
2026-06-22 05:35:57,276 - watchfiles.main - DEBUG - 1 change detected: {(<Change.modified: 2>, '/workspace/app/backend/logs/app_20260622_053508.log')}
2026-06-22 05:35:57,626 - watchfiles.main - DEBUG - 1 change detected: {(<Change.modified: 2>, '/workspace/app/backend/logs/app_20260622_053508.log')}
2026-06-22 05:35:57,977 - watchfiles.main - DEBUG - 1 change detected: {(<Change.modified: 2>, '/workspace/app/backend/logs/app_20260622_053508.log')}
2026-06-22 05:35:58,328 - watchfiles.main - DEBUG - 1 change detected: {(<Change.modified: 2>, '/workspace/app/backend/logs/app_20260622_053508.log')}
2026-06-22 05:35:58,679 - watchfiles.main - DEBUG - 1 change detected: {(<Change.modified: 2>, '/workspace/app/backend/logs/app_20260622_053508.log')}
2026-06-22 05:35:59,030 - watchfiles.main - DEBUG - 1 change detected: {(<Change.modified: 2>, '/workspace/app/backend/logs/app_20260622_053508.log')}
2026-06-22 05:35:59,381 - watchfiles.main - DEBUG - 1 change detected: {(<Change.modified: 2>, '/workspace/app/backend/logs/app_20260622_053508.log')}
2026-06-22 05:35:59,732 - watchfiles.main - DEBUG - 1 change detected: {(<Change.modified: 2>, '/workspace/app/backend/logs/app_20260622_053508.log')}
2026-06-22 05:36:00,083 - watchfiles.main - DEBUG - 1 change detected: {(<Change.modified: 2>, '/workspace/app/backend/logs/app_20260622_053508.log')}
2026-06-22 05:36:00,434 - watchfiles.main - DEBUG - 1 change detected: {(<Change.modified: 2>, '/workspace/app/backend/logs/app_20260622_053508.log')}
2026-06-22 05:36:00,784 - watchfiles.main - DEBUG - 1 change detected: {(<Change.modified: 2>, '/workspace/app/backend/logs/app_20260622_053508.log')}
2026-06-22 05:36:01,136 - watchfiles.main - DEBUG - 1 change detected: {(<Change.modified: 2>, '/workspace/app/backend/logs/app_20260622_053508.log')}
2026-06-22 05:36:01,486 - watchfiles.main - DEBUG - 1 change detected: {(<Change.modified: 2>, '/workspace/app/backend/logs/app_20260622_053508.log')}
2026-06-22 05:36:01,837 - watchfiles.main - DEBUG - 1 change detected: {(<Change.modified: 2>, '/workspace/app/backend/logs/app_20260622_053508.log')}
2026-06-22 05:36:02,188 - watchfiles.main - DEBUG - 1 change detected: {(<Change.modified: 2>, '/workspace/app/backend/logs/app_20260622_053508.log')}
2026-06-22 05:36:02,539 - watchfiles.main - DEBUG - 1 change detected: {(<Change.modified: 2>, '/workspace/app/backend/logs/app_20260622_053508.log')}
2026-06-22 05:36:02,891 - watchfiles.main - DEBUG - 1 change detected: {(<Change.modified: 2>, '/workspace/app/backend/logs/app_20260622_053508.log')}
2026-06-22 05:36:03,241 - watchfiles.main - DEBUG - 1 change detected: {(<Change.modified: 2>, '/workspace/app/backend/logs/app_20260622_053508.log')}
2026-06-22 05:36:03,592 - watchfiles.main - DEBUG - 1 change detected: {(<Change.modified: 2>, '/workspace/app/backend/logs/app_20260622_053508.log')}
2026-06-22 05:36:03,943 - watchfiles.main - DEBUG - 1 change detected: {(<Change.modified: 2>, '/workspace/app/backend/logs/app_20260622_053508.log')}
2026-06-22 05:36:04,294 - watchfiles.main - DEBUG - 1 change detected: {(<Change.modified: 2>, '/workspace/app/backend/logs/app_20260622_053508.log')}
2026-06-22 05:36:04,645 - watchfiles.main - DEBUG - 1 change detected: {(<Change.modified: 2>, '/workspace/app/backend/logs/app_20260622_053508.log')}
2026-06-22 05:36:04,996 - watchfiles.main - DEBUG - 1 change detected: {(<Change.modified: 2>, '/workspace/app/backend/logs/app_20260622_053508.log')}
2026-06-22 05:36:05,347 - watchfiles.main - DEBUG - 1 change detected: {(<Change.modified: 2>, '/workspace/app/backend/logs/app_20260622_053508.log')}
2026-06-22 05:36:05,698 - watchfiles.main - DEBUG - 1 change detected: {(<Change.modified: 2>, '/workspace/app/backend/logs/app_20260622_053508.log')}
2026-06-22 05:36:06,049 - watchfiles.main - DEBUG - 1 change detected: {(<Change.modified: 2>, '/workspace/app/backend/logs/app_20260622_053508.log')}
2026-06-22 05:36:06,400 - watchfiles.main - DEBUG - 1 change detected: {(<Change.modified: 2>, '/workspace/app/backend/logs/app_20260622_053508.log')}
2026-06-22 05:36:06,751 - watchfiles.main - DEBUG - 1 change detected: {(<Change.modified: 2>, '/workspace/app/backend/logs/app_20260622_053508.log')}
2026-06-22 05:36:07,102 - watchfiles.main - DEBUG - 1 change detected: {(<Change.modified: 2>, '/workspace/app/backend/logs/app_20260622_053508.log')}
2026-06-22 05:36:07,453 - watchfiles.main - DEBUG - 1 change detected: {(<Change.modified: 2>, '/workspace/app/backend/logs/app_20260622_053508.log')}
2026-06-22 05:36:07,804 - watchfiles.main - DEBUG - 1 change detected: {(<Change.modified: 2>, '/workspace/app/backend/logs/app_20260622_053508.log')}
2026-06-22 05:36:08,155 - watchfiles.main - DEBUG - 1 change detected: {(<Change.modified: 2>, '/workspace/app/backend/logs/app_20260622_053508.log')}
2026-06-22 05:36:08,506 - watchfiles.main - DEBUG - 1 change detected: {(<Change.modified: 2>, '/workspace/app/backend/logs/app_20260622_053508.log')}
2026-06-22 05:36:08,857 - watchfiles.main - DEBUG - 1 change detected: {(<Change.modified: 2>, '/workspace/app/backend/logs/app_20260622_053508.log')}
2026-06-22 05:36:09,208 - watchfiles.main - DEBUG - 1 change detected: {(<Change.modified: 2>, '/workspace/app/backend/logs/app_20260622_053508.log')}
2026-06-22 05:36:09,559 - watchfiles.main - DEBUG - 1 change detected: {(<Change.modified: 2>, '/workspace/app/backend/logs/app_20260622_053508.log')}
2026-06-22 05:36:09,909 - watchfiles.main - DEBUG - 1 change detected: {(<Change.modified: 2>, '/workspace/app/backend/logs/app_20260622_053508.log')}
2026-06-22 05:36:10,260 - watchfiles.main - DEBUG - 1 change detected: {(<Change.modified: 2>, '/workspace/app/backend/logs/app_20260622_053508.log')}
2026-06-22 05:36:10,611 - watchfiles.main - DEBUG - 1 change detected: {(<Change.modified: 2>, '/workspace/app/backend/logs/app_20260622_053508.log')}
2026-06-22 05:36:10,962 - watchfiles.main - DEBUG - 1 change detected: {(<Change.modified: 2>, '/workspace/app/backend/logs/app_20260622_053508.log')}
2026-06-22 05:36:11,313 - watchfiles.main - DEBUG - 1 change detected: {(<Change.modified: 2>, '/workspace/app/backend/logs/app_20260622_053508.log')}
2026-06-22 05:36:11,664 - watchfiles.main - DEBUG - 1 change detected: {(<Change.modified: 2>, '/workspace/app/backend/logs/app_20260622_053508.log')}
2026-06-22 05:36:12,015 - watchfiles.main - DEBUG - 1 change detected: {(<Change.modified: 2>, '/workspace/app/backend/logs/app_20260622_053508.log')}
2026-06-22 05:36:12,365 - watchfiles.main - DEBUG - 1 change detected: {(<Change.modified: 2>, '/workspace/app/backend/logs/app_20260622_053508.log')}
2026-06-22 05:36:12,716 - watchfiles.main - DEBUG - 1 change detected: {(<Change.modified: 2>, '/workspace/app/backend/logs/app_20260622_053508.log')}
2026-06-22 05:36:13,067 - watchfiles.main - DEBUG - 1 change detected: {(<Change.modified: 2>, '/workspace/app/backend/logs/app_20260622_053508.log')}
2026-06-22 05:36:13,418 - watchfiles.main - DEBUG - 1 change detected: {(<Change.modified: 2>, '/workspace/app/backend/logs/app_20260622_053508.log')}
2026-06-22 05:36:13,769 - watchfiles.main - DEBUG - 1 change detected: {(<Change.modified: 2>, '/workspace/app/backend/logs/app_20260622_053508.log')}
2026-06-22 05:36:14,120 - watchfiles.main - DEBUG - 1 change detected: {(<Change.modified: 2>, '/workspace/app/backend/logs/app_20260622_053508.log')}
2026-06-22 05:36:14,470 - watchfiles.main - DEBUG - 1 change detected: {(<Change.modified: 2>, '/workspace/app/backend/logs/app_20260622_053508.log')}
2026-06-22 05:36:14,821 - watchfiles.main - DEBUG - 1 change detected: {(<Change.modified: 2>, '/workspace/app/backend/logs/app_20260622_053508.log')}
2026-06-22 05:36:15,173 - watchfiles.main - DEBUG - 1 change detected: {(<Change.modified: 2>, '/workspace/app/backend/logs/app_20260622_053508.log')}
2026-06-22 05:36:15,524 - watchfiles.main - DEBUG - 1 change detected: {(<Change.modified: 2>, '/workspace/app/backend/logs/app_20260622_053508.log')}
2026-06-22 05:36:15,875 - watchfiles.main - DEBUG - 1 change detected: {(<Change.modified: 2>, '/workspace/app/backend/logs/app_20260622_053508.log')}
2026-06-22 05:36:16,226 - watchfiles.main - DEBUG - 1 change detected: {(<Change.modified: 2>, '/workspace/app/backend/logs/app_20260622_053508.log')}
2026-06-22 05:36:16,576 - watchfiles.main - DEBUG - 1 change detected: {(<Change.modified: 2>, '/workspace/app/backend/logs/app_20260622_053508.log')}
2026-06-22 05:36:16,927 - watchfiles.main - DEBUG - 1 change detected: {(<Change.modified: 2>, '/workspace/app/backend/logs/app_20260622_053508.log')}
2026-06-22 05:36:17,279 - watchfiles.main - DEBUG - 1 change detected: {(<Change.modified: 2>, '/workspace/app/backend/logs/app_20260622_053508.log')}
2026-06-22 05:36:17,630 - watchfiles.main - DEBUG - 1 change detected: {(<Change.modified: 2>, '/workspace/app/backend/logs/app_20260622_053508.log')}
2026-06-22 05:36:17,981 - watchfiles.main - DEBUG - 1 change detected: {(<Change.modified: 2>, '/workspace/app/backend/logs/app_20260622_053508.log')}
2026-06-22 05:36:18,332 - watchfiles.main - DEBUG - 1 change detected: {(<Change.modified: 2>, '/workspace/app/backend/logs/app_20260622_053508.log')}
2026-06-22 05:36:18,683 - watchfiles.main - DEBUG - 1 change detected: {(<Change.modified: 2>, '/workspace/app/backend/logs/app_20260622_053508.log')}
2026-06-22 05:36:19,034 - watchfiles.main - DEBUG - 1 change detected: {(<Change.modified: 2>, '/workspace/app/backend/logs/app_20260622_053508.log')}
2026-06-22 05:36:19,385 - watchfiles.main - DEBUG - 1 change detected: {(<Change.modified: 2>, '/workspace/app/backend/logs/app_20260622_053508.log')}
2026-06-22 05:36:19,736 - watchfiles.main - DEBUG - 1 change detected: {(<Change.modified: 2>, '/workspace/app/backend/logs/app_20260622_053508.log')}
2026-06-22 05:36:20,087 - watchfiles.main - DEBUG - 1 change detected: {(<Change.modified: 2>, '/workspace/app/backend/logs/app_20260622_053508.log')}
2026-06-22 05:36:20,437 - watchfiles.main - DEBUG - 1 change detected: {(<Change.modified: 2>, '/workspace/app/backend/logs/app_20260622_053508.log')}
2026-06-22 05:36:20,788 - watchfiles.main - DEBUG - 1 change detected: {(<Change.modified: 2>, '/workspace/app/backend/logs/app_20260622_053508.log')}
2026-06-22 05:36:21,139 - watchfiles.main - DEBUG - 1 change detected: {(<Change.modified: 2>, '/workspace/app/backend/logs/app_20260622_053508.log')}
2026-06-22 05:36:21,490 - watchfiles.main - DEBUG - 1 change detected: {(<Change.modified: 2>, '/workspace/app/backend/logs/app_20260622_053508.log')}
2026-06-22 05:36:21,841 - watchfiles.main - DEBUG - 1 change detected: {(<Change.modified: 2>, '/workspace/app/backend/logs/app_20260622_053508.log')}
2026-06-22 05:36:22,192 - watchfiles.main - DEBUG - 1 change detected: {(<Change.modified: 2>, '/workspace/app/backend/logs/app_20260622_053508.log')}
2026-06-22 05:36:22,543 - watchfiles.main - DEBUG - 1 change detected: {(<Change.modified: 2>, '/workspace/app/backend/logs/app_20260622_053508.log')}
2026-06-22 05:36:22,894 - watchfiles.main - DEBUG - 1 change detected: {(<Change.modified: 2>, '/workspace/app/backend/logs/app_20260622_053508.log')}
2026-06-22 05:36:23,245 - watchfiles.main - DEBUG - 1 change detected: {(<Change.modified: 2>, '/workspace/app/backend/logs/app_20260622_053508.log')}
2026-06-22 05:36:23,596 - watchfiles.main - DEBUG - 1 change detected: {(<Change.modified: 2>, '/workspace/app/backend/logs/app_20260622_053508.log')}
2026-06-22 05:36:23,947 - watchfiles.main - DEBUG - 1 change detected: {(<Change.modified: 2>, '/workspace/app/backend/logs/app_20260622_053508.log')}
