2026-07-07 01:35:12,710 - main - INFO - === Logging system initialized ===
2026-07-07 01:35:12,710 - main - INFO - Log file: logs/app_20260707_013512.log
2026-07-07 01:35:12,710 - main - INFO - Log level: INFO
2026-07-07 01:35:12,710 - main - INFO - Timestamp: 20260707_013512
2026-07-07 01:35:25,263 - main - INFO - Included router: routers.aihub.router
2026-07-07 01:35:25,388 - main - INFO - Included router: routers.analysis.router
2026-07-07 01:35:25,465 - main - INFO - Included router: routers.auth.router
2026-07-07 01:35:25,501 - main - INFO - Included router: routers.custom_auth.router
2026-07-07 01:35:25,606 - main - INFO - Included router: routers.doctor_patients.router
2026-07-07 01:35:25,636 - main - INFO - Included router: routers.health.router
2026-07-07 01:35:25,746 - main - INFO - Included router: routers.invite.router
2026-07-07 01:35:25,832 - main - INFO - Included router: routers.reports.router
2026-07-07 01:35:25,859 - main - INFO - Included router: routers.settings.router
2026-07-07 01:35:26,079 - main - INFO - Included router: routers.storage.router
2026-07-07 01:35:26,139 - main - INFO - Included router: routers.user.router
2026-07-07 01:35:26,224 - main - INFO - Included router: routers.users_profiles.router
2026-07-07 01:35:29,060 - watchfiles.main - DEBUG - 1 change detected: {(<Change.added: 1>, '/workspace/app/backend/logs/app_20260707_013528.log')}
2026-07-07 01:35:29,411 - watchfiles.main - DEBUG - 1 change detected: {(<Change.modified: 2>, '/workspace/app/backend/logs/app_20260707_013512.log')}
2026-07-07 01:35:29,762 - watchfiles.main - DEBUG - 1 change detected: {(<Change.modified: 2>, '/workspace/app/backend/logs/app_20260707_013512.log')}
2026-07-07 01:35:30,112 - watchfiles.main - DEBUG - 2 changes detected: {(<Change.modified: 2>, '/workspace/app/backend/logs/app_20260707_013512.log'), (<Change.modified: 2>, '/workspace/app/backend/logs/app_20260707_013528.log')}
2026-07-07 01:35:30,463 - watchfiles.main - DEBUG - 2 changes detected: {(<Change.modified: 2>, '/workspace/app/backend/logs/app_20260707_013512.log'), (<Change.modified: 2>, '/workspace/app/backend/logs/app_20260707_013528.log')}
2026-07-07 01:35:30,814 - watchfiles.main - DEBUG - 1 change detected: {(<Change.modified: 2>, '/workspace/app/backend/logs/app_20260707_013512.log')}
2026-07-07 01:35:31,165 - watchfiles.main - DEBUG - 1 change detected: {(<Change.modified: 2>, '/workspace/app/backend/logs/app_20260707_013512.log')}
2026-07-07 01:35:31,516 - watchfiles.main - DEBUG - 1 change detected: {(<Change.modified: 2>, '/workspace/app/backend/logs/app_20260707_013512.log')}
2026-07-07 01:35:31,867 - watchfiles.main - DEBUG - 1 change detected: {(<Change.modified: 2>, '/workspace/app/backend/logs/app_20260707_013512.log')}
2026-07-07 01:35:32,218 - watchfiles.main - DEBUG - 1 change detected: {(<Change.modified: 2>, '/workspace/app/backend/logs/app_20260707_013512.log')}
2026-07-07 01:35:32,569 - watchfiles.main - DEBUG - 1 change detected: {(<Change.modified: 2>, '/workspace/app/backend/logs/app_20260707_013512.log')}
2026-07-07 01:35:32,919 - watchfiles.main - DEBUG - 1 change detected: {(<Change.modified: 2>, '/workspace/app/backend/logs/app_20260707_013512.log')}
2026-07-07 01:35:33,270 - watchfiles.main - DEBUG - 1 change detected: {(<Change.modified: 2>, '/workspace/app/backend/logs/app_20260707_013512.log')}
2026-07-07 01:35:33,626 - watchfiles.main - DEBUG - 1 change detected: {(<Change.modified: 2>, '/workspace/app/backend/logs/app_20260707_013512.log')}
2026-07-07 01:35:33,977 - watchfiles.main - DEBUG - 1 change detected: {(<Change.modified: 2>, '/workspace/app/backend/logs/app_20260707_013512.log')}
2026-07-07 01:35:34,328 - watchfiles.main - DEBUG - 1 change detected: {(<Change.modified: 2>, '/workspace/app/backend/logs/app_20260707_013512.log')}
2026-07-07 01:35:34,679 - watchfiles.main - DEBUG - 1 change detected: {(<Change.modified: 2>, '/workspace/app/backend/logs/app_20260707_013512.log')}
2026-07-07 01:35:35,030 - watchfiles.main - DEBUG - 1 change detected: {(<Change.modified: 2>, '/workspace/app/backend/logs/app_20260707_013512.log')}
2026-07-07 01:35:35,381 - watchfiles.main - DEBUG - 1 change detected: {(<Change.modified: 2>, '/workspace/app/backend/logs/app_20260707_013512.log')}
2026-07-07 01:35:35,732 - watchfiles.main - DEBUG - 1 change detected: {(<Change.modified: 2>, '/workspace/app/backend/logs/app_20260707_013512.log')}
2026-07-07 01:35:36,084 - watchfiles.main - DEBUG - 1 change detected: {(<Change.modified: 2>, '/workspace/app/backend/logs/app_20260707_013512.log')}
2026-07-07 01:35:36,435 - watchfiles.main - DEBUG - 1 change detected: {(<Change.modified: 2>, '/workspace/app/backend/logs/app_20260707_013512.log')}
2026-07-07 01:35:36,786 - watchfiles.main - DEBUG - 1 change detected: {(<Change.modified: 2>, '/workspace/app/backend/logs/app_20260707_013512.log')}
2026-07-07 01:35:37,138 - watchfiles.main - DEBUG - 1 change detected: {(<Change.modified: 2>, '/workspace/app/backend/logs/app_20260707_013512.log')}
2026-07-07 01:35:37,489 - watchfiles.main - DEBUG - 1 change detected: {(<Change.modified: 2>, '/workspace/app/backend/logs/app_20260707_013512.log')}
2026-07-07 01:35:37,840 - watchfiles.main - DEBUG - 1 change detected: {(<Change.modified: 2>, '/workspace/app/backend/logs/app_20260707_013512.log')}
2026-07-07 01:35:38,191 - watchfiles.main - DEBUG - 1 change detected: {(<Change.modified: 2>, '/workspace/app/backend/logs/app_20260707_013512.log')}
2026-07-07 01:35:38,542 - watchfiles.main - DEBUG - 1 change detected: {(<Change.modified: 2>, '/workspace/app/backend/logs/app_20260707_013512.log')}
2026-07-07 01:35:38,893 - watchfiles.main - DEBUG - 1 change detected: {(<Change.modified: 2>, '/workspace/app/backend/logs/app_20260707_013512.log')}
2026-07-07 01:35:39,244 - watchfiles.main - DEBUG - 1 change detected: {(<Change.modified: 2>, '/workspace/app/backend/logs/app_20260707_013512.log')}
2026-07-07 01:35:39,595 - watchfiles.main - DEBUG - 1 change detected: {(<Change.modified: 2>, '/workspace/app/backend/logs/app_20260707_013512.log')}
2026-07-07 01:35:39,946 - watchfiles.main - DEBUG - 1 change detected: {(<Change.modified: 2>, '/workspace/app/backend/logs/app_20260707_013512.log')}
2026-07-07 01:35:40,297 - watchfiles.main - DEBUG - 1 change detected: {(<Change.modified: 2>, '/workspace/app/backend/logs/app_20260707_013512.log')}
2026-07-07 01:35:40,648 - watchfiles.main - DEBUG - 1 change detected: {(<Change.modified: 2>, '/workspace/app/backend/logs/app_20260707_013512.log')}
2026-07-07 01:35:40,999 - watchfiles.main - DEBUG - 1 change detected: {(<Change.modified: 2>, '/workspace/app/backend/logs/app_20260707_013512.log')}
2026-07-07 01:35:41,350 - watchfiles.main - DEBUG - 1 change detected: {(<Change.modified: 2>, '/workspace/app/backend/logs/app_20260707_013512.log')}
2026-07-07 01:35:41,701 - watchfiles.main - DEBUG - 1 change detected: {(<Change.modified: 2>, '/workspace/app/backend/logs/app_20260707_013512.log')}
2026-07-07 01:35:42,052 - watchfiles.main - DEBUG - 1 change detected: {(<Change.modified: 2>, '/workspace/app/backend/logs/app_20260707_013512.log')}
2026-07-07 01:35:42,403 - watchfiles.main - DEBUG - 1 change detected: {(<Change.modified: 2>, '/workspace/app/backend/logs/app_20260707_013512.log')}
2026-07-07 01:35:42,754 - watchfiles.main - DEBUG - 1 change detected: {(<Change.modified: 2>, '/workspace/app/backend/logs/app_20260707_013512.log')}
2026-07-07 01:35:43,105 - watchfiles.main - DEBUG - 1 change detected: {(<Change.modified: 2>, '/workspace/app/backend/logs/app_20260707_013512.log')}
2026-07-07 01:35:43,456 - watchfiles.main - DEBUG - 1 change detected: {(<Change.modified: 2>, '/workspace/app/backend/logs/app_20260707_013512.log')}
2026-07-07 01:35:43,807 - watchfiles.main - DEBUG - 1 change detected: {(<Change.modified: 2>, '/workspace/app/backend/logs/app_20260707_013512.log')}
2026-07-07 01:35:44,157 - watchfiles.main - DEBUG - 1 change detected: {(<Change.modified: 2>, '/workspace/app/backend/logs/app_20260707_013512.log')}
2026-07-07 01:35:44,508 - watchfiles.main - DEBUG - 1 change detected: {(<Change.modified: 2>, '/workspace/app/backend/logs/app_20260707_013512.log')}
2026-07-07 01:35:44,859 - watchfiles.main - DEBUG - 1 change detected: {(<Change.modified: 2>, '/workspace/app/backend/logs/app_20260707_013512.log')}
2026-07-07 01:35:45,210 - watchfiles.main - DEBUG - 1 change detected: {(<Change.modified: 2>, '/workspace/app/backend/logs/app_20260707_013512.log')}
2026-07-07 01:35:45,561 - watchfiles.main - DEBUG - 1 change detected: {(<Change.modified: 2>, '/workspace/app/backend/logs/app_20260707_013512.log')}
2026-07-07 01:35:45,912 - watchfiles.main - DEBUG - 1 change detected: {(<Change.modified: 2>, '/workspace/app/backend/logs/app_20260707_013512.log')}
2026-07-07 01:35:46,263 - watchfiles.main - DEBUG - 1 change detected: {(<Change.modified: 2>, '/workspace/app/backend/logs/app_20260707_013512.log')}
2026-07-07 01:35:46,613 - watchfiles.main - DEBUG - 1 change detected: {(<Change.modified: 2>, '/workspace/app/backend/logs/app_20260707_013512.log')}
2026-07-07 01:35:46,964 - watchfiles.main - DEBUG - 1 change detected: {(<Change.modified: 2>, '/workspace/app/backend/logs/app_20260707_013512.log')}
2026-07-07 01:35:47,315 - watchfiles.main - DEBUG - 1 change detected: {(<Change.modified: 2>, '/workspace/app/backend/logs/app_20260707_013512.log')}
2026-07-07 01:35:47,666 - watchfiles.main - DEBUG - 1 change detected: {(<Change.modified: 2>, '/workspace/app/backend/logs/app_20260707_013512.log')}
2026-07-07 01:35:48,017 - watchfiles.main - DEBUG - 1 change detected: {(<Change.modified: 2>, '/workspace/app/backend/logs/app_20260707_013512.log')}
2026-07-07 01:35:48,368 - watchfiles.main - DEBUG - 1 change detected: {(<Change.modified: 2>, '/workspace/app/backend/logs/app_20260707_013512.log')}
2026-07-07 01:35:48,719 - watchfiles.main - DEBUG - 1 change detected: {(<Change.modified: 2>, '/workspace/app/backend/logs/app_20260707_013512.log')}
2026-07-07 01:35:49,070 - watchfiles.main - DEBUG - 1 change detected: {(<Change.modified: 2>, '/workspace/app/backend/logs/app_20260707_013512.log')}
2026-07-07 01:35:49,420 - watchfiles.main - DEBUG - 1 change detected: {(<Change.modified: 2>, '/workspace/app/backend/logs/app_20260707_013512.log')}
2026-07-07 01:35:49,771 - watchfiles.main - DEBUG - 1 change detected: {(<Change.modified: 2>, '/workspace/app/backend/logs/app_20260707_013512.log')}
2026-07-07 01:35:50,122 - watchfiles.main - DEBUG - 1 change detected: {(<Change.modified: 2>, '/workspace/app/backend/logs/app_20260707_013512.log')}
2026-07-07 01:35:50,473 - watchfiles.main - DEBUG - 1 change detected: {(<Change.modified: 2>, '/workspace/app/backend/logs/app_20260707_013512.log')}
2026-07-07 01:35:50,824 - watchfiles.main - DEBUG - 1 change detected: {(<Change.modified: 2>, '/workspace/app/backend/logs/app_20260707_013512.log')}
2026-07-07 01:35:51,175 - watchfiles.main - DEBUG - 1 change detected: {(<Change.modified: 2>, '/workspace/app/backend/logs/app_20260707_013512.log')}
2026-07-07 01:35:51,526 - watchfiles.main - DEBUG - 1 change detected: {(<Change.modified: 2>, '/workspace/app/backend/logs/app_20260707_013512.log')}
2026-07-07 01:35:51,877 - watchfiles.main - DEBUG - 1 change detected: {(<Change.modified: 2>, '/workspace/app/backend/logs/app_20260707_013512.log')}
2026-07-07 01:35:52,228 - watchfiles.main - DEBUG - 1 change detected: {(<Change.modified: 2>, '/workspace/app/backend/logs/app_20260707_013512.log')}
2026-07-07 01:35:52,579 - watchfiles.main - DEBUG - 1 change detected: {(<Change.modified: 2>, '/workspace/app/backend/logs/app_20260707_013512.log')}
2026-07-07 01:35:52,930 - watchfiles.main - DEBUG - 1 change detected: {(<Change.modified: 2>, '/workspace/app/backend/logs/app_20260707_013512.log')}
2026-07-07 01:35:53,281 - watchfiles.main - DEBUG - 1 change detected: {(<Change.modified: 2>, '/workspace/app/backend/logs/app_20260707_013512.log')}
2026-07-07 01:35:53,632 - watchfiles.main - DEBUG - 1 change detected: {(<Change.modified: 2>, '/workspace/app/backend/logs/app_20260707_013512.log')}
2026-07-07 01:35:53,982 - watchfiles.main - DEBUG - 1 change detected: {(<Change.modified: 2>, '/workspace/app/backend/logs/app_20260707_013512.log')}
2026-07-07 01:35:54,333 - watchfiles.main - DEBUG - 1 change detected: {(<Change.modified: 2>, '/workspace/app/backend/logs/app_20260707_013512.log')}
2026-07-07 01:35:54,685 - watchfiles.main - DEBUG - 1 change detected: {(<Change.modified: 2>, '/workspace/app/backend/logs/app_20260707_013512.log')}
2026-07-07 01:35:55,036 - watchfiles.main - DEBUG - 1 change detected: {(<Change.modified: 2>, '/workspace/app/backend/logs/app_20260707_013512.log')}
2026-07-07 01:35:55,387 - watchfiles.main - DEBUG - 1 change detected: {(<Change.modified: 2>, '/workspace/app/backend/logs/app_20260707_013512.log')}
2026-07-07 01:35:55,738 - watchfiles.main - DEBUG - 1 change detected: {(<Change.modified: 2>, '/workspace/app/backend/logs/app_20260707_013512.log')}
2026-07-07 01:35:56,089 - watchfiles.main - DEBUG - 1 change detected: {(<Change.modified: 2>, '/workspace/app/backend/logs/app_20260707_013512.log')}
2026-07-07 01:35:56,440 - watchfiles.main - DEBUG - 1 change detected: {(<Change.modified: 2>, '/workspace/app/backend/logs/app_20260707_013512.log')}
2026-07-07 01:35:56,791 - watchfiles.main - DEBUG - 1 change detected: {(<Change.modified: 2>, '/workspace/app/backend/logs/app_20260707_013512.log')}
2026-07-07 01:35:57,142 - watchfiles.main - DEBUG - 1 change detected: {(<Change.modified: 2>, '/workspace/app/backend/logs/app_20260707_013512.log')}
2026-07-07 01:35:57,493 - watchfiles.main - DEBUG - 1 change detected: {(<Change.modified: 2>, '/workspace/app/backend/logs/app_20260707_013512.log')}
2026-07-07 01:35:57,844 - watchfiles.main - DEBUG - 1 change detected: {(<Change.modified: 2>, '/workspace/app/backend/logs/app_20260707_013512.log')}
2026-07-07 01:35:58,194 - watchfiles.main - DEBUG - 1 change detected: {(<Change.modified: 2>, '/workspace/app/backend/logs/app_20260707_013512.log')}
2026-07-07 01:35:58,545 - watchfiles.main - DEBUG - 1 change detected: {(<Change.modified: 2>, '/workspace/app/backend/logs/app_20260707_013512.log')}
2026-07-07 01:35:58,896 - watchfiles.main - DEBUG - 1 change detected: {(<Change.modified: 2>, '/workspace/app/backend/logs/app_20260707_013512.log')}
2026-07-07 01:35:59,247 - watchfiles.main - DEBUG - 1 change detected: {(<Change.modified: 2>, '/workspace/app/backend/logs/app_20260707_013512.log')}
2026-07-07 01:35:59,598 - watchfiles.main - DEBUG - 1 change detected: {(<Change.modified: 2>, '/workspace/app/backend/logs/app_20260707_013512.log')}
2026-07-07 01:35:59,950 - watchfiles.main - DEBUG - 1 change detected: {(<Change.modified: 2>, '/workspace/app/backend/logs/app_20260707_013512.log')}
2026-07-07 01:36:00,301 - watchfiles.main - DEBUG - 1 change detected: {(<Change.modified: 2>, '/workspace/app/backend/logs/app_20260707_013512.log')}
2026-07-07 01:36:00,651 - watchfiles.main - DEBUG - 1 change detected: {(<Change.modified: 2>, '/workspace/app/backend/logs/app_20260707_013512.log')}
2026-07-07 01:36:01,002 - watchfiles.main - DEBUG - 1 change detected: {(<Change.modified: 2>, '/workspace/app/backend/logs/app_20260707_013512.log')}
2026-07-07 01:36:01,353 - watchfiles.main - DEBUG - 1 change detected: {(<Change.modified: 2>, '/workspace/app/backend/logs/app_20260707_013512.log')}
2026-07-07 01:36:01,705 - watchfiles.main - DEBUG - 1 change detected: {(<Change.modified: 2>, '/workspace/app/backend/logs/app_20260707_013512.log')}
2026-07-07 01:36:02,056 - watchfiles.main - DEBUG - 1 change detected: {(<Change.modified: 2>, '/workspace/app/backend/logs/app_20260707_013512.log')}
2026-07-07 01:36:02,407 - watchfiles.main - DEBUG - 1 change detected: {(<Change.modified: 2>, '/workspace/app/backend/logs/app_20260707_013512.log')}
2026-07-07 01:36:02,808 - watchfiles.main - DEBUG - 2 changes detected: {(<Change.modified: 2>, '/workspace/app/backend/services/teeth_analysis.py'), (<Change.modified: 2>, '/workspace/app/backend/logs/app_20260707_013512.log')}
2026-07-07 01:36:03,287 - watchfiles.main - DEBUG - 2 changes detected: {(<Change.modified: 2>, '/workspace/app/backend/logs/app_20260707_013512.log'), (<Change.modified: 2>, '/workspace/app/backend/logs/app_20260707_013528.log')}
2026-07-07 01:36:03,638 - watchfiles.main - DEBUG - 1 change detected: {(<Change.modified: 2>, '/workspace/app/backend/logs/app_20260707_013512.log')}
2026-07-07 01:36:03,989 - watchfiles.main - DEBUG - 1 change detected: {(<Change.modified: 2>, '/workspace/app/backend/logs/app_20260707_013512.log')}
2026-07-07 01:36:04,340 - watchfiles.main - DEBUG - 1 change detected: {(<Change.modified: 2>, '/workspace/app/backend/logs/app_20260707_013512.log')}
2026-07-07 01:36:04,691 - watchfiles.main - DEBUG - 2 changes detected: {(<Change.added: 1>, '/workspace/app/backend/logs/app_20260707_013604.log'), (<Change.modified: 2>, '/workspace/app/backend/logs/app_20260707_013512.log')}
2026-07-07 01:36:05,042 - watchfiles.main - DEBUG - 1 change detected: {(<Change.modified: 2>, '/workspace/app/backend/logs/app_20260707_013512.log')}
2026-07-07 01:36:05,393 - watchfiles.main - DEBUG - 1 change detected: {(<Change.modified: 2>, '/workspace/app/backend/logs/app_20260707_013512.log')}
2026-07-07 01:36:05,794 - watchfiles.main - DEBUG - 5 changes detected: {(<Change.modified: 2>, '/workspace/app/backend/logs/app_20260707_013512.log'), (<Change.added: 1>, '/workspace/app/backend/services/__pycache__/teeth_analysis.cpython-310.pyc'), (<Change.deleted: 3>, '/workspace/app/backend/services/__pycache__/teeth_analysis.cpython-310.pyc.139777536389680'), (<Change.added: 1>, '/workspace/app/backend/services/__pycache__/teeth_analysis.cpython-310.pyc.139777536389680'), (<Change.modified: 2>, '/workspace/app/backend/logs/app_20260707_013604.log')}
2026-07-07 01:36:06,145 - watchfiles.main - DEBUG - 2 changes detected: {(<Change.modified: 2>, '/workspace/app/backend/logs/app_20260707_013604.log'), (<Change.modified: 2>, '/workspace/app/backend/logs/app_20260707_013512.log')}
2026-07-07 01:36:06,496 - watchfiles.main - DEBUG - 1 change detected: {(<Change.modified: 2>, '/workspace/app/backend/logs/app_20260707_013512.log')}
2026-07-07 01:36:06,847 - watchfiles.main - DEBUG - 1 change detected: {(<Change.modified: 2>, '/workspace/app/backend/logs/app_20260707_013512.log')}
2026-07-07 01:36:07,198 - watchfiles.main - DEBUG - 1 change detected: {(<Change.modified: 2>, '/workspace/app/backend/logs/app_20260707_013512.log')}
2026-07-07 01:36:07,549 - watchfiles.main - DEBUG - 1 change detected: {(<Change.modified: 2>, '/workspace/app/backend/logs/app_20260707_013512.log')}
2026-07-07 01:36:07,899 - watchfiles.main - DEBUG - 1 change detected: {(<Change.modified: 2>, '/workspace/app/backend/logs/app_20260707_013512.log')}
2026-07-07 01:36:08,250 - watchfiles.main - DEBUG - 1 change detected: {(<Change.modified: 2>, '/workspace/app/backend/logs/app_20260707_013512.log')}
2026-07-07 01:36:08,602 - watchfiles.main - DEBUG - 1 change detected: {(<Change.modified: 2>, '/workspace/app/backend/logs/app_20260707_013512.log')}
2026-07-07 01:36:08,953 - watchfiles.main - DEBUG - 1 change detected: {(<Change.modified: 2>, '/workspace/app/backend/logs/app_20260707_013512.log')}
2026-07-07 01:36:09,304 - watchfiles.main - DEBUG - 1 change detected: {(<Change.modified: 2>, '/workspace/app/backend/logs/app_20260707_013512.log')}
2026-07-07 01:36:09,655 - watchfiles.main - DEBUG - 1 change detected: {(<Change.modified: 2>, '/workspace/app/backend/logs/app_20260707_013512.log')}
2026-07-07 01:36:10,006 - watchfiles.main - DEBUG - 1 change detected: {(<Change.modified: 2>, '/workspace/app/backend/logs/app_20260707_013512.log')}
2026-07-07 01:36:10,357 - watchfiles.main - DEBUG - 1 change detected: {(<Change.modified: 2>, '/workspace/app/backend/logs/app_20260707_013512.log')}
2026-07-07 01:36:10,708 - watchfiles.main - DEBUG - 1 change detected: {(<Change.modified: 2>, '/workspace/app/backend/logs/app_20260707_013512.log')}
2026-07-07 01:36:11,059 - watchfiles.main - DEBUG - 1 change detected: {(<Change.modified: 2>, '/workspace/app/backend/logs/app_20260707_013512.log')}
2026-07-07 01:36:11,410 - watchfiles.main - DEBUG - 1 change detected: {(<Change.modified: 2>, '/workspace/app/backend/logs/app_20260707_013512.log')}
2026-07-07 01:36:11,761 - watchfiles.main - DEBUG - 1 change detected: {(<Change.modified: 2>, '/workspace/app/backend/logs/app_20260707_013512.log')}
2026-07-07 01:36:12,112 - watchfiles.main - DEBUG - 1 change detected: {(<Change.modified: 2>, '/workspace/app/backend/logs/app_20260707_013512.log')}
2026-07-07 01:36:12,463 - watchfiles.main - DEBUG - 1 change detected: {(<Change.modified: 2>, '/workspace/app/backend/logs/app_20260707_013512.log')}
2026-07-07 01:36:12,814 - watchfiles.main - DEBUG - 1 change detected: {(<Change.modified: 2>, '/workspace/app/backend/logs/app_20260707_013512.log')}
2026-07-07 01:36:13,165 - watchfiles.main - DEBUG - 1 change detected: {(<Change.modified: 2>, '/workspace/app/backend/logs/app_20260707_013512.log')}
2026-07-07 01:36:13,516 - watchfiles.main - DEBUG - 1 change detected: {(<Change.modified: 2>, '/workspace/app/backend/logs/app_20260707_013512.log')}
2026-07-07 01:36:13,867 - watchfiles.main - DEBUG - 1 change detected: {(<Change.modified: 2>, '/workspace/app/backend/logs/app_20260707_013512.log')}
2026-07-07 01:36:14,218 - watchfiles.main - DEBUG - 1 change detected: {(<Change.modified: 2>, '/workspace/app/backend/logs/app_20260707_013512.log')}
2026-07-07 01:36:14,569 - watchfiles.main - DEBUG - 1 change detected: {(<Change.modified: 2>, '/workspace/app/backend/logs/app_20260707_013512.log')}
2026-07-07 01:36:14,933 - watchfiles.main - DEBUG - 1 change detected: {(<Change.modified: 2>, '/workspace/app/backend/logs/app_20260707_013512.log')}
2026-07-07 01:36:15,284 - watchfiles.main - DEBUG - 1 change detected: {(<Change.modified: 2>, '/workspace/app/backend/logs/app_20260707_013512.log')}
2026-07-07 01:36:15,635 - watchfiles.main - DEBUG - 1 change detected: {(<Change.modified: 2>, '/workspace/app/backend/logs/app_20260707_013512.log')}
2026-07-07 01:36:15,986 - watchfiles.main - DEBUG - 1 change detected: {(<Change.modified: 2>, '/workspace/app/backend/logs/app_20260707_013512.log')}
2026-07-07 01:36:16,337 - watchfiles.main - DEBUG - 1 change detected: {(<Change.modified: 2>, '/workspace/app/backend/logs/app_20260707_013512.log')}
2026-07-07 01:36:16,688 - watchfiles.main - DEBUG - 1 change detected: {(<Change.modified: 2>, '/workspace/app/backend/logs/app_20260707_013512.log')}
2026-07-07 01:36:17,039 - watchfiles.main - DEBUG - 1 change detected: {(<Change.modified: 2>, '/workspace/app/backend/logs/app_20260707_013512.log')}
2026-07-07 01:36:17,390 - watchfiles.main - DEBUG - 1 change detected: {(<Change.modified: 2>, '/workspace/app/backend/logs/app_20260707_013512.log')}
2026-07-07 01:36:17,740 - watchfiles.main - DEBUG - 1 change detected: {(<Change.modified: 2>, '/workspace/app/backend/logs/app_20260707_013512.log')}
2026-07-07 01:36:18,091 - watchfiles.main - DEBUG - 1 change detected: {(<Change.modified: 2>, '/workspace/app/backend/logs/app_20260707_013512.log')}
2026-07-07 01:36:18,442 - watchfiles.main - DEBUG - 1 change detected: {(<Change.modified: 2>, '/workspace/app/backend/logs/app_20260707_013512.log')}
2026-07-07 01:36:18,793 - watchfiles.main - DEBUG - 1 change detected: {(<Change.modified: 2>, '/workspace/app/backend/logs/app_20260707_013512.log')}
2026-07-07 01:36:19,144 - watchfiles.main - DEBUG - 1 change detected: {(<Change.modified: 2>, '/workspace/app/backend/logs/app_20260707_013512.log')}
2026-07-07 01:36:19,495 - watchfiles.main - DEBUG - 1 change detected: {(<Change.modified: 2>, '/workspace/app/backend/logs/app_20260707_013512.log')}
2026-07-07 01:36:19,846 - watchfiles.main - DEBUG - 1 change detected: {(<Change.modified: 2>, '/workspace/app/backend/logs/app_20260707_013512.log')}
2026-07-07 01:36:20,197 - watchfiles.main - DEBUG - 1 change detected: {(<Change.modified: 2>, '/workspace/app/backend/logs/app_20260707_013512.log')}
2026-07-07 01:36:20,548 - watchfiles.main - DEBUG - 1 change detected: {(<Change.modified: 2>, '/workspace/app/backend/logs/app_20260707_013512.log')}
2026-07-07 01:36:20,899 - watchfiles.main - DEBUG - 1 change detected: {(<Change.modified: 2>, '/workspace/app/backend/logs/app_20260707_013512.log')}
2026-07-07 01:36:21,250 - watchfiles.main - DEBUG - 1 change detected: {(<Change.modified: 2>, '/workspace/app/backend/logs/app_20260707_013512.log')}
2026-07-07 01:36:21,600 - watchfiles.main - DEBUG - 1 change detected: {(<Change.modified: 2>, '/workspace/app/backend/logs/app_20260707_013512.log')}
2026-07-07 01:36:21,951 - watchfiles.main - DEBUG - 1 change detected: {(<Change.modified: 2>, '/workspace/app/backend/logs/app_20260707_013512.log')}
2026-07-07 01:36:22,302 - watchfiles.main - DEBUG - 1 change detected: {(<Change.modified: 2>, '/workspace/app/backend/logs/app_20260707_013512.log')}
2026-07-07 01:36:22,653 - watchfiles.main - DEBUG - 1 change detected: {(<Change.modified: 2>, '/workspace/app/backend/logs/app_20260707_013512.log')}
2026-07-07 01:36:23,004 - watchfiles.main - DEBUG - 1 change detected: {(<Change.modified: 2>, '/workspace/app/backend/logs/app_20260707_013512.log')}
2026-07-07 01:36:23,355 - watchfiles.main - DEBUG - 1 change detected: {(<Change.modified: 2>, '/workspace/app/backend/logs/app_20260707_013512.log')}
2026-07-07 01:36:23,706 - watchfiles.main - DEBUG - 1 change detected: {(<Change.modified: 2>, '/workspace/app/backend/logs/app_20260707_013512.log')}
2026-07-07 01:36:24,057 - watchfiles.main - DEBUG - 1 change detected: {(<Change.modified: 2>, '/workspace/app/backend/logs/app_20260707_013512.log')}
2026-07-07 01:36:24,408 - watchfiles.main - DEBUG - 1 change detected: {(<Change.modified: 2>, '/workspace/app/backend/logs/app_20260707_013512.log')}
2026-07-07 01:36:24,759 - watchfiles.main - DEBUG - 1 change detected: {(<Change.modified: 2>, '/workspace/app/backend/logs/app_20260707_013512.log')}
2026-07-07 01:36:25,109 - watchfiles.main - DEBUG - 1 change detected: {(<Change.modified: 2>, '/workspace/app/backend/logs/app_20260707_013512.log')}
2026-07-07 01:36:25,460 - watchfiles.main - DEBUG - 1 change detected: {(<Change.modified: 2>, '/workspace/app/backend/logs/app_20260707_013512.log')}
2026-07-07 01:36:25,811 - watchfiles.main - DEBUG - 1 change detected: {(<Change.modified: 2>, '/workspace/app/backend/logs/app_20260707_013512.log')}
2026-07-07 01:36:26,162 - watchfiles.main - DEBUG - 1 change detected: {(<Change.modified: 2>, '/workspace/app/backend/logs/app_20260707_013512.log')}
2026-07-07 01:36:26,513 - watchfiles.main - DEBUG - 1 change detected: {(<Change.modified: 2>, '/workspace/app/backend/logs/app_20260707_013512.log')}
2026-07-07 01:36:26,864 - watchfiles.main - DEBUG - 4 changes detected: {(<Change.added: 1>, '/workspace/app/backend/services/__pycache__/teeth_analysis.cpython-310.pyc'), (<Change.deleted: 3>, '/workspace/app/backend/services/__pycache__/teeth_analysis.cpython-310.pyc.140283633872976'), (<Change.added: 1>, '/workspace/app/backend/services/__pycache__/teeth_analysis.cpython-310.pyc.140283633872976'), (<Change.modified: 2>, '/workspace/app/backend/logs/app_20260707_013512.log')}
2026-07-07 01:36:27,215 - watchfiles.main - DEBUG - 1 change detected: {(<Change.modified: 2>, '/workspace/app/backend/logs/app_20260707_013512.log')}
2026-07-07 01:36:27,566 - watchfiles.main - DEBUG - 1 change detected: {(<Change.modified: 2>, '/workspace/app/backend/logs/app_20260707_013512.log')}
2026-07-07 01:36:27,917 - watchfiles.main - DEBUG - 1 change detected: {(<Change.modified: 2>, '/workspace/app/backend/logs/app_20260707_013512.log')}
2026-07-07 01:36:28,268 - watchfiles.main - DEBUG - 1 change detected: {(<Change.modified: 2>, '/workspace/app/backend/logs/app_20260707_013512.log')}
2026-07-07 01:36:28,618 - watchfiles.main - DEBUG - 1 change detected: {(<Change.modified: 2>, '/workspace/app/backend/logs/app_20260707_013512.log')}
2026-07-07 01:36:28,969 - watchfiles.main - DEBUG - 1 change detected: {(<Change.modified: 2>, '/workspace/app/backend/logs/app_20260707_013512.log')}
2026-07-07 01:36:29,320 - watchfiles.main - DEBUG - 1 change detected: {(<Change.modified: 2>, '/workspace/app/backend/logs/app_20260707_013512.log')}
2026-07-07 01:36:29,671 - watchfiles.main - DEBUG - 1 change detected: {(<Change.modified: 2>, '/workspace/app/backend/logs/app_20260707_013512.log')}
2026-07-07 01:36:30,022 - watchfiles.main - DEBUG - 1 change detected: {(<Change.modified: 2>, '/workspace/app/backend/logs/app_20260707_013512.log')}
2026-07-07 01:36:30,373 - watchfiles.main - DEBUG - 1 change detected: {(<Change.modified: 2>, '/workspace/app/backend/logs/app_20260707_013512.log')}
2026-07-07 01:36:30,724 - watchfiles.main - DEBUG - 1 change detected: {(<Change.modified: 2>, '/workspace/app/backend/logs/app_20260707_013512.log')}
2026-07-07 01:36:31,075 - watchfiles.main - DEBUG - 1 change detected: {(<Change.modified: 2>, '/workspace/app/backend/logs/app_20260707_013512.log')}
2026-07-07 01:36:31,426 - watchfiles.main - DEBUG - 1 change detected: {(<Change.modified: 2>, '/workspace/app/backend/logs/app_20260707_013512.log')}
2026-07-07 01:36:31,777 - watchfiles.main - DEBUG - 1 change detected: {(<Change.modified: 2>, '/workspace/app/backend/logs/app_20260707_013512.log')}
2026-07-07 01:36:32,128 - watchfiles.main - DEBUG - 1 change detected: {(<Change.modified: 2>, '/workspace/app/backend/logs/app_20260707_013512.log')}
2026-07-07 01:36:32,479 - watchfiles.main - DEBUG - 1 change detected: {(<Change.modified: 2>, '/workspace/app/backend/logs/app_20260707_013512.log')}
2026-07-07 01:36:32,830 - watchfiles.main - DEBUG - 1 change detected: {(<Change.modified: 2>, '/workspace/app/backend/logs/app_20260707_013512.log')}
2026-07-07 01:36:33,181 - watchfiles.main - DEBUG - 1 change detected: {(<Change.modified: 2>, '/workspace/app/backend/logs/app_20260707_013512.log')}
2026-07-07 01:36:33,532 - watchfiles.main - DEBUG - 1 change detected: {(<Change.modified: 2>, '/workspace/app/backend/logs/app_20260707_013512.log')}
2026-07-07 01:36:33,883 - watchfiles.main - DEBUG - 1 change detected: {(<Change.modified: 2>, '/workspace/app/backend/logs/app_20260707_013512.log')}
2026-07-07 01:36:34,233 - watchfiles.main - DEBUG - 1 change detected: {(<Change.modified: 2>, '/workspace/app/backend/logs/app_20260707_013512.log')}
2026-07-07 01:36:34,584 - watchfiles.main - DEBUG - 1 change detected: {(<Change.modified: 2>, '/workspace/app/backend/logs/app_20260707_013512.log')}
2026-07-07 01:36:34,935 - watchfiles.main - DEBUG - 1 change detected: {(<Change.modified: 2>, '/workspace/app/backend/logs/app_20260707_013512.log')}
2026-07-07 01:36:35,286 - watchfiles.main - DEBUG - 1 change detected: {(<Change.modified: 2>, '/workspace/app/backend/logs/app_20260707_013512.log')}
2026-07-07 01:36:35,637 - watchfiles.main - DEBUG - 1 change detected: {(<Change.modified: 2>, '/workspace/app/backend/logs/app_20260707_013512.log')}
2026-07-07 01:36:35,988 - watchfiles.main - DEBUG - 1 change detected: {(<Change.modified: 2>, '/workspace/app/backend/logs/app_20260707_013512.log')}
2026-07-07 01:36:36,340 - watchfiles.main - DEBUG - 1 change detected: {(<Change.modified: 2>, '/workspace/app/backend/logs/app_20260707_013512.log')}
2026-07-07 01:36:36,691 - watchfiles.main - DEBUG - 1 change detected: {(<Change.modified: 2>, '/workspace/app/backend/logs/app_20260707_013512.log')}
2026-07-07 01:36:37,043 - watchfiles.main - DEBUG - 1 change detected: {(<Change.modified: 2>, '/workspace/app/backend/logs/app_20260707_013512.log')}
2026-07-07 01:36:37,394 - watchfiles.main - DEBUG - 1 change detected: {(<Change.modified: 2>, '/workspace/app/backend/logs/app_20260707_013512.log')}
2026-07-07 01:36:37,745 - watchfiles.main - DEBUG - 1 change detected: {(<Change.modified: 2>, '/workspace/app/backend/logs/app_20260707_013512.log')}
2026-07-07 01:36:38,096 - watchfiles.main - DEBUG - 1 change detected: {(<Change.modified: 2>, '/workspace/app/backend/logs/app_20260707_013512.log')}
2026-07-07 01:36:38,447 - watchfiles.main - DEBUG - 1 change detected: {(<Change.modified: 2>, '/workspace/app/backend/logs/app_20260707_013512.log')}
2026-07-07 01:36:38,798 - watchfiles.main - DEBUG - 1 change detected: {(<Change.modified: 2>, '/workspace/app/backend/logs/app_20260707_013512.log')}
2026-07-07 01:36:39,149 - watchfiles.main - DEBUG - 1 change detected: {(<Change.modified: 2>, '/workspace/app/backend/logs/app_20260707_013512.log')}
2026-07-07 01:36:39,500 - watchfiles.main - DEBUG - 1 change detected: {(<Change.modified: 2>, '/workspace/app/backend/logs/app_20260707_013512.log')}
2026-07-07 01:36:39,851 - watchfiles.main - DEBUG - 1 change detected: {(<Change.modified: 2>, '/workspace/app/backend/logs/app_20260707_013512.log')}
2026-07-07 01:36:40,202 - watchfiles.main - DEBUG - 1 change detected: {(<Change.modified: 2>, '/workspace/app/backend/logs/app_20260707_013512.log')}
2026-07-07 01:36:40,553 - watchfiles.main - DEBUG - 1 change detected: {(<Change.modified: 2>, '/workspace/app/backend/logs/app_20260707_013512.log')}
2026-07-07 01:36:40,904 - watchfiles.main - DEBUG - 1 change detected: {(<Change.modified: 2>, '/workspace/app/backend/logs/app_20260707_013512.log')}
2026-07-07 01:36:41,255 - watchfiles.main - DEBUG - 1 change detected: {(<Change.modified: 2>, '/workspace/app/backend/logs/app_20260707_013512.log')}
2026-07-07 01:36:41,606 - watchfiles.main - DEBUG - 1 change detected: {(<Change.modified: 2>, '/workspace/app/backend/logs/app_20260707_013512.log')}
2026-07-07 01:36:41,956 - watchfiles.main - DEBUG - 1 change detected: {(<Change.modified: 2>, '/workspace/app/backend/logs/app_20260707_013512.log')}
2026-07-07 01:36:42,307 - watchfiles.main - DEBUG - 1 change detected: {(<Change.modified: 2>, '/workspace/app/backend/logs/app_20260707_013512.log')}
2026-07-07 01:36:42,658 - watchfiles.main - DEBUG - 1 change detected: {(<Change.modified: 2>, '/workspace/app/backend/logs/app_20260707_013512.log')}
2026-07-07 01:36:43,009 - watchfiles.main - DEBUG - 1 change detected: {(<Change.modified: 2>, '/workspace/app/backend/logs/app_20260707_013512.log')}
2026-07-07 01:36:43,360 - watchfiles.main - DEBUG - 1 change detected: {(<Change.modified: 2>, '/workspace/app/backend/logs/app_20260707_013512.log')}
2026-07-07 01:36:43,711 - watchfiles.main - DEBUG - 1 change detected: {(<Change.modified: 2>, '/workspace/app/backend/logs/app_20260707_013512.log')}
2026-07-07 01:36:44,062 - watchfiles.main - DEBUG - 1 change detected: {(<Change.modified: 2>, '/workspace/app/backend/logs/app_20260707_013512.log')}
2026-07-07 01:36:44,413 - watchfiles.main - DEBUG - 1 change detected: {(<Change.modified: 2>, '/workspace/app/backend/logs/app_20260707_013512.log')}
2026-07-07 01:36:44,764 - watchfiles.main - DEBUG - 1 change detected: {(<Change.modified: 2>, '/workspace/app/backend/logs/app_20260707_013512.log')}
2026-07-07 01:36:45,115 - watchfiles.main - DEBUG - 1 change detected: {(<Change.modified: 2>, '/workspace/app/backend/logs/app_20260707_013512.log')}
2026-07-07 01:36:45,466 - watchfiles.main - DEBUG - 1 change detected: {(<Change.modified: 2>, '/workspace/app/backend/logs/app_20260707_013512.log')}
2026-07-07 01:36:45,817 - watchfiles.main - DEBUG - 1 change detected: {(<Change.modified: 2>, '/workspace/app/backend/logs/app_20260707_013512.log')}
2026-07-07 01:36:46,168 - watchfiles.main - DEBUG - 1 change detected: {(<Change.modified: 2>, '/workspace/app/backend/logs/app_20260707_013512.log')}
2026-07-07 01:36:46,519 - watchfiles.main - DEBUG - 1 change detected: {(<Change.modified: 2>, '/workspace/app/backend/logs/app_20260707_013512.log')}
2026-07-07 01:36:46,870 - watchfiles.main - DEBUG - 1 change detected: {(<Change.modified: 2>, '/workspace/app/backend/logs/app_20260707_013512.log')}
2026-07-07 01:36:47,221 - watchfiles.main - DEBUG - 1 change detected: {(<Change.modified: 2>, '/workspace/app/backend/logs/app_20260707_013512.log')}
2026-07-07 01:36:47,572 - watchfiles.main - DEBUG - 1 change detected: {(<Change.modified: 2>, '/workspace/app/backend/logs/app_20260707_013512.log')}
2026-07-07 01:36:47,923 - watchfiles.main - DEBUG - 1 change detected: {(<Change.modified: 2>, '/workspace/app/backend/logs/app_20260707_013512.log')}
2026-07-07 01:36:48,274 - watchfiles.main - DEBUG - 1 change detected: {(<Change.modified: 2>, '/workspace/app/backend/logs/app_20260707_013512.log')}
2026-07-07 01:36:48,625 - watchfiles.main - DEBUG - 1 change detected: {(<Change.modified: 2>, '/workspace/app/backend/logs/app_20260707_013512.log')}
2026-07-07 01:36:48,976 - watchfiles.main - DEBUG - 1 change detected: {(<Change.modified: 2>, '/workspace/app/backend/logs/app_20260707_013512.log')}
2026-07-07 01:36:49,326 - watchfiles.main - DEBUG - 1 change detected: {(<Change.modified: 2>, '/workspace/app/backend/logs/app_20260707_013512.log')}
2026-07-07 01:36:49,677 - watchfiles.main - DEBUG - 1 change detected: {(<Change.modified: 2>, '/workspace/app/backend/logs/app_20260707_013512.log')}
2026-07-07 01:36:50,028 - watchfiles.main - DEBUG - 1 change detected: {(<Change.modified: 2>, '/workspace/app/backend/logs/app_20260707_013512.log')}
2026-07-07 01:36:50,380 - watchfiles.main - DEBUG - 1 change detected: {(<Change.modified: 2>, '/workspace/app/backend/logs/app_20260707_013512.log')}
2026-07-07 01:36:50,731 - watchfiles.main - DEBUG - 1 change detected: {(<Change.modified: 2>, '/workspace/app/backend/logs/app_20260707_013512.log')}
2026-07-07 01:36:51,082 - watchfiles.main - DEBUG - 1 change detected: {(<Change.modified: 2>, '/workspace/app/backend/logs/app_20260707_013512.log')}
2026-07-07 01:36:51,433 - watchfiles.main - DEBUG - 1 change detected: {(<Change.modified: 2>, '/workspace/app/backend/logs/app_20260707_013512.log')}
2026-07-07 01:36:51,784 - watchfiles.main - DEBUG - 1 change detected: {(<Change.modified: 2>, '/workspace/app/backend/logs/app_20260707_013512.log')}
2026-07-07 01:36:52,135 - watchfiles.main - DEBUG - 1 change detected: {(<Change.modified: 2>, '/workspace/app/backend/logs/app_20260707_013512.log')}
2026-07-07 01:36:52,486 - watchfiles.main - DEBUG - 1 change detected: {(<Change.modified: 2>, '/workspace/app/backend/logs/app_20260707_013512.log')}
2026-07-07 01:36:52,837 - watchfiles.main - DEBUG - 1 change detected: {(<Change.modified: 2>, '/workspace/app/backend/logs/app_20260707_013512.log')}
2026-07-07 01:36:53,188 - watchfiles.main - DEBUG - 1 change detected: {(<Change.modified: 2>, '/workspace/app/backend/logs/app_20260707_013512.log')}
2026-07-07 01:36:53,539 - watchfiles.main - DEBUG - 1 change detected: {(<Change.modified: 2>, '/workspace/app/backend/logs/app_20260707_013512.log')}
2026-07-07 01:36:53,890 - watchfiles.main - DEBUG - 1 change detected: {(<Change.modified: 2>, '/workspace/app/backend/logs/app_20260707_013512.log')}
2026-07-07 01:36:54,243 - watchfiles.main - DEBUG - 1 change detected: {(<Change.modified: 2>, '/workspace/app/backend/logs/app_20260707_013512.log')}
2026-07-07 01:36:54,594 - watchfiles.main - DEBUG - 1 change detected: {(<Change.modified: 2>, '/workspace/app/backend/logs/app_20260707_013512.log')}
2026-07-07 01:36:54,945 - watchfiles.main - DEBUG - 1 change detected: {(<Change.modified: 2>, '/workspace/app/backend/logs/app_20260707_013512.log')}
2026-07-07 01:36:55,296 - watchfiles.main - DEBUG - 1 change detected: {(<Change.modified: 2>, '/workspace/app/backend/logs/app_20260707_013512.log')}
2026-07-07 01:36:55,647 - watchfiles.main - DEBUG - 1 change detected: {(<Change.modified: 2>, '/workspace/app/backend/logs/app_20260707_013512.log')}
2026-07-07 01:36:55,998 - watchfiles.main - DEBUG - 1 change detected: {(<Change.modified: 2>, '/workspace/app/backend/logs/app_20260707_013512.log')}
2026-07-07 01:36:56,349 - watchfiles.main - DEBUG - 1 change detected: {(<Change.modified: 2>, '/workspace/app/backend/logs/app_20260707_013512.log')}
2026-07-07 01:36:56,700 - watchfiles.main - DEBUG - 1 change detected: {(<Change.modified: 2>, '/workspace/app/backend/logs/app_20260707_013512.log')}
2026-07-07 01:36:57,051 - watchfiles.main - DEBUG - 1 change detected: {(<Change.modified: 2>, '/workspace/app/backend/logs/app_20260707_013512.log')}
2026-07-07 01:36:57,402 - watchfiles.main - DEBUG - 1 change detected: {(<Change.modified: 2>, '/workspace/app/backend/logs/app_20260707_013512.log')}
2026-07-07 01:36:57,753 - watchfiles.main - DEBUG - 1 change detected: {(<Change.modified: 2>, '/workspace/app/backend/logs/app_20260707_013512.log')}
2026-07-07 01:36:58,104 - watchfiles.main - DEBUG - 1 change detected: {(<Change.modified: 2>, '/workspace/app/backend/logs/app_20260707_013512.log')}
2026-07-07 01:36:58,455 - watchfiles.main - DEBUG - 1 change detected: {(<Change.modified: 2>, '/workspace/app/backend/logs/app_20260707_013512.log')}
2026-07-07 01:36:58,806 - watchfiles.main - DEBUG - 1 change detected: {(<Change.modified: 2>, '/workspace/app/backend/logs/app_20260707_013512.log')}
2026-07-07 01:36:59,157 - watchfiles.main - DEBUG - 1 change detected: {(<Change.modified: 2>, '/workspace/app/backend/logs/app_20260707_013512.log')}
2026-07-07 01:36:59,508 - watchfiles.main - DEBUG - 1 change detected: {(<Change.modified: 2>, '/workspace/app/backend/logs/app_20260707_013512.log')}
2026-07-07 01:36:59,859 - watchfiles.main - DEBUG - 1 change detected: {(<Change.modified: 2>, '/workspace/app/backend/logs/app_20260707_013512.log')}
2026-07-07 01:37:00,210 - watchfiles.main - DEBUG - 1 change detected: {(<Change.modified: 2>, '/workspace/app/backend/logs/app_20260707_013512.log')}
2026-07-07 01:37:00,561 - watchfiles.main - DEBUG - 1 change detected: {(<Change.modified: 2>, '/workspace/app/backend/logs/app_20260707_013512.log')}
2026-07-07 01:37:00,912 - watchfiles.main - DEBUG - 1 change detected: {(<Change.modified: 2>, '/workspace/app/backend/logs/app_20260707_013512.log')}
2026-07-07 01:37:01,263 - watchfiles.main - DEBUG - 1 change detected: {(<Change.modified: 2>, '/workspace/app/backend/logs/app_20260707_013512.log')}
2026-07-07 01:37:01,614 - watchfiles.main - DEBUG - 1 change detected: {(<Change.modified: 2>, '/workspace/app/backend/logs/app_20260707_013512.log')}
2026-07-07 01:37:01,966 - watchfiles.main - DEBUG - 1 change detected: {(<Change.modified: 2>, '/workspace/app/backend/logs/app_20260707_013512.log')}
2026-07-07 01:37:02,317 - watchfiles.main - DEBUG - 1 change detected: {(<Change.modified: 2>, '/workspace/app/backend/logs/app_20260707_013512.log')}
2026-07-07 01:37:02,668 - watchfiles.main - DEBUG - 1 change detected: {(<Change.modified: 2>, '/workspace/app/backend/logs/app_20260707_013512.log')}
2026-07-07 01:37:03,019 - watchfiles.main - DEBUG - 1 change detected: {(<Change.modified: 2>, '/workspace/app/backend/logs/app_20260707_013512.log')}
2026-07-07 01:37:03,370 - watchfiles.main - DEBUG - 1 change detected: {(<Change.modified: 2>, '/workspace/app/backend/logs/app_20260707_013512.log')}
2026-07-07 01:37:03,721 - watchfiles.main - DEBUG - 1 change detected: {(<Change.modified: 2>, '/workspace/app/backend/logs/app_20260707_013512.log')}
2026-07-07 01:37:04,072 - watchfiles.main - DEBUG - 1 change detected: {(<Change.modified: 2>, '/workspace/app/backend/logs/app_20260707_013512.log')}
2026-07-07 01:37:04,422 - watchfiles.main - DEBUG - 1 change detected: {(<Change.modified: 2>, '/workspace/app/backend/logs/app_20260707_013512.log')}
2026-07-07 01:37:04,774 - watchfiles.main - DEBUG - 1 change detected: {(<Change.modified: 2>, '/workspace/app/backend/logs/app_20260707_013512.log')}
2026-07-07 01:37:05,125 - watchfiles.main - DEBUG - 1 change detected: {(<Change.modified: 2>, '/workspace/app/backend/logs/app_20260707_013512.log')}
2026-07-07 01:37:05,476 - watchfiles.main - DEBUG - 1 change detected: {(<Change.modified: 2>, '/workspace/app/backend/logs/app_20260707_013512.log')}
2026-07-07 01:37:05,827 - watchfiles.main - DEBUG - 1 change detected: {(<Change.modified: 2>, '/workspace/app/backend/logs/app_20260707_013512.log')}
2026-07-07 01:37:06,178 - watchfiles.main - DEBUG - 1 change detected: {(<Change.modified: 2>, '/workspace/app/backend/logs/app_20260707_013512.log')}
2026-07-07 01:37:06,529 - watchfiles.main - DEBUG - 1 change detected: {(<Change.modified: 2>, '/workspace/app/backend/logs/app_20260707_013512.log')}
2026-07-07 01:37:06,880 - watchfiles.main - DEBUG - 1 change detected: {(<Change.modified: 2>, '/workspace/app/backend/logs/app_20260707_013512.log')}
2026-07-07 01:37:07,231 - watchfiles.main - DEBUG - 1 change detected: {(<Change.modified: 2>, '/workspace/app/backend/logs/app_20260707_013512.log')}
2026-07-07 01:37:07,582 - watchfiles.main - DEBUG - 1 change detected: {(<Change.modified: 2>, '/workspace/app/backend/logs/app_20260707_013512.log')}
2026-07-07 01:37:07,933 - watchfiles.main - DEBUG - 1 change detected: {(<Change.modified: 2>, '/workspace/app/backend/logs/app_20260707_013512.log')}
2026-07-07 01:37:08,284 - watchfiles.main - DEBUG - 1 change detected: {(<Change.modified: 2>, '/workspace/app/backend/logs/app_20260707_013512.log')}
2026-07-07 01:37:08,635 - watchfiles.main - DEBUG - 1 change detected: {(<Change.modified: 2>, '/workspace/app/backend/logs/app_20260707_013512.log')}
2026-07-07 01:37:08,986 - watchfiles.main - DEBUG - 1 change detected: {(<Change.modified: 2>, '/workspace/app/backend/logs/app_20260707_013512.log')}
2026-07-07 01:37:09,338 - watchfiles.main - DEBUG - 1 change detected: {(<Change.modified: 2>, '/workspace/app/backend/logs/app_20260707_013512.log')}
2026-07-07 01:37:09,691 - watchfiles.main - DEBUG - 1 change detected: {(<Change.modified: 2>, '/workspace/app/backend/logs/app_20260707_013512.log')}
2026-07-07 01:37:10,042 - watchfiles.main - DEBUG - 1 change detected: {(<Change.modified: 2>, '/workspace/app/backend/logs/app_20260707_013512.log')}
2026-07-07 01:37:10,393 - watchfiles.main - DEBUG - 1 change detected: {(<Change.modified: 2>, '/workspace/app/backend/logs/app_20260707_013512.log')}
2026-07-07 01:37:10,744 - watchfiles.main - DEBUG - 1 change detected: {(<Change.modified: 2>, '/workspace/app/backend/logs/app_20260707_013512.log')}
2026-07-07 01:37:11,095 - watchfiles.main - DEBUG - 1 change detected: {(<Change.modified: 2>, '/workspace/app/backend/logs/app_20260707_013512.log')}
2026-07-07 01:37:11,445 - watchfiles.main - DEBUG - 1 change detected: {(<Change.modified: 2>, '/workspace/app/backend/logs/app_20260707_013512.log')}
2026-07-07 01:37:11,796 - watchfiles.main - DEBUG - 1 change detected: {(<Change.modified: 2>, '/workspace/app/backend/logs/app_20260707_013512.log')}
2026-07-07 01:37:12,147 - watchfiles.main - DEBUG - 1 change detected: {(<Change.modified: 2>, '/workspace/app/backend/logs/app_20260707_013512.log')}
2026-07-07 01:37:12,498 - watchfiles.main - DEBUG - 1 change detected: {(<Change.modified: 2>, '/workspace/app/backend/logs/app_20260707_013512.log')}
2026-07-07 01:37:12,850 - watchfiles.main - DEBUG - 1 change detected: {(<Change.modified: 2>, '/workspace/app/backend/logs/app_20260707_013512.log')}
2026-07-07 01:37:13,201 - watchfiles.main - DEBUG - 1 change detected: {(<Change.modified: 2>, '/workspace/app/backend/logs/app_20260707_013512.log')}
2026-07-07 01:37:13,551 - watchfiles.main - DEBUG - 1 change detected: {(<Change.modified: 2>, '/workspace/app/backend/logs/app_20260707_013512.log')}
2026-07-07 01:37:13,902 - watchfiles.main - DEBUG - 1 change detected: {(<Change.modified: 2>, '/workspace/app/backend/logs/app_20260707_013512.log')}
2026-07-07 01:37:14,254 - watchfiles.main - DEBUG - 1 change detected: {(<Change.modified: 2>, '/workspace/app/backend/logs/app_20260707_013512.log')}
2026-07-07 01:37:14,605 - watchfiles.main - DEBUG - 1 change detected: {(<Change.modified: 2>, '/workspace/app/backend/logs/app_20260707_013512.log')}
2026-07-07 01:37:14,956 - watchfiles.main - DEBUG - 1 change detected: {(<Change.modified: 2>, '/workspace/app/backend/logs/app_20260707_013512.log')}
2026-07-07 01:37:15,307 - watchfiles.main - DEBUG - 1 change detected: {(<Change.modified: 2>, '/workspace/app/backend/logs/app_20260707_013512.log')}
2026-07-07 01:37:15,658 - watchfiles.main - DEBUG - 1 change detected: {(<Change.modified: 2>, '/workspace/app/backend/logs/app_20260707_013512.log')}
2026-07-07 01:37:16,009 - watchfiles.main - DEBUG - 1 change detected: {(<Change.modified: 2>, '/workspace/app/backend/logs/app_20260707_013512.log')}
2026-07-07 01:37:16,360 - watchfiles.main - DEBUG - 1 change detected: {(<Change.modified: 2>, '/workspace/app/backend/logs/app_20260707_013512.log')}
2026-07-07 01:37:16,711 - watchfiles.main - DEBUG - 1 change detected: {(<Change.modified: 2>, '/workspace/app/backend/logs/app_20260707_013512.log')}
2026-07-07 01:37:17,062 - watchfiles.main - DEBUG - 1 change detected: {(<Change.modified: 2>, '/workspace/app/backend/logs/app_20260707_013512.log')}
2026-07-07 01:37:17,413 - watchfiles.main - DEBUG - 1 change detected: {(<Change.modified: 2>, '/workspace/app/backend/logs/app_20260707_013512.log')}
2026-07-07 01:37:17,764 - watchfiles.main - DEBUG - 1 change detected: {(<Change.modified: 2>, '/workspace/app/backend/logs/app_20260707_013512.log')}
2026-07-07 01:37:18,115 - watchfiles.main - DEBUG - 1 change detected: {(<Change.modified: 2>, '/workspace/app/backend/logs/app_20260707_013512.log')}
2026-07-07 01:37:18,466 - watchfiles.main - DEBUG - 1 change detected: {(<Change.modified: 2>, '/workspace/app/backend/logs/app_20260707_013512.log')}
2026-07-07 01:37:18,817 - watchfiles.main - DEBUG - 1 change detected: {(<Change.modified: 2>, '/workspace/app/backend/logs/app_20260707_013512.log')}
2026-07-07 01:37:19,168 - watchfiles.main - DEBUG - 1 change detected: {(<Change.modified: 2>, '/workspace/app/backend/logs/app_20260707_013512.log')}
2026-07-07 01:37:19,519 - watchfiles.main - DEBUG - 1 change detected: {(<Change.modified: 2>, '/workspace/app/backend/logs/app_20260707_013512.log')}
2026-07-07 01:37:19,869 - watchfiles.main - DEBUG - 1 change detected: {(<Change.modified: 2>, '/workspace/app/backend/logs/app_20260707_013512.log')}
2026-07-07 01:37:20,220 - watchfiles.main - DEBUG - 1 change detected: {(<Change.modified: 2>, '/workspace/app/backend/logs/app_20260707_013512.log')}
2026-07-07 01:37:20,571 - watchfiles.main - DEBUG - 1 change detected: {(<Change.modified: 2>, '/workspace/app/backend/logs/app_20260707_013512.log')}
2026-07-07 01:37:20,922 - watchfiles.main - DEBUG - 1 change detected: {(<Change.modified: 2>, '/workspace/app/backend/logs/app_20260707_013512.log')}
2026-07-07 01:37:21,273 - watchfiles.main - DEBUG - 1 change detected: {(<Change.modified: 2>, '/workspace/app/backend/logs/app_20260707_013512.log')}
2026-07-07 01:37:21,624 - watchfiles.main - DEBUG - 1 change detected: {(<Change.modified: 2>, '/workspace/app/backend/logs/app_20260707_013512.log')}
2026-07-07 01:37:21,975 - watchfiles.main - DEBUG - 1 change detected: {(<Change.modified: 2>, '/workspace/app/backend/logs/app_20260707_013512.log')}
2026-07-07 01:37:22,325 - watchfiles.main - DEBUG - 1 change detected: {(<Change.modified: 2>, '/workspace/app/backend/logs/app_20260707_013512.log')}
2026-07-07 01:37:22,676 - watchfiles.main - DEBUG - 1 change detected: {(<Change.modified: 2>, '/workspace/app/backend/logs/app_20260707_013512.log')}
2026-07-07 01:37:23,027 - watchfiles.main - DEBUG - 1 change detected: {(<Change.modified: 2>, '/workspace/app/backend/logs/app_20260707_013512.log')}
2026-07-07 01:37:23,378 - watchfiles.main - DEBUG - 1 change detected: {(<Change.modified: 2>, '/workspace/app/backend/logs/app_20260707_013512.log')}
2026-07-07 01:37:23,729 - watchfiles.main - DEBUG - 1 change detected: {(<Change.modified: 2>, '/workspace/app/backend/logs/app_20260707_013512.log')}
2026-07-07 01:37:24,080 - watchfiles.main - DEBUG - 1 change detected: {(<Change.modified: 2>, '/workspace/app/backend/logs/app_20260707_013512.log')}
2026-07-07 01:37:24,431 - watchfiles.main - DEBUG - 1 change detected: {(<Change.modified: 2>, '/workspace/app/backend/logs/app_20260707_013512.log')}
2026-07-07 01:37:24,782 - watchfiles.main - DEBUG - 1 change detected: {(<Change.modified: 2>, '/workspace/app/backend/logs/app_20260707_013512.log')}
2026-07-07 01:37:25,133 - watchfiles.main - DEBUG - 1 change detected: {(<Change.modified: 2>, '/workspace/app/backend/logs/app_20260707_013512.log')}
2026-07-07 01:37:25,484 - watchfiles.main - DEBUG - 1 change detected: {(<Change.modified: 2>, '/workspace/app/backend/logs/app_20260707_013512.log')}
2026-07-07 01:37:25,835 - watchfiles.main - DEBUG - 1 change detected: {(<Change.modified: 2>, '/workspace/app/backend/logs/app_20260707_013512.log')}
2026-07-07 01:37:26,186 - watchfiles.main - DEBUG - 1 change detected: {(<Change.modified: 2>, '/workspace/app/backend/logs/app_20260707_013512.log')}
2026-07-07 01:37:26,537 - watchfiles.main - DEBUG - 1 change detected: {(<Change.modified: 2>, '/workspace/app/backend/logs/app_20260707_013512.log')}
2026-07-07 01:37:26,888 - watchfiles.main - DEBUG - 1 change detected: {(<Change.modified: 2>, '/workspace/app/backend/logs/app_20260707_013512.log')}
2026-07-07 01:37:27,239 - watchfiles.main - DEBUG - 1 change detected: {(<Change.modified: 2>, '/workspace/app/backend/logs/app_20260707_013512.log')}
2026-07-07 01:37:27,590 - watchfiles.main - DEBUG - 1 change detected: {(<Change.modified: 2>, '/workspace/app/backend/logs/app_20260707_013512.log')}
2026-07-07 01:37:27,941 - watchfiles.main - DEBUG - 1 change detected: {(<Change.modified: 2>, '/workspace/app/backend/logs/app_20260707_013512.log')}
2026-07-07 01:37:28,292 - watchfiles.main - DEBUG - 1 change detected: {(<Change.modified: 2>, '/workspace/app/backend/logs/app_20260707_013512.log')}
2026-07-07 01:37:28,643 - watchfiles.main - DEBUG - 1 change detected: {(<Change.modified: 2>, '/workspace/app/backend/logs/app_20260707_013512.log')}
2026-07-07 01:37:28,994 - watchfiles.main - DEBUG - 1 change detected: {(<Change.modified: 2>, '/workspace/app/backend/logs/app_20260707_013512.log')}
2026-07-07 01:37:29,345 - watchfiles.main - DEBUG - 1 change detected: {(<Change.modified: 2>, '/workspace/app/backend/logs/app_20260707_013512.log')}
2026-07-07 01:37:29,696 - watchfiles.main - DEBUG - 1 change detected: {(<Change.modified: 2>, '/workspace/app/backend/logs/app_20260707_013512.log')}
2026-07-07 01:37:30,047 - watchfiles.main - DEBUG - 1 change detected: {(<Change.modified: 2>, '/workspace/app/backend/logs/app_20260707_013512.log')}
2026-07-07 01:37:30,398 - watchfiles.main - DEBUG - 1 change detected: {(<Change.modified: 2>, '/workspace/app/backend/logs/app_20260707_013512.log')}
2026-07-07 01:37:30,749 - watchfiles.main - DEBUG - 1 change detected: {(<Change.modified: 2>, '/workspace/app/backend/logs/app_20260707_013512.log')}
2026-07-07 01:37:31,100 - watchfiles.main - DEBUG - 1 change detected: {(<Change.modified: 2>, '/workspace/app/backend/logs/app_20260707_013512.log')}
2026-07-07 01:37:31,451 - watchfiles.main - DEBUG - 1 change detected: {(<Change.modified: 2>, '/workspace/app/backend/logs/app_20260707_013512.log')}
2026-07-07 01:37:31,802 - watchfiles.main - DEBUG - 1 change detected: {(<Change.modified: 2>, '/workspace/app/backend/logs/app_20260707_013512.log')}
