2026-06-16 11:30:54,470 - main - INFO - === Logging system initialized ===
2026-06-16 11:30:54,470 - main - INFO - Log file: logs/app_20260616_113054.log
2026-06-16 11:30:54,470 - main - INFO - Log level: INFO
2026-06-16 11:30:54,470 - main - INFO - Timestamp: 20260616_113054
2026-06-16 11:30:55,255 - main - INFO - Included router: routers.aihub.router
2026-06-16 11:30:55,276 - main - INFO - Included router: routers.analysis.router
2026-06-16 11:30:55,289 - main - INFO - Included router: routers.auth.router
2026-06-16 11:30:55,300 - main - INFO - Included router: routers.custom_auth.router
2026-06-16 11:30:55,348 - main - INFO - Included router: routers.doctor_patients.router
2026-06-16 11:30:55,350 - main - INFO - Included router: routers.health.router
2026-06-16 11:30:55,404 - main - INFO - Included router: routers.invite.router
2026-06-16 11:30:55,416 - main - INFO - Included router: routers.reports.router
2026-06-16 11:30:55,435 - main - INFO - Included router: routers.settings.router
2026-06-16 11:30:55,473 - main - INFO - Included router: routers.storage.router
2026-06-16 11:30:55,483 - main - INFO - Included router: routers.user.router
2026-06-16 11:30:55,535 - main - INFO - Included router: routers.users_profiles.router
2026-06-16 11:30:55,537 - main - INFO - === Application startup initiated ===
2026-06-16 11:30:55,537 - services.database - INFO - Ignore creating tables
2026-06-16 11:30:55,537 - services.mock_data - INFO - Ignore initialize data
2026-06-16 11:30:55,537 - services.auth - INFO - Ignore initialize admin
2026-06-16 11:30:55,537 - main - INFO - === Application startup completed successfully ===
2026-06-16 11:33:06,242 - services.database - DEBUG - [DB_OP] Starting database close
2026-06-16 11:33:06,242 - services.database - INFO - Database connections closed
2026-06-16 11:33:06,242 - services.database - DEBUG - [DB_OP] Database close completed in 0.0006s
