2026-07-07 01:36:04,345 - main - INFO - === Logging system initialized ===
2026-07-07 01:36:04,346 - main - INFO - Log file: logs/app_20260707_013604.log
2026-07-07 01:36:04,346 - main - INFO - Log level: INFO
2026-07-07 01:36:04,346 - main - INFO - Timestamp: 20260707_013604
2026-07-07 01:36:05,695 - main - INFO - Included router: routers.aihub.router
2026-07-07 01:36:05,735 - main - INFO - Included router: routers.analysis.router
2026-07-07 01:36:05,749 - main - INFO - Included router: routers.auth.router
2026-07-07 01:36:05,766 - main - INFO - Included router: routers.custom_auth.router
2026-07-07 01:36:05,815 - main - INFO - Included router: routers.doctor_patients.router
2026-07-07 01:36:05,817 - main - INFO - Included router: routers.health.router
2026-07-07 01:36:05,881 - main - INFO - Included router: routers.invite.router
2026-07-07 01:36:05,895 - main - INFO - Included router: routers.reports.router
2026-07-07 01:36:05,917 - main - INFO - Included router: routers.settings.router
2026-07-07 01:36:05,960 - main - INFO - Included router: routers.storage.router
2026-07-07 01:36:05,970 - main - INFO - Included router: routers.user.router
2026-07-07 01:36:06,018 - main - INFO - Included router: routers.users_profiles.router
2026-07-07 01:36:06,019 - main - INFO - === Application startup initiated ===
2026-07-07 01:36:06,019 - services.database - INFO - Ignore creating tables
2026-07-07 01:36:06,020 - services.mock_data - INFO - Ignore initialize data
2026-07-07 01:36:06,020 - services.auth - INFO - Ignore initialize admin
2026-07-07 01:36:06,020 - main - INFO - === Application startup completed successfully ===
2026-07-07 01:37:32,042 - services.database - DEBUG - [DB_OP] Starting database close
2026-07-07 01:37:32,043 - services.database - INFO - Database connections closed
2026-07-07 01:37:32,043 - services.database - DEBUG - [DB_OP] Database close completed in 0.0009s
