2026-07-07 01:57:49,331 - main - INFO - === Logging system initialized ===
2026-07-07 01:57:49,331 - main - INFO - Log file: logs/app_20260707_015749.log
2026-07-07 01:57:49,331 - main - INFO - Log level: INFO
2026-07-07 01:57:49,331 - main - INFO - Timestamp: 20260707_015749
2026-07-07 01:57:50,205 - main - INFO - Included router: routers.aihub.router
2026-07-07 01:57:50,233 - main - INFO - Included router: routers.analysis.router
2026-07-07 01:57:50,248 - main - INFO - Included router: routers.auth.router
2026-07-07 01:57:50,262 - main - INFO - Included router: routers.custom_auth.router
2026-07-07 01:57:50,307 - main - INFO - Included router: routers.doctor_patients.router
2026-07-07 01:57:50,308 - main - INFO - Included router: routers.health.router
2026-07-07 01:57:50,363 - main - INFO - Included router: routers.invite.router
2026-07-07 01:57:50,380 - main - INFO - Included router: routers.reports.router
2026-07-07 01:57:50,401 - main - INFO - Included router: routers.settings.router
2026-07-07 01:57:50,436 - main - INFO - Included router: routers.storage.router
2026-07-07 01:57:50,445 - main - INFO - Included router: routers.user.router
2026-07-07 01:57:50,497 - main - INFO - Included router: routers.users_profiles.router
2026-07-07 01:57:50,498 - main - INFO - === Application startup initiated ===
2026-07-07 01:57:50,498 - services.database - INFO - Ignore creating tables
2026-07-07 01:57:50,498 - services.mock_data - INFO - Ignore initialize data
2026-07-07 01:57:50,498 - services.auth - INFO - Ignore initialize admin
2026-07-07 01:57:50,499 - main - INFO - === Application startup completed successfully ===
2026-07-07 02:10:16,655 - services.database - DEBUG - [DB_OP] Starting database close
2026-07-07 02:10:16,655 - services.database - INFO - Database connections closed
2026-07-07 02:10:16,655 - services.database - DEBUG - [DB_OP] Database close completed in 0.0004s
