2026-06-18 09:13:39,344 - main - INFO - === Logging system initialized ===
2026-06-18 09:13:39,344 - main - INFO - Log file: logs/app_20260618_091339.log
2026-06-18 09:13:39,344 - main - INFO - Log level: INFO
2026-06-18 09:13:39,345 - main - INFO - Timestamp: 20260618_091339
2026-06-18 09:13:40,137 - main - INFO - Included router: routers.aihub.router
2026-06-18 09:13:40,160 - main - INFO - Included router: routers.analysis.router
2026-06-18 09:13:40,175 - main - INFO - Included router: routers.auth.router
2026-06-18 09:13:40,190 - main - INFO - Included router: routers.custom_auth.router
2026-06-18 09:13:40,233 - main - INFO - Included router: routers.doctor_patients.router
2026-06-18 09:13:40,235 - main - INFO - Included router: routers.health.router
2026-06-18 09:13:40,286 - main - INFO - Included router: routers.invite.router
2026-06-18 09:13:40,299 - main - INFO - Included router: routers.reports.router
2026-06-18 09:13:40,319 - main - INFO - Included router: routers.settings.router
2026-06-18 09:13:40,354 - main - INFO - Included router: routers.storage.router
2026-06-18 09:13:40,362 - main - INFO - Included router: routers.user.router
2026-06-18 09:13:40,403 - main - INFO - Included router: routers.users_profiles.router
2026-06-18 09:13:40,405 - main - INFO - === Application startup initiated ===
2026-06-18 09:13:40,405 - services.database - INFO - Ignore creating tables
2026-06-18 09:13:40,405 - services.mock_data - INFO - Ignore initialize data
2026-06-18 09:13:40,405 - services.auth - INFO - Ignore initialize admin
2026-06-18 09:13:40,405 - main - INFO - === Application startup completed successfully ===
2026-06-18 09:18:18,977 - services.database - DEBUG - [DB_OP] Starting database close
2026-06-18 09:18:18,978 - services.database - INFO - Database connections closed
2026-06-18 09:18:18,978 - services.database - DEBUG - [DB_OP] Database close completed in 0.0003s
