2026-06-19 06:08:46,905 - main - INFO - === Logging system initialized ===
2026-06-19 06:08:46,906 - main - INFO - Log file: logs/app_20260619_060846.log
2026-06-19 06:08:46,906 - main - INFO - Log level: INFO
2026-06-19 06:08:46,906 - main - INFO - Timestamp: 20260619_060846
2026-06-19 06:08:47,697 - main - INFO - Included router: routers.aihub.router
2026-06-19 06:08:47,719 - main - INFO - Included router: routers.analysis.router
2026-06-19 06:08:47,733 - main - INFO - Included router: routers.auth.router
2026-06-19 06:08:47,748 - main - INFO - Included router: routers.custom_auth.router
2026-06-19 06:08:47,795 - main - INFO - Included router: routers.doctor_patients.router
2026-06-19 06:08:47,796 - main - INFO - Included router: routers.health.router
2026-06-19 06:08:47,856 - main - INFO - Included router: routers.invite.router
2026-06-19 06:08:47,868 - main - INFO - Included router: routers.reports.router
2026-06-19 06:08:47,887 - main - INFO - Included router: routers.settings.router
2026-06-19 06:08:47,919 - main - INFO - Included router: routers.storage.router
2026-06-19 06:08:47,929 - main - INFO - Included router: routers.user.router
2026-06-19 06:08:47,973 - main - INFO - Included router: routers.users_profiles.router
2026-06-19 06:08:47,975 - main - INFO - === Application startup initiated ===
2026-06-19 06:08:47,975 - services.database - INFO - Ignore creating tables
2026-06-19 06:08:47,975 - services.mock_data - INFO - Ignore initialize data
2026-06-19 06:08:47,975 - services.auth - INFO - Ignore initialize admin
2026-06-19 06:08:47,975 - main - INFO - === Application startup completed successfully ===
2026-06-19 06:18:33,408 - services.database - DEBUG - [DB_OP] Starting database close
2026-06-19 06:18:33,409 - services.database - INFO - Database connections closed
2026-06-19 06:18:33,409 - services.database - DEBUG - [DB_OP] Database close completed in 0.0004s
