2026-06-29 11:07:08,869 - main - INFO - === Logging system initialized ===
2026-06-29 11:07:08,869 - main - INFO - Log file: logs/app_20260629_110708.log
2026-06-29 11:07:08,869 - main - INFO - Log level: INFO
2026-06-29 11:07:08,870 - main - INFO - Timestamp: 20260629_110708
2026-06-29 11:07:09,741 - main - INFO - Included router: routers.aihub.router
2026-06-29 11:07:09,763 - main - INFO - Included router: routers.analysis.router
2026-06-29 11:07:09,776 - main - INFO - Included router: routers.auth.router
2026-06-29 11:07:09,791 - main - INFO - Included router: routers.custom_auth.router
2026-06-29 11:07:09,843 - main - INFO - Included router: routers.doctor_patients.router
2026-06-29 11:07:09,846 - main - INFO - Included router: routers.health.router
2026-06-29 11:07:09,907 - main - INFO - Included router: routers.invite.router
2026-06-29 11:07:09,920 - main - INFO - Included router: routers.reports.router
2026-06-29 11:07:09,939 - main - INFO - Included router: routers.settings.router
2026-06-29 11:07:09,974 - main - INFO - Included router: routers.storage.router
2026-06-29 11:07:09,984 - main - INFO - Included router: routers.user.router
2026-06-29 11:07:10,036 - main - INFO - Included router: routers.users_profiles.router
2026-06-29 11:07:10,037 - main - INFO - === Application startup initiated ===
2026-06-29 11:07:10,038 - services.database - INFO - Ignore creating tables
2026-06-29 11:07:10,038 - services.mock_data - INFO - Ignore initialize data
2026-06-29 11:07:10,038 - services.auth - INFO - Ignore initialize admin
2026-06-29 11:07:10,038 - main - INFO - === Application startup completed successfully ===
2026-06-29 11:15:20,459 - services.database - DEBUG - [DB_OP] Starting database close
2026-06-29 11:15:20,459 - services.database - INFO - Database connections closed
2026-06-29 11:15:20,460 - services.database - DEBUG - [DB_OP] Database close completed in 0.0004s
