2026-06-15 03:17:23,890 - main - INFO - === Logging system initialized ===
2026-06-15 03:17:23,890 - main - INFO - Log file: logs/app_20260615_031723.log
2026-06-15 03:17:23,890 - main - INFO - Log level: INFO
2026-06-15 03:17:23,890 - main - INFO - Timestamp: 20260615_031723
2026-06-15 03:17:24,677 - main - INFO - Included router: routers.aihub.router
2026-06-15 03:17:24,697 - main - INFO - Included router: routers.analysis.router
2026-06-15 03:17:24,712 - main - INFO - Included router: routers.auth.router
2026-06-15 03:17:24,725 - main - INFO - Included router: routers.custom_auth.router
2026-06-15 03:17:24,768 - main - INFO - Included router: routers.doctor_patients.router
2026-06-15 03:17:24,769 - main - INFO - Included router: routers.health.router
2026-06-15 03:17:24,821 - main - INFO - Included router: routers.invite.router
2026-06-15 03:17:24,831 - main - INFO - Included router: routers.reports.router
2026-06-15 03:17:24,849 - main - INFO - Included router: routers.settings.router
2026-06-15 03:17:24,884 - main - INFO - Included router: routers.storage.router
2026-06-15 03:17:24,891 - main - INFO - Included router: routers.user.router
2026-06-15 03:17:24,935 - main - INFO - Included router: routers.users_profiles.router
2026-06-15 03:17:24,936 - main - INFO - === Application startup initiated ===
2026-06-15 03:17:24,937 - services.database - INFO - Ignore creating tables
2026-06-15 03:17:24,937 - services.mock_data - INFO - Ignore initialize data
2026-06-15 03:17:24,937 - services.auth - INFO - Ignore initialize admin
2026-06-15 03:17:24,937 - main - INFO - === Application startup completed successfully ===
2026-06-15 03:21:07,179 - services.database - DEBUG - [DB_OP] Starting database close
2026-06-15 03:21:07,180 - services.database - INFO - Database connections closed
2026-06-15 03:21:07,180 - services.database - DEBUG - [DB_OP] Database close completed in 0.0008s
