2026-06-19 03:54:42,627 - main - INFO - === Logging system initialized ===
2026-06-19 03:54:42,627 - main - INFO - Log file: logs/app_20260619_035442.log
2026-06-19 03:54:42,627 - main - INFO - Log level: INFO
2026-06-19 03:54:42,627 - main - INFO - Timestamp: 20260619_035442
2026-06-19 03:54:43,354 - main - INFO - Included router: routers.aihub.router
2026-06-19 03:54:43,376 - main - INFO - Included router: routers.analysis.router
2026-06-19 03:54:43,387 - main - INFO - Included router: routers.auth.router
2026-06-19 03:54:43,400 - main - INFO - Included router: routers.custom_auth.router
2026-06-19 03:54:43,448 - main - INFO - Included router: routers.doctor_patients.router
2026-06-19 03:54:43,450 - main - INFO - Included router: routers.health.router
2026-06-19 03:54:43,504 - main - INFO - Included router: routers.invite.router
2026-06-19 03:54:43,518 - main - INFO - Included router: routers.reports.router
2026-06-19 03:54:43,538 - main - INFO - Included router: routers.settings.router
2026-06-19 03:54:43,572 - main - INFO - Included router: routers.storage.router
2026-06-19 03:54:43,579 - main - INFO - Included router: routers.user.router
2026-06-19 03:54:43,622 - main - INFO - Included router: routers.users_profiles.router
2026-06-19 03:54:43,623 - main - INFO - === Application startup initiated ===
2026-06-19 03:54:43,623 - services.database - INFO - Ignore creating tables
2026-06-19 03:54:43,623 - services.mock_data - INFO - Ignore initialize data
2026-06-19 03:54:43,623 - services.auth - INFO - Ignore initialize admin
2026-06-19 03:54:43,623 - main - INFO - === Application startup completed successfully ===
2026-06-19 04:10:58,164 - services.database - DEBUG - [DB_OP] Starting database close
2026-06-19 04:10:58,164 - services.database - INFO - Database connections closed
2026-06-19 04:10:58,164 - services.database - DEBUG - [DB_OP] Database close completed in 0.0004s
