2026-06-22 05:36:38,344 - main - INFO - === Logging system initialized ===
2026-06-22 05:36:38,345 - main - INFO - Log file: logs/app_20260622_053638.log
2026-06-22 05:36:38,345 - main - INFO - Log level: INFO
2026-06-22 05:36:38,345 - main - INFO - Timestamp: 20260622_053638
2026-06-22 05:36:39,327 - main - INFO - Included router: routers.aihub.router
2026-06-22 05:36:39,348 - main - INFO - Included router: routers.analysis.router
2026-06-22 05:36:39,362 - main - INFO - Included router: routers.auth.router
2026-06-22 05:36:39,374 - main - INFO - Included router: routers.custom_auth.router
2026-06-22 05:36:39,421 - main - INFO - Included router: routers.doctor_patients.router
2026-06-22 05:36:39,422 - main - INFO - Included router: routers.health.router
2026-06-22 05:36:39,478 - main - INFO - Included router: routers.invite.router
2026-06-22 05:36:39,489 - main - INFO - Included router: routers.reports.router
2026-06-22 05:36:39,507 - main - INFO - Included router: routers.settings.router
2026-06-22 05:36:39,539 - main - INFO - Included router: routers.storage.router
2026-06-22 05:36:39,548 - main - INFO - Included router: routers.user.router
2026-06-22 05:36:39,591 - main - INFO - Included router: routers.users_profiles.router
2026-06-22 05:36:39,592 - main - INFO - === Application startup initiated ===
2026-06-22 05:36:39,593 - services.database - INFO - Ignore creating tables
2026-06-22 05:36:39,593 - services.mock_data - INFO - Ignore initialize data
2026-06-22 05:36:39,593 - services.auth - INFO - Ignore initialize admin
2026-06-22 05:36:39,593 - main - INFO - === Application startup completed successfully ===
2026-06-22 05:52:57,356 - services.database - DEBUG - [DB_OP] Starting database close
2026-06-22 05:52:57,357 - services.database - INFO - Database connections closed
2026-06-22 05:52:57,357 - services.database - DEBUG - [DB_OP] Database close completed in 0.0004s
