2026-06-27 11:08:20,107 - main - INFO - === Logging system initialized ===
2026-06-27 11:08:20,107 - main - INFO - Log file: logs/app_20260627_110820.log
2026-06-27 11:08:20,107 - main - INFO - Log level: INFO
2026-06-27 11:08:20,107 - main - INFO - Timestamp: 20260627_110820
2026-06-27 11:08:20,872 - main - INFO - Included router: routers.aihub.router
2026-06-27 11:08:20,892 - main - INFO - Included router: routers.analysis.router
2026-06-27 11:08:20,904 - main - INFO - Included router: routers.auth.router
2026-06-27 11:08:20,921 - main - INFO - Included router: routers.custom_auth.router
2026-06-27 11:08:20,975 - main - INFO - Included router: routers.doctor_patients.router
2026-06-27 11:08:20,978 - main - INFO - Included router: routers.health.router
2026-06-27 11:08:21,050 - main - INFO - Included router: routers.invite.router
2026-06-27 11:08:21,067 - main - INFO - Included router: routers.reports.router
2026-06-27 11:08:21,088 - main - INFO - Included router: routers.settings.router
2026-06-27 11:08:21,132 - main - INFO - Included router: routers.storage.router
2026-06-27 11:08:21,141 - main - INFO - Included router: routers.user.router
2026-06-27 11:08:21,191 - main - INFO - Included router: routers.users_profiles.router
2026-06-27 11:08:21,192 - main - INFO - === Application startup initiated ===
2026-06-27 11:08:21,192 - services.database - INFO - Ignore creating tables
2026-06-27 11:08:21,193 - services.mock_data - INFO - Ignore initialize data
2026-06-27 11:08:21,193 - services.auth - INFO - Ignore initialize admin
2026-06-27 11:08:21,193 - main - INFO - === Application startup completed successfully ===
2026-06-27 11:17:26,429 - services.database - DEBUG - [DB_OP] Starting database close
2026-06-27 11:17:26,430 - services.database - INFO - Database connections closed
2026-06-27 11:17:26,430 - services.database - DEBUG - [DB_OP] Database close completed in 0.0007s
