2026-06-19 06:05:54,094 - main - INFO - === Logging system initialized ===
2026-06-19 06:05:54,094 - main - INFO - Log file: logs/app_20260619_060554.log
2026-06-19 06:05:54,094 - main - INFO - Log level: INFO
2026-06-19 06:05:54,094 - main - INFO - Timestamp: 20260619_060554
2026-06-19 06:05:54,823 - main - INFO - Included router: routers.aihub.router
2026-06-19 06:05:54,854 - main - INFO - Included router: routers.analysis.router
2026-06-19 06:05:54,867 - main - INFO - Included router: routers.auth.router
2026-06-19 06:05:54,880 - main - INFO - Included router: routers.custom_auth.router
2026-06-19 06:05:54,924 - main - INFO - Included router: routers.doctor_patients.router
2026-06-19 06:05:54,926 - main - INFO - Included router: routers.health.router
2026-06-19 06:05:54,986 - main - INFO - Included router: routers.invite.router
2026-06-19 06:05:54,999 - main - INFO - Included router: routers.reports.router
2026-06-19 06:05:55,019 - main - INFO - Included router: routers.settings.router
2026-06-19 06:05:55,085 - main - INFO - Included router: routers.storage.router
2026-06-19 06:05:55,093 - main - INFO - Included router: routers.user.router
2026-06-19 06:05:55,136 - main - INFO - Included router: routers.users_profiles.router
2026-06-19 06:05:55,137 - main - INFO - === Application startup initiated ===
2026-06-19 06:05:55,138 - services.database - INFO - Ignore creating tables
2026-06-19 06:05:55,138 - services.mock_data - INFO - Ignore initialize data
2026-06-19 06:05:55,138 - services.auth - INFO - Ignore initialize admin
2026-06-19 06:05:55,138 - main - INFO - === Application startup completed successfully ===
2026-06-19 06:05:58,548 - services.database - DEBUG - [DB_OP] Starting database close
2026-06-19 06:05:58,548 - services.database - INFO - Database connections closed
2026-06-19 06:05:58,548 - services.database - DEBUG - [DB_OP] Database close completed in 0.0004s
