2026-06-11 02:52:11,126 - main - INFO - === Logging system initialized ===
2026-06-11 02:52:11,127 - main - INFO - Log file: logs/app_20260611_025211.log
2026-06-11 02:52:11,127 - main - INFO - Log level: INFO
2026-06-11 02:52:11,127 - main - INFO - Timestamp: 20260611_025211
2026-06-11 02:52:11,883 - main - INFO - Included router: routers.aihub.router
2026-06-11 02:52:11,900 - main - INFO - Included router: routers.analysis.router
2026-06-11 02:52:11,923 - main - INFO - Included router: routers.auth.router
2026-06-11 02:52:11,924 - main - INFO - Included router: routers.health.router
2026-06-11 02:52:11,938 - main - INFO - Included router: routers.reports.router
2026-06-11 02:52:11,960 - main - INFO - Included router: routers.settings.router
2026-06-11 02:52:12,000 - main - INFO - Included router: routers.storage.router
2026-06-11 02:52:12,043 - main - INFO - Included router: routers.user.router
2026-06-11 02:52:12,044 - main - INFO - === Application startup initiated ===
2026-06-11 02:52:12,044 - services.database - INFO - Ignore creating tables
2026-06-11 02:52:12,045 - services.mock_data - INFO - Ignore initialize data
2026-06-11 02:52:12,045 - services.auth - INFO - Ignore initialize admin
2026-06-11 02:52:12,045 - main - INFO - === Application startup completed successfully ===
2026-06-11 03:01:56,119 - services.database - DEBUG - [DB_OP] Starting database close
2026-06-11 03:01:56,119 - services.database - INFO - Database connections closed
2026-06-11 03:01:56,119 - services.database - DEBUG - [DB_OP] Database close completed in 0.0006s
