2026-06-21 22:45:23,425 - main - INFO - === Logging system initialized ===
2026-06-21 22:45:23,425 - main - INFO - Log file: logs/app_20260621_224523.log
2026-06-21 22:45:23,425 - main - INFO - Log level: INFO
2026-06-21 22:45:23,425 - main - INFO - Timestamp: 20260621_224523
2026-06-21 22:45:24,299 - main - INFO - Included router: routers.aihub.router
2026-06-21 22:45:24,325 - main - INFO - Included router: routers.analysis.router
2026-06-21 22:45:24,341 - main - INFO - Included router: routers.auth.router
2026-06-21 22:45:24,356 - main - INFO - Included router: routers.custom_auth.router
2026-06-21 22:45:24,409 - main - INFO - Included router: routers.doctor_patients.router
2026-06-21 22:45:24,411 - main - INFO - Included router: routers.health.router
2026-06-21 22:45:24,474 - main - INFO - Included router: routers.invite.router
2026-06-21 22:45:24,487 - main - INFO - Included router: routers.reports.router
2026-06-21 22:45:24,512 - main - INFO - Included router: routers.settings.router
2026-06-21 22:45:24,550 - main - INFO - Included router: routers.storage.router
2026-06-21 22:45:24,563 - main - INFO - Included router: routers.user.router
2026-06-21 22:45:24,612 - main - INFO - Included router: routers.users_profiles.router
2026-06-21 22:45:24,614 - main - INFO - === Application startup initiated ===
2026-06-21 22:45:24,614 - services.database - INFO - Ignore creating tables
2026-06-21 22:45:24,614 - services.mock_data - INFO - Ignore initialize data
2026-06-21 22:45:24,614 - services.auth - INFO - Ignore initialize admin
2026-06-21 22:45:24,614 - main - INFO - === Application startup completed successfully ===
2026-06-21 22:58:54,393 - services.database - DEBUG - [DB_OP] Starting database close
2026-06-21 22:58:54,394 - services.database - INFO - Database connections closed
2026-06-21 22:58:54,394 - services.database - DEBUG - [DB_OP] Database close completed in 0.0007s
