2026-06-13 10:17:32,107 - main - INFO - === Logging system initialized ===
2026-06-13 10:17:32,107 - main - INFO - Log file: logs/app_20260613_101732.log
2026-06-13 10:17:32,107 - main - INFO - Log level: INFO
2026-06-13 10:17:32,107 - main - INFO - Timestamp: 20260613_101732
2026-06-13 10:17:32,827 - main - INFO - Included router: routers.aihub.router
2026-06-13 10:17:32,848 - main - INFO - Included router: routers.analysis.router
2026-06-13 10:17:32,862 - main - INFO - Included router: routers.auth.router
2026-06-13 10:17:32,875 - main - INFO - Included router: routers.custom_auth.router
2026-06-13 10:17:32,920 - main - INFO - Included router: routers.doctor_patients.router
2026-06-13 10:17:32,922 - main - INFO - Included router: routers.health.router
2026-06-13 10:17:32,984 - main - INFO - Included router: routers.invite.router
2026-06-13 10:17:32,998 - main - INFO - Included router: routers.reports.router
2026-06-13 10:17:33,020 - main - INFO - Included router: routers.settings.router
2026-06-13 10:17:33,080 - main - INFO - Included router: routers.storage.router
2026-06-13 10:17:33,088 - main - INFO - Included router: routers.user.router
2026-06-13 10:17:33,140 - main - INFO - Included router: routers.users_profiles.router
2026-06-13 10:17:33,142 - main - INFO - === Application startup initiated ===
2026-06-13 10:17:33,142 - services.database - INFO - Ignore creating tables
2026-06-13 10:17:33,142 - services.mock_data - INFO - Ignore initialize data
2026-06-13 10:17:33,142 - services.auth - INFO - Ignore initialize admin
2026-06-13 10:17:33,142 - main - INFO - === Application startup completed successfully ===
2026-06-13 10:31:05,886 - services.database - DEBUG - [DB_OP] Starting database close
2026-06-13 10:31:05,886 - services.database - INFO - Database connections closed
2026-06-13 10:31:05,886 - services.database - DEBUG - [DB_OP] Database close completed in 0.0007s
