2026-06-19 04:11:10,580 - main - INFO - === Logging system initialized ===
2026-06-19 04:11:10,580 - main - INFO - Log file: logs/app_20260619_041110.log
2026-06-19 04:11:10,580 - main - INFO - Log level: INFO
2026-06-19 04:11:10,580 - main - INFO - Timestamp: 20260619_041110
2026-06-19 04:11:11,454 - main - INFO - Included router: routers.aihub.router
2026-06-19 04:11:11,473 - main - INFO - Included router: routers.analysis.router
2026-06-19 04:11:11,487 - main - INFO - Included router: routers.auth.router
2026-06-19 04:11:11,500 - main - INFO - Included router: routers.custom_auth.router
2026-06-19 04:11:11,546 - main - INFO - Included router: routers.doctor_patients.router
2026-06-19 04:11:11,548 - main - INFO - Included router: routers.health.router
2026-06-19 04:11:11,607 - main - INFO - Included router: routers.invite.router
2026-06-19 04:11:11,621 - main - INFO - Included router: routers.reports.router
2026-06-19 04:11:11,641 - main - INFO - Included router: routers.settings.router
2026-06-19 04:11:11,677 - main - INFO - Included router: routers.storage.router
2026-06-19 04:11:11,687 - main - INFO - Included router: routers.user.router
2026-06-19 04:11:11,733 - main - INFO - Included router: routers.users_profiles.router
2026-06-19 04:11:13,052 - watchfiles.main - DEBUG - 1 change detected: {(<Change.added: 1>, '/workspace/app/backend/logs/app_20260619_041112.log')}
2026-06-19 04:11:13,403 - watchfiles.main - DEBUG - 1 change detected: {(<Change.modified: 2>, '/workspace/app/backend/logs/app_20260619_041110.log')}
2026-06-19 04:11:13,754 - watchfiles.main - DEBUG - 1 change detected: {(<Change.modified: 2>, '/workspace/app/backend/logs/app_20260619_041110.log')}
2026-06-19 04:11:14,104 - watchfiles.main - DEBUG - 2 changes detected: {(<Change.modified: 2>, '/workspace/app/backend/logs/app_20260619_041110.log'), (<Change.modified: 2>, '/workspace/app/backend/logs/app_20260619_041112.log')}
2026-06-19 04:11:14,455 - watchfiles.main - DEBUG - 1 change detected: {(<Change.modified: 2>, '/workspace/app/backend/logs/app_20260619_041110.log')}
2026-06-19 04:11:14,806 - watchfiles.main - DEBUG - 1 change detected: {(<Change.modified: 2>, '/workspace/app/backend/logs/app_20260619_041110.log')}
2026-06-19 04:11:15,158 - watchfiles.main - DEBUG - 1 change detected: {(<Change.modified: 2>, '/workspace/app/backend/logs/app_20260619_041110.log')}
2026-06-19 04:11:15,509 - watchfiles.main - DEBUG - 1 change detected: {(<Change.modified: 2>, '/workspace/app/backend/logs/app_20260619_041110.log')}
2026-06-19 04:11:15,859 - watchfiles.main - DEBUG - 1 change detected: {(<Change.modified: 2>, '/workspace/app/backend/logs/app_20260619_041110.log')}
2026-06-19 04:11:16,210 - watchfiles.main - DEBUG - 1 change detected: {(<Change.modified: 2>, '/workspace/app/backend/logs/app_20260619_041110.log')}
2026-06-19 04:11:16,562 - watchfiles.main - DEBUG - 1 change detected: {(<Change.modified: 2>, '/workspace/app/backend/logs/app_20260619_041110.log')}
2026-06-19 04:11:16,912 - watchfiles.main - DEBUG - 1 change detected: {(<Change.modified: 2>, '/workspace/app/backend/logs/app_20260619_041110.log')}
2026-06-19 04:11:17,263 - watchfiles.main - DEBUG - 1 change detected: {(<Change.modified: 2>, '/workspace/app/backend/logs/app_20260619_041110.log')}
2026-06-19 04:11:17,614 - watchfiles.main - DEBUG - 1 change detected: {(<Change.modified: 2>, '/workspace/app/backend/logs/app_20260619_041110.log')}
2026-06-19 04:11:17,965 - watchfiles.main - DEBUG - 1 change detected: {(<Change.modified: 2>, '/workspace/app/backend/logs/app_20260619_041110.log')}
2026-06-19 04:11:18,316 - watchfiles.main - DEBUG - 1 change detected: {(<Change.modified: 2>, '/workspace/app/backend/logs/app_20260619_041110.log')}
2026-06-19 04:11:18,667 - watchfiles.main - DEBUG - 1 change detected: {(<Change.modified: 2>, '/workspace/app/backend/logs/app_20260619_041110.log')}
2026-06-19 04:11:19,018 - watchfiles.main - DEBUG - 1 change detected: {(<Change.modified: 2>, '/workspace/app/backend/logs/app_20260619_041110.log')}
2026-06-19 04:11:19,369 - watchfiles.main - DEBUG - 1 change detected: {(<Change.modified: 2>, '/workspace/app/backend/logs/app_20260619_041110.log')}
2026-06-19 04:11:19,720 - watchfiles.main - DEBUG - 1 change detected: {(<Change.modified: 2>, '/workspace/app/backend/logs/app_20260619_041110.log')}
2026-06-19 04:11:20,071 - watchfiles.main - DEBUG - 1 change detected: {(<Change.modified: 2>, '/workspace/app/backend/logs/app_20260619_041110.log')}
2026-06-19 04:11:20,422 - watchfiles.main - DEBUG - 1 change detected: {(<Change.modified: 2>, '/workspace/app/backend/logs/app_20260619_041110.log')}
2026-06-19 04:11:20,773 - watchfiles.main - DEBUG - 1 change detected: {(<Change.modified: 2>, '/workspace/app/backend/logs/app_20260619_041110.log')}
2026-06-19 04:11:21,124 - watchfiles.main - DEBUG - 1 change detected: {(<Change.modified: 2>, '/workspace/app/backend/logs/app_20260619_041110.log')}
2026-06-19 04:11:21,475 - watchfiles.main - DEBUG - 1 change detected: {(<Change.modified: 2>, '/workspace/app/backend/logs/app_20260619_041110.log')}
2026-06-19 04:11:21,826 - watchfiles.main - DEBUG - 1 change detected: {(<Change.modified: 2>, '/workspace/app/backend/logs/app_20260619_041110.log')}
2026-06-19 04:11:22,177 - watchfiles.main - DEBUG - 1 change detected: {(<Change.modified: 2>, '/workspace/app/backend/logs/app_20260619_041110.log')}
2026-06-19 04:11:22,527 - watchfiles.main - DEBUG - 1 change detected: {(<Change.modified: 2>, '/workspace/app/backend/logs/app_20260619_041110.log')}
2026-06-19 04:11:22,878 - watchfiles.main - DEBUG - 1 change detected: {(<Change.modified: 2>, '/workspace/app/backend/logs/app_20260619_041110.log')}
2026-06-19 04:11:23,230 - watchfiles.main - DEBUG - 1 change detected: {(<Change.modified: 2>, '/workspace/app/backend/logs/app_20260619_041110.log')}
2026-06-19 04:11:23,580 - watchfiles.main - DEBUG - 1 change detected: {(<Change.modified: 2>, '/workspace/app/backend/logs/app_20260619_041110.log')}
2026-06-19 04:11:23,931 - watchfiles.main - DEBUG - 1 change detected: {(<Change.modified: 2>, '/workspace/app/backend/logs/app_20260619_041110.log')}
2026-06-19 04:11:24,282 - watchfiles.main - DEBUG - 1 change detected: {(<Change.modified: 2>, '/workspace/app/backend/logs/app_20260619_041110.log')}
2026-06-19 04:11:24,633 - watchfiles.main - DEBUG - 1 change detected: {(<Change.modified: 2>, '/workspace/app/backend/logs/app_20260619_041110.log')}
2026-06-19 04:11:24,984 - watchfiles.main - DEBUG - 1 change detected: {(<Change.modified: 2>, '/workspace/app/backend/logs/app_20260619_041110.log')}
2026-06-19 04:11:25,335 - watchfiles.main - DEBUG - 1 change detected: {(<Change.modified: 2>, '/workspace/app/backend/logs/app_20260619_041110.log')}
2026-06-19 04:11:25,686 - watchfiles.main - DEBUG - 1 change detected: {(<Change.modified: 2>, '/workspace/app/backend/logs/app_20260619_041110.log')}
2026-06-19 04:11:26,037 - watchfiles.main - DEBUG - 1 change detected: {(<Change.modified: 2>, '/workspace/app/backend/logs/app_20260619_041110.log')}
2026-06-19 04:11:26,388 - watchfiles.main - DEBUG - 1 change detected: {(<Change.modified: 2>, '/workspace/app/backend/logs/app_20260619_041110.log')}
2026-06-19 04:11:26,739 - watchfiles.main - DEBUG - 1 change detected: {(<Change.modified: 2>, '/workspace/app/backend/logs/app_20260619_041110.log')}
2026-06-19 04:11:27,090 - watchfiles.main - DEBUG - 1 change detected: {(<Change.modified: 2>, '/workspace/app/backend/logs/app_20260619_041110.log')}
2026-06-19 04:11:27,441 - watchfiles.main - DEBUG - 1 change detected: {(<Change.modified: 2>, '/workspace/app/backend/logs/app_20260619_041110.log')}
2026-06-19 04:11:27,792 - watchfiles.main - DEBUG - 1 change detected: {(<Change.modified: 2>, '/workspace/app/backend/logs/app_20260619_041110.log')}
2026-06-19 04:11:28,143 - watchfiles.main - DEBUG - 1 change detected: {(<Change.modified: 2>, '/workspace/app/backend/logs/app_20260619_041110.log')}
2026-06-19 04:11:28,494 - watchfiles.main - DEBUG - 1 change detected: {(<Change.modified: 2>, '/workspace/app/backend/logs/app_20260619_041110.log')}
2026-06-19 04:11:28,845 - watchfiles.main - DEBUG - 1 change detected: {(<Change.modified: 2>, '/workspace/app/backend/logs/app_20260619_041110.log')}
2026-06-19 04:11:29,196 - watchfiles.main - DEBUG - 1 change detected: {(<Change.modified: 2>, '/workspace/app/backend/logs/app_20260619_041110.log')}
2026-06-19 04:11:29,547 - watchfiles.main - DEBUG - 1 change detected: {(<Change.modified: 2>, '/workspace/app/backend/logs/app_20260619_041110.log')}
2026-06-19 04:11:29,898 - watchfiles.main - DEBUG - 1 change detected: {(<Change.modified: 2>, '/workspace/app/backend/logs/app_20260619_041110.log')}
2026-06-19 04:11:30,249 - watchfiles.main - DEBUG - 1 change detected: {(<Change.modified: 2>, '/workspace/app/backend/logs/app_20260619_041110.log')}
2026-06-19 04:11:30,600 - watchfiles.main - DEBUG - 1 change detected: {(<Change.modified: 2>, '/workspace/app/backend/logs/app_20260619_041110.log')}
2026-06-19 04:11:30,951 - watchfiles.main - DEBUG - 1 change detected: {(<Change.modified: 2>, '/workspace/app/backend/logs/app_20260619_041110.log')}
2026-06-19 04:11:31,302 - watchfiles.main - DEBUG - 1 change detected: {(<Change.modified: 2>, '/workspace/app/backend/logs/app_20260619_041110.log')}
2026-06-19 04:11:31,653 - watchfiles.main - DEBUG - 1 change detected: {(<Change.modified: 2>, '/workspace/app/backend/logs/app_20260619_041110.log')}
2026-06-19 04:11:32,004 - watchfiles.main - DEBUG - 1 change detected: {(<Change.modified: 2>, '/workspace/app/backend/logs/app_20260619_041110.log')}
2026-06-19 04:11:32,355 - watchfiles.main - DEBUG - 1 change detected: {(<Change.modified: 2>, '/workspace/app/backend/logs/app_20260619_041110.log')}
2026-06-19 04:11:32,706 - watchfiles.main - DEBUG - 1 change detected: {(<Change.modified: 2>, '/workspace/app/backend/logs/app_20260619_041110.log')}
2026-06-19 04:11:33,057 - watchfiles.main - DEBUG - 1 change detected: {(<Change.modified: 2>, '/workspace/app/backend/logs/app_20260619_041110.log')}
2026-06-19 04:11:33,408 - watchfiles.main - DEBUG - 1 change detected: {(<Change.modified: 2>, '/workspace/app/backend/logs/app_20260619_041110.log')}
2026-06-19 04:11:33,759 - watchfiles.main - DEBUG - 1 change detected: {(<Change.modified: 2>, '/workspace/app/backend/logs/app_20260619_041110.log')}
2026-06-19 04:11:34,109 - watchfiles.main - DEBUG - 1 change detected: {(<Change.modified: 2>, '/workspace/app/backend/logs/app_20260619_041110.log')}
2026-06-19 04:11:34,460 - watchfiles.main - DEBUG - 1 change detected: {(<Change.modified: 2>, '/workspace/app/backend/logs/app_20260619_041110.log')}
2026-06-19 04:11:34,811 - watchfiles.main - DEBUG - 1 change detected: {(<Change.modified: 2>, '/workspace/app/backend/logs/app_20260619_041110.log')}
2026-06-19 04:11:35,162 - watchfiles.main - DEBUG - 1 change detected: {(<Change.modified: 2>, '/workspace/app/backend/logs/app_20260619_041110.log')}
2026-06-19 04:11:35,513 - watchfiles.main - DEBUG - 1 change detected: {(<Change.modified: 2>, '/workspace/app/backend/logs/app_20260619_041110.log')}
2026-06-19 04:11:35,864 - watchfiles.main - DEBUG - 1 change detected: {(<Change.modified: 2>, '/workspace/app/backend/logs/app_20260619_041110.log')}
2026-06-19 04:11:36,215 - watchfiles.main - DEBUG - 1 change detected: {(<Change.modified: 2>, '/workspace/app/backend/logs/app_20260619_041110.log')}
2026-06-19 04:11:36,566 - watchfiles.main - DEBUG - 1 change detected: {(<Change.modified: 2>, '/workspace/app/backend/logs/app_20260619_041110.log')}
2026-06-19 04:11:36,917 - watchfiles.main - DEBUG - 1 change detected: {(<Change.modified: 2>, '/workspace/app/backend/logs/app_20260619_041110.log')}
2026-06-19 04:11:37,268 - watchfiles.main - DEBUG - 1 change detected: {(<Change.modified: 2>, '/workspace/app/backend/logs/app_20260619_041110.log')}
2026-06-19 04:11:37,619 - watchfiles.main - DEBUG - 1 change detected: {(<Change.modified: 2>, '/workspace/app/backend/logs/app_20260619_041110.log')}
2026-06-19 04:11:37,970 - watchfiles.main - DEBUG - 1 change detected: {(<Change.modified: 2>, '/workspace/app/backend/logs/app_20260619_041110.log')}
2026-06-19 04:11:38,321 - watchfiles.main - DEBUG - 1 change detected: {(<Change.modified: 2>, '/workspace/app/backend/logs/app_20260619_041110.log')}
2026-06-19 04:11:38,672 - watchfiles.main - DEBUG - 1 change detected: {(<Change.modified: 2>, '/workspace/app/backend/logs/app_20260619_041110.log')}
2026-06-19 04:11:39,023 - watchfiles.main - DEBUG - 1 change detected: {(<Change.modified: 2>, '/workspace/app/backend/logs/app_20260619_041110.log')}
2026-06-19 04:11:39,374 - watchfiles.main - DEBUG - 1 change detected: {(<Change.modified: 2>, '/workspace/app/backend/logs/app_20260619_041110.log')}
2026-06-19 04:11:39,725 - watchfiles.main - DEBUG - 1 change detected: {(<Change.modified: 2>, '/workspace/app/backend/logs/app_20260619_041110.log')}
2026-06-19 04:11:40,075 - watchfiles.main - DEBUG - 1 change detected: {(<Change.modified: 2>, '/workspace/app/backend/logs/app_20260619_041110.log')}
2026-06-19 04:11:40,426 - watchfiles.main - DEBUG - 1 change detected: {(<Change.modified: 2>, '/workspace/app/backend/logs/app_20260619_041110.log')}
2026-06-19 04:11:40,777 - watchfiles.main - DEBUG - 1 change detected: {(<Change.modified: 2>, '/workspace/app/backend/logs/app_20260619_041110.log')}
2026-06-19 04:11:41,128 - watchfiles.main - DEBUG - 1 change detected: {(<Change.modified: 2>, '/workspace/app/backend/logs/app_20260619_041110.log')}
2026-06-19 04:11:41,479 - watchfiles.main - DEBUG - 1 change detected: {(<Change.modified: 2>, '/workspace/app/backend/logs/app_20260619_041110.log')}
2026-06-19 04:11:41,830 - watchfiles.main - DEBUG - 1 change detected: {(<Change.modified: 2>, '/workspace/app/backend/logs/app_20260619_041110.log')}
2026-06-19 04:11:42,181 - watchfiles.main - DEBUG - 1 change detected: {(<Change.modified: 2>, '/workspace/app/backend/logs/app_20260619_041110.log')}
2026-06-19 04:11:42,532 - watchfiles.main - DEBUG - 1 change detected: {(<Change.modified: 2>, '/workspace/app/backend/logs/app_20260619_041110.log')}
2026-06-19 04:11:42,883 - watchfiles.main - DEBUG - 1 change detected: {(<Change.modified: 2>, '/workspace/app/backend/logs/app_20260619_041110.log')}
2026-06-19 04:11:43,233 - watchfiles.main - DEBUG - 1 change detected: {(<Change.modified: 2>, '/workspace/app/backend/logs/app_20260619_041110.log')}
2026-06-19 04:11:43,584 - watchfiles.main - DEBUG - 1 change detected: {(<Change.modified: 2>, '/workspace/app/backend/logs/app_20260619_041110.log')}
2026-06-19 04:11:43,935 - watchfiles.main - DEBUG - 1 change detected: {(<Change.modified: 2>, '/workspace/app/backend/logs/app_20260619_041110.log')}
2026-06-19 04:11:44,286 - watchfiles.main - DEBUG - 1 change detected: {(<Change.modified: 2>, '/workspace/app/backend/logs/app_20260619_041110.log')}
2026-06-19 04:11:44,637 - watchfiles.main - DEBUG - 1 change detected: {(<Change.modified: 2>, '/workspace/app/backend/logs/app_20260619_041110.log')}
2026-06-19 04:11:44,988 - watchfiles.main - DEBUG - 1 change detected: {(<Change.modified: 2>, '/workspace/app/backend/logs/app_20260619_041110.log')}
2026-06-19 04:11:45,339 - watchfiles.main - DEBUG - 1 change detected: {(<Change.modified: 2>, '/workspace/app/backend/logs/app_20260619_041110.log')}
2026-06-19 04:11:45,689 - watchfiles.main - DEBUG - 1 change detected: {(<Change.modified: 2>, '/workspace/app/backend/logs/app_20260619_041110.log')}
2026-06-19 04:11:46,040 - watchfiles.main - DEBUG - 1 change detected: {(<Change.modified: 2>, '/workspace/app/backend/logs/app_20260619_041110.log')}
2026-06-19 04:11:46,391 - watchfiles.main - DEBUG - 1 change detected: {(<Change.modified: 2>, '/workspace/app/backend/logs/app_20260619_041110.log')}
2026-06-19 04:11:46,742 - watchfiles.main - DEBUG - 1 change detected: {(<Change.modified: 2>, '/workspace/app/backend/logs/app_20260619_041110.log')}
2026-06-19 04:11:47,094 - watchfiles.main - DEBUG - 1 change detected: {(<Change.modified: 2>, '/workspace/app/backend/logs/app_20260619_041110.log')}
2026-06-19 04:11:47,444 - watchfiles.main - DEBUG - 1 change detected: {(<Change.modified: 2>, '/workspace/app/backend/logs/app_20260619_041110.log')}
2026-06-19 04:11:47,796 - watchfiles.main - DEBUG - 1 change detected: {(<Change.modified: 2>, '/workspace/app/backend/logs/app_20260619_041110.log')}
2026-06-19 04:11:48,147 - watchfiles.main - DEBUG - 1 change detected: {(<Change.modified: 2>, '/workspace/app/backend/logs/app_20260619_041110.log')}
2026-06-19 04:11:48,498 - watchfiles.main - DEBUG - 1 change detected: {(<Change.modified: 2>, '/workspace/app/backend/logs/app_20260619_041110.log')}
2026-06-19 04:11:48,848 - watchfiles.main - DEBUG - 1 change detected: {(<Change.modified: 2>, '/workspace/app/backend/logs/app_20260619_041110.log')}
2026-06-19 04:11:49,199 - watchfiles.main - DEBUG - 1 change detected: {(<Change.modified: 2>, '/workspace/app/backend/logs/app_20260619_041110.log')}
2026-06-19 04:11:49,550 - watchfiles.main - DEBUG - 1 change detected: {(<Change.modified: 2>, '/workspace/app/backend/logs/app_20260619_041110.log')}
2026-06-19 04:11:49,901 - watchfiles.main - DEBUG - 1 change detected: {(<Change.modified: 2>, '/workspace/app/backend/logs/app_20260619_041110.log')}
2026-06-19 04:11:50,252 - watchfiles.main - DEBUG - 1 change detected: {(<Change.modified: 2>, '/workspace/app/backend/logs/app_20260619_041110.log')}
2026-06-19 04:11:50,603 - watchfiles.main - DEBUG - 1 change detected: {(<Change.modified: 2>, '/workspace/app/backend/logs/app_20260619_041110.log')}
2026-06-19 04:11:50,954 - watchfiles.main - DEBUG - 1 change detected: {(<Change.modified: 2>, '/workspace/app/backend/logs/app_20260619_041110.log')}
2026-06-19 04:11:51,305 - watchfiles.main - DEBUG - 1 change detected: {(<Change.modified: 2>, '/workspace/app/backend/logs/app_20260619_041110.log')}
2026-06-19 04:11:51,656 - watchfiles.main - DEBUG - 1 change detected: {(<Change.modified: 2>, '/workspace/app/backend/logs/app_20260619_041110.log')}
2026-06-19 04:11:52,007 - watchfiles.main - DEBUG - 1 change detected: {(<Change.modified: 2>, '/workspace/app/backend/logs/app_20260619_041110.log')}
2026-06-19 04:11:52,358 - watchfiles.main - DEBUG - 1 change detected: {(<Change.modified: 2>, '/workspace/app/backend/logs/app_20260619_041110.log')}
2026-06-19 04:11:52,709 - watchfiles.main - DEBUG - 1 change detected: {(<Change.modified: 2>, '/workspace/app/backend/logs/app_20260619_041110.log')}
2026-06-19 04:11:53,060 - watchfiles.main - DEBUG - 1 change detected: {(<Change.modified: 2>, '/workspace/app/backend/logs/app_20260619_041110.log')}
2026-06-19 04:11:53,411 - watchfiles.main - DEBUG - 1 change detected: {(<Change.modified: 2>, '/workspace/app/backend/logs/app_20260619_041110.log')}
2026-06-19 04:11:53,762 - watchfiles.main - DEBUG - 1 change detected: {(<Change.modified: 2>, '/workspace/app/backend/logs/app_20260619_041110.log')}
2026-06-19 04:11:54,112 - watchfiles.main - DEBUG - 1 change detected: {(<Change.modified: 2>, '/workspace/app/backend/logs/app_20260619_041110.log')}
2026-06-19 04:11:54,463 - watchfiles.main - DEBUG - 1 change detected: {(<Change.modified: 2>, '/workspace/app/backend/logs/app_20260619_041110.log')}
2026-06-19 04:11:54,814 - watchfiles.main - DEBUG - 1 change detected: {(<Change.modified: 2>, '/workspace/app/backend/logs/app_20260619_041110.log')}
2026-06-19 04:11:55,165 - watchfiles.main - DEBUG - 1 change detected: {(<Change.modified: 2>, '/workspace/app/backend/logs/app_20260619_041110.log')}
2026-06-19 04:11:55,516 - watchfiles.main - DEBUG - 1 change detected: {(<Change.modified: 2>, '/workspace/app/backend/logs/app_20260619_041110.log')}
2026-06-19 04:11:55,867 - watchfiles.main - DEBUG - 1 change detected: {(<Change.modified: 2>, '/workspace/app/backend/logs/app_20260619_041110.log')}
2026-06-19 04:11:56,218 - watchfiles.main - DEBUG - 1 change detected: {(<Change.modified: 2>, '/workspace/app/backend/logs/app_20260619_041110.log')}
2026-06-19 04:11:56,569 - watchfiles.main - DEBUG - 1 change detected: {(<Change.modified: 2>, '/workspace/app/backend/logs/app_20260619_041110.log')}
2026-06-19 04:11:56,920 - watchfiles.main - DEBUG - 1 change detected: {(<Change.modified: 2>, '/workspace/app/backend/logs/app_20260619_041110.log')}
2026-06-19 04:11:57,271 - watchfiles.main - DEBUG - 1 change detected: {(<Change.modified: 2>, '/workspace/app/backend/logs/app_20260619_041110.log')}
2026-06-19 04:11:57,622 - watchfiles.main - DEBUG - 1 change detected: {(<Change.modified: 2>, '/workspace/app/backend/logs/app_20260619_041110.log')}
2026-06-19 04:11:57,973 - watchfiles.main - DEBUG - 1 change detected: {(<Change.modified: 2>, '/workspace/app/backend/logs/app_20260619_041110.log')}
2026-06-19 04:11:58,324 - watchfiles.main - DEBUG - 1 change detected: {(<Change.modified: 2>, '/workspace/app/backend/logs/app_20260619_041110.log')}
2026-06-19 04:11:58,675 - watchfiles.main - DEBUG - 1 change detected: {(<Change.modified: 2>, '/workspace/app/backend/logs/app_20260619_041110.log')}
2026-06-19 04:11:59,027 - watchfiles.main - DEBUG - 1 change detected: {(<Change.modified: 2>, '/workspace/app/backend/logs/app_20260619_041110.log')}
2026-06-19 04:11:59,377 - watchfiles.main - DEBUG - 1 change detected: {(<Change.modified: 2>, '/workspace/app/backend/logs/app_20260619_041110.log')}
2026-06-19 04:11:59,728 - watchfiles.main - DEBUG - 1 change detected: {(<Change.modified: 2>, '/workspace/app/backend/logs/app_20260619_041110.log')}
2026-06-19 04:12:00,080 - watchfiles.main - DEBUG - 1 change detected: {(<Change.modified: 2>, '/workspace/app/backend/logs/app_20260619_041110.log')}
2026-06-19 04:12:00,430 - watchfiles.main - DEBUG - 1 change detected: {(<Change.modified: 2>, '/workspace/app/backend/logs/app_20260619_041110.log')}
2026-06-19 04:12:00,782 - watchfiles.main - DEBUG - 1 change detected: {(<Change.modified: 2>, '/workspace/app/backend/logs/app_20260619_041110.log')}
2026-06-19 04:12:01,133 - watchfiles.main - DEBUG - 1 change detected: {(<Change.modified: 2>, '/workspace/app/backend/logs/app_20260619_041110.log')}
2026-06-19 04:12:01,484 - watchfiles.main - DEBUG - 1 change detected: {(<Change.modified: 2>, '/workspace/app/backend/logs/app_20260619_041110.log')}
2026-06-19 04:12:01,835 - watchfiles.main - DEBUG - 1 change detected: {(<Change.modified: 2>, '/workspace/app/backend/logs/app_20260619_041110.log')}
