2026-07-07 01:35:28,990 - main - INFO - === Logging system initialized ===
2026-07-07 01:35:28,991 - main - INFO - Log file: logs/app_20260707_013528.log
2026-07-07 01:35:28,991 - main - INFO - Log level: INFO
2026-07-07 01:35:28,991 - main - INFO - Timestamp: 20260707_013528
2026-07-07 01:35:29,837 - main - INFO - Included router: routers.aihub.router
2026-07-07 01:35:29,858 - main - INFO - Included router: routers.analysis.router
2026-07-07 01:35:29,872 - main - INFO - Included router: routers.auth.router
2026-07-07 01:35:29,885 - main - INFO - Included router: routers.custom_auth.router
2026-07-07 01:35:29,927 - main - INFO - Included router: routers.doctor_patients.router
2026-07-07 01:35:29,929 - main - INFO - Included router: routers.health.router
2026-07-07 01:35:29,985 - main - INFO - Included router: routers.invite.router
2026-07-07 01:35:29,998 - main - INFO - Included router: routers.reports.router
2026-07-07 01:35:30,017 - main - INFO - Included router: routers.settings.router
2026-07-07 01:35:30,077 - main - INFO - Included router: routers.storage.router
2026-07-07 01:35:30,085 - main - INFO - Included router: routers.user.router
2026-07-07 01:35:30,130 - main - INFO - Included router: routers.users_profiles.router
2026-07-07 01:35:30,131 - main - INFO - === Application startup initiated ===
2026-07-07 01:35:30,132 - services.database - INFO - Ignore creating tables
2026-07-07 01:35:30,132 - services.mock_data - INFO - Ignore initialize data
2026-07-07 01:35:30,132 - services.auth - INFO - Ignore initialize admin
2026-07-07 01:35:30,132 - main - INFO - === Application startup completed successfully ===
2026-07-07 01:36:02,922 - services.database - DEBUG - [DB_OP] Starting database close
2026-07-07 01:36:02,922 - services.database - INFO - Database connections closed
2026-07-07 01:36:02,923 - services.database - DEBUG - [DB_OP] Database close completed in 0.0005s
