2026-06-12 09:39:47,275 - main - INFO - === Logging system initialized ===
2026-06-12 09:39:47,276 - main - INFO - Log file: logs/app_20260612_093947.log
2026-06-12 09:39:47,276 - main - INFO - Log level: INFO
2026-06-12 09:39:47,276 - main - INFO - Timestamp: 20260612_093947
2026-06-12 09:39:48,071 - main - INFO - Included router: routers.aihub.router
2026-06-12 09:39:48,083 - main - INFO - Included router: routers.analysis.router
2026-06-12 09:39:48,098 - main - INFO - Included router: routers.auth.router
2026-06-12 09:39:48,100 - main - INFO - Included router: routers.health.router
2026-06-12 09:39:48,110 - main - INFO - Included router: routers.reports.router
2026-06-12 09:39:48,128 - main - INFO - Included router: routers.settings.router
2026-06-12 09:39:48,160 - main - INFO - Included router: routers.storage.router
2026-06-12 09:39:48,168 - main - INFO - Included router: routers.user.router
2026-06-12 09:39:48,169 - main - INFO - === Application startup initiated ===
2026-06-12 09:39:48,169 - services.database - INFO - Ignore creating tables
2026-06-12 09:39:48,169 - services.mock_data - INFO - Ignore initialize data
2026-06-12 09:39:48,169 - services.auth - INFO - Ignore initialize admin
2026-06-12 09:39:48,169 - main - INFO - === Application startup completed successfully ===
2026-06-12 09:49:34,108 - services.database - DEBUG - [DB_OP] Starting database close
2026-06-12 09:49:34,108 - services.database - INFO - Database connections closed
2026-06-12 09:49:34,108 - services.database - DEBUG - [DB_OP] Database close completed in 0.0004s
