2026-06-12 11:01:22,897 - main - INFO - === Logging system initialized ===
2026-06-12 11:01:22,897 - main - INFO - Log file: logs/app_20260612_110122.log
2026-06-12 11:01:22,897 - main - INFO - Log level: INFO
2026-06-12 11:01:22,897 - main - INFO - Timestamp: 20260612_110122
2026-06-12 11:01:23,985 - main - INFO - Included router: routers.aihub.router
2026-06-12 11:01:24,003 - main - INFO - Included router: routers.analysis.router
2026-06-12 11:01:24,050 - main - INFO - Included router: routers.auth.router
2026-06-12 11:01:24,059 - main - INFO - Included router: routers.custom_auth.router
2026-06-12 11:01:24,101 - main - INFO - Included router: routers.doctor_patients.router
2026-06-12 11:01:24,103 - main - INFO - Included router: routers.health.router
2026-06-12 11:01:24,155 - main - INFO - Included router: routers.invite.router
2026-06-12 11:01:24,165 - main - INFO - Included router: routers.reports.router
2026-06-12 11:01:24,183 - main - INFO - Included router: routers.settings.router
2026-06-12 11:01:24,218 - main - INFO - Included router: routers.storage.router
2026-06-12 11:01:24,226 - main - INFO - Included router: routers.user.router
2026-06-12 11:01:24,269 - main - INFO - Included router: routers.users_profiles.router
2026-06-12 11:01:24,270 - main - INFO - === Application startup initiated ===
2026-06-12 11:01:24,270 - services.database - INFO - Ignore creating tables
2026-06-12 11:01:24,270 - services.mock_data - INFO - Ignore initialize data
2026-06-12 11:01:24,271 - services.auth - INFO - Ignore initialize admin
2026-06-12 11:01:24,271 - main - INFO - === Application startup completed successfully ===
2026-06-12 11:01:25,374 - services.database - DEBUG - [DB_OP] Starting database close
2026-06-12 11:01:25,375 - services.database - INFO - Database connections closed
2026-06-12 11:01:25,375 - services.database - DEBUG - [DB_OP] Database close completed in 0.0007s
