2026-06-12 10:05:58,726 - main - INFO - === Logging system initialized ===
2026-06-12 10:05:58,726 - main - INFO - Log file: logs/app_20260612_100558.log
2026-06-12 10:05:58,726 - main - INFO - Log level: INFO
2026-06-12 10:05:58,726 - main - INFO - Timestamp: 20260612_100558
2026-06-12 10:05:59,509 - main - INFO - Included router: routers.aihub.router
2026-06-12 10:05:59,524 - main - INFO - Included router: routers.analysis.router
2026-06-12 10:05:59,534 - main - INFO - Included router: routers.auth.router
2026-06-12 10:05:59,575 - main - INFO - Included router: routers.doctor_patients.router
2026-06-12 10:05:59,576 - main - INFO - Included router: routers.health.router
2026-06-12 10:05:59,591 - main - INFO - Included router: routers.invite.router
2026-06-12 10:05:59,617 - main - INFO - Included router: routers.reports.router
2026-06-12 10:05:59,635 - main - INFO - Included router: routers.settings.router
2026-06-12 10:05:59,667 - main - INFO - Included router: routers.storage.router
2026-06-12 10:05:59,674 - main - INFO - Included router: routers.user.router
2026-06-12 10:05:59,730 - main - INFO - Included router: routers.users_profiles.router
2026-06-12 10:05:59,732 - main - INFO - === Application startup initiated ===
2026-06-12 10:05:59,732 - services.database - INFO - Ignore creating tables
2026-06-12 10:05:59,732 - services.mock_data - INFO - Ignore initialize data
2026-06-12 10:05:59,733 - services.auth - INFO - Ignore initialize admin
2026-06-12 10:05:59,733 - main - INFO - === Application startup completed successfully ===
2026-06-12 10:06:01,237 - services.database - DEBUG - [DB_OP] Starting database close
2026-06-12 10:06:01,238 - services.database - INFO - Database connections closed
2026-06-12 10:06:01,238 - services.database - DEBUG - [DB_OP] Database close completed in 0.0005s
