2026-06-22 05:35:10,196 - main - INFO - === Logging system initialized ===
2026-06-22 05:35:10,196 - main - INFO - Log file: logs/app_20260622_053510.log
2026-06-22 05:35:10,196 - main - INFO - Log level: INFO
2026-06-22 05:35:10,196 - main - INFO - Timestamp: 20260622_053510
2026-06-22 05:35:10,849 - main - INFO - Included router: routers.aihub.router
2026-06-22 05:35:10,869 - main - INFO - Included router: routers.analysis.router
2026-06-22 05:35:10,880 - main - INFO - Included router: routers.auth.router
2026-06-22 05:35:10,892 - main - INFO - Included router: routers.custom_auth.router
2026-06-22 05:35:10,936 - main - INFO - Included router: routers.doctor_patients.router
2026-06-22 05:35:10,938 - main - INFO - Included router: routers.health.router
2026-06-22 05:35:10,998 - main - INFO - Included router: routers.invite.router
2026-06-22 05:35:11,011 - main - INFO - Included router: routers.reports.router
2026-06-22 05:35:11,059 - main - INFO - Included router: routers.settings.router
2026-06-22 05:35:11,092 - main - INFO - Included router: routers.storage.router
2026-06-22 05:35:11,100 - main - INFO - Included router: routers.user.router
2026-06-22 05:35:11,147 - main - INFO - Included router: routers.users_profiles.router
2026-06-22 05:35:11,149 - main - INFO - === Application startup initiated ===
2026-06-22 05:35:11,149 - services.database - INFO - Ignore creating tables
2026-06-22 05:35:11,149 - services.mock_data - INFO - Ignore initialize data
2026-06-22 05:35:11,149 - services.auth - INFO - Ignore initialize admin
2026-06-22 05:35:11,149 - main - INFO - === Application startup completed successfully ===
2026-06-22 05:36:24,428 - services.database - DEBUG - [DB_OP] Starting database close
2026-06-22 05:36:24,428 - services.database - INFO - Database connections closed
2026-06-22 05:36:24,428 - services.database - DEBUG - [DB_OP] Database close completed in 0.0005s
