2026-06-12 12:49:52,598 - main - INFO - === Logging system initialized ===
2026-06-12 12:49:52,598 - main - INFO - Log file: logs/app_20260612_124952.log
2026-06-12 12:49:52,598 - main - INFO - Log level: INFO
2026-06-12 12:49:52,598 - main - INFO - Timestamp: 20260612_124952
2026-06-12 12:49:53,373 - main - INFO - Included router: routers.aihub.router
2026-06-12 12:49:53,397 - main - INFO - Included router: routers.analysis.router
2026-06-12 12:49:53,413 - main - INFO - Included router: routers.auth.router
2026-06-12 12:49:53,426 - main - INFO - Included router: routers.custom_auth.router
2026-06-12 12:49:53,478 - main - INFO - Included router: routers.doctor_patients.router
2026-06-12 12:49:53,480 - main - INFO - Included router: routers.health.router
2026-06-12 12:49:53,558 - main - INFO - Included router: routers.invite.router
2026-06-12 12:49:53,570 - main - INFO - Included router: routers.reports.router
2026-06-12 12:49:53,589 - main - INFO - Included router: routers.settings.router
2026-06-12 12:49:53,621 - main - INFO - Included router: routers.storage.router
2026-06-12 12:49:53,632 - main - INFO - Included router: routers.user.router
2026-06-12 12:49:53,676 - main - INFO - Included router: routers.users_profiles.router
2026-06-12 12:49:53,678 - main - INFO - === Application startup initiated ===
2026-06-12 12:49:53,678 - services.database - INFO - Ignore creating tables
2026-06-12 12:49:53,678 - services.mock_data - INFO - Ignore initialize data
2026-06-12 12:49:53,678 - services.auth - INFO - Ignore initialize admin
2026-06-12 12:49:53,678 - main - INFO - === Application startup completed successfully ===
2026-06-12 12:49:54,581 - services.database - DEBUG - [DB_OP] Starting database close
2026-06-12 12:49:54,581 - services.database - INFO - Database connections closed
2026-06-12 12:49:54,581 - services.database - DEBUG - [DB_OP] Database close completed in 0.0003s
