2026-06-12 12:23:11,299 - main - INFO - === Logging system initialized ===
2026-06-12 12:23:11,300 - main - INFO - Log file: logs/app_20260612_122311.log
2026-06-12 12:23:11,300 - main - INFO - Log level: INFO
2026-06-12 12:23:11,300 - main - INFO - Timestamp: 20260612_122311
2026-06-12 12:23:12,216 - main - INFO - Included router: routers.aihub.router
2026-06-12 12:23:12,239 - main - INFO - Included router: routers.analysis.router
2026-06-12 12:23:12,256 - main - INFO - Included router: routers.auth.router
2026-06-12 12:23:12,270 - main - INFO - Included router: routers.custom_auth.router
2026-06-12 12:23:12,318 - main - INFO - Included router: routers.doctor_patients.router
2026-06-12 12:23:12,320 - main - INFO - Included router: routers.health.router
2026-06-12 12:23:12,377 - main - INFO - Included router: routers.invite.router
2026-06-12 12:23:12,391 - main - INFO - Included router: routers.reports.router
2026-06-12 12:23:12,415 - main - INFO - Included router: routers.settings.router
2026-06-12 12:23:12,454 - main - INFO - Included router: routers.storage.router
2026-06-12 12:23:12,465 - main - INFO - Included router: routers.user.router
2026-06-12 12:23:12,509 - main - INFO - Included router: routers.users_profiles.router
2026-06-12 12:23:12,510 - main - INFO - === Application startup initiated ===
2026-06-12 12:23:12,510 - services.database - INFO - Ignore creating tables
2026-06-12 12:23:12,511 - services.mock_data - INFO - Ignore initialize data
2026-06-12 12:23:12,511 - services.auth - INFO - Ignore initialize admin
2026-06-12 12:23:12,511 - main - INFO - === Application startup completed successfully ===
2026-06-12 12:34:01,010 - services.database - DEBUG - [DB_OP] Starting database close
2026-06-12 12:34:01,010 - services.database - INFO - Database connections closed
2026-06-12 12:34:01,010 - services.database - DEBUG - [DB_OP] Database close completed in 0.0004s
