2026-06-12 12:57:55,863 - main - INFO - === Logging system initialized ===
2026-06-12 12:57:55,863 - main - INFO - Log file: logs/app_20260612_125755.log
2026-06-12 12:57:55,863 - main - INFO - Log level: INFO
2026-06-12 12:57:55,863 - main - INFO - Timestamp: 20260612_125755
2026-06-12 12:57:56,683 - main - INFO - Included router: routers.aihub.router
2026-06-12 12:57:56,701 - main - INFO - Included router: routers.analysis.router
2026-06-12 12:57:56,717 - main - INFO - Included router: routers.auth.router
2026-06-12 12:57:56,729 - main - INFO - Included router: routers.custom_auth.router
2026-06-12 12:57:56,772 - main - INFO - Included router: routers.doctor_patients.router
2026-06-12 12:57:56,774 - main - INFO - Included router: routers.health.router
2026-06-12 12:57:56,832 - main - INFO - Included router: routers.invite.router
2026-06-12 12:57:56,845 - main - INFO - Included router: routers.reports.router
2026-06-12 12:57:56,865 - main - INFO - Included router: routers.settings.router
2026-06-12 12:57:56,902 - main - INFO - Included router: routers.storage.router
2026-06-12 12:57:56,915 - main - INFO - Included router: routers.user.router
2026-06-12 12:57:56,962 - main - INFO - Included router: routers.users_profiles.router
2026-06-12 12:57:56,963 - main - INFO - === Application startup initiated ===
2026-06-12 12:57:56,963 - services.database - INFO - Ignore creating tables
2026-06-12 12:57:56,963 - services.mock_data - INFO - Ignore initialize data
2026-06-12 12:57:56,963 - services.auth - INFO - Ignore initialize admin
2026-06-12 12:57:56,964 - main - INFO - === Application startup completed successfully ===
2026-06-12 12:59:50,896 - core.database - DEBUG - [DB_OP] Starting get_db session creation
2026-06-12 12:59:50,896 - core.database - WARNING - Database session maker not available, attempting lazy initialization...
2026-06-12 12:59:50,896 - core.database - WARNING - Database not initialized, attempting lazy initialization...
2026-06-12 12:59:50,896 - core.database - INFO - Starting database initialization...
2026-06-12 12:59:50,897 - core.config - DEBUG - Read dynamic attribute database_url from environment variable DATABASE_URL
2026-06-12 12:59:50,897 - core.database - INFO - Normalizing database URL for async compatibility...
2026-06-12 12:59:50,898 - core.database - INFO - Creating async database engine...
2026-06-12 12:59:50,898 - core.database - INFO - Using QueuePool with connection pooling for non-Lambda environment
2026-06-12 12:59:50,948 - core.database - INFO - Database engine created successfully
2026-06-12 12:59:50,948 - core.database - INFO - Creating async session maker...
2026-06-12 12:59:50,948 - core.database - INFO - Async session maker created successfully
2026-06-12 12:59:50,948 - core.database - INFO - Database connection initialized successfully
2026-06-12 12:59:50,948 - core.database - DEBUG - [DB_OP] Starting create_tables
2026-06-12 12:59:50,948 - core.database - INFO - 🔧 Starting table structure repair...
2026-06-12 12:59:52,268 - core.database - INFO - 🔧 Repairing 4 existing tables...
2026-06-12 12:59:52,269 - core.database - DEBUG - Checking table structure for: users
2026-06-12 12:59:52,269 - core.database - DEBUG - Checking table structure for: oidc_states
2026-06-12 12:59:52,270 - core.database - DEBUG - Checking table structure for: doctor_patients
2026-06-12 12:59:52,271 - core.database - DEBUG - Checking table structure for: users_profiles
2026-06-12 12:59:52,867 - core.database - DEBUG - Table users structure is up to date
2026-06-12 12:59:52,867 - core.database - INFO - Table users repaired in 0.60s
2026-06-12 12:59:52,945 - core.database - DEBUG - Table oidc_states structure is up to date
2026-06-12 12:59:52,945 - core.database - INFO - Table oidc_states repaired in 0.68s
2026-06-12 12:59:53,007 - core.database - DEBUG - Table users_profiles structure is up to date
2026-06-12 12:59:53,007 - core.database - INFO - Table users_profiles repaired in 0.74s
2026-06-12 12:59:53,008 - core.database - DEBUG - Table doctor_patients structure is up to date
2026-06-12 12:59:53,008 - core.database - INFO - Table doctor_patients repaired in 0.74s
2026-06-12 12:59:53,008 - core.database - INFO - 🔧 Table structure repair completed in 2.0598s
2026-06-12 12:59:53,008 - core.database - INFO - 🔧 Table structure repair completed
2026-06-12 12:59:53,009 - core.database - INFO - 🔧 Starting table creation...
2026-06-12 12:59:53,577 - core.database - INFO - Tables initialized successfully
2026-06-12 12:59:53,577 - core.database - DEBUG - [DB_OP] Create tables completed in 2.6291s
2026-06-12 12:59:53,640 - core.database - INFO - Lazy database initialization completed successfully
2026-06-12 12:59:53,640 - core.database - DEBUG - [DB_OP] Database session created successfully in 2.7447s
2026-06-12 12:59:54,078 - core.database - DEBUG - [DB_OP] Database session cleanup after 3.1825s
2026-06-12 12:59:57,764 - core.database - DEBUG - [DB_OP] Starting get_db session creation
2026-06-12 12:59:57,764 - core.database - DEBUG - [DB_OP] Database session created successfully in 0.0005s
2026-06-12 12:59:58,349 - core.database - DEBUG - [DB_OP] Database session cleanup after 0.5858s
2026-06-12 13:00:00,686 - core.database - DEBUG - [DB_OP] Starting get_db session creation
2026-06-12 13:00:00,686 - core.database - DEBUG - [DB_OP] Database session created successfully in 0.0005s
2026-06-12 13:00:01,379 - core.database - DEBUG - [DB_OP] Database session cleanup after 0.6935s
2026-06-12 13:00:04,023 - core.database - DEBUG - [DB_OP] Starting get_db session creation
2026-06-12 13:00:04,024 - core.database - DEBUG - [DB_OP] Database session created successfully in 0.0005s
2026-06-12 13:00:04,402 - core.database - DEBUG - [DB_OP] Database session cleanup after 0.3786s
2026-06-12 13:00:22,221 - core.database - DEBUG - [DB_OP] Starting get_db session creation
2026-06-12 13:00:22,221 - core.database - DEBUG - [DB_OP] Database session created successfully in 0.0004s
2026-06-12 13:00:22,598 - core.database - DEBUG - [DB_OP] Database session cleanup after 0.3769s
2026-06-12 13:00:23,439 - core.database - DEBUG - [DB_OP] Starting get_db session creation
2026-06-12 13:00:23,439 - core.database - DEBUG - [DB_OP] Database session created successfully in 0.0005s
2026-06-12 13:00:23,822 - core.database - DEBUG - [DB_OP] Database session cleanup after 0.3828s
2026-06-12 13:00:25,551 - core.database - DEBUG - [DB_OP] Starting get_db session creation
2026-06-12 13:00:25,552 - core.database - DEBUG - [DB_OP] Database session created successfully in 0.0005s
2026-06-12 13:00:26,056 - core.database - DEBUG - [DB_OP] Database session cleanup after 0.5051s
2026-06-12 13:00:27,229 - core.database - DEBUG - [DB_OP] Starting get_db session creation
2026-06-12 13:00:27,229 - core.database - DEBUG - [DB_OP] Database session created successfully in 0.0004s
2026-06-12 13:00:28,177 - core.database - DEBUG - [DB_OP] Database session cleanup after 0.9477s
2026-06-12 13:00:31,514 - core.database - DEBUG - [DB_OP] Starting get_db session creation
2026-06-12 13:00:31,514 - core.database - DEBUG - [DB_OP] Database session created successfully in 0.0007s
2026-06-12 13:00:31,825 - core.database - DEBUG - [DB_OP] Database session cleanup after 0.3113s
2026-06-12 13:00:45,525 - core.database - DEBUG - [DB_OP] Starting get_db session creation
2026-06-12 13:00:45,525 - core.database - DEBUG - [DB_OP] Database session created successfully in 0.0005s
2026-06-12 13:00:45,907 - core.database - ERROR - Database session error: 401: Пациент с таким логином не найден
Traceback (most recent call last):
  File "/workspace/app/backend/core/database.py", line 553, in get_db
    yield session
  File "/data/chats/696a657bc1bd4b8494abcc0ef5041a3d/.cache/python/lib/python3.10/site-packages/fastapi/routing.py", line 120, in app
    response = await f(request)
  File "/data/chats/696a657bc1bd4b8494abcc0ef5041a3d/.cache/python/lib/python3.10/site-packages/fastapi/routing.py", line 674, in app
    raw_response = await run_endpoint_function(
  File "/data/chats/696a657bc1bd4b8494abcc0ef5041a3d/.cache/python/lib/python3.10/site-packages/fastapi/routing.py", line 328, in run_endpoint_function
    return await dependant.call(**values)
  File "/workspace/app/backend/routers/custom_auth.py", line 99, in login
    raise HTTPException(status_code=401, detail="Пациент с таким логином не найден")
fastapi.exceptions.HTTPException: 401: Пациент с таким логином не найден
2026-06-12 13:00:45,913 - core.database - DEBUG - [DB_OP] Database session cleanup after 0.3881s
2026-06-12 13:00:45,977 - core.database - ERROR - Failed to create database session: 401: Пациент с таким логином не найден
Traceback (most recent call last):
  File "/workspace/app/backend/core/database.py", line 553, in get_db
    yield session
  File "/data/chats/696a657bc1bd4b8494abcc0ef5041a3d/.cache/python/lib/python3.10/site-packages/fastapi/routing.py", line 120, in app
    response = await f(request)
  File "/data/chats/696a657bc1bd4b8494abcc0ef5041a3d/.cache/python/lib/python3.10/site-packages/fastapi/routing.py", line 674, in app
    raw_response = await run_endpoint_function(
  File "/data/chats/696a657bc1bd4b8494abcc0ef5041a3d/.cache/python/lib/python3.10/site-packages/fastapi/routing.py", line 328, in run_endpoint_function
    return await dependant.call(**values)
  File "/workspace/app/backend/routers/custom_auth.py", line 99, in login
    raise HTTPException(status_code=401, detail="Пациент с таким логином не найден")
fastapi.exceptions.HTTPException: 401: Пациент с таким логином не найден
2026-06-12 13:00:54,396 - core.database - DEBUG - [DB_OP] Starting get_db session creation
2026-06-12 13:00:54,397 - core.database - DEBUG - [DB_OP] Database session created successfully in 0.0006s
2026-06-12 13:00:54,777 - core.database - DEBUG - [DB_OP] Database session cleanup after 0.3812s
2026-06-12 13:00:55,194 - core.database - DEBUG - [DB_OP] Starting get_db session creation
2026-06-12 13:00:55,195 - core.database - DEBUG - [DB_OP] Database session created successfully in 0.0005s
2026-06-12 13:00:55,511 - core.database - DEBUG - [DB_OP] Database session cleanup after 0.3169s
2026-06-12 13:01:09,376 - core.database - DEBUG - [DB_OP] Starting get_db session creation
2026-06-12 13:01:09,376 - core.database - DEBUG - [DB_OP] Database session created successfully in 0.0004s
2026-06-12 13:01:10,190 - core.database - DEBUG - [DB_OP] Database session cleanup after 0.8144s
2026-06-12 13:02:03,983 - core.database - DEBUG - [DB_OP] Starting get_db session creation
2026-06-12 13:02:03,984 - core.database - DEBUG - [DB_OP] Database session created successfully in 0.0008s
2026-06-12 13:02:04,301 - core.database - DEBUG - [DB_OP] Database session cleanup after 0.3179s
2026-06-12 13:02:04,737 - core.database - DEBUG - [DB_OP] Starting get_db session creation
2026-06-12 13:02:04,738 - core.database - DEBUG - [DB_OP] Database session created successfully in 0.0005s
2026-06-12 13:02:05,115 - core.database - DEBUG - [DB_OP] Database session cleanup after 0.3775s
2026-06-12 13:05:44,273 - services.database - DEBUG - [DB_OP] Starting database close
2026-06-12 13:05:44,539 - core.database - INFO - Database connection closed and engine disposed
2026-06-12 13:05:44,539 - services.database - INFO - Database connections closed
2026-06-12 13:05:44,539 - services.database - DEBUG - [DB_OP] Database close completed in 0.2662s
