2026-06-12 10:28:55,408 - main - INFO - === Logging system initialized ===
2026-06-12 10:28:55,409 - main - INFO - Log file: logs/app_20260612_102855.log
2026-06-12 10:28:55,409 - main - INFO - Log level: INFO
2026-06-12 10:28:55,409 - main - INFO - Timestamp: 20260612_102855
2026-06-12 10:28:56,206 - main - INFO - Included router: routers.aihub.router
2026-06-12 10:28:56,226 - main - INFO - Included router: routers.analysis.router
2026-06-12 10:28:56,241 - main - INFO - Included router: routers.auth.router
2026-06-12 10:28:56,287 - main - INFO - Included router: routers.doctor_patients.router
2026-06-12 10:28:56,290 - main - INFO - Included router: routers.health.router
2026-06-12 10:28:56,310 - main - INFO - Included router: routers.invite.router
2026-06-12 10:28:56,325 - main - INFO - Included router: routers.reports.router
2026-06-12 10:28:56,348 - main - INFO - Included router: routers.settings.router
2026-06-12 10:28:56,391 - main - INFO - Included router: routers.storage.router
2026-06-12 10:28:56,399 - main - INFO - Included router: routers.user.router
2026-06-12 10:28:56,453 - main - INFO - Included router: routers.users_profiles.router
2026-06-12 10:28:56,454 - main - INFO - === Application startup initiated ===
2026-06-12 10:28:56,455 - services.database - INFO - Ignore creating tables
2026-06-12 10:28:56,455 - services.mock_data - INFO - Ignore initialize data
2026-06-12 10:28:56,455 - services.auth - INFO - Ignore initialize admin
2026-06-12 10:28:56,455 - main - INFO - === Application startup completed successfully ===
2026-06-12 10:29:05,660 - dependencies.auth - DEBUG - Authentication required for request GET /api/v1/auth/me
2026-06-12 10:30:18,449 - services.database - DEBUG - [DB_OP] Starting database close
2026-06-12 10:30:18,450 - services.database - INFO - Database connections closed
2026-06-12 10:30:18,450 - services.database - DEBUG - [DB_OP] Database close completed in 0.0007s
