2026-06-18 09:10:24,208 - main - INFO - === Logging system initialized ===
2026-06-18 09:10:24,208 - main - INFO - Log file: logs/app_20260618_091024.log
2026-06-18 09:10:24,208 - main - INFO - Log level: INFO
2026-06-18 09:10:24,208 - main - INFO - Timestamp: 20260618_091024
2026-06-18 09:10:24,927 - main - INFO - Included router: routers.aihub.router
2026-06-18 09:10:24,945 - main - INFO - Included router: routers.analysis.router
2026-06-18 09:10:24,955 - main - INFO - Included router: routers.auth.router
2026-06-18 09:10:24,967 - main - INFO - Included router: routers.custom_auth.router
2026-06-18 09:10:25,007 - main - INFO - Included router: routers.doctor_patients.router
2026-06-18 09:10:25,037 - main - INFO - Included router: routers.health.router
2026-06-18 09:10:25,093 - main - INFO - Included router: routers.invite.router
2026-06-18 09:10:25,103 - main - INFO - Included router: routers.reports.router
2026-06-18 09:10:25,122 - main - INFO - Included router: routers.settings.router
2026-06-18 09:10:25,153 - main - INFO - Included router: routers.storage.router
2026-06-18 09:10:25,160 - main - INFO - Included router: routers.user.router
2026-06-18 09:10:25,200 - main - INFO - Included router: routers.users_profiles.router
2026-06-18 09:10:25,201 - main - INFO - === Application startup initiated ===
2026-06-18 09:10:25,202 - services.database - INFO - Ignore creating tables
2026-06-18 09:10:25,202 - services.mock_data - INFO - Ignore initialize data
2026-06-18 09:10:25,202 - services.auth - INFO - Ignore initialize admin
2026-06-18 09:10:25,202 - main - INFO - === Application startup completed successfully ===
2026-06-18 09:10:33,329 - services.database - DEBUG - [DB_OP] Starting database close
2026-06-18 09:10:33,330 - services.database - INFO - Database connections closed
2026-06-18 09:10:33,330 - services.database - DEBUG - [DB_OP] Database close completed in 0.0005s
