2026-06-12 11:00:46,726 - main - INFO - === Logging system initialized ===
2026-06-12 11:00:46,727 - main - INFO - Log file: logs/app_20260612_110046.log
2026-06-12 11:00:46,727 - main - INFO - Log level: INFO
2026-06-12 11:00:46,727 - main - INFO - Timestamp: 20260612_110046
2026-06-12 11:00:47,581 - main - INFO - Included router: routers.aihub.router
2026-06-12 11:00:47,611 - main - INFO - Included router: routers.analysis.router
2026-06-12 11:00:47,628 - main - INFO - Included router: routers.auth.router
2026-06-12 11:00:47,638 - main - INFO - Included router: routers.custom_auth.router
2026-06-12 11:00:47,684 - main - INFO - Included router: routers.doctor_patients.router
2026-06-12 11:00:47,686 - main - INFO - Included router: routers.health.router
2026-06-12 11:00:47,721 - main - INFO - Included router: routers.invite.router
2026-06-12 11:00:47,732 - main - INFO - Included router: routers.reports.router
2026-06-12 11:00:47,750 - main - INFO - Included router: routers.settings.router
2026-06-12 11:00:47,784 - main - INFO - Included router: routers.storage.router
2026-06-12 11:00:47,791 - main - INFO - Included router: routers.user.router
2026-06-12 11:00:47,833 - main - INFO - Included router: routers.users_profiles.router
2026-06-12 11:00:47,834 - main - INFO - === Application startup initiated ===
2026-06-12 11:00:47,834 - services.database - INFO - Ignore creating tables
2026-06-12 11:00:47,835 - services.mock_data - INFO - Ignore initialize data
2026-06-12 11:00:47,835 - services.auth - INFO - Ignore initialize admin
2026-06-12 11:00:47,835 - main - INFO - === Application startup completed successfully ===
2026-06-12 11:01:16,604 - services.database - DEBUG - [DB_OP] Starting database close
2026-06-12 11:01:16,604 - services.database - INFO - Database connections closed
2026-06-12 11:01:16,604 - services.database - DEBUG - [DB_OP] Database close completed in 0.0007s
