2026-06-12 10:30:32,497 - main - INFO - === Logging system initialized ===
2026-06-12 10:30:32,497 - main - INFO - Log file: logs/app_20260612_103032.log
2026-06-12 10:30:32,497 - main - INFO - Log level: INFO
2026-06-12 10:30:32,497 - main - INFO - Timestamp: 20260612_103032
2026-06-12 10:30:33,543 - main - INFO - Included router: routers.aihub.router
2026-06-12 10:30:33,559 - main - INFO - Included router: routers.analysis.router
2026-06-12 10:30:33,570 - main - INFO - Included router: routers.auth.router
2026-06-12 10:30:33,613 - main - INFO - Included router: routers.doctor_patients.router
2026-06-12 10:30:33,615 - main - INFO - Included router: routers.health.router
2026-06-12 10:30:33,633 - main - INFO - Included router: routers.invite.router
2026-06-12 10:30:33,645 - main - INFO - Included router: routers.reports.router
2026-06-12 10:30:33,663 - main - INFO - Included router: routers.settings.router
2026-06-12 10:30:33,696 - main - INFO - Included router: routers.storage.router
2026-06-12 10:30:33,703 - main - INFO - Included router: routers.user.router
2026-06-12 10:30:33,748 - main - INFO - Included router: routers.users_profiles.router
2026-06-12 10:30:33,749 - main - INFO - === Application startup initiated ===
2026-06-12 10:30:33,750 - services.database - INFO - Ignore creating tables
2026-06-12 10:30:33,750 - services.mock_data - INFO - Ignore initialize data
2026-06-12 10:30:33,750 - services.auth - INFO - Ignore initialize admin
2026-06-12 10:30:33,750 - main - INFO - === Application startup completed successfully ===
2026-06-12 10:34:50,242 - services.database - DEBUG - [DB_OP] Starting database close
2026-06-12 10:34:50,243 - services.database - INFO - Database connections closed
2026-06-12 10:34:50,243 - services.database - DEBUG - [DB_OP] Database close completed in 0.0005s
