2026-06-18 09:38:29,835 - main - INFO - === Logging system initialized ===
2026-06-18 09:38:29,835 - main - INFO - Log file: logs/app_20260618_093829.log
2026-06-18 09:38:29,835 - main - INFO - Log level: INFO
2026-06-18 09:38:29,836 - main - INFO - Timestamp: 20260618_093829
2026-06-18 09:38:30,588 - main - INFO - Included router: routers.aihub.router
2026-06-18 09:38:30,608 - main - INFO - Included router: routers.analysis.router
2026-06-18 09:38:30,622 - main - INFO - Included router: routers.auth.router
2026-06-18 09:38:30,635 - main - INFO - Included router: routers.custom_auth.router
2026-06-18 09:38:30,677 - main - INFO - Included router: routers.doctor_patients.router
2026-06-18 09:38:30,679 - main - INFO - Included router: routers.health.router
2026-06-18 09:38:30,730 - main - INFO - Included router: routers.invite.router
2026-06-18 09:38:30,741 - main - INFO - Included router: routers.reports.router
2026-06-18 09:38:30,760 - main - INFO - Included router: routers.settings.router
2026-06-18 09:38:30,791 - main - INFO - Included router: routers.storage.router
2026-06-18 09:38:30,797 - main - INFO - Included router: routers.user.router
2026-06-18 09:38:30,839 - main - INFO - Included router: routers.users_profiles.router
2026-06-18 09:38:30,840 - main - INFO - === Application startup initiated ===
2026-06-18 09:38:30,840 - services.database - INFO - Ignore creating tables
2026-06-18 09:38:30,840 - services.mock_data - INFO - Ignore initialize data
2026-06-18 09:38:30,840 - services.auth - INFO - Ignore initialize admin
2026-06-18 09:38:30,840 - main - INFO - === Application startup completed successfully ===
2026-06-18 09:43:18,828 - services.database - DEBUG - [DB_OP] Starting database close
2026-06-18 09:43:18,828 - services.database - INFO - Database connections closed
2026-06-18 09:43:18,828 - services.database - DEBUG - [DB_OP] Database close completed in 0.0004s
