2026-06-19 05:15:44,708 - main - INFO - === Logging system initialized ===
2026-06-19 05:15:44,708 - main - INFO - Log file: logs/app_20260619_051544.log
2026-06-19 05:15:44,709 - main - INFO - Log level: INFO
2026-06-19 05:15:44,709 - main - INFO - Timestamp: 20260619_051544
2026-06-19 05:15:45,742 - main - INFO - Included router: routers.aihub.router
2026-06-19 05:15:45,765 - main - INFO - Included router: routers.analysis.router
2026-06-19 05:15:45,778 - main - INFO - Included router: routers.auth.router
2026-06-19 05:15:45,792 - main - INFO - Included router: routers.custom_auth.router
2026-06-19 05:15:45,838 - main - INFO - Included router: routers.doctor_patients.router
2026-06-19 05:15:45,840 - main - INFO - Included router: routers.health.router
2026-06-19 05:15:45,893 - main - INFO - Included router: routers.invite.router
2026-06-19 05:15:45,907 - main - INFO - Included router: routers.reports.router
2026-06-19 05:15:45,930 - main - INFO - Included router: routers.settings.router
2026-06-19 05:15:45,965 - main - INFO - Included router: routers.storage.router
2026-06-19 05:15:45,976 - main - INFO - Included router: routers.user.router
2026-06-19 05:15:46,024 - main - INFO - Included router: routers.users_profiles.router
2026-06-19 05:15:46,025 - main - INFO - === Application startup initiated ===
2026-06-19 05:15:46,026 - services.database - INFO - Ignore creating tables
2026-06-19 05:15:46,026 - services.mock_data - INFO - Ignore initialize data
2026-06-19 05:15:46,026 - services.auth - INFO - Ignore initialize admin
2026-06-19 05:15:46,026 - main - INFO - === Application startup completed successfully ===
2026-06-19 05:25:44,883 - services.database - DEBUG - [DB_OP] Starting database close
2026-06-19 05:25:44,883 - services.database - INFO - Database connections closed
2026-06-19 05:25:44,883 - services.database - DEBUG - [DB_OP] Database close completed in 0.0004s
