2026-06-18 08:50:42,987 - main - INFO - === Logging system initialized ===
2026-06-18 08:50:42,987 - main - INFO - Log file: logs/app_20260618_085042.log
2026-06-18 08:50:42,987 - main - INFO - Log level: INFO
2026-06-18 08:50:42,988 - main - INFO - Timestamp: 20260618_085042
2026-06-18 08:50:43,745 - main - INFO - Included router: routers.aihub.router
2026-06-18 08:50:43,762 - main - INFO - Included router: routers.analysis.router
2026-06-18 08:50:43,774 - main - INFO - Included router: routers.auth.router
2026-06-18 08:50:43,824 - main - INFO - Included router: routers.custom_auth.router
2026-06-18 08:50:43,869 - main - INFO - Included router: routers.doctor_patients.router
2026-06-18 08:50:43,871 - main - INFO - Included router: routers.health.router
2026-06-18 08:50:43,925 - main - INFO - Included router: routers.invite.router
2026-06-18 08:50:43,936 - main - INFO - Included router: routers.reports.router
2026-06-18 08:50:43,955 - main - INFO - Included router: routers.settings.router
2026-06-18 08:50:43,988 - main - INFO - Included router: routers.storage.router
2026-06-18 08:50:43,995 - main - INFO - Included router: routers.user.router
2026-06-18 08:50:44,038 - main - INFO - Included router: routers.users_profiles.router
2026-06-18 08:50:44,039 - main - INFO - === Application startup initiated ===
2026-06-18 08:50:44,039 - services.database - INFO - Ignore creating tables
2026-06-18 08:50:44,039 - services.mock_data - INFO - Ignore initialize data
2026-06-18 08:50:44,039 - services.auth - INFO - Ignore initialize admin
2026-06-18 08:50:44,039 - main - INFO - === Application startup completed successfully ===
2026-06-18 08:50:44,140 - services.database - DEBUG - [DB_OP] Starting database close
2026-06-18 08:50:44,140 - services.database - INFO - Database connections closed
2026-06-18 08:50:44,140 - services.database - DEBUG - [DB_OP] Database close completed in 0.0003s
