2026-06-19 02:36:20,141 - main - INFO - === Logging system initialized ===
2026-06-19 02:36:20,141 - main - INFO - Log file: logs/app_20260619_023620.log
2026-06-19 02:36:20,142 - main - INFO - Log level: INFO
2026-06-19 02:36:20,143 - main - INFO - Timestamp: 20260619_023620
2026-06-19 02:36:21,472 - main - INFO - Included router: routers.aihub.router
2026-06-19 02:36:21,500 - main - INFO - Included router: routers.analysis.router
2026-06-19 02:36:21,524 - main - INFO - Included router: routers.auth.router
2026-06-19 02:36:21,546 - main - INFO - Included router: routers.custom_auth.router
2026-06-19 02:36:21,597 - main - INFO - Included router: routers.doctor_patients.router
2026-06-19 02:36:21,600 - main - INFO - Included router: routers.health.router
2026-06-19 02:36:21,664 - main - INFO - Included router: routers.invite.router
2026-06-19 02:36:21,680 - main - INFO - Included router: routers.reports.router
2026-06-19 02:36:21,703 - main - INFO - Included router: routers.settings.router
2026-06-19 02:36:21,756 - main - INFO - Included router: routers.storage.router
2026-06-19 02:36:21,767 - main - INFO - Included router: routers.user.router
2026-06-19 02:36:21,828 - main - INFO - Included router: routers.users_profiles.router
2026-06-19 02:36:21,830 - main - INFO - === Application startup initiated ===
2026-06-19 02:36:21,831 - services.database - INFO - Ignore creating tables
2026-06-19 02:36:21,831 - services.mock_data - INFO - Ignore initialize data
2026-06-19 02:36:21,831 - services.auth - INFO - Ignore initialize admin
2026-06-19 02:36:21,831 - main - INFO - === Application startup completed successfully ===
2026-06-19 02:37:20,989 - services.database - DEBUG - [DB_OP] Starting database close
2026-06-19 02:37:20,991 - services.database - INFO - Database connections closed
2026-06-19 02:37:20,991 - services.database - DEBUG - [DB_OP] Database close completed in 0.0020s
