2026-06-19 03:00:52,493 - main - INFO - === Logging system initialized ===
2026-06-19 03:00:52,493 - main - INFO - Log file: logs/app_20260619_030052.log
2026-06-19 03:00:52,493 - main - INFO - Log level: INFO
2026-06-19 03:00:52,493 - main - INFO - Timestamp: 20260619_030052
2026-06-19 03:00:53,275 - main - INFO - Included router: routers.aihub.router
2026-06-19 03:00:53,293 - main - INFO - Included router: routers.analysis.router
2026-06-19 03:00:53,305 - main - INFO - Included router: routers.auth.router
2026-06-19 03:00:53,319 - main - INFO - Included router: routers.custom_auth.router
2026-06-19 03:00:53,361 - main - INFO - Included router: routers.doctor_patients.router
2026-06-19 03:00:53,363 - main - INFO - Included router: routers.health.router
2026-06-19 03:00:53,417 - main - INFO - Included router: routers.invite.router
2026-06-19 03:00:53,429 - main - INFO - Included router: routers.reports.router
2026-06-19 03:00:53,449 - main - INFO - Included router: routers.settings.router
2026-06-19 03:00:53,480 - main - INFO - Included router: routers.storage.router
2026-06-19 03:00:53,487 - main - INFO - Included router: routers.user.router
2026-06-19 03:00:53,538 - main - INFO - Included router: routers.users_profiles.router
2026-06-19 03:00:53,540 - main - INFO - === Application startup initiated ===
2026-06-19 03:00:53,540 - services.database - INFO - Ignore creating tables
2026-06-19 03:00:53,540 - services.mock_data - INFO - Ignore initialize data
2026-06-19 03:00:53,540 - services.auth - INFO - Ignore initialize admin
2026-06-19 03:00:53,540 - main - INFO - === Application startup completed successfully ===
2026-06-19 03:02:32,379 - services.database - DEBUG - [DB_OP] Starting database close
2026-06-19 03:02:32,380 - services.database - INFO - Database connections closed
2026-06-19 03:02:32,380 - services.database - DEBUG - [DB_OP] Database close completed in 0.0006s
