2026-06-19 02:56:24,175 - main - INFO - === Logging system initialized ===
2026-06-19 02:56:24,175 - main - INFO - Log file: logs/app_20260619_025624.log
2026-06-19 02:56:24,176 - main - INFO - Log level: INFO
2026-06-19 02:56:24,176 - main - INFO - Timestamp: 20260619_025624
2026-06-19 02:56:25,194 - main - INFO - Included router: routers.aihub.router
2026-06-19 02:56:25,228 - main - INFO - Included router: routers.analysis.router
2026-06-19 02:56:25,243 - main - INFO - Included router: routers.auth.router
2026-06-19 02:56:25,256 - main - INFO - Included router: routers.custom_auth.router
2026-06-19 02:56:25,300 - main - INFO - Included router: routers.doctor_patients.router
2026-06-19 02:56:25,303 - main - INFO - Included router: routers.health.router
2026-06-19 02:56:25,357 - main - INFO - Included router: routers.invite.router
2026-06-19 02:56:25,370 - main - INFO - Included router: routers.reports.router
2026-06-19 02:56:25,389 - main - INFO - Included router: routers.settings.router
2026-06-19 02:56:25,432 - main - INFO - Included router: routers.storage.router
2026-06-19 02:56:25,440 - main - INFO - Included router: routers.user.router
2026-06-19 02:56:25,485 - main - INFO - Included router: routers.users_profiles.router
2026-06-19 02:56:25,487 - main - INFO - === Application startup initiated ===
2026-06-19 02:56:25,487 - services.database - INFO - Ignore creating tables
2026-06-19 02:56:25,487 - services.mock_data - INFO - Ignore initialize data
2026-06-19 02:56:25,487 - services.auth - INFO - Ignore initialize admin
2026-06-19 02:56:25,487 - main - INFO - === Application startup completed successfully ===
2026-06-19 02:56:38,526 - services.database - DEBUG - [DB_OP] Starting database close
2026-06-19 02:56:38,526 - services.database - INFO - Database connections closed
2026-06-19 02:56:38,526 - services.database - DEBUG - [DB_OP] Database close completed in 0.0005s
