2026-06-18 11:09:09,055 - main - INFO - === Logging system initialized ===
2026-06-18 11:09:09,055 - main - INFO - Log file: logs/app_20260618_110909.log
2026-06-18 11:09:09,055 - main - INFO - Log level: INFO
2026-06-18 11:09:09,055 - main - INFO - Timestamp: 20260618_110909
2026-06-18 11:09:09,927 - main - INFO - Included router: routers.aihub.router
2026-06-18 11:09:09,951 - main - INFO - Included router: routers.analysis.router
2026-06-18 11:09:09,966 - main - INFO - Included router: routers.auth.router
2026-06-18 11:09:09,979 - main - INFO - Included router: routers.custom_auth.router
2026-06-18 11:09:10,029 - main - INFO - Included router: routers.doctor_patients.router
2026-06-18 11:09:10,051 - main - INFO - Included router: routers.health.router
2026-06-18 11:09:10,111 - main - INFO - Included router: routers.invite.router
2026-06-18 11:09:10,124 - main - INFO - Included router: routers.reports.router
2026-06-18 11:09:10,146 - main - INFO - Included router: routers.settings.router
2026-06-18 11:09:10,182 - main - INFO - Included router: routers.storage.router
2026-06-18 11:09:10,191 - main - INFO - Included router: routers.user.router
2026-06-18 11:09:10,237 - main - INFO - Included router: routers.users_profiles.router
2026-06-18 11:09:10,239 - main - INFO - === Application startup initiated ===
2026-06-18 11:09:10,239 - services.database - INFO - Ignore creating tables
2026-06-18 11:09:10,239 - services.mock_data - INFO - Ignore initialize data
2026-06-18 11:09:10,239 - services.auth - INFO - Ignore initialize admin
2026-06-18 11:09:10,239 - main - INFO - === Application startup completed successfully ===
2026-06-18 11:10:13,785 - services.database - DEBUG - [DB_OP] Starting database close
2026-06-18 11:10:13,786 - services.database - INFO - Database connections closed
2026-06-18 11:10:13,786 - services.database - DEBUG - [DB_OP] Database close completed in 0.0005s
