2026-06-18 11:59:33,073 - main - INFO - === Logging system initialized ===
2026-06-18 11:59:33,073 - main - INFO - Log file: logs/app_20260618_115933.log
2026-06-18 11:59:33,073 - main - INFO - Log level: INFO
2026-06-18 11:59:33,073 - main - INFO - Timestamp: 20260618_115933
2026-06-18 11:59:33,809 - main - INFO - Included router: routers.aihub.router
2026-06-18 11:59:33,827 - main - INFO - Included router: routers.analysis.router
2026-06-18 11:59:33,838 - main - INFO - Included router: routers.auth.router
2026-06-18 11:59:33,850 - main - INFO - Included router: routers.custom_auth.router
2026-06-18 11:59:33,891 - main - INFO - Included router: routers.doctor_patients.router
2026-06-18 11:59:33,892 - main - INFO - Included router: routers.health.router
2026-06-18 11:59:33,943 - main - INFO - Included router: routers.invite.router
2026-06-18 11:59:33,954 - main - INFO - Included router: routers.reports.router
2026-06-18 11:59:33,971 - main - INFO - Included router: routers.settings.router
2026-06-18 11:59:34,002 - main - INFO - Included router: routers.storage.router
2026-06-18 11:59:34,042 - main - INFO - Included router: routers.user.router
2026-06-18 11:59:34,083 - main - INFO - Included router: routers.users_profiles.router
2026-06-18 11:59:34,084 - main - INFO - === Application startup initiated ===
2026-06-18 11:59:34,085 - services.database - INFO - Ignore creating tables
2026-06-18 11:59:34,085 - services.mock_data - INFO - Ignore initialize data
2026-06-18 11:59:34,085 - services.auth - INFO - Ignore initialize admin
2026-06-18 11:59:34,085 - main - INFO - === Application startup completed successfully ===
2026-06-18 12:18:52,575 - services.database - DEBUG - [DB_OP] Starting database close
2026-06-18 12:18:52,576 - services.database - INFO - Database connections closed
2026-06-18 12:18:52,576 - services.database - DEBUG - [DB_OP] Database close completed in 0.0007s
