2026-06-21 22:40:38,723 - main - INFO - === Logging system initialized ===
2026-06-21 22:40:38,723 - main - INFO - Log file: logs/app_20260621_224038.log
2026-06-21 22:40:38,723 - main - INFO - Log level: INFO
2026-06-21 22:40:38,723 - main - INFO - Timestamp: 20260621_224038
2026-06-21 22:40:39,501 - main - INFO - Included router: routers.aihub.router
2026-06-21 22:40:39,528 - main - INFO - Included router: routers.analysis.router
2026-06-21 22:40:39,544 - main - INFO - Included router: routers.auth.router
2026-06-21 22:40:39,559 - main - INFO - Included router: routers.custom_auth.router
2026-06-21 22:40:39,606 - main - INFO - Included router: routers.doctor_patients.router
2026-06-21 22:40:39,607 - main - INFO - Included router: routers.health.router
2026-06-21 22:40:39,666 - main - INFO - Included router: routers.invite.router
2026-06-21 22:40:39,679 - main - INFO - Included router: routers.reports.router
2026-06-21 22:40:39,699 - main - INFO - Included router: routers.settings.router
2026-06-21 22:40:39,738 - main - INFO - Included router: routers.storage.router
2026-06-21 22:40:39,747 - main - INFO - Included router: routers.user.router
2026-06-21 22:40:39,796 - main - INFO - Included router: routers.users_profiles.router
2026-06-21 22:40:39,798 - main - INFO - === Application startup initiated ===
2026-06-21 22:40:39,798 - services.database - INFO - Ignore creating tables
2026-06-21 22:40:39,798 - services.mock_data - INFO - Ignore initialize data
2026-06-21 22:40:39,798 - services.auth - INFO - Ignore initialize admin
2026-06-21 22:40:39,798 - main - INFO - === Application startup completed successfully ===
2026-06-21 22:45:08,626 - services.database - DEBUG - [DB_OP] Starting database close
2026-06-21 22:45:08,627 - services.database - INFO - Database connections closed
2026-06-21 22:45:08,627 - services.database - DEBUG - [DB_OP] Database close completed in 0.0005s
