2026-06-19 03:47:24,333 - main - INFO - === Logging system initialized ===
2026-06-19 03:47:24,334 - main - INFO - Log file: logs/app_20260619_034724.log
2026-06-19 03:47:24,334 - main - INFO - Log level: INFO
2026-06-19 03:47:24,334 - main - INFO - Timestamp: 20260619_034724
2026-06-19 03:47:25,184 - main - INFO - Included router: routers.aihub.router
2026-06-19 03:47:25,205 - main - INFO - Included router: routers.analysis.router
2026-06-19 03:47:25,219 - main - INFO - Included router: routers.auth.router
2026-06-19 03:47:25,231 - main - INFO - Included router: routers.custom_auth.router
2026-06-19 03:47:25,276 - main - INFO - Included router: routers.doctor_patients.router
2026-06-19 03:47:25,278 - main - INFO - Included router: routers.health.router
2026-06-19 03:47:25,338 - main - INFO - Included router: routers.invite.router
2026-06-19 03:47:25,351 - main - INFO - Included router: routers.reports.router
2026-06-19 03:47:25,371 - main - INFO - Included router: routers.settings.router
2026-06-19 03:47:25,405 - main - INFO - Included router: routers.storage.router
2026-06-19 03:47:25,414 - main - INFO - Included router: routers.user.router
2026-06-19 03:47:25,456 - main - INFO - Included router: routers.users_profiles.router
2026-06-19 03:47:25,457 - main - INFO - === Application startup initiated ===
2026-06-19 03:47:25,457 - services.database - INFO - Ignore creating tables
2026-06-19 03:47:25,458 - services.mock_data - INFO - Ignore initialize data
2026-06-19 03:47:25,458 - services.auth - INFO - Ignore initialize admin
2026-06-19 03:47:25,458 - main - INFO - === Application startup completed successfully ===
2026-06-19 03:50:01,463 - services.database - DEBUG - [DB_OP] Starting database close
2026-06-19 03:50:01,463 - services.database - INFO - Database connections closed
2026-06-19 03:50:01,464 - services.database - DEBUG - [DB_OP] Database close completed in 0.0007s
