2026-06-12 13:05:59,715 - main - INFO - === Logging system initialized ===
2026-06-12 13:05:59,715 - main - INFO - Log file: logs/app_20260612_130559.log
2026-06-12 13:05:59,715 - main - INFO - Log level: INFO
2026-06-12 13:05:59,716 - main - INFO - Timestamp: 20260612_130559
2026-06-12 13:06:00,668 - main - INFO - Included router: routers.aihub.router
2026-06-12 13:06:00,691 - main - INFO - Included router: routers.analysis.router
2026-06-12 13:06:00,708 - main - INFO - Included router: routers.auth.router
2026-06-12 13:06:00,723 - main - INFO - Included router: routers.custom_auth.router
2026-06-12 13:06:00,768 - main - INFO - Included router: routers.doctor_patients.router
2026-06-12 13:06:00,772 - main - INFO - Included router: routers.health.router
2026-06-12 13:06:00,833 - main - INFO - Included router: routers.invite.router
2026-06-12 13:06:00,847 - main - INFO - Included router: routers.reports.router
2026-06-12 13:06:00,871 - main - INFO - Included router: routers.settings.router
2026-06-12 13:06:00,911 - main - INFO - Included router: routers.storage.router
2026-06-12 13:06:00,922 - main - INFO - Included router: routers.user.router
2026-06-12 13:06:00,967 - main - INFO - Included router: routers.users_profiles.router
2026-06-12 13:06:00,970 - main - INFO - === Application startup initiated ===
2026-06-12 13:06:00,970 - services.database - INFO - Ignore creating tables
2026-06-12 13:06:00,970 - services.mock_data - INFO - Ignore initialize data
2026-06-12 13:06:00,970 - services.auth - INFO - Ignore initialize admin
2026-06-12 13:06:00,970 - main - INFO - === Application startup completed successfully ===
2026-06-12 13:20:41,076 - services.database - DEBUG - [DB_OP] Starting database close
2026-06-12 13:20:41,076 - services.database - INFO - Database connections closed
2026-06-12 13:20:41,076 - services.database - DEBUG - [DB_OP] Database close completed in 0.0007s
