2026-06-12 10:34:51,604 - main - INFO - === Logging system initialized ===
2026-06-12 10:34:51,604 - main - INFO - Log file: logs/app_20260612_103451.log
2026-06-12 10:34:51,605 - main - INFO - Log level: INFO
2026-06-12 10:34:51,605 - main - INFO - Timestamp: 20260612_103451
2026-06-12 10:34:52,530 - main - INFO - Included router: routers.aihub.router
2026-06-12 10:34:52,551 - main - INFO - Included router: routers.analysis.router
2026-06-12 10:34:52,564 - main - INFO - Included router: routers.auth.router
2026-06-12 10:34:52,610 - main - INFO - Included router: routers.doctor_patients.router
2026-06-12 10:34:52,612 - main - INFO - Included router: routers.health.router
2026-06-12 10:34:52,656 - main - INFO - Included router: routers.invite.router
2026-06-12 10:34:52,668 - main - INFO - Included router: routers.reports.router
2026-06-12 10:34:52,687 - main - INFO - Included router: routers.settings.router
2026-06-12 10:34:52,722 - main - INFO - Included router: routers.storage.router
2026-06-12 10:34:52,731 - main - INFO - Included router: routers.user.router
2026-06-12 10:34:52,778 - main - INFO - Included router: routers.users_profiles.router
2026-06-12 10:34:52,780 - main - INFO - === Application startup initiated ===
2026-06-12 10:34:52,780 - services.database - INFO - Ignore creating tables
2026-06-12 10:34:52,780 - services.mock_data - INFO - Ignore initialize data
2026-06-12 10:34:52,780 - services.auth - INFO - Ignore initialize admin
2026-06-12 10:34:52,780 - main - INFO - === Application startup completed successfully ===
2026-06-12 10:36:02,572 - dependencies.auth - DEBUG - Authentication required for request GET /api/v1/auth/me
2026-06-12 10:37:28,250 - services.database - DEBUG - [DB_OP] Starting database close
2026-06-12 10:37:28,250 - services.database - INFO - Database connections closed
2026-06-12 10:37:28,250 - services.database - DEBUG - [DB_OP] Database close completed in 0.0004s
