2026-06-26 22:35:12,241 - main - INFO - === Logging system initialized ===
2026-06-26 22:35:12,242 - main - INFO - Log file: logs/app_20260626_223512.log
2026-06-26 22:35:12,242 - main - INFO - Log level: INFO
2026-06-26 22:35:12,242 - main - INFO - Timestamp: 20260626_223512
2026-06-26 22:35:13,077 - main - INFO - Included router: routers.aihub.router
2026-06-26 22:35:13,097 - main - INFO - Included router: routers.analysis.router
2026-06-26 22:35:13,108 - main - INFO - Included router: routers.auth.router
2026-06-26 22:35:13,120 - main - INFO - Included router: routers.custom_auth.router
2026-06-26 22:35:13,172 - main - INFO - Included router: routers.doctor_patients.router
2026-06-26 22:35:13,175 - main - INFO - Included router: routers.health.router
2026-06-26 22:35:13,234 - main - INFO - Included router: routers.invite.router
2026-06-26 22:35:13,247 - main - INFO - Included router: routers.reports.router
2026-06-26 22:35:13,267 - main - INFO - Included router: routers.settings.router
2026-06-26 22:35:13,301 - main - INFO - Included router: routers.storage.router
2026-06-26 22:35:13,308 - main - INFO - Included router: routers.user.router
2026-06-26 22:35:13,352 - main - INFO - Included router: routers.users_profiles.router
2026-06-26 22:35:13,354 - main - INFO - === Application startup initiated ===
2026-06-26 22:35:13,354 - services.database - INFO - Ignore creating tables
2026-06-26 22:35:13,354 - services.mock_data - INFO - Ignore initialize data
2026-06-26 22:35:13,354 - services.auth - INFO - Ignore initialize admin
2026-06-26 22:35:13,354 - main - INFO - === Application startup completed successfully ===
2026-06-26 22:44:30,458 - services.database - DEBUG - [DB_OP] Starting database close
2026-06-26 22:44:30,458 - services.database - INFO - Database connections closed
2026-06-26 22:44:30,459 - services.database - DEBUG - [DB_OP] Database close completed in 0.0005s
