2026-06-13 09:48:17,842 - main - INFO - === Logging system initialized ===
2026-06-13 09:48:17,842 - main - INFO - Log file: logs/app_20260613_094817.log
2026-06-13 09:48:17,842 - main - INFO - Log level: INFO
2026-06-13 09:48:17,842 - main - INFO - Timestamp: 20260613_094817
2026-06-13 09:48:18,580 - main - INFO - Included router: routers.aihub.router
2026-06-13 09:48:18,597 - main - INFO - Included router: routers.analysis.router
2026-06-13 09:48:18,609 - main - INFO - Included router: routers.auth.router
2026-06-13 09:48:18,622 - main - INFO - Included router: routers.custom_auth.router
2026-06-13 09:48:18,667 - main - INFO - Included router: routers.doctor_patients.router
2026-06-13 09:48:18,668 - main - INFO - Included router: routers.health.router
2026-06-13 09:48:18,720 - main - INFO - Included router: routers.invite.router
2026-06-13 09:48:18,730 - main - INFO - Included router: routers.reports.router
2026-06-13 09:48:18,755 - main - INFO - Included router: routers.settings.router
2026-06-13 09:48:18,791 - main - INFO - Included router: routers.storage.router
2026-06-13 09:48:18,799 - main - INFO - Included router: routers.user.router
2026-06-13 09:48:18,848 - main - INFO - Included router: routers.users_profiles.router
2026-06-13 09:48:18,849 - main - INFO - === Application startup initiated ===
2026-06-13 09:48:18,849 - services.database - INFO - Ignore creating tables
2026-06-13 09:48:18,849 - services.mock_data - INFO - Ignore initialize data
2026-06-13 09:48:18,849 - services.auth - INFO - Ignore initialize admin
2026-06-13 09:48:18,850 - main - INFO - === Application startup completed successfully ===
2026-06-13 09:49:09,860 - services.database - DEBUG - [DB_OP] Starting database close
2026-06-13 09:49:09,861 - services.database - INFO - Database connections closed
2026-06-13 09:49:09,861 - services.database - DEBUG - [DB_OP] Database close completed in 0.0005s
