2026-06-18 08:55:03,739 - main - INFO - === Logging system initialized ===
2026-06-18 08:55:03,739 - main - INFO - Log file: logs/app_20260618_085503.log
2026-06-18 08:55:03,739 - main - INFO - Log level: INFO
2026-06-18 08:55:03,739 - main - INFO - Timestamp: 20260618_085503
2026-06-18 08:55:04,543 - main - INFO - Included router: routers.aihub.router
2026-06-18 08:55:04,563 - main - INFO - Included router: routers.analysis.router
2026-06-18 08:55:04,576 - main - INFO - Included router: routers.auth.router
2026-06-18 08:55:04,589 - main - INFO - Included router: routers.custom_auth.router
2026-06-18 08:55:04,633 - main - INFO - Included router: routers.doctor_patients.router
2026-06-18 08:55:04,635 - main - INFO - Included router: routers.health.router
2026-06-18 08:55:04,687 - main - INFO - Included router: routers.invite.router
2026-06-18 08:55:04,698 - main - INFO - Included router: routers.reports.router
2026-06-18 08:55:04,717 - main - INFO - Included router: routers.settings.router
2026-06-18 08:55:04,749 - main - INFO - Included router: routers.storage.router
2026-06-18 08:55:04,757 - main - INFO - Included router: routers.user.router
2026-06-18 08:55:04,801 - main - INFO - Included router: routers.users_profiles.router
2026-06-18 08:55:04,802 - main - INFO - === Application startup initiated ===
2026-06-18 08:55:04,802 - services.database - INFO - Ignore creating tables
2026-06-18 08:55:04,802 - services.mock_data - INFO - Ignore initialize data
2026-06-18 08:55:04,802 - services.auth - INFO - Ignore initialize admin
2026-06-18 08:55:04,802 - main - INFO - === Application startup completed successfully ===
2026-06-18 08:58:06,932 - services.database - DEBUG - [DB_OP] Starting database close
2026-06-18 08:58:06,932 - services.database - INFO - Database connections closed
2026-06-18 08:58:06,932 - services.database - DEBUG - [DB_OP] Database close completed in 0.0004s
