2026-06-13 09:44:13,635 - main - INFO - === Logging system initialized ===
2026-06-13 09:44:13,636 - main - INFO - Log file: logs/app_20260613_094413.log
2026-06-13 09:44:13,636 - main - INFO - Log level: INFO
2026-06-13 09:44:13,636 - main - INFO - Timestamp: 20260613_094413
2026-06-13 09:44:14,414 - main - INFO - Included router: routers.aihub.router
2026-06-13 09:44:14,438 - main - INFO - Included router: routers.analysis.router
2026-06-13 09:44:14,451 - main - INFO - Included router: routers.auth.router
2026-06-13 09:44:14,465 - main - INFO - Included router: routers.custom_auth.router
2026-06-13 09:44:14,521 - main - INFO - Included router: routers.doctor_patients.router
2026-06-13 09:44:14,523 - main - INFO - Included router: routers.health.router
2026-06-13 09:44:14,595 - main - INFO - Included router: routers.invite.router
2026-06-13 09:44:14,610 - main - INFO - Included router: routers.reports.router
2026-06-13 09:44:14,639 - main - INFO - Included router: routers.settings.router
2026-06-13 09:44:14,683 - main - INFO - Included router: routers.storage.router
2026-06-13 09:44:14,695 - main - INFO - Included router: routers.user.router
2026-06-13 09:44:14,785 - main - INFO - Included router: routers.users_profiles.router
2026-06-13 09:44:14,787 - main - INFO - === Application startup initiated ===
2026-06-13 09:44:14,787 - services.database - INFO - Ignore creating tables
2026-06-13 09:44:14,787 - services.mock_data - INFO - Ignore initialize data
2026-06-13 09:44:14,788 - services.auth - INFO - Ignore initialize admin
2026-06-13 09:44:14,788 - main - INFO - === Application startup completed successfully ===
2026-06-13 09:44:14,889 - services.database - DEBUG - [DB_OP] Starting database close
2026-06-13 09:44:14,889 - services.database - INFO - Database connections closed
2026-06-13 09:44:14,889 - services.database - DEBUG - [DB_OP] Database close completed in 0.0003s
