2026-06-19 03:04:37,985 - main - INFO - === Logging system initialized ===
2026-06-19 03:04:37,985 - main - INFO - Log file: logs/app_20260619_030437.log
2026-06-19 03:04:37,985 - main - INFO - Log level: INFO
2026-06-19 03:04:37,985 - main - INFO - Timestamp: 20260619_030437
2026-06-19 03:04:38,759 - main - INFO - Included router: routers.aihub.router
2026-06-19 03:04:38,784 - main - INFO - Included router: routers.analysis.router
2026-06-19 03:04:38,799 - main - INFO - Included router: routers.auth.router
2026-06-19 03:04:38,813 - main - INFO - Included router: routers.custom_auth.router
2026-06-19 03:04:38,859 - main - INFO - Included router: routers.doctor_patients.router
2026-06-19 03:04:38,861 - main - INFO - Included router: routers.health.router
2026-06-19 03:04:38,915 - main - INFO - Included router: routers.invite.router
2026-06-19 03:04:38,927 - main - INFO - Included router: routers.reports.router
2026-06-19 03:04:38,947 - main - INFO - Included router: routers.settings.router
2026-06-19 03:04:38,981 - main - INFO - Included router: routers.storage.router
2026-06-19 03:04:38,989 - main - INFO - Included router: routers.user.router
2026-06-19 03:04:39,034 - main - INFO - Included router: routers.users_profiles.router
2026-06-19 03:04:39,035 - main - INFO - === Application startup initiated ===
2026-06-19 03:04:39,035 - services.database - INFO - Ignore creating tables
2026-06-19 03:04:39,035 - services.mock_data - INFO - Ignore initialize data
2026-06-19 03:04:39,036 - services.auth - INFO - Ignore initialize admin
2026-06-19 03:04:39,036 - main - INFO - === Application startup completed successfully ===
2026-06-19 03:07:03,812 - services.database - DEBUG - [DB_OP] Starting database close
2026-06-19 03:07:03,812 - services.database - INFO - Database connections closed
2026-06-19 03:07:03,812 - services.database - DEBUG - [DB_OP] Database close completed in 0.0004s
