2026-06-13 09:49:24,470 - main - INFO - === Logging system initialized ===
2026-06-13 09:49:24,470 - main - INFO - Log file: logs/app_20260613_094924.log
2026-06-13 09:49:24,470 - main - INFO - Log level: INFO
2026-06-13 09:49:24,470 - main - INFO - Timestamp: 20260613_094924
2026-06-13 09:49:25,219 - main - INFO - Included router: routers.aihub.router
2026-06-13 09:49:25,236 - main - INFO - Included router: routers.analysis.router
2026-06-13 09:49:25,247 - main - INFO - Included router: routers.auth.router
2026-06-13 09:49:25,260 - main - INFO - Included router: routers.custom_auth.router
2026-06-13 09:49:25,302 - main - INFO - Included router: routers.doctor_patients.router
2026-06-13 09:49:25,306 - main - INFO - Included router: routers.health.router
2026-06-13 09:49:25,358 - main - INFO - Included router: routers.invite.router
2026-06-13 09:49:25,370 - main - INFO - Included router: routers.reports.router
2026-06-13 09:49:25,388 - main - INFO - Included router: routers.settings.router
2026-06-13 09:49:25,420 - main - INFO - Included router: routers.storage.router
2026-06-13 09:49:25,427 - main - INFO - Included router: routers.user.router
2026-06-13 09:49:25,469 - main - INFO - Included router: routers.users_profiles.router
2026-06-13 09:49:25,470 - main - INFO - === Application startup initiated ===
2026-06-13 09:49:25,470 - services.database - INFO - Ignore creating tables
2026-06-13 09:49:25,470 - services.mock_data - INFO - Ignore initialize data
2026-06-13 09:49:25,471 - services.auth - INFO - Ignore initialize admin
2026-06-13 09:49:25,471 - main - INFO - === Application startup completed successfully ===
2026-06-13 10:03:34,763 - services.database - DEBUG - [DB_OP] Starting database close
2026-06-13 10:03:34,763 - services.database - INFO - Database connections closed
2026-06-13 10:03:34,763 - services.database - DEBUG - [DB_OP] Database close completed in 0.0004s
