2026-06-13 09:44:20,421 - main - INFO - === Logging system initialized ===
2026-06-13 09:44:20,422 - main - INFO - Log file: logs/app_20260613_094420.log
2026-06-13 09:44:20,422 - main - INFO - Log level: INFO
2026-06-13 09:44:20,422 - main - INFO - Timestamp: 20260613_094420
2026-06-13 09:44:21,406 - main - INFO - Included router: routers.aihub.router
2026-06-13 09:44:21,427 - main - INFO - Included router: routers.analysis.router
2026-06-13 09:44:21,440 - main - INFO - Included router: routers.auth.router
2026-06-13 09:44:21,453 - main - INFO - Included router: routers.custom_auth.router
2026-06-13 09:44:21,497 - main - INFO - Included router: routers.doctor_patients.router
2026-06-13 09:44:21,499 - main - INFO - Included router: routers.health.router
2026-06-13 09:44:21,586 - main - INFO - Included router: routers.invite.router
2026-06-13 09:44:21,599 - main - INFO - Included router: routers.reports.router
2026-06-13 09:44:21,624 - main - INFO - Included router: routers.settings.router
2026-06-13 09:44:21,668 - main - INFO - Included router: routers.storage.router
2026-06-13 09:44:21,677 - main - INFO - Included router: routers.user.router
2026-06-13 09:44:21,762 - main - INFO - Included router: routers.users_profiles.router
2026-06-13 09:44:21,763 - main - INFO - === Application startup initiated ===
2026-06-13 09:44:21,763 - services.database - INFO - Ignore creating tables
2026-06-13 09:44:21,763 - services.mock_data - INFO - Ignore initialize data
2026-06-13 09:44:21,763 - services.auth - INFO - Ignore initialize admin
2026-06-13 09:44:21,764 - main - INFO - === Application startup completed successfully ===
2026-06-13 09:45:04,164 - services.database - DEBUG - [DB_OP] Starting database close
2026-06-13 09:45:04,165 - services.database - INFO - Database connections closed
2026-06-13 09:45:04,165 - services.database - DEBUG - [DB_OP] Database close completed in 0.0010s
