2026-06-18 09:36:08,424 - main - INFO - === Logging system initialized ===
2026-06-18 09:36:08,424 - main - INFO - Log file: logs/app_20260618_093608.log
2026-06-18 09:36:08,424 - main - INFO - Log level: INFO
2026-06-18 09:36:08,425 - main - INFO - Timestamp: 20260618_093608
2026-06-18 09:36:09,232 - main - INFO - Included router: routers.aihub.router
2026-06-18 09:36:09,343 - main - INFO - Included router: routers.analysis.router
2026-06-18 09:36:09,355 - main - INFO - Included router: routers.auth.router
2026-06-18 09:36:09,369 - main - INFO - Included router: routers.custom_auth.router
2026-06-18 09:36:09,412 - main - INFO - Included router: routers.doctor_patients.router
2026-06-18 09:36:09,413 - main - INFO - Included router: routers.health.router
2026-06-18 09:36:09,468 - main - INFO - Included router: routers.invite.router
2026-06-18 09:36:09,480 - main - INFO - Included router: routers.reports.router
2026-06-18 09:36:09,499 - main - INFO - Included router: routers.settings.router
2026-06-18 09:36:09,537 - main - INFO - Included router: routers.storage.router
2026-06-18 09:36:09,548 - main - INFO - Included router: routers.user.router
2026-06-18 09:36:09,591 - main - INFO - Included router: routers.users_profiles.router
2026-06-18 09:36:09,592 - main - INFO - === Application startup initiated ===
2026-06-18 09:36:09,592 - services.database - INFO - Ignore creating tables
2026-06-18 09:36:09,593 - services.mock_data - INFO - Ignore initialize data
2026-06-18 09:36:09,593 - services.auth - INFO - Ignore initialize admin
2026-06-18 09:36:09,593 - main - INFO - === Application startup completed successfully ===
2026-06-18 09:38:16,202 - services.database - DEBUG - [DB_OP] Starting database close
2026-06-18 09:38:16,202 - services.database - INFO - Database connections closed
2026-06-18 09:38:16,202 - services.database - DEBUG - [DB_OP] Database close completed in 0.0003s
