2026-07-07 02:13:15,141 - main - INFO - === Logging system initialized ===
2026-07-07 02:13:15,141 - main - INFO - Log file: logs/app_20260707_021315.log
2026-07-07 02:13:15,141 - main - INFO - Log level: INFO
2026-07-07 02:13:15,141 - main - INFO - Timestamp: 20260707_021315
2026-07-07 02:13:15,895 - main - INFO - Included router: routers.aihub.router
2026-07-07 02:13:15,917 - main - INFO - Included router: routers.analysis.router
2026-07-07 02:13:15,927 - main - INFO - Included router: routers.auth.router
2026-07-07 02:13:15,939 - main - INFO - Included router: routers.custom_auth.router
2026-07-07 02:13:15,983 - main - INFO - Included router: routers.doctor_patients.router
2026-07-07 02:13:15,985 - main - INFO - Included router: routers.health.router
2026-07-07 02:13:16,045 - main - INFO - Included router: routers.invite.router
2026-07-07 02:13:16,065 - main - INFO - Included router: routers.reports.router
2026-07-07 02:13:16,083 - main - INFO - Included router: routers.settings.router
2026-07-07 02:13:16,116 - main - INFO - Included router: routers.storage.router
2026-07-07 02:13:16,123 - main - INFO - Included router: routers.user.router
2026-07-07 02:13:16,167 - main - INFO - Included router: routers.users_profiles.router
2026-07-07 02:13:16,168 - main - INFO - === Application startup initiated ===
2026-07-07 02:13:16,168 - services.database - INFO - Ignore creating tables
2026-07-07 02:13:16,169 - services.mock_data - INFO - Ignore initialize data
2026-07-07 02:13:16,169 - services.auth - INFO - Ignore initialize admin
2026-07-07 02:13:16,169 - main - INFO - === Application startup completed successfully ===
2026-07-07 02:20:11,606 - services.database - DEBUG - [DB_OP] Starting database close
2026-07-07 02:20:11,607 - services.database - INFO - Database connections closed
2026-07-07 02:20:11,607 - services.database - DEBUG - [DB_OP] Database close completed in 0.0005s
