2026-06-18 09:10:37,148 - main - INFO - === Logging system initialized ===
2026-06-18 09:10:37,148 - main - INFO - Log file: logs/app_20260618_091037.log
2026-06-18 09:10:37,148 - main - INFO - Log level: INFO
2026-06-18 09:10:37,148 - main - INFO - Timestamp: 20260618_091037
2026-06-18 09:10:37,813 - main - INFO - Included router: routers.aihub.router
2026-06-18 09:10:37,835 - main - INFO - Included router: routers.analysis.router
2026-06-18 09:10:37,846 - main - INFO - Included router: routers.auth.router
2026-06-18 09:10:37,859 - main - INFO - Included router: routers.custom_auth.router
2026-06-18 09:10:37,901 - main - INFO - Included router: routers.doctor_patients.router
2026-06-18 09:10:37,902 - main - INFO - Included router: routers.health.router
2026-06-18 09:10:37,958 - main - INFO - Included router: routers.invite.router
2026-06-18 09:10:37,979 - main - INFO - Included router: routers.reports.router
2026-06-18 09:10:38,002 - main - INFO - Included router: routers.settings.router
2026-06-18 09:10:38,085 - main - INFO - Included router: routers.storage.router
2026-06-18 09:10:38,094 - main - INFO - Included router: routers.user.router
2026-06-18 09:10:38,142 - main - INFO - Included router: routers.users_profiles.router
2026-06-18 09:10:38,143 - main - INFO - === Application startup initiated ===
2026-06-18 09:10:38,144 - services.database - INFO - Ignore creating tables
2026-06-18 09:10:38,144 - services.mock_data - INFO - Ignore initialize data
2026-06-18 09:10:38,144 - services.auth - INFO - Ignore initialize admin
2026-06-18 09:10:38,144 - main - INFO - === Application startup completed successfully ===
2026-06-18 09:10:43,458 - services.database - DEBUG - [DB_OP] Starting database close
2026-06-18 09:10:43,459 - services.database - INFO - Database connections closed
2026-06-18 09:10:43,459 - services.database - DEBUG - [DB_OP] Database close completed in 0.0004s
