2026-06-30 03:30:08,838 - main - INFO - === Logging system initialized ===
2026-06-30 03:30:08,838 - main - INFO - Log file: logs/app_20260630_033008.log
2026-06-30 03:30:08,838 - main - INFO - Log level: INFO
2026-06-30 03:30:08,839 - main - INFO - Timestamp: 20260630_033008
2026-06-30 03:30:09,764 - main - INFO - Included router: routers.aihub.router
2026-06-30 03:30:09,787 - main - INFO - Included router: routers.analysis.router
2026-06-30 03:30:09,802 - main - INFO - Included router: routers.auth.router
2026-06-30 03:30:09,819 - main - INFO - Included router: routers.custom_auth.router
2026-06-30 03:30:09,866 - main - INFO - Included router: routers.doctor_patients.router
2026-06-30 03:30:09,869 - main - INFO - Included router: routers.health.router
2026-06-30 03:30:09,932 - main - INFO - Included router: routers.invite.router
2026-06-30 03:30:09,945 - main - INFO - Included router: routers.reports.router
2026-06-30 03:30:09,965 - main - INFO - Included router: routers.settings.router
2026-06-30 03:30:10,005 - main - INFO - Included router: routers.storage.router
2026-06-30 03:30:10,042 - main - INFO - Included router: routers.user.router
2026-06-30 03:30:10,087 - main - INFO - Included router: routers.users_profiles.router
2026-06-30 03:30:10,089 - main - INFO - === Application startup initiated ===
2026-06-30 03:30:10,089 - services.database - INFO - Ignore creating tables
2026-06-30 03:30:10,089 - services.mock_data - INFO - Ignore initialize data
2026-06-30 03:30:10,089 - services.auth - INFO - Ignore initialize admin
2026-06-30 03:30:10,089 - main - INFO - === Application startup completed successfully ===
2026-06-30 03:31:21,275 - services.database - DEBUG - [DB_OP] Starting database close
2026-06-30 03:31:21,275 - services.database - INFO - Database connections closed
2026-06-30 03:31:21,275 - services.database - DEBUG - [DB_OP] Database close completed in 0.0004s
