2026-06-18 09:18:33,085 - main - INFO - === Logging system initialized ===
2026-06-18 09:18:33,086 - main - INFO - Log file: logs/app_20260618_091833.log
2026-06-18 09:18:33,086 - main - INFO - Log level: INFO
2026-06-18 09:18:33,086 - main - INFO - Timestamp: 20260618_091833
2026-06-18 09:18:33,683 - main - INFO - Included router: routers.aihub.router
2026-06-18 09:18:33,700 - main - INFO - Included router: routers.analysis.router
2026-06-18 09:18:33,713 - main - INFO - Included router: routers.auth.router
2026-06-18 09:18:33,725 - main - INFO - Included router: routers.custom_auth.router
2026-06-18 09:18:33,766 - main - INFO - Included router: routers.doctor_patients.router
2026-06-18 09:18:33,767 - main - INFO - Included router: routers.health.router
2026-06-18 09:18:33,833 - main - INFO - Included router: routers.invite.router
2026-06-18 09:18:33,847 - main - INFO - Included router: routers.reports.router
2026-06-18 09:18:33,867 - main - INFO - Included router: routers.settings.router
2026-06-18 09:18:33,905 - main - INFO - Included router: routers.storage.router
2026-06-18 09:18:33,912 - main - INFO - Included router: routers.user.router
2026-06-18 09:18:33,954 - main - INFO - Included router: routers.users_profiles.router
2026-06-18 09:18:33,955 - main - INFO - === Application startup initiated ===
2026-06-18 09:18:33,955 - services.database - INFO - Ignore creating tables
2026-06-18 09:18:33,955 - services.mock_data - INFO - Ignore initialize data
2026-06-18 09:18:33,955 - services.auth - INFO - Ignore initialize admin
2026-06-18 09:18:33,955 - main - INFO - === Application startup completed successfully ===
2026-06-18 09:19:20,507 - services.database - DEBUG - [DB_OP] Starting database close
2026-06-18 09:19:20,508 - services.database - INFO - Database connections closed
2026-06-18 09:19:20,508 - services.database - DEBUG - [DB_OP] Database close completed in 0.0007s
