2026-07-03 02:18:49,726 - main - INFO - === Logging system initialized ===
2026-07-03 02:18:49,726 - main - INFO - Log file: logs/app_20260703_021849.log
2026-07-03 02:18:49,727 - main - INFO - Log level: INFO
2026-07-03 02:18:49,727 - main - INFO - Timestamp: 20260703_021849
2026-07-03 02:18:50,572 - main - INFO - Included router: routers.aihub.router
2026-07-03 02:18:50,589 - main - INFO - Included router: routers.analysis.router
2026-07-03 02:18:50,599 - main - INFO - Included router: routers.auth.router
2026-07-03 02:18:50,612 - main - INFO - Included router: routers.custom_auth.router
2026-07-03 02:18:50,665 - main - INFO - Included router: routers.doctor_patients.router
2026-07-03 02:18:50,668 - main - INFO - Included router: routers.health.router
2026-07-03 02:18:50,733 - main - INFO - Included router: routers.invite.router
2026-07-03 02:18:50,750 - main - INFO - Included router: routers.reports.router
2026-07-03 02:18:50,770 - main - INFO - Included router: routers.settings.router
2026-07-03 02:18:50,807 - main - INFO - Included router: routers.storage.router
2026-07-03 02:18:50,815 - main - INFO - Included router: routers.user.router
2026-07-03 02:18:50,862 - main - INFO - Included router: routers.users_profiles.router
2026-07-03 02:18:50,864 - main - INFO - === Application startup initiated ===
2026-07-03 02:18:50,864 - services.database - INFO - Ignore creating tables
2026-07-03 02:18:50,864 - services.mock_data - INFO - Ignore initialize data
2026-07-03 02:18:50,864 - services.auth - INFO - Ignore initialize admin
2026-07-03 02:18:50,864 - main - INFO - === Application startup completed successfully ===
2026-07-03 02:20:34,498 - services.database - DEBUG - [DB_OP] Starting database close
2026-07-03 02:20:34,499 - services.database - INFO - Database connections closed
2026-07-03 02:20:34,499 - services.database - DEBUG - [DB_OP] Database close completed in 0.0008s
