2026-06-12 12:18:04,734 - main - INFO - === Logging system initialized ===
2026-06-12 12:18:04,735 - main - INFO - Log file: logs/app_20260612_121804.log
2026-06-12 12:18:04,735 - main - INFO - Log level: INFO
2026-06-12 12:18:04,735 - main - INFO - Timestamp: 20260612_121804
2026-06-12 12:18:06,192 - main - INFO - Included router: routers.aihub.router
2026-06-12 12:18:06,219 - main - INFO - Included router: routers.analysis.router
2026-06-12 12:18:06,236 - main - INFO - Included router: routers.auth.router
2026-06-12 12:18:06,293 - main - INFO - Included router: routers.custom_auth.router
2026-06-12 12:18:06,351 - main - INFO - Included router: routers.doctor_patients.router
2026-06-12 12:18:06,356 - main - INFO - Included router: routers.health.router
2026-06-12 12:18:06,525 - main - INFO - Included router: routers.invite.router
2026-06-12 12:18:06,539 - main - INFO - Included router: routers.reports.router
2026-06-12 12:18:06,570 - main - INFO - Included router: routers.settings.router
2026-06-12 12:18:06,607 - main - INFO - Included router: routers.storage.router
2026-06-12 12:18:06,617 - main - INFO - Included router: routers.user.router
2026-06-12 12:18:06,668 - main - INFO - Included router: routers.users_profiles.router
2026-06-12 12:18:06,671 - main - INFO - === Application startup initiated ===
2026-06-12 12:18:06,671 - services.database - INFO - Ignore creating tables
2026-06-12 12:18:06,671 - services.mock_data - INFO - Ignore initialize data
2026-06-12 12:18:06,673 - services.auth - INFO - Ignore initialize admin
2026-06-12 12:18:06,673 - main - INFO - === Application startup completed successfully ===
2026-06-12 12:18:06,774 - services.database - DEBUG - [DB_OP] Starting database close
2026-06-12 12:18:06,775 - services.database - INFO - Database connections closed
2026-06-12 12:18:06,775 - services.database - DEBUG - [DB_OP] Database close completed in 0.0011s
