2026-06-30 03:30:06,129 - main - INFO - === Logging system initialized ===
2026-06-30 03:30:06,129 - main - INFO - Log file: logs/app_20260630_033006.log
2026-06-30 03:30:06,129 - main - INFO - Log level: INFO
2026-06-30 03:30:06,129 - main - INFO - Timestamp: 20260630_033006
2026-06-30 03:30:06,923 - main - INFO - Included router: routers.aihub.router
2026-06-30 03:30:06,941 - main - INFO - Included router: routers.analysis.router
2026-06-30 03:30:06,953 - main - INFO - Included router: routers.auth.router
2026-06-30 03:30:06,966 - main - INFO - Included router: routers.custom_auth.router
2026-06-30 03:30:07,008 - main - INFO - Included router: routers.doctor_patients.router
2026-06-30 03:30:07,036 - main - INFO - Included router: routers.health.router
2026-06-30 03:30:07,095 - main - INFO - Included router: routers.invite.router
2026-06-30 03:30:07,106 - main - INFO - Included router: routers.reports.router
2026-06-30 03:30:07,142 - main - INFO - Included router: routers.settings.router
2026-06-30 03:30:07,181 - main - INFO - Included router: routers.storage.router
2026-06-30 03:30:07,190 - main - INFO - Included router: routers.user.router
2026-06-30 03:30:07,239 - main - INFO - Included router: routers.users_profiles.router
2026-06-30 03:30:08,935 - watchfiles.main - DEBUG - 1 change detected: {(<Change.added: 1>, '/workspace/app/backend/logs/app_20260630_033008.log')}
2026-06-30 03:30:09,286 - watchfiles.main - DEBUG - 1 change detected: {(<Change.modified: 2>, '/workspace/app/backend/logs/app_20260630_033006.log')}
2026-06-30 03:30:09,637 - watchfiles.main - DEBUG - 1 change detected: {(<Change.modified: 2>, '/workspace/app/backend/logs/app_20260630_033006.log')}
2026-06-30 03:30:09,988 - watchfiles.main - DEBUG - 2 changes detected: {(<Change.modified: 2>, '/workspace/app/backend/logs/app_20260630_033008.log'), (<Change.modified: 2>, '/workspace/app/backend/logs/app_20260630_033006.log')}
2026-06-30 03:30:10,340 - watchfiles.main - DEBUG - 2 changes detected: {(<Change.modified: 2>, '/workspace/app/backend/logs/app_20260630_033008.log'), (<Change.modified: 2>, '/workspace/app/backend/logs/app_20260630_033006.log')}
2026-06-30 03:30:10,691 - watchfiles.main - DEBUG - 1 change detected: {(<Change.modified: 2>, '/workspace/app/backend/logs/app_20260630_033006.log')}
2026-06-30 03:30:11,042 - watchfiles.main - DEBUG - 1 change detected: {(<Change.modified: 2>, '/workspace/app/backend/logs/app_20260630_033006.log')}
2026-06-30 03:30:11,393 - watchfiles.main - DEBUG - 1 change detected: {(<Change.modified: 2>, '/workspace/app/backend/logs/app_20260630_033006.log')}
2026-06-30 03:30:11,744 - watchfiles.main - DEBUG - 1 change detected: {(<Change.modified: 2>, '/workspace/app/backend/logs/app_20260630_033006.log')}
2026-06-30 03:30:12,095 - watchfiles.main - DEBUG - 1 change detected: {(<Change.modified: 2>, '/workspace/app/backend/logs/app_20260630_033006.log')}
2026-06-30 03:30:12,446 - watchfiles.main - DEBUG - 1 change detected: {(<Change.modified: 2>, '/workspace/app/backend/logs/app_20260630_033006.log')}
2026-06-30 03:30:12,797 - watchfiles.main - DEBUG - 1 change detected: {(<Change.modified: 2>, '/workspace/app/backend/logs/app_20260630_033006.log')}
2026-06-30 03:30:13,148 - watchfiles.main - DEBUG - 1 change detected: {(<Change.modified: 2>, '/workspace/app/backend/logs/app_20260630_033006.log')}
2026-06-30 03:30:13,499 - watchfiles.main - DEBUG - 1 change detected: {(<Change.modified: 2>, '/workspace/app/backend/logs/app_20260630_033006.log')}
2026-06-30 03:30:13,850 - watchfiles.main - DEBUG - 1 change detected: {(<Change.modified: 2>, '/workspace/app/backend/logs/app_20260630_033006.log')}
2026-06-30 03:30:14,201 - watchfiles.main - DEBUG - 1 change detected: {(<Change.modified: 2>, '/workspace/app/backend/logs/app_20260630_033006.log')}
2026-06-30 03:30:14,552 - watchfiles.main - DEBUG - 1 change detected: {(<Change.modified: 2>, '/workspace/app/backend/logs/app_20260630_033006.log')}
2026-06-30 03:30:14,903 - watchfiles.main - DEBUG - 1 change detected: {(<Change.modified: 2>, '/workspace/app/backend/logs/app_20260630_033006.log')}
2026-06-30 03:30:15,254 - watchfiles.main - DEBUG - 1 change detected: {(<Change.modified: 2>, '/workspace/app/backend/logs/app_20260630_033006.log')}
2026-06-30 03:30:15,605 - watchfiles.main - DEBUG - 1 change detected: {(<Change.modified: 2>, '/workspace/app/backend/logs/app_20260630_033006.log')}
2026-06-30 03:30:15,956 - watchfiles.main - DEBUG - 1 change detected: {(<Change.modified: 2>, '/workspace/app/backend/logs/app_20260630_033006.log')}
2026-06-30 03:30:16,307 - watchfiles.main - DEBUG - 1 change detected: {(<Change.modified: 2>, '/workspace/app/backend/logs/app_20260630_033006.log')}
2026-06-30 03:30:16,658 - watchfiles.main - DEBUG - 1 change detected: {(<Change.modified: 2>, '/workspace/app/backend/logs/app_20260630_033006.log')}
2026-06-30 03:30:17,009 - watchfiles.main - DEBUG - 1 change detected: {(<Change.modified: 2>, '/workspace/app/backend/logs/app_20260630_033006.log')}
2026-06-30 03:30:17,360 - watchfiles.main - DEBUG - 1 change detected: {(<Change.modified: 2>, '/workspace/app/backend/logs/app_20260630_033006.log')}
2026-06-30 03:30:17,711 - watchfiles.main - DEBUG - 1 change detected: {(<Change.modified: 2>, '/workspace/app/backend/logs/app_20260630_033006.log')}
2026-06-30 03:30:18,062 - watchfiles.main - DEBUG - 1 change detected: {(<Change.modified: 2>, '/workspace/app/backend/logs/app_20260630_033006.log')}
2026-06-30 03:30:18,413 - watchfiles.main - DEBUG - 1 change detected: {(<Change.modified: 2>, '/workspace/app/backend/logs/app_20260630_033006.log')}
2026-06-30 03:30:18,764 - watchfiles.main - DEBUG - 1 change detected: {(<Change.modified: 2>, '/workspace/app/backend/logs/app_20260630_033006.log')}
2026-06-30 03:30:19,115 - watchfiles.main - DEBUG - 1 change detected: {(<Change.modified: 2>, '/workspace/app/backend/logs/app_20260630_033006.log')}
2026-06-30 03:30:19,466 - watchfiles.main - DEBUG - 1 change detected: {(<Change.modified: 2>, '/workspace/app/backend/logs/app_20260630_033006.log')}
2026-06-30 03:30:19,817 - watchfiles.main - DEBUG - 1 change detected: {(<Change.modified: 2>, '/workspace/app/backend/logs/app_20260630_033006.log')}
2026-06-30 03:30:20,168 - watchfiles.main - DEBUG - 1 change detected: {(<Change.modified: 2>, '/workspace/app/backend/logs/app_20260630_033006.log')}
2026-06-30 03:30:20,519 - watchfiles.main - DEBUG - 1 change detected: {(<Change.modified: 2>, '/workspace/app/backend/logs/app_20260630_033006.log')}
2026-06-30 03:30:20,870 - watchfiles.main - DEBUG - 1 change detected: {(<Change.modified: 2>, '/workspace/app/backend/logs/app_20260630_033006.log')}
2026-06-30 03:30:21,221 - watchfiles.main - DEBUG - 1 change detected: {(<Change.modified: 2>, '/workspace/app/backend/logs/app_20260630_033006.log')}
2026-06-30 03:30:21,572 - watchfiles.main - DEBUG - 1 change detected: {(<Change.modified: 2>, '/workspace/app/backend/logs/app_20260630_033006.log')}
2026-06-30 03:30:21,923 - watchfiles.main - DEBUG - 1 change detected: {(<Change.modified: 2>, '/workspace/app/backend/logs/app_20260630_033006.log')}
2026-06-30 03:30:22,274 - watchfiles.main - DEBUG - 1 change detected: {(<Change.modified: 2>, '/workspace/app/backend/logs/app_20260630_033006.log')}
2026-06-30 03:30:22,625 - watchfiles.main - DEBUG - 1 change detected: {(<Change.modified: 2>, '/workspace/app/backend/logs/app_20260630_033006.log')}
2026-06-30 03:30:22,976 - watchfiles.main - DEBUG - 1 change detected: {(<Change.modified: 2>, '/workspace/app/backend/logs/app_20260630_033006.log')}
2026-06-30 03:30:23,327 - watchfiles.main - DEBUG - 1 change detected: {(<Change.modified: 2>, '/workspace/app/backend/logs/app_20260630_033006.log')}
2026-06-30 03:30:23,678 - watchfiles.main - DEBUG - 1 change detected: {(<Change.modified: 2>, '/workspace/app/backend/logs/app_20260630_033006.log')}
2026-06-30 03:30:24,029 - watchfiles.main - DEBUG - 1 change detected: {(<Change.modified: 2>, '/workspace/app/backend/logs/app_20260630_033006.log')}
2026-06-30 03:30:24,380 - watchfiles.main - DEBUG - 1 change detected: {(<Change.modified: 2>, '/workspace/app/backend/logs/app_20260630_033006.log')}
2026-06-30 03:30:24,731 - watchfiles.main - DEBUG - 1 change detected: {(<Change.modified: 2>, '/workspace/app/backend/logs/app_20260630_033006.log')}
2026-06-30 03:30:25,082 - watchfiles.main - DEBUG - 1 change detected: {(<Change.modified: 2>, '/workspace/app/backend/logs/app_20260630_033006.log')}
2026-06-30 03:30:25,433 - watchfiles.main - DEBUG - 1 change detected: {(<Change.modified: 2>, '/workspace/app/backend/logs/app_20260630_033006.log')}
2026-06-30 03:30:25,784 - watchfiles.main - DEBUG - 1 change detected: {(<Change.modified: 2>, '/workspace/app/backend/logs/app_20260630_033006.log')}
2026-06-30 03:30:26,134 - watchfiles.main - DEBUG - 1 change detected: {(<Change.modified: 2>, '/workspace/app/backend/logs/app_20260630_033006.log')}
2026-06-30 03:30:26,486 - watchfiles.main - DEBUG - 1 change detected: {(<Change.modified: 2>, '/workspace/app/backend/logs/app_20260630_033006.log')}
2026-06-30 03:30:26,837 - watchfiles.main - DEBUG - 1 change detected: {(<Change.modified: 2>, '/workspace/app/backend/logs/app_20260630_033006.log')}
2026-06-30 03:30:27,187 - watchfiles.main - DEBUG - 1 change detected: {(<Change.modified: 2>, '/workspace/app/backend/logs/app_20260630_033006.log')}
2026-06-30 03:30:27,538 - watchfiles.main - DEBUG - 1 change detected: {(<Change.modified: 2>, '/workspace/app/backend/logs/app_20260630_033006.log')}
2026-06-30 03:30:27,889 - watchfiles.main - DEBUG - 1 change detected: {(<Change.modified: 2>, '/workspace/app/backend/logs/app_20260630_033006.log')}
2026-06-30 03:30:28,240 - watchfiles.main - DEBUG - 1 change detected: {(<Change.modified: 2>, '/workspace/app/backend/logs/app_20260630_033006.log')}
2026-06-30 03:30:28,590 - watchfiles.main - DEBUG - 1 change detected: {(<Change.modified: 2>, '/workspace/app/backend/logs/app_20260630_033006.log')}
2026-06-30 03:30:28,941 - watchfiles.main - DEBUG - 1 change detected: {(<Change.modified: 2>, '/workspace/app/backend/logs/app_20260630_033006.log')}
2026-06-30 03:30:29,292 - watchfiles.main - DEBUG - 1 change detected: {(<Change.modified: 2>, '/workspace/app/backend/logs/app_20260630_033006.log')}
2026-06-30 03:30:29,643 - watchfiles.main - DEBUG - 1 change detected: {(<Change.modified: 2>, '/workspace/app/backend/logs/app_20260630_033006.log')}
2026-06-30 03:30:29,994 - watchfiles.main - DEBUG - 1 change detected: {(<Change.modified: 2>, '/workspace/app/backend/logs/app_20260630_033006.log')}
2026-06-30 03:30:30,345 - watchfiles.main - DEBUG - 1 change detected: {(<Change.modified: 2>, '/workspace/app/backend/logs/app_20260630_033006.log')}
2026-06-30 03:30:30,696 - watchfiles.main - DEBUG - 1 change detected: {(<Change.modified: 2>, '/workspace/app/backend/logs/app_20260630_033006.log')}
2026-06-30 03:30:31,047 - watchfiles.main - DEBUG - 1 change detected: {(<Change.modified: 2>, '/workspace/app/backend/logs/app_20260630_033006.log')}
2026-06-30 03:30:31,399 - watchfiles.main - DEBUG - 1 change detected: {(<Change.modified: 2>, '/workspace/app/backend/logs/app_20260630_033006.log')}
2026-06-30 03:30:31,750 - watchfiles.main - DEBUG - 1 change detected: {(<Change.modified: 2>, '/workspace/app/backend/logs/app_20260630_033006.log')}
2026-06-30 03:30:32,101 - watchfiles.main - DEBUG - 1 change detected: {(<Change.modified: 2>, '/workspace/app/backend/logs/app_20260630_033006.log')}
2026-06-30 03:30:32,452 - watchfiles.main - DEBUG - 1 change detected: {(<Change.modified: 2>, '/workspace/app/backend/logs/app_20260630_033006.log')}
2026-06-30 03:30:32,803 - watchfiles.main - DEBUG - 1 change detected: {(<Change.modified: 2>, '/workspace/app/backend/logs/app_20260630_033006.log')}
2026-06-30 03:30:33,153 - watchfiles.main - DEBUG - 1 change detected: {(<Change.modified: 2>, '/workspace/app/backend/logs/app_20260630_033006.log')}
2026-06-30 03:30:33,504 - watchfiles.main - DEBUG - 1 change detected: {(<Change.modified: 2>, '/workspace/app/backend/logs/app_20260630_033006.log')}
2026-06-30 03:30:33,855 - watchfiles.main - DEBUG - 1 change detected: {(<Change.modified: 2>, '/workspace/app/backend/logs/app_20260630_033006.log')}
2026-06-30 03:30:34,206 - watchfiles.main - DEBUG - 1 change detected: {(<Change.modified: 2>, '/workspace/app/backend/logs/app_20260630_033006.log')}
2026-06-30 03:30:34,557 - watchfiles.main - DEBUG - 1 change detected: {(<Change.modified: 2>, '/workspace/app/backend/logs/app_20260630_033006.log')}
2026-06-30 03:30:34,908 - watchfiles.main - DEBUG - 1 change detected: {(<Change.modified: 2>, '/workspace/app/backend/logs/app_20260630_033006.log')}
2026-06-30 03:30:35,259 - watchfiles.main - DEBUG - 1 change detected: {(<Change.modified: 2>, '/workspace/app/backend/logs/app_20260630_033006.log')}
2026-06-30 03:30:35,610 - watchfiles.main - DEBUG - 1 change detected: {(<Change.modified: 2>, '/workspace/app/backend/logs/app_20260630_033006.log')}
2026-06-30 03:30:35,961 - watchfiles.main - DEBUG - 1 change detected: {(<Change.modified: 2>, '/workspace/app/backend/logs/app_20260630_033006.log')}
2026-06-30 03:30:36,312 - watchfiles.main - DEBUG - 1 change detected: {(<Change.modified: 2>, '/workspace/app/backend/logs/app_20260630_033006.log')}
2026-06-30 03:30:36,663 - watchfiles.main - DEBUG - 1 change detected: {(<Change.modified: 2>, '/workspace/app/backend/logs/app_20260630_033006.log')}
2026-06-30 03:30:37,013 - watchfiles.main - DEBUG - 1 change detected: {(<Change.modified: 2>, '/workspace/app/backend/logs/app_20260630_033006.log')}
2026-06-30 03:30:37,364 - watchfiles.main - DEBUG - 1 change detected: {(<Change.modified: 2>, '/workspace/app/backend/logs/app_20260630_033006.log')}
2026-06-30 03:30:37,715 - watchfiles.main - DEBUG - 1 change detected: {(<Change.modified: 2>, '/workspace/app/backend/logs/app_20260630_033006.log')}
2026-06-30 03:30:38,066 - watchfiles.main - DEBUG - 1 change detected: {(<Change.modified: 2>, '/workspace/app/backend/logs/app_20260630_033006.log')}
2026-06-30 03:30:38,417 - watchfiles.main - DEBUG - 1 change detected: {(<Change.modified: 2>, '/workspace/app/backend/logs/app_20260630_033006.log')}
2026-06-30 03:30:38,768 - watchfiles.main - DEBUG - 1 change detected: {(<Change.modified: 2>, '/workspace/app/backend/logs/app_20260630_033006.log')}
2026-06-30 03:30:39,119 - watchfiles.main - DEBUG - 1 change detected: {(<Change.modified: 2>, '/workspace/app/backend/logs/app_20260630_033006.log')}
2026-06-30 03:30:39,470 - watchfiles.main - DEBUG - 1 change detected: {(<Change.modified: 2>, '/workspace/app/backend/logs/app_20260630_033006.log')}
2026-06-30 03:30:39,821 - watchfiles.main - DEBUG - 1 change detected: {(<Change.modified: 2>, '/workspace/app/backend/logs/app_20260630_033006.log')}
2026-06-30 03:30:40,172 - watchfiles.main - DEBUG - 1 change detected: {(<Change.modified: 2>, '/workspace/app/backend/logs/app_20260630_033006.log')}
2026-06-30 03:30:40,523 - watchfiles.main - DEBUG - 1 change detected: {(<Change.modified: 2>, '/workspace/app/backend/logs/app_20260630_033006.log')}
2026-06-30 03:30:40,874 - watchfiles.main - DEBUG - 1 change detected: {(<Change.modified: 2>, '/workspace/app/backend/logs/app_20260630_033006.log')}
2026-06-30 03:30:41,225 - watchfiles.main - DEBUG - 1 change detected: {(<Change.modified: 2>, '/workspace/app/backend/logs/app_20260630_033006.log')}
2026-06-30 03:30:41,576 - watchfiles.main - DEBUG - 1 change detected: {(<Change.modified: 2>, '/workspace/app/backend/logs/app_20260630_033006.log')}
2026-06-30 03:30:41,927 - watchfiles.main - DEBUG - 1 change detected: {(<Change.modified: 2>, '/workspace/app/backend/logs/app_20260630_033006.log')}
2026-06-30 03:30:42,277 - watchfiles.main - DEBUG - 1 change detected: {(<Change.modified: 2>, '/workspace/app/backend/logs/app_20260630_033006.log')}
2026-06-30 03:30:42,628 - watchfiles.main - DEBUG - 1 change detected: {(<Change.modified: 2>, '/workspace/app/backend/logs/app_20260630_033006.log')}
2026-06-30 03:30:42,979 - watchfiles.main - DEBUG - 1 change detected: {(<Change.modified: 2>, '/workspace/app/backend/logs/app_20260630_033006.log')}
2026-06-30 03:30:43,330 - watchfiles.main - DEBUG - 1 change detected: {(<Change.modified: 2>, '/workspace/app/backend/logs/app_20260630_033006.log')}
2026-06-30 03:30:43,681 - watchfiles.main - DEBUG - 1 change detected: {(<Change.modified: 2>, '/workspace/app/backend/logs/app_20260630_033006.log')}
2026-06-30 03:30:44,032 - watchfiles.main - DEBUG - 1 change detected: {(<Change.modified: 2>, '/workspace/app/backend/logs/app_20260630_033006.log')}
2026-06-30 03:30:44,383 - watchfiles.main - DEBUG - 1 change detected: {(<Change.modified: 2>, '/workspace/app/backend/logs/app_20260630_033006.log')}
2026-06-30 03:30:44,734 - watchfiles.main - DEBUG - 1 change detected: {(<Change.modified: 2>, '/workspace/app/backend/logs/app_20260630_033006.log')}
2026-06-30 03:30:45,085 - watchfiles.main - DEBUG - 1 change detected: {(<Change.modified: 2>, '/workspace/app/backend/logs/app_20260630_033006.log')}
2026-06-30 03:30:45,436 - watchfiles.main - DEBUG - 1 change detected: {(<Change.modified: 2>, '/workspace/app/backend/logs/app_20260630_033006.log')}
2026-06-30 03:30:45,787 - watchfiles.main - DEBUG - 1 change detected: {(<Change.modified: 2>, '/workspace/app/backend/logs/app_20260630_033006.log')}
2026-06-30 03:30:46,138 - watchfiles.main - DEBUG - 1 change detected: {(<Change.modified: 2>, '/workspace/app/backend/logs/app_20260630_033006.log')}
2026-06-30 03:30:46,488 - watchfiles.main - DEBUG - 1 change detected: {(<Change.modified: 2>, '/workspace/app/backend/logs/app_20260630_033006.log')}
2026-06-30 03:30:46,839 - watchfiles.main - DEBUG - 1 change detected: {(<Change.modified: 2>, '/workspace/app/backend/logs/app_20260630_033006.log')}
2026-06-30 03:30:47,190 - watchfiles.main - DEBUG - 1 change detected: {(<Change.modified: 2>, '/workspace/app/backend/logs/app_20260630_033006.log')}
2026-06-30 03:30:47,541 - watchfiles.main - DEBUG - 1 change detected: {(<Change.modified: 2>, '/workspace/app/backend/logs/app_20260630_033006.log')}
2026-06-30 03:30:47,892 - watchfiles.main - DEBUG - 1 change detected: {(<Change.modified: 2>, '/workspace/app/backend/logs/app_20260630_033006.log')}
2026-06-30 03:30:48,242 - watchfiles.main - DEBUG - 1 change detected: {(<Change.modified: 2>, '/workspace/app/backend/logs/app_20260630_033006.log')}
2026-06-30 03:30:48,593 - watchfiles.main - DEBUG - 1 change detected: {(<Change.modified: 2>, '/workspace/app/backend/logs/app_20260630_033006.log')}
2026-06-30 03:30:48,944 - watchfiles.main - DEBUG - 1 change detected: {(<Change.modified: 2>, '/workspace/app/backend/logs/app_20260630_033006.log')}
2026-06-30 03:30:49,295 - watchfiles.main - DEBUG - 1 change detected: {(<Change.modified: 2>, '/workspace/app/backend/logs/app_20260630_033006.log')}
2026-06-30 03:30:49,647 - watchfiles.main - DEBUG - 1 change detected: {(<Change.modified: 2>, '/workspace/app/backend/logs/app_20260630_033006.log')}
2026-06-30 03:30:49,997 - watchfiles.main - DEBUG - 1 change detected: {(<Change.modified: 2>, '/workspace/app/backend/logs/app_20260630_033006.log')}
2026-06-30 03:30:50,349 - watchfiles.main - DEBUG - 1 change detected: {(<Change.modified: 2>, '/workspace/app/backend/logs/app_20260630_033006.log')}
2026-06-30 03:30:50,700 - watchfiles.main - DEBUG - 1 change detected: {(<Change.modified: 2>, '/workspace/app/backend/logs/app_20260630_033006.log')}
2026-06-30 03:30:51,051 - watchfiles.main - DEBUG - 1 change detected: {(<Change.modified: 2>, '/workspace/app/backend/logs/app_20260630_033006.log')}
2026-06-30 03:30:51,401 - watchfiles.main - DEBUG - 1 change detected: {(<Change.modified: 2>, '/workspace/app/backend/logs/app_20260630_033006.log')}
2026-06-30 03:30:51,752 - watchfiles.main - DEBUG - 1 change detected: {(<Change.modified: 2>, '/workspace/app/backend/logs/app_20260630_033006.log')}
2026-06-30 03:30:52,103 - watchfiles.main - DEBUG - 1 change detected: {(<Change.modified: 2>, '/workspace/app/backend/logs/app_20260630_033006.log')}
2026-06-30 03:30:52,454 - watchfiles.main - DEBUG - 1 change detected: {(<Change.modified: 2>, '/workspace/app/backend/logs/app_20260630_033006.log')}
2026-06-30 03:30:52,805 - watchfiles.main - DEBUG - 1 change detected: {(<Change.modified: 2>, '/workspace/app/backend/logs/app_20260630_033006.log')}
2026-06-30 03:30:53,156 - watchfiles.main - DEBUG - 1 change detected: {(<Change.modified: 2>, '/workspace/app/backend/logs/app_20260630_033006.log')}
2026-06-30 03:30:53,507 - watchfiles.main - DEBUG - 1 change detected: {(<Change.modified: 2>, '/workspace/app/backend/logs/app_20260630_033006.log')}
2026-06-30 03:30:53,858 - watchfiles.main - DEBUG - 1 change detected: {(<Change.modified: 2>, '/workspace/app/backend/logs/app_20260630_033006.log')}
2026-06-30 03:30:54,209 - watchfiles.main - DEBUG - 1 change detected: {(<Change.modified: 2>, '/workspace/app/backend/logs/app_20260630_033006.log')}
2026-06-30 03:30:54,559 - watchfiles.main - DEBUG - 1 change detected: {(<Change.modified: 2>, '/workspace/app/backend/logs/app_20260630_033006.log')}
2026-06-30 03:30:54,911 - watchfiles.main - DEBUG - 1 change detected: {(<Change.modified: 2>, '/workspace/app/backend/logs/app_20260630_033006.log')}
2026-06-30 03:30:55,262 - watchfiles.main - DEBUG - 1 change detected: {(<Change.modified: 2>, '/workspace/app/backend/logs/app_20260630_033006.log')}
2026-06-30 03:30:55,613 - watchfiles.main - DEBUG - 1 change detected: {(<Change.modified: 2>, '/workspace/app/backend/logs/app_20260630_033006.log')}
2026-06-30 03:30:55,964 - watchfiles.main - DEBUG - 1 change detected: {(<Change.modified: 2>, '/workspace/app/backend/logs/app_20260630_033006.log')}
2026-06-30 03:30:56,315 - watchfiles.main - DEBUG - 1 change detected: {(<Change.modified: 2>, '/workspace/app/backend/logs/app_20260630_033006.log')}
2026-06-30 03:30:56,666 - watchfiles.main - DEBUG - 1 change detected: {(<Change.modified: 2>, '/workspace/app/backend/logs/app_20260630_033006.log')}
2026-06-30 03:30:57,017 - watchfiles.main - DEBUG - 1 change detected: {(<Change.modified: 2>, '/workspace/app/backend/logs/app_20260630_033006.log')}
2026-06-30 03:30:57,368 - watchfiles.main - DEBUG - 1 change detected: {(<Change.modified: 2>, '/workspace/app/backend/logs/app_20260630_033006.log')}
2026-06-30 03:30:57,719 - watchfiles.main - DEBUG - 1 change detected: {(<Change.modified: 2>, '/workspace/app/backend/logs/app_20260630_033006.log')}
2026-06-30 03:30:58,070 - watchfiles.main - DEBUG - 1 change detected: {(<Change.modified: 2>, '/workspace/app/backend/logs/app_20260630_033006.log')}
2026-06-30 03:30:58,421 - watchfiles.main - DEBUG - 1 change detected: {(<Change.modified: 2>, '/workspace/app/backend/logs/app_20260630_033006.log')}
2026-06-30 03:30:58,772 - watchfiles.main - DEBUG - 1 change detected: {(<Change.modified: 2>, '/workspace/app/backend/logs/app_20260630_033006.log')}
2026-06-30 03:30:59,123 - watchfiles.main - DEBUG - 1 change detected: {(<Change.modified: 2>, '/workspace/app/backend/logs/app_20260630_033006.log')}
2026-06-30 03:30:59,474 - watchfiles.main - DEBUG - 1 change detected: {(<Change.modified: 2>, '/workspace/app/backend/logs/app_20260630_033006.log')}
2026-06-30 03:30:59,825 - watchfiles.main - DEBUG - 1 change detected: {(<Change.modified: 2>, '/workspace/app/backend/logs/app_20260630_033006.log')}
2026-06-30 03:31:00,176 - watchfiles.main - DEBUG - 1 change detected: {(<Change.modified: 2>, '/workspace/app/backend/logs/app_20260630_033006.log')}
2026-06-30 03:31:00,527 - watchfiles.main - DEBUG - 1 change detected: {(<Change.modified: 2>, '/workspace/app/backend/logs/app_20260630_033006.log')}
2026-06-30 03:31:00,878 - watchfiles.main - DEBUG - 1 change detected: {(<Change.modified: 2>, '/workspace/app/backend/logs/app_20260630_033006.log')}
2026-06-30 03:31:01,229 - watchfiles.main - DEBUG - 1 change detected: {(<Change.modified: 2>, '/workspace/app/backend/logs/app_20260630_033006.log')}
2026-06-30 03:31:01,581 - watchfiles.main - DEBUG - 1 change detected: {(<Change.modified: 2>, '/workspace/app/backend/logs/app_20260630_033006.log')}
2026-06-30 03:31:01,932 - watchfiles.main - DEBUG - 1 change detected: {(<Change.modified: 2>, '/workspace/app/backend/logs/app_20260630_033006.log')}
2026-06-30 03:31:02,283 - watchfiles.main - DEBUG - 1 change detected: {(<Change.modified: 2>, '/workspace/app/backend/logs/app_20260630_033006.log')}
2026-06-30 03:31:02,634 - watchfiles.main - DEBUG - 1 change detected: {(<Change.modified: 2>, '/workspace/app/backend/logs/app_20260630_033006.log')}
2026-06-30 03:31:02,984 - watchfiles.main - DEBUG - 1 change detected: {(<Change.modified: 2>, '/workspace/app/backend/logs/app_20260630_033006.log')}
2026-06-30 03:31:03,335 - watchfiles.main - DEBUG - 1 change detected: {(<Change.modified: 2>, '/workspace/app/backend/logs/app_20260630_033006.log')}
2026-06-30 03:31:03,686 - watchfiles.main - DEBUG - 1 change detected: {(<Change.modified: 2>, '/workspace/app/backend/logs/app_20260630_033006.log')}
2026-06-30 03:31:04,037 - watchfiles.main - DEBUG - 1 change detected: {(<Change.modified: 2>, '/workspace/app/backend/logs/app_20260630_033006.log')}
2026-06-30 03:31:04,388 - watchfiles.main - DEBUG - 1 change detected: {(<Change.modified: 2>, '/workspace/app/backend/logs/app_20260630_033006.log')}
2026-06-30 03:31:04,740 - watchfiles.main - DEBUG - 1 change detected: {(<Change.modified: 2>, '/workspace/app/backend/logs/app_20260630_033006.log')}
2026-06-30 03:31:05,091 - watchfiles.main - DEBUG - 1 change detected: {(<Change.modified: 2>, '/workspace/app/backend/logs/app_20260630_033006.log')}
2026-06-30 03:31:05,442 - watchfiles.main - DEBUG - 1 change detected: {(<Change.modified: 2>, '/workspace/app/backend/logs/app_20260630_033006.log')}
2026-06-30 03:31:05,793 - watchfiles.main - DEBUG - 1 change detected: {(<Change.modified: 2>, '/workspace/app/backend/logs/app_20260630_033006.log')}
2026-06-30 03:31:06,144 - watchfiles.main - DEBUG - 1 change detected: {(<Change.modified: 2>, '/workspace/app/backend/logs/app_20260630_033006.log')}
2026-06-30 03:31:06,494 - watchfiles.main - DEBUG - 1 change detected: {(<Change.modified: 2>, '/workspace/app/backend/logs/app_20260630_033006.log')}
2026-06-30 03:31:06,845 - watchfiles.main - DEBUG - 1 change detected: {(<Change.modified: 2>, '/workspace/app/backend/logs/app_20260630_033006.log')}
2026-06-30 03:31:07,196 - watchfiles.main - DEBUG - 1 change detected: {(<Change.modified: 2>, '/workspace/app/backend/logs/app_20260630_033006.log')}
2026-06-30 03:31:07,547 - watchfiles.main - DEBUG - 1 change detected: {(<Change.modified: 2>, '/workspace/app/backend/logs/app_20260630_033006.log')}
2026-06-30 03:31:07,898 - watchfiles.main - DEBUG - 1 change detected: {(<Change.modified: 2>, '/workspace/app/backend/logs/app_20260630_033006.log')}
2026-06-30 03:31:08,249 - watchfiles.main - DEBUG - 1 change detected: {(<Change.modified: 2>, '/workspace/app/backend/logs/app_20260630_033006.log')}
2026-06-30 03:31:08,600 - watchfiles.main - DEBUG - 1 change detected: {(<Change.modified: 2>, '/workspace/app/backend/logs/app_20260630_033006.log')}
2026-06-30 03:31:08,951 - watchfiles.main - DEBUG - 1 change detected: {(<Change.modified: 2>, '/workspace/app/backend/logs/app_20260630_033006.log')}
2026-06-30 03:31:09,302 - watchfiles.main - DEBUG - 1 change detected: {(<Change.modified: 2>, '/workspace/app/backend/logs/app_20260630_033006.log')}
2026-06-30 03:31:09,653 - watchfiles.main - DEBUG - 1 change detected: {(<Change.modified: 2>, '/workspace/app/backend/logs/app_20260630_033006.log')}
2026-06-30 03:31:10,004 - watchfiles.main - DEBUG - 1 change detected: {(<Change.modified: 2>, '/workspace/app/backend/logs/app_20260630_033006.log')}
2026-06-30 03:31:10,355 - watchfiles.main - DEBUG - 1 change detected: {(<Change.modified: 2>, '/workspace/app/backend/logs/app_20260630_033006.log')}
2026-06-30 03:31:10,706 - watchfiles.main - DEBUG - 1 change detected: {(<Change.modified: 2>, '/workspace/app/backend/logs/app_20260630_033006.log')}
2026-06-30 03:31:11,057 - watchfiles.main - DEBUG - 1 change detected: {(<Change.modified: 2>, '/workspace/app/backend/logs/app_20260630_033006.log')}
2026-06-30 03:31:11,408 - watchfiles.main - DEBUG - 1 change detected: {(<Change.modified: 2>, '/workspace/app/backend/logs/app_20260630_033006.log')}
2026-06-30 03:31:11,759 - watchfiles.main - DEBUG - 1 change detected: {(<Change.modified: 2>, '/workspace/app/backend/logs/app_20260630_033006.log')}
2026-06-30 03:31:12,110 - watchfiles.main - DEBUG - 1 change detected: {(<Change.modified: 2>, '/workspace/app/backend/logs/app_20260630_033006.log')}
2026-06-30 03:31:12,461 - watchfiles.main - DEBUG - 1 change detected: {(<Change.modified: 2>, '/workspace/app/backend/logs/app_20260630_033006.log')}
2026-06-30 03:31:12,812 - watchfiles.main - DEBUG - 1 change detected: {(<Change.modified: 2>, '/workspace/app/backend/logs/app_20260630_033006.log')}
2026-06-30 03:31:13,163 - watchfiles.main - DEBUG - 1 change detected: {(<Change.modified: 2>, '/workspace/app/backend/logs/app_20260630_033006.log')}
2026-06-30 03:31:13,514 - watchfiles.main - DEBUG - 1 change detected: {(<Change.modified: 2>, '/workspace/app/backend/logs/app_20260630_033006.log')}
2026-06-30 03:31:13,865 - watchfiles.main - DEBUG - 1 change detected: {(<Change.modified: 2>, '/workspace/app/backend/logs/app_20260630_033006.log')}
2026-06-30 03:31:14,216 - watchfiles.main - DEBUG - 1 change detected: {(<Change.modified: 2>, '/workspace/app/backend/logs/app_20260630_033006.log')}
2026-06-30 03:31:14,567 - watchfiles.main - DEBUG - 1 change detected: {(<Change.modified: 2>, '/workspace/app/backend/logs/app_20260630_033006.log')}
2026-06-30 03:31:14,918 - watchfiles.main - DEBUG - 1 change detected: {(<Change.modified: 2>, '/workspace/app/backend/logs/app_20260630_033006.log')}
2026-06-30 03:31:15,269 - watchfiles.main - DEBUG - 1 change detected: {(<Change.modified: 2>, '/workspace/app/backend/logs/app_20260630_033006.log')}
2026-06-30 03:31:15,620 - watchfiles.main - DEBUG - 1 change detected: {(<Change.modified: 2>, '/workspace/app/backend/logs/app_20260630_033006.log')}
2026-06-30 03:31:15,970 - watchfiles.main - DEBUG - 1 change detected: {(<Change.modified: 2>, '/workspace/app/backend/logs/app_20260630_033006.log')}
2026-06-30 03:31:16,321 - watchfiles.main - DEBUG - 1 change detected: {(<Change.modified: 2>, '/workspace/app/backend/logs/app_20260630_033006.log')}
2026-06-30 03:31:16,672 - watchfiles.main - DEBUG - 1 change detected: {(<Change.modified: 2>, '/workspace/app/backend/logs/app_20260630_033006.log')}
2026-06-30 03:31:17,023 - watchfiles.main - DEBUG - 1 change detected: {(<Change.modified: 2>, '/workspace/app/backend/logs/app_20260630_033006.log')}
2026-06-30 03:31:17,374 - watchfiles.main - DEBUG - 1 change detected: {(<Change.modified: 2>, '/workspace/app/backend/logs/app_20260630_033006.log')}
2026-06-30 03:31:17,725 - watchfiles.main - DEBUG - 1 change detected: {(<Change.modified: 2>, '/workspace/app/backend/logs/app_20260630_033006.log')}
2026-06-30 03:31:18,077 - watchfiles.main - DEBUG - 1 change detected: {(<Change.modified: 2>, '/workspace/app/backend/logs/app_20260630_033006.log')}
2026-06-30 03:31:18,427 - watchfiles.main - DEBUG - 1 change detected: {(<Change.modified: 2>, '/workspace/app/backend/logs/app_20260630_033006.log')}
2026-06-30 03:31:18,778 - watchfiles.main - DEBUG - 1 change detected: {(<Change.modified: 2>, '/workspace/app/backend/logs/app_20260630_033006.log')}
2026-06-30 03:31:19,129 - watchfiles.main - DEBUG - 1 change detected: {(<Change.modified: 2>, '/workspace/app/backend/logs/app_20260630_033006.log')}
2026-06-30 03:31:19,480 - watchfiles.main - DEBUG - 1 change detected: {(<Change.modified: 2>, '/workspace/app/backend/logs/app_20260630_033006.log')}
2026-06-30 03:31:19,831 - watchfiles.main - DEBUG - 1 change detected: {(<Change.modified: 2>, '/workspace/app/backend/logs/app_20260630_033006.log')}
2026-06-30 03:31:20,182 - watchfiles.main - DEBUG - 1 change detected: {(<Change.modified: 2>, '/workspace/app/backend/logs/app_20260630_033006.log')}
2026-06-30 03:31:20,532 - watchfiles.main - DEBUG - 1 change detected: {(<Change.modified: 2>, '/workspace/app/backend/logs/app_20260630_033006.log')}
2026-06-30 03:31:20,883 - watchfiles.main - DEBUG - 1 change detected: {(<Change.modified: 2>, '/workspace/app/backend/logs/app_20260630_033006.log')}
