2026-06-12 10:15:42,178 - main - INFO - === Logging system initialized ===
2026-06-12 10:15:42,178 - main - INFO - Log file: logs/app_20260612_101542.log
2026-06-12 10:15:42,178 - main - INFO - Log level: INFO
2026-06-12 10:15:42,178 - main - INFO - Timestamp: 20260612_101542
2026-06-12 10:15:43,192 - main - INFO - Included router: routers.aihub.router
2026-06-12 10:15:43,211 - main - INFO - Included router: routers.analysis.router
2026-06-12 10:15:43,222 - main - INFO - Included router: routers.auth.router
2026-06-12 10:15:43,266 - main - INFO - Included router: routers.doctor_patients.router
2026-06-12 10:15:43,268 - main - INFO - Included router: routers.health.router
2026-06-12 10:15:43,283 - main - INFO - Included router: routers.invite.router
2026-06-12 10:15:43,295 - main - INFO - Included router: routers.reports.router
2026-06-12 10:15:43,313 - main - INFO - Included router: routers.settings.router
2026-06-12 10:15:43,347 - main - INFO - Included router: routers.storage.router
2026-06-12 10:15:43,356 - main - INFO - Included router: routers.user.router
2026-06-12 10:15:43,400 - main - INFO - Included router: routers.users_profiles.router
2026-06-12 10:15:43,401 - main - INFO - === Application startup initiated ===
2026-06-12 10:15:43,401 - services.database - INFO - Ignore creating tables
2026-06-12 10:15:43,402 - services.mock_data - INFO - Ignore initialize data
2026-06-12 10:15:43,402 - services.auth - INFO - Ignore initialize admin
2026-06-12 10:15:43,402 - main - INFO - === Application startup completed successfully ===
2026-06-12 10:21:11,587 - services.database - DEBUG - [DB_OP] Starting database close
2026-06-12 10:21:11,587 - services.database - INFO - Database connections closed
2026-06-12 10:21:11,587 - services.database - DEBUG - [DB_OP] Database close completed in 0.0004s
