2026-06-12 10:45:02,555 - main - INFO - === Logging system initialized ===
2026-06-12 10:45:02,555 - main - INFO - Log file: logs/app_20260612_104502.log
2026-06-12 10:45:02,555 - main - INFO - Log level: INFO
2026-06-12 10:45:02,555 - main - INFO - Timestamp: 20260612_104502
2026-06-12 10:45:03,291 - main - INFO - Included router: routers.aihub.router
2026-06-12 10:45:03,306 - main - INFO - Included router: routers.analysis.router
2026-06-12 10:45:03,316 - main - INFO - Included router: routers.auth.router
2026-06-12 10:45:03,363 - main - INFO - Included router: routers.doctor_patients.router
2026-06-12 10:45:03,365 - main - INFO - Included router: routers.health.router
2026-06-12 10:45:03,385 - main - INFO - Included router: routers.invite.router
2026-06-12 10:45:03,398 - main - INFO - Included router: routers.reports.router
2026-06-12 10:45:03,418 - main - INFO - Included router: routers.settings.router
2026-06-12 10:45:03,458 - main - INFO - Included router: routers.storage.router
2026-06-12 10:45:03,466 - main - INFO - Included router: routers.user.router
2026-06-12 10:45:03,510 - main - INFO - Included router: routers.users_profiles.router
2026-06-12 10:45:03,511 - main - INFO - === Application startup initiated ===
2026-06-12 10:45:03,511 - services.database - INFO - Ignore creating tables
2026-06-12 10:45:03,511 - services.mock_data - INFO - Ignore initialize data
2026-06-12 10:45:03,511 - services.auth - INFO - Ignore initialize admin
2026-06-12 10:45:03,511 - main - INFO - === Application startup completed successfully ===
2026-06-12 10:47:45,910 - services.database - DEBUG - [DB_OP] Starting database close
2026-06-12 10:47:45,910 - services.database - INFO - Database connections closed
2026-06-12 10:47:45,910 - services.database - DEBUG - [DB_OP] Database close completed in 0.0005s
