2026-06-15 03:01:13,963 - main - INFO - === Logging system initialized ===
2026-06-15 03:01:13,964 - main - INFO - Log file: logs/app_20260615_030113.log
2026-06-15 03:01:13,964 - main - INFO - Log level: INFO
2026-06-15 03:01:13,964 - main - INFO - Timestamp: 20260615_030113
2026-06-15 03:01:24,446 - main - INFO - Included router: routers.aihub.router
2026-06-15 03:01:24,522 - main - INFO - Included router: routers.analysis.router
2026-06-15 03:01:24,586 - main - INFO - Included router: routers.auth.router
2026-06-15 03:01:24,631 - main - INFO - Included router: routers.custom_auth.router
2026-06-15 03:01:24,734 - main - INFO - Included router: routers.doctor_patients.router
2026-06-15 03:01:24,760 - main - INFO - Included router: routers.health.router
2026-06-15 03:01:24,931 - main - INFO - Included router: routers.invite.router
2026-06-15 03:01:24,959 - main - INFO - Included router: routers.reports.router
2026-06-15 03:01:24,984 - main - INFO - Included router: routers.settings.router
2026-06-15 03:01:25,153 - main - INFO - Included router: routers.storage.router
2026-06-15 03:01:25,244 - main - INFO - Included router: routers.user.router
2026-06-15 03:01:25,331 - main - INFO - Included router: routers.users_profiles.router
2026-06-15 03:01:28,262 - watchfiles.main - DEBUG - 1 change detected: {(<Change.added: 1>, '/workspace/app/backend/logs/app_20260615_030128.log')}
2026-06-15 03:01:28,613 - watchfiles.main - DEBUG - 1 change detected: {(<Change.modified: 2>, '/workspace/app/backend/logs/app_20260615_030113.log')}
2026-06-15 03:01:28,964 - watchfiles.main - DEBUG - 1 change detected: {(<Change.modified: 2>, '/workspace/app/backend/logs/app_20260615_030113.log')}
2026-06-15 03:01:29,365 - watchfiles.main - DEBUG - 2 changes detected: {(<Change.modified: 2>, '/workspace/app/backend/logs/app_20260615_030128.log'), (<Change.modified: 2>, '/workspace/app/backend/logs/app_20260615_030113.log')}
2026-06-15 03:01:29,716 - watchfiles.main - DEBUG - 2 changes detected: {(<Change.modified: 2>, '/workspace/app/backend/logs/app_20260615_030128.log'), (<Change.modified: 2>, '/workspace/app/backend/logs/app_20260615_030113.log')}
2026-06-15 03:01:30,067 - watchfiles.main - DEBUG - 1 change detected: {(<Change.modified: 2>, '/workspace/app/backend/logs/app_20260615_030113.log')}
2026-06-15 03:01:30,417 - watchfiles.main - DEBUG - 1 change detected: {(<Change.modified: 2>, '/workspace/app/backend/logs/app_20260615_030113.log')}
2026-06-15 03:01:30,768 - watchfiles.main - DEBUG - 1 change detected: {(<Change.modified: 2>, '/workspace/app/backend/logs/app_20260615_030113.log')}
2026-06-15 03:01:31,119 - watchfiles.main - DEBUG - 1 change detected: {(<Change.modified: 2>, '/workspace/app/backend/logs/app_20260615_030113.log')}
2026-06-15 03:01:31,470 - watchfiles.main - DEBUG - 1 change detected: {(<Change.modified: 2>, '/workspace/app/backend/logs/app_20260615_030113.log')}
2026-06-15 03:01:31,821 - watchfiles.main - DEBUG - 1 change detected: {(<Change.modified: 2>, '/workspace/app/backend/logs/app_20260615_030113.log')}
2026-06-15 03:01:32,172 - watchfiles.main - DEBUG - 1 change detected: {(<Change.modified: 2>, '/workspace/app/backend/logs/app_20260615_030113.log')}
2026-06-15 03:01:32,523 - watchfiles.main - DEBUG - 1 change detected: {(<Change.modified: 2>, '/workspace/app/backend/logs/app_20260615_030113.log')}
2026-06-15 03:01:32,874 - watchfiles.main - DEBUG - 1 change detected: {(<Change.modified: 2>, '/workspace/app/backend/logs/app_20260615_030113.log')}
2026-06-15 03:01:33,225 - watchfiles.main - DEBUG - 1 change detected: {(<Change.modified: 2>, '/workspace/app/backend/logs/app_20260615_030113.log')}
2026-06-15 03:01:33,575 - watchfiles.main - DEBUG - 1 change detected: {(<Change.modified: 2>, '/workspace/app/backend/logs/app_20260615_030113.log')}
2026-06-15 03:01:33,926 - watchfiles.main - DEBUG - 1 change detected: {(<Change.modified: 2>, '/workspace/app/backend/logs/app_20260615_030113.log')}
2026-06-15 03:01:34,277 - watchfiles.main - DEBUG - 1 change detected: {(<Change.modified: 2>, '/workspace/app/backend/logs/app_20260615_030113.log')}
2026-06-15 03:01:34,628 - watchfiles.main - DEBUG - 1 change detected: {(<Change.modified: 2>, '/workspace/app/backend/logs/app_20260615_030113.log')}
2026-06-15 03:01:34,979 - watchfiles.main - DEBUG - 1 change detected: {(<Change.modified: 2>, '/workspace/app/backend/logs/app_20260615_030113.log')}
2026-06-15 03:01:35,330 - watchfiles.main - DEBUG - 1 change detected: {(<Change.modified: 2>, '/workspace/app/backend/logs/app_20260615_030113.log')}
2026-06-15 03:01:35,681 - watchfiles.main - DEBUG - 1 change detected: {(<Change.modified: 2>, '/workspace/app/backend/logs/app_20260615_030113.log')}
2026-06-15 03:01:36,031 - watchfiles.main - DEBUG - 1 change detected: {(<Change.modified: 2>, '/workspace/app/backend/logs/app_20260615_030113.log')}
2026-06-15 03:01:36,382 - watchfiles.main - DEBUG - 1 change detected: {(<Change.modified: 2>, '/workspace/app/backend/logs/app_20260615_030113.log')}
2026-06-15 03:01:36,733 - watchfiles.main - DEBUG - 1 change detected: {(<Change.modified: 2>, '/workspace/app/backend/logs/app_20260615_030113.log')}
2026-06-15 03:01:37,084 - watchfiles.main - DEBUG - 1 change detected: {(<Change.modified: 2>, '/workspace/app/backend/logs/app_20260615_030113.log')}
2026-06-15 03:01:37,435 - watchfiles.main - DEBUG - 1 change detected: {(<Change.modified: 2>, '/workspace/app/backend/logs/app_20260615_030113.log')}
2026-06-15 03:01:37,786 - watchfiles.main - DEBUG - 1 change detected: {(<Change.modified: 2>, '/workspace/app/backend/logs/app_20260615_030113.log')}
2026-06-15 03:01:38,136 - watchfiles.main - DEBUG - 1 change detected: {(<Change.modified: 2>, '/workspace/app/backend/logs/app_20260615_030113.log')}
2026-06-15 03:01:38,487 - watchfiles.main - DEBUG - 1 change detected: {(<Change.modified: 2>, '/workspace/app/backend/logs/app_20260615_030113.log')}
2026-06-15 03:01:38,838 - watchfiles.main - DEBUG - 1 change detected: {(<Change.modified: 2>, '/workspace/app/backend/logs/app_20260615_030113.log')}
2026-06-15 03:01:39,189 - watchfiles.main - DEBUG - 1 change detected: {(<Change.modified: 2>, '/workspace/app/backend/logs/app_20260615_030113.log')}
2026-06-15 03:01:39,540 - watchfiles.main - DEBUG - 1 change detected: {(<Change.modified: 2>, '/workspace/app/backend/logs/app_20260615_030113.log')}
2026-06-15 03:01:39,891 - watchfiles.main - DEBUG - 1 change detected: {(<Change.modified: 2>, '/workspace/app/backend/logs/app_20260615_030113.log')}
2026-06-15 03:01:40,242 - watchfiles.main - DEBUG - 1 change detected: {(<Change.modified: 2>, '/workspace/app/backend/logs/app_20260615_030113.log')}
2026-06-15 03:01:40,593 - watchfiles.main - DEBUG - 1 change detected: {(<Change.modified: 2>, '/workspace/app/backend/logs/app_20260615_030113.log')}
2026-06-15 03:01:40,944 - watchfiles.main - DEBUG - 1 change detected: {(<Change.modified: 2>, '/workspace/app/backend/logs/app_20260615_030113.log')}
2026-06-15 03:01:41,295 - watchfiles.main - DEBUG - 1 change detected: {(<Change.modified: 2>, '/workspace/app/backend/logs/app_20260615_030113.log')}
2026-06-15 03:01:41,645 - watchfiles.main - DEBUG - 1 change detected: {(<Change.modified: 2>, '/workspace/app/backend/logs/app_20260615_030113.log')}
2026-06-15 03:01:41,996 - watchfiles.main - DEBUG - 1 change detected: {(<Change.modified: 2>, '/workspace/app/backend/logs/app_20260615_030113.log')}
2026-06-15 03:01:42,348 - watchfiles.main - DEBUG - 1 change detected: {(<Change.modified: 2>, '/workspace/app/backend/logs/app_20260615_030113.log')}
2026-06-15 03:01:42,699 - watchfiles.main - DEBUG - 1 change detected: {(<Change.modified: 2>, '/workspace/app/backend/logs/app_20260615_030113.log')}
2026-06-15 03:01:43,050 - watchfiles.main - DEBUG - 1 change detected: {(<Change.modified: 2>, '/workspace/app/backend/logs/app_20260615_030113.log')}
2026-06-15 03:01:43,401 - watchfiles.main - DEBUG - 1 change detected: {(<Change.modified: 2>, '/workspace/app/backend/logs/app_20260615_030113.log')}
2026-06-15 03:01:43,751 - watchfiles.main - DEBUG - 1 change detected: {(<Change.modified: 2>, '/workspace/app/backend/logs/app_20260615_030113.log')}
2026-06-15 03:01:44,102 - watchfiles.main - DEBUG - 1 change detected: {(<Change.modified: 2>, '/workspace/app/backend/logs/app_20260615_030113.log')}
2026-06-15 03:01:44,453 - watchfiles.main - DEBUG - 1 change detected: {(<Change.modified: 2>, '/workspace/app/backend/logs/app_20260615_030113.log')}
2026-06-15 03:01:44,804 - watchfiles.main - DEBUG - 1 change detected: {(<Change.modified: 2>, '/workspace/app/backend/logs/app_20260615_030113.log')}
2026-06-15 03:01:45,155 - watchfiles.main - DEBUG - 1 change detected: {(<Change.modified: 2>, '/workspace/app/backend/logs/app_20260615_030113.log')}
2026-06-15 03:01:45,506 - watchfiles.main - DEBUG - 1 change detected: {(<Change.modified: 2>, '/workspace/app/backend/logs/app_20260615_030113.log')}
2026-06-15 03:01:45,856 - watchfiles.main - DEBUG - 1 change detected: {(<Change.modified: 2>, '/workspace/app/backend/logs/app_20260615_030113.log')}
2026-06-15 03:01:46,210 - watchfiles.main - DEBUG - 1 change detected: {(<Change.modified: 2>, '/workspace/app/backend/logs/app_20260615_030113.log')}
2026-06-15 03:01:46,561 - watchfiles.main - DEBUG - 1 change detected: {(<Change.modified: 2>, '/workspace/app/backend/logs/app_20260615_030113.log')}
2026-06-15 03:01:46,913 - watchfiles.main - DEBUG - 1 change detected: {(<Change.modified: 2>, '/workspace/app/backend/logs/app_20260615_030113.log')}
2026-06-15 03:01:47,263 - watchfiles.main - DEBUG - 1 change detected: {(<Change.modified: 2>, '/workspace/app/backend/logs/app_20260615_030113.log')}
2026-06-15 03:01:47,614 - watchfiles.main - DEBUG - 1 change detected: {(<Change.modified: 2>, '/workspace/app/backend/logs/app_20260615_030113.log')}
2026-06-15 03:01:47,965 - watchfiles.main - DEBUG - 1 change detected: {(<Change.modified: 2>, '/workspace/app/backend/logs/app_20260615_030113.log')}
2026-06-15 03:01:48,316 - watchfiles.main - DEBUG - 1 change detected: {(<Change.modified: 2>, '/workspace/app/backend/logs/app_20260615_030113.log')}
2026-06-15 03:01:48,667 - watchfiles.main - DEBUG - 1 change detected: {(<Change.modified: 2>, '/workspace/app/backend/logs/app_20260615_030113.log')}
2026-06-15 03:01:49,018 - watchfiles.main - DEBUG - 1 change detected: {(<Change.modified: 2>, '/workspace/app/backend/logs/app_20260615_030113.log')}
2026-06-15 03:01:49,369 - watchfiles.main - DEBUG - 1 change detected: {(<Change.modified: 2>, '/workspace/app/backend/logs/app_20260615_030113.log')}
2026-06-15 03:01:49,720 - watchfiles.main - DEBUG - 1 change detected: {(<Change.modified: 2>, '/workspace/app/backend/logs/app_20260615_030113.log')}
2026-06-15 03:01:50,071 - watchfiles.main - DEBUG - 1 change detected: {(<Change.modified: 2>, '/workspace/app/backend/logs/app_20260615_030113.log')}
2026-06-15 03:01:50,422 - watchfiles.main - DEBUG - 1 change detected: {(<Change.modified: 2>, '/workspace/app/backend/logs/app_20260615_030113.log')}
2026-06-15 03:01:50,773 - watchfiles.main - DEBUG - 1 change detected: {(<Change.modified: 2>, '/workspace/app/backend/logs/app_20260615_030113.log')}
2026-06-15 03:01:51,124 - watchfiles.main - DEBUG - 1 change detected: {(<Change.modified: 2>, '/workspace/app/backend/logs/app_20260615_030113.log')}
2026-06-15 03:01:51,475 - watchfiles.main - DEBUG - 1 change detected: {(<Change.modified: 2>, '/workspace/app/backend/logs/app_20260615_030113.log')}
2026-06-15 03:01:51,826 - watchfiles.main - DEBUG - 1 change detected: {(<Change.modified: 2>, '/workspace/app/backend/logs/app_20260615_030113.log')}
2026-06-15 03:01:52,177 - watchfiles.main - DEBUG - 1 change detected: {(<Change.modified: 2>, '/workspace/app/backend/logs/app_20260615_030113.log')}
2026-06-15 03:01:52,528 - watchfiles.main - DEBUG - 1 change detected: {(<Change.modified: 2>, '/workspace/app/backend/logs/app_20260615_030113.log')}
2026-06-15 03:01:52,879 - watchfiles.main - DEBUG - 1 change detected: {(<Change.modified: 2>, '/workspace/app/backend/logs/app_20260615_030113.log')}
2026-06-15 03:01:53,229 - watchfiles.main - DEBUG - 1 change detected: {(<Change.modified: 2>, '/workspace/app/backend/logs/app_20260615_030113.log')}
2026-06-15 03:01:53,580 - watchfiles.main - DEBUG - 1 change detected: {(<Change.modified: 2>, '/workspace/app/backend/logs/app_20260615_030113.log')}
2026-06-15 03:01:53,931 - watchfiles.main - DEBUG - 1 change detected: {(<Change.modified: 2>, '/workspace/app/backend/logs/app_20260615_030113.log')}
2026-06-15 03:01:54,282 - watchfiles.main - DEBUG - 1 change detected: {(<Change.modified: 2>, '/workspace/app/backend/logs/app_20260615_030113.log')}
2026-06-15 03:01:54,633 - watchfiles.main - DEBUG - 1 change detected: {(<Change.modified: 2>, '/workspace/app/backend/logs/app_20260615_030113.log')}
2026-06-15 03:01:54,984 - watchfiles.main - DEBUG - 1 change detected: {(<Change.modified: 2>, '/workspace/app/backend/logs/app_20260615_030113.log')}
2026-06-15 03:01:55,335 - watchfiles.main - DEBUG - 1 change detected: {(<Change.modified: 2>, '/workspace/app/backend/logs/app_20260615_030113.log')}
2026-06-15 03:01:55,686 - watchfiles.main - DEBUG - 1 change detected: {(<Change.modified: 2>, '/workspace/app/backend/logs/app_20260615_030113.log')}
2026-06-15 03:01:56,037 - watchfiles.main - DEBUG - 1 change detected: {(<Change.modified: 2>, '/workspace/app/backend/logs/app_20260615_030113.log')}
2026-06-15 03:01:56,387 - watchfiles.main - DEBUG - 1 change detected: {(<Change.modified: 2>, '/workspace/app/backend/logs/app_20260615_030113.log')}
2026-06-15 03:01:56,738 - watchfiles.main - DEBUG - 1 change detected: {(<Change.modified: 2>, '/workspace/app/backend/logs/app_20260615_030113.log')}
2026-06-15 03:01:57,089 - watchfiles.main - DEBUG - 1 change detected: {(<Change.modified: 2>, '/workspace/app/backend/logs/app_20260615_030113.log')}
2026-06-15 03:01:57,440 - watchfiles.main - DEBUG - 1 change detected: {(<Change.modified: 2>, '/workspace/app/backend/logs/app_20260615_030113.log')}
2026-06-15 03:01:57,791 - watchfiles.main - DEBUG - 1 change detected: {(<Change.modified: 2>, '/workspace/app/backend/logs/app_20260615_030113.log')}
2026-06-15 03:01:58,141 - watchfiles.main - DEBUG - 1 change detected: {(<Change.modified: 2>, '/workspace/app/backend/logs/app_20260615_030113.log')}
2026-06-15 03:01:58,492 - watchfiles.main - DEBUG - 1 change detected: {(<Change.modified: 2>, '/workspace/app/backend/logs/app_20260615_030113.log')}
2026-06-15 03:01:58,843 - watchfiles.main - DEBUG - 1 change detected: {(<Change.modified: 2>, '/workspace/app/backend/logs/app_20260615_030113.log')}
2026-06-15 03:01:59,194 - watchfiles.main - DEBUG - 1 change detected: {(<Change.modified: 2>, '/workspace/app/backend/logs/app_20260615_030113.log')}
2026-06-15 03:01:59,545 - watchfiles.main - DEBUG - 1 change detected: {(<Change.modified: 2>, '/workspace/app/backend/logs/app_20260615_030113.log')}
2026-06-15 03:01:59,896 - watchfiles.main - DEBUG - 1 change detected: {(<Change.modified: 2>, '/workspace/app/backend/logs/app_20260615_030113.log')}
2026-06-15 03:02:00,247 - watchfiles.main - DEBUG - 1 change detected: {(<Change.modified: 2>, '/workspace/app/backend/logs/app_20260615_030113.log')}
2026-06-15 03:02:00,598 - watchfiles.main - DEBUG - 1 change detected: {(<Change.modified: 2>, '/workspace/app/backend/logs/app_20260615_030113.log')}
2026-06-15 03:02:00,949 - watchfiles.main - DEBUG - 1 change detected: {(<Change.modified: 2>, '/workspace/app/backend/logs/app_20260615_030113.log')}
2026-06-15 03:02:01,300 - watchfiles.main - DEBUG - 1 change detected: {(<Change.modified: 2>, '/workspace/app/backend/logs/app_20260615_030113.log')}
2026-06-15 03:02:01,650 - watchfiles.main - DEBUG - 1 change detected: {(<Change.modified: 2>, '/workspace/app/backend/logs/app_20260615_030113.log')}
2026-06-15 03:02:02,001 - watchfiles.main - DEBUG - 1 change detected: {(<Change.modified: 2>, '/workspace/app/backend/logs/app_20260615_030113.log')}
2026-06-15 03:02:02,352 - watchfiles.main - DEBUG - 1 change detected: {(<Change.modified: 2>, '/workspace/app/backend/logs/app_20260615_030113.log')}
2026-06-15 03:02:02,703 - watchfiles.main - DEBUG - 1 change detected: {(<Change.modified: 2>, '/workspace/app/backend/logs/app_20260615_030113.log')}
2026-06-15 03:02:03,054 - watchfiles.main - DEBUG - 1 change detected: {(<Change.modified: 2>, '/workspace/app/backend/logs/app_20260615_030113.log')}
2026-06-15 03:02:03,405 - watchfiles.main - DEBUG - 1 change detected: {(<Change.modified: 2>, '/workspace/app/backend/logs/app_20260615_030113.log')}
2026-06-15 03:02:03,756 - watchfiles.main - DEBUG - 1 change detected: {(<Change.modified: 2>, '/workspace/app/backend/logs/app_20260615_030113.log')}
2026-06-15 03:02:04,107 - watchfiles.main - DEBUG - 1 change detected: {(<Change.modified: 2>, '/workspace/app/backend/logs/app_20260615_030113.log')}
2026-06-15 03:02:04,457 - watchfiles.main - DEBUG - 1 change detected: {(<Change.modified: 2>, '/workspace/app/backend/logs/app_20260615_030113.log')}
2026-06-15 03:02:04,808 - watchfiles.main - DEBUG - 1 change detected: {(<Change.modified: 2>, '/workspace/app/backend/logs/app_20260615_030113.log')}
2026-06-15 03:02:05,159 - watchfiles.main - DEBUG - 1 change detected: {(<Change.modified: 2>, '/workspace/app/backend/logs/app_20260615_030113.log')}
2026-06-15 03:02:05,510 - watchfiles.main - DEBUG - 1 change detected: {(<Change.modified: 2>, '/workspace/app/backend/logs/app_20260615_030113.log')}
2026-06-15 03:02:05,861 - watchfiles.main - DEBUG - 1 change detected: {(<Change.modified: 2>, '/workspace/app/backend/logs/app_20260615_030113.log')}
2026-06-15 03:02:06,212 - watchfiles.main - DEBUG - 1 change detected: {(<Change.modified: 2>, '/workspace/app/backend/logs/app_20260615_030113.log')}
2026-06-15 03:02:06,568 - watchfiles.main - DEBUG - 1 change detected: {(<Change.modified: 2>, '/workspace/app/backend/logs/app_20260615_030113.log')}
2026-06-15 03:02:06,919 - watchfiles.main - DEBUG - 1 change detected: {(<Change.modified: 2>, '/workspace/app/backend/logs/app_20260615_030113.log')}
2026-06-15 03:02:07,270 - watchfiles.main - DEBUG - 1 change detected: {(<Change.modified: 2>, '/workspace/app/backend/logs/app_20260615_030113.log')}
2026-06-15 03:02:07,621 - watchfiles.main - DEBUG - 1 change detected: {(<Change.modified: 2>, '/workspace/app/backend/logs/app_20260615_030113.log')}
2026-06-15 03:02:07,972 - watchfiles.main - DEBUG - 1 change detected: {(<Change.modified: 2>, '/workspace/app/backend/logs/app_20260615_030113.log')}
2026-06-15 03:02:08,323 - watchfiles.main - DEBUG - 1 change detected: {(<Change.modified: 2>, '/workspace/app/backend/logs/app_20260615_030113.log')}
2026-06-15 03:02:08,674 - watchfiles.main - DEBUG - 1 change detected: {(<Change.modified: 2>, '/workspace/app/backend/logs/app_20260615_030113.log')}
2026-06-15 03:02:09,024 - watchfiles.main - DEBUG - 1 change detected: {(<Change.modified: 2>, '/workspace/app/backend/logs/app_20260615_030113.log')}
2026-06-15 03:02:09,375 - watchfiles.main - DEBUG - 1 change detected: {(<Change.modified: 2>, '/workspace/app/backend/logs/app_20260615_030113.log')}
2026-06-15 03:02:09,726 - watchfiles.main - DEBUG - 1 change detected: {(<Change.modified: 2>, '/workspace/app/backend/logs/app_20260615_030113.log')}
2026-06-15 03:02:10,077 - watchfiles.main - DEBUG - 1 change detected: {(<Change.modified: 2>, '/workspace/app/backend/logs/app_20260615_030113.log')}
2026-06-15 03:02:10,428 - watchfiles.main - DEBUG - 1 change detected: {(<Change.modified: 2>, '/workspace/app/backend/logs/app_20260615_030113.log')}
2026-06-15 03:02:10,779 - watchfiles.main - DEBUG - 1 change detected: {(<Change.modified: 2>, '/workspace/app/backend/logs/app_20260615_030113.log')}
2026-06-15 03:02:11,130 - watchfiles.main - DEBUG - 1 change detected: {(<Change.modified: 2>, '/workspace/app/backend/logs/app_20260615_030113.log')}
2026-06-15 03:02:11,481 - watchfiles.main - DEBUG - 1 change detected: {(<Change.modified: 2>, '/workspace/app/backend/logs/app_20260615_030113.log')}
2026-06-15 03:02:11,832 - watchfiles.main - DEBUG - 1 change detected: {(<Change.modified: 2>, '/workspace/app/backend/logs/app_20260615_030113.log')}
2026-06-15 03:02:12,182 - watchfiles.main - DEBUG - 1 change detected: {(<Change.modified: 2>, '/workspace/app/backend/logs/app_20260615_030113.log')}
2026-06-15 03:02:12,533 - watchfiles.main - DEBUG - 1 change detected: {(<Change.modified: 2>, '/workspace/app/backend/logs/app_20260615_030113.log')}
2026-06-15 03:02:12,884 - watchfiles.main - DEBUG - 1 change detected: {(<Change.modified: 2>, '/workspace/app/backend/logs/app_20260615_030113.log')}
2026-06-15 03:02:13,235 - watchfiles.main - DEBUG - 1 change detected: {(<Change.modified: 2>, '/workspace/app/backend/logs/app_20260615_030113.log')}
2026-06-15 03:02:13,585 - watchfiles.main - DEBUG - 1 change detected: {(<Change.modified: 2>, '/workspace/app/backend/logs/app_20260615_030113.log')}
2026-06-15 03:02:13,936 - watchfiles.main - DEBUG - 1 change detected: {(<Change.modified: 2>, '/workspace/app/backend/logs/app_20260615_030113.log')}
2026-06-15 03:02:14,287 - watchfiles.main - DEBUG - 1 change detected: {(<Change.modified: 2>, '/workspace/app/backend/logs/app_20260615_030113.log')}
2026-06-15 03:02:14,638 - watchfiles.main - DEBUG - 1 change detected: {(<Change.modified: 2>, '/workspace/app/backend/logs/app_20260615_030113.log')}
2026-06-15 03:02:14,989 - watchfiles.main - DEBUG - 1 change detected: {(<Change.modified: 2>, '/workspace/app/backend/logs/app_20260615_030113.log')}
2026-06-15 03:02:15,340 - watchfiles.main - DEBUG - 1 change detected: {(<Change.modified: 2>, '/workspace/app/backend/logs/app_20260615_030113.log')}
2026-06-15 03:02:15,691 - watchfiles.main - DEBUG - 1 change detected: {(<Change.modified: 2>, '/workspace/app/backend/logs/app_20260615_030113.log')}
2026-06-15 03:02:16,042 - watchfiles.main - DEBUG - 1 change detected: {(<Change.modified: 2>, '/workspace/app/backend/logs/app_20260615_030113.log')}
2026-06-15 03:02:16,393 - watchfiles.main - DEBUG - 1 change detected: {(<Change.modified: 2>, '/workspace/app/backend/logs/app_20260615_030113.log')}
2026-06-15 03:02:16,744 - watchfiles.main - DEBUG - 1 change detected: {(<Change.modified: 2>, '/workspace/app/backend/logs/app_20260615_030113.log')}
2026-06-15 03:02:17,095 - watchfiles.main - DEBUG - 1 change detected: {(<Change.modified: 2>, '/workspace/app/backend/logs/app_20260615_030113.log')}
2026-06-15 03:02:17,445 - watchfiles.main - DEBUG - 1 change detected: {(<Change.modified: 2>, '/workspace/app/backend/logs/app_20260615_030113.log')}
2026-06-15 03:02:17,796 - watchfiles.main - DEBUG - 1 change detected: {(<Change.modified: 2>, '/workspace/app/backend/logs/app_20260615_030113.log')}
2026-06-15 03:02:18,147 - watchfiles.main - DEBUG - 1 change detected: {(<Change.modified: 2>, '/workspace/app/backend/logs/app_20260615_030113.log')}
2026-06-15 03:02:18,498 - watchfiles.main - DEBUG - 1 change detected: {(<Change.modified: 2>, '/workspace/app/backend/logs/app_20260615_030113.log')}
2026-06-15 03:02:18,849 - watchfiles.main - DEBUG - 1 change detected: {(<Change.modified: 2>, '/workspace/app/backend/logs/app_20260615_030113.log')}
2026-06-15 03:02:19,200 - watchfiles.main - DEBUG - 1 change detected: {(<Change.modified: 2>, '/workspace/app/backend/logs/app_20260615_030113.log')}
2026-06-15 03:02:19,551 - watchfiles.main - DEBUG - 1 change detected: {(<Change.modified: 2>, '/workspace/app/backend/logs/app_20260615_030113.log')}
2026-06-15 03:02:19,902 - watchfiles.main - DEBUG - 1 change detected: {(<Change.modified: 2>, '/workspace/app/backend/logs/app_20260615_030113.log')}
2026-06-15 03:02:20,253 - watchfiles.main - DEBUG - 1 change detected: {(<Change.modified: 2>, '/workspace/app/backend/logs/app_20260615_030113.log')}
2026-06-15 03:02:20,605 - watchfiles.main - DEBUG - 1 change detected: {(<Change.modified: 2>, '/workspace/app/backend/logs/app_20260615_030113.log')}
2026-06-15 03:02:20,955 - watchfiles.main - DEBUG - 1 change detected: {(<Change.modified: 2>, '/workspace/app/backend/logs/app_20260615_030113.log')}
2026-06-15 03:02:21,306 - watchfiles.main - DEBUG - 1 change detected: {(<Change.modified: 2>, '/workspace/app/backend/logs/app_20260615_030113.log')}
2026-06-15 03:02:21,657 - watchfiles.main - DEBUG - 1 change detected: {(<Change.modified: 2>, '/workspace/app/backend/logs/app_20260615_030113.log')}
2026-06-15 03:02:22,008 - watchfiles.main - DEBUG - 1 change detected: {(<Change.modified: 2>, '/workspace/app/backend/logs/app_20260615_030113.log')}
2026-06-15 03:02:22,359 - watchfiles.main - DEBUG - 1 change detected: {(<Change.modified: 2>, '/workspace/app/backend/logs/app_20260615_030113.log')}
2026-06-15 03:02:22,710 - watchfiles.main - DEBUG - 1 change detected: {(<Change.modified: 2>, '/workspace/app/backend/logs/app_20260615_030113.log')}
2026-06-15 03:02:23,061 - watchfiles.main - DEBUG - 1 change detected: {(<Change.modified: 2>, '/workspace/app/backend/logs/app_20260615_030113.log')}
2026-06-15 03:02:23,412 - watchfiles.main - DEBUG - 1 change detected: {(<Change.modified: 2>, '/workspace/app/backend/logs/app_20260615_030113.log')}
2026-06-15 03:02:23,763 - watchfiles.main - DEBUG - 1 change detected: {(<Change.modified: 2>, '/workspace/app/backend/logs/app_20260615_030113.log')}
2026-06-15 03:02:24,113 - watchfiles.main - DEBUG - 1 change detected: {(<Change.modified: 2>, '/workspace/app/backend/logs/app_20260615_030113.log')}
2026-06-15 03:02:24,464 - watchfiles.main - DEBUG - 1 change detected: {(<Change.modified: 2>, '/workspace/app/backend/logs/app_20260615_030113.log')}
2026-06-15 03:02:24,815 - watchfiles.main - DEBUG - 1 change detected: {(<Change.modified: 2>, '/workspace/app/backend/logs/app_20260615_030113.log')}
2026-06-15 03:02:25,166 - watchfiles.main - DEBUG - 1 change detected: {(<Change.modified: 2>, '/workspace/app/backend/logs/app_20260615_030113.log')}
2026-06-15 03:02:25,517 - watchfiles.main - DEBUG - 1 change detected: {(<Change.modified: 2>, '/workspace/app/backend/logs/app_20260615_030113.log')}
2026-06-15 03:02:25,868 - watchfiles.main - DEBUG - 1 change detected: {(<Change.modified: 2>, '/workspace/app/backend/logs/app_20260615_030113.log')}
2026-06-15 03:02:26,219 - watchfiles.main - DEBUG - 1 change detected: {(<Change.modified: 2>, '/workspace/app/backend/logs/app_20260615_030113.log')}
2026-06-15 03:02:26,570 - watchfiles.main - DEBUG - 1 change detected: {(<Change.modified: 2>, '/workspace/app/backend/logs/app_20260615_030113.log')}
2026-06-15 03:02:26,921 - watchfiles.main - DEBUG - 1 change detected: {(<Change.modified: 2>, '/workspace/app/backend/logs/app_20260615_030113.log')}
2026-06-15 03:02:27,272 - watchfiles.main - DEBUG - 1 change detected: {(<Change.modified: 2>, '/workspace/app/backend/logs/app_20260615_030113.log')}
2026-06-15 03:02:27,623 - watchfiles.main - DEBUG - 1 change detected: {(<Change.modified: 2>, '/workspace/app/backend/logs/app_20260615_030113.log')}
2026-06-15 03:02:27,973 - watchfiles.main - DEBUG - 1 change detected: {(<Change.modified: 2>, '/workspace/app/backend/logs/app_20260615_030113.log')}
2026-06-15 03:02:28,324 - watchfiles.main - DEBUG - 1 change detected: {(<Change.modified: 2>, '/workspace/app/backend/logs/app_20260615_030113.log')}
2026-06-15 03:02:28,675 - watchfiles.main - DEBUG - 1 change detected: {(<Change.modified: 2>, '/workspace/app/backend/logs/app_20260615_030113.log')}
2026-06-15 03:02:29,026 - watchfiles.main - DEBUG - 1 change detected: {(<Change.modified: 2>, '/workspace/app/backend/logs/app_20260615_030113.log')}
2026-06-15 03:02:29,377 - watchfiles.main - DEBUG - 1 change detected: {(<Change.modified: 2>, '/workspace/app/backend/logs/app_20260615_030113.log')}
2026-06-15 03:02:29,727 - watchfiles.main - DEBUG - 1 change detected: {(<Change.modified: 2>, '/workspace/app/backend/logs/app_20260615_030113.log')}
2026-06-15 03:02:30,078 - watchfiles.main - DEBUG - 1 change detected: {(<Change.modified: 2>, '/workspace/app/backend/logs/app_20260615_030113.log')}
2026-06-15 03:02:30,429 - watchfiles.main - DEBUG - 1 change detected: {(<Change.modified: 2>, '/workspace/app/backend/logs/app_20260615_030113.log')}
2026-06-15 03:02:30,780 - watchfiles.main - DEBUG - 1 change detected: {(<Change.modified: 2>, '/workspace/app/backend/logs/app_20260615_030113.log')}
2026-06-15 03:02:31,131 - watchfiles.main - DEBUG - 1 change detected: {(<Change.modified: 2>, '/workspace/app/backend/logs/app_20260615_030113.log')}
2026-06-15 03:02:31,482 - watchfiles.main - DEBUG - 1 change detected: {(<Change.modified: 2>, '/workspace/app/backend/logs/app_20260615_030113.log')}
2026-06-15 03:02:31,833 - watchfiles.main - DEBUG - 1 change detected: {(<Change.modified: 2>, '/workspace/app/backend/logs/app_20260615_030113.log')}
2026-06-15 03:02:32,183 - watchfiles.main - DEBUG - 1 change detected: {(<Change.modified: 2>, '/workspace/app/backend/logs/app_20260615_030113.log')}
2026-06-15 03:02:32,534 - watchfiles.main - DEBUG - 1 change detected: {(<Change.modified: 2>, '/workspace/app/backend/logs/app_20260615_030113.log')}
2026-06-15 03:02:32,885 - watchfiles.main - DEBUG - 1 change detected: {(<Change.modified: 2>, '/workspace/app/backend/logs/app_20260615_030113.log')}
2026-06-15 03:02:33,236 - watchfiles.main - DEBUG - 1 change detected: {(<Change.modified: 2>, '/workspace/app/backend/logs/app_20260615_030113.log')}
2026-06-15 03:02:33,587 - watchfiles.main - DEBUG - 1 change detected: {(<Change.modified: 2>, '/workspace/app/backend/logs/app_20260615_030113.log')}
2026-06-15 03:02:33,938 - watchfiles.main - DEBUG - 1 change detected: {(<Change.modified: 2>, '/workspace/app/backend/logs/app_20260615_030113.log')}
2026-06-15 03:02:34,289 - watchfiles.main - DEBUG - 1 change detected: {(<Change.modified: 2>, '/workspace/app/backend/logs/app_20260615_030113.log')}
2026-06-15 03:02:34,640 - watchfiles.main - DEBUG - 1 change detected: {(<Change.modified: 2>, '/workspace/app/backend/logs/app_20260615_030113.log')}
2026-06-15 03:02:34,991 - watchfiles.main - DEBUG - 1 change detected: {(<Change.modified: 2>, '/workspace/app/backend/logs/app_20260615_030113.log')}
2026-06-15 03:02:35,342 - watchfiles.main - DEBUG - 1 change detected: {(<Change.modified: 2>, '/workspace/app/backend/logs/app_20260615_030113.log')}
2026-06-15 03:02:35,693 - watchfiles.main - DEBUG - 1 change detected: {(<Change.modified: 2>, '/workspace/app/backend/logs/app_20260615_030113.log')}
2026-06-15 03:02:36,044 - watchfiles.main - DEBUG - 1 change detected: {(<Change.modified: 2>, '/workspace/app/backend/logs/app_20260615_030113.log')}
2026-06-15 03:02:36,395 - watchfiles.main - DEBUG - 1 change detected: {(<Change.modified: 2>, '/workspace/app/backend/logs/app_20260615_030113.log')}
2026-06-15 03:02:36,746 - watchfiles.main - DEBUG - 1 change detected: {(<Change.modified: 2>, '/workspace/app/backend/logs/app_20260615_030113.log')}
2026-06-15 03:02:37,097 - watchfiles.main - DEBUG - 1 change detected: {(<Change.modified: 2>, '/workspace/app/backend/logs/app_20260615_030113.log')}
2026-06-15 03:02:37,448 - watchfiles.main - DEBUG - 1 change detected: {(<Change.modified: 2>, '/workspace/app/backend/logs/app_20260615_030113.log')}
2026-06-15 03:02:37,799 - watchfiles.main - DEBUG - 1 change detected: {(<Change.modified: 2>, '/workspace/app/backend/logs/app_20260615_030113.log')}
2026-06-15 03:02:38,150 - watchfiles.main - DEBUG - 1 change detected: {(<Change.modified: 2>, '/workspace/app/backend/logs/app_20260615_030113.log')}
2026-06-15 03:02:38,501 - watchfiles.main - DEBUG - 1 change detected: {(<Change.modified: 2>, '/workspace/app/backend/logs/app_20260615_030113.log')}
2026-06-15 03:02:38,852 - watchfiles.main - DEBUG - 1 change detected: {(<Change.modified: 2>, '/workspace/app/backend/logs/app_20260615_030113.log')}
2026-06-15 03:02:39,202 - watchfiles.main - DEBUG - 1 change detected: {(<Change.modified: 2>, '/workspace/app/backend/logs/app_20260615_030113.log')}
2026-06-15 03:02:39,553 - watchfiles.main - DEBUG - 1 change detected: {(<Change.modified: 2>, '/workspace/app/backend/logs/app_20260615_030113.log')}
2026-06-15 03:02:39,904 - watchfiles.main - DEBUG - 1 change detected: {(<Change.modified: 2>, '/workspace/app/backend/logs/app_20260615_030113.log')}
