2026-06-12 11:01:17,923 - main - INFO - === Logging system initialized ===
2026-06-12 11:01:17,923 - main - INFO - Log file: logs/app_20260612_110117.log
2026-06-12 11:01:17,923 - main - INFO - Log level: INFO
2026-06-12 11:01:17,923 - main - INFO - Timestamp: 20260612_110117
2026-06-12 11:01:18,759 - main - INFO - Included router: routers.aihub.router
2026-06-12 11:01:18,780 - main - INFO - Included router: routers.analysis.router
2026-06-12 11:01:18,797 - main - INFO - Included router: routers.auth.router
2026-06-12 11:01:18,807 - main - INFO - Included router: routers.custom_auth.router
2026-06-12 11:01:18,851 - main - INFO - Included router: routers.doctor_patients.router
2026-06-12 11:01:18,852 - main - INFO - Included router: routers.health.router
2026-06-12 11:01:18,905 - main - INFO - Included router: routers.invite.router
2026-06-12 11:01:18,917 - main - INFO - Included router: routers.reports.router
2026-06-12 11:01:18,935 - main - INFO - Included router: routers.settings.router
2026-06-12 11:01:18,971 - main - INFO - Included router: routers.storage.router
2026-06-12 11:01:18,979 - main - INFO - Included router: routers.user.router
2026-06-12 11:01:19,027 - main - INFO - Included router: routers.users_profiles.router
2026-06-12 11:01:19,028 - main - INFO - === Application startup initiated ===
2026-06-12 11:01:19,028 - services.database - INFO - Ignore creating tables
2026-06-12 11:01:19,029 - services.mock_data - INFO - Ignore initialize data
2026-06-12 11:01:19,029 - services.auth - INFO - Ignore initialize admin
2026-06-12 11:01:19,029 - main - INFO - === Application startup completed successfully ===
2026-06-12 11:01:21,636 - services.database - DEBUG - [DB_OP] Starting database close
2026-06-12 11:01:21,637 - services.database - INFO - Database connections closed
2026-06-12 11:01:21,637 - services.database - DEBUG - [DB_OP] Database close completed in 0.0006s
