2026-07-07 02:11:54,877 - main - INFO - === Logging system initialized ===
2026-07-07 02:11:54,877 - main - INFO - Log file: logs/app_20260707_021154.log
2026-07-07 02:11:54,877 - main - INFO - Log level: INFO
2026-07-07 02:11:54,877 - main - INFO - Timestamp: 20260707_021154
2026-07-07 02:11:55,647 - main - INFO - Included router: routers.aihub.router
2026-07-07 02:11:55,672 - main - INFO - Included router: routers.analysis.router
2026-07-07 02:11:55,683 - main - INFO - Included router: routers.auth.router
2026-07-07 02:11:55,696 - main - INFO - Included router: routers.custom_auth.router
2026-07-07 02:11:55,740 - main - INFO - Included router: routers.doctor_patients.router
2026-07-07 02:11:55,741 - main - INFO - Included router: routers.health.router
2026-07-07 02:11:55,797 - main - INFO - Included router: routers.invite.router
2026-07-07 02:11:55,809 - main - INFO - Included router: routers.reports.router
2026-07-07 02:11:55,828 - main - INFO - Included router: routers.settings.router
2026-07-07 02:11:55,861 - main - INFO - Included router: routers.storage.router
2026-07-07 02:11:55,868 - main - INFO - Included router: routers.user.router
2026-07-07 02:11:55,910 - main - INFO - Included router: routers.users_profiles.router
2026-07-07 02:11:55,911 - main - INFO - === Application startup initiated ===
2026-07-07 02:11:55,911 - services.database - INFO - Ignore creating tables
2026-07-07 02:11:55,911 - services.mock_data - INFO - Ignore initialize data
2026-07-07 02:11:55,911 - services.auth - INFO - Ignore initialize admin
2026-07-07 02:11:55,911 - main - INFO - === Application startup completed successfully ===
2026-07-07 02:12:58,886 - services.database - DEBUG - [DB_OP] Starting database close
2026-07-07 02:12:58,886 - services.database - INFO - Database connections closed
2026-07-07 02:12:58,886 - services.database - DEBUG - [DB_OP] Database close completed in 0.0004s
