2026-06-16 11:11:52,894 - main - INFO - === Logging system initialized ===
2026-06-16 11:11:52,894 - main - INFO - Log file: logs/app_20260616_111152.log
2026-06-16 11:11:52,894 - main - INFO - Log level: INFO
2026-06-16 11:11:52,894 - main - INFO - Timestamp: 20260616_111152
2026-06-16 11:11:53,600 - main - INFO - Included router: routers.aihub.router
2026-06-16 11:11:53,623 - main - INFO - Included router: routers.analysis.router
2026-06-16 11:11:53,635 - main - INFO - Included router: routers.auth.router
2026-06-16 11:11:53,648 - main - INFO - Included router: routers.custom_auth.router
2026-06-16 11:11:53,695 - main - INFO - Included router: routers.doctor_patients.router
2026-06-16 11:11:53,697 - main - INFO - Included router: routers.health.router
2026-06-16 11:11:53,749 - main - INFO - Included router: routers.invite.router
2026-06-16 11:11:53,760 - main - INFO - Included router: routers.reports.router
2026-06-16 11:11:53,780 - main - INFO - Included router: routers.settings.router
2026-06-16 11:11:53,813 - main - INFO - Included router: routers.storage.router
2026-06-16 11:11:53,821 - main - INFO - Included router: routers.user.router
2026-06-16 11:11:53,862 - main - INFO - Included router: routers.users_profiles.router
2026-06-16 11:11:53,864 - main - INFO - === Application startup initiated ===
2026-06-16 11:11:53,864 - services.database - INFO - Ignore creating tables
2026-06-16 11:11:53,864 - services.mock_data - INFO - Ignore initialize data
2026-06-16 11:11:53,864 - services.auth - INFO - Ignore initialize admin
2026-06-16 11:11:53,864 - main - INFO - === Application startup completed successfully ===
2026-06-16 11:15:37,521 - services.database - DEBUG - [DB_OP] Starting database close
2026-06-16 11:15:37,522 - services.database - INFO - Database connections closed
2026-06-16 11:15:37,522 - services.database - DEBUG - [DB_OP] Database close completed in 0.0004s
