2026-06-19 03:26:35,349 - main - INFO - === Logging system initialized ===
2026-06-19 03:26:35,349 - main - INFO - Log file: logs/app_20260619_032635.log
2026-06-19 03:26:35,349 - main - INFO - Log level: INFO
2026-06-19 03:26:35,349 - main - INFO - Timestamp: 20260619_032635
2026-06-19 03:26:36,113 - main - INFO - Included router: routers.aihub.router
2026-06-19 03:26:36,132 - main - INFO - Included router: routers.analysis.router
2026-06-19 03:26:36,143 - main - INFO - Included router: routers.auth.router
2026-06-19 03:26:36,156 - main - INFO - Included router: routers.custom_auth.router
2026-06-19 03:26:36,202 - main - INFO - Included router: routers.doctor_patients.router
2026-06-19 03:26:36,207 - main - INFO - Included router: routers.health.router
2026-06-19 03:26:36,261 - main - INFO - Included router: routers.invite.router
2026-06-19 03:26:36,274 - main - INFO - Included router: routers.reports.router
2026-06-19 03:26:36,292 - main - INFO - Included router: routers.settings.router
2026-06-19 03:26:36,331 - main - INFO - Included router: routers.storage.router
2026-06-19 03:26:36,341 - main - INFO - Included router: routers.user.router
2026-06-19 03:26:36,385 - main - INFO - Included router: routers.users_profiles.router
2026-06-19 03:26:36,386 - main - INFO - === Application startup initiated ===
2026-06-19 03:26:36,387 - services.database - INFO - Ignore creating tables
2026-06-19 03:26:36,387 - services.mock_data - INFO - Ignore initialize data
2026-06-19 03:26:36,387 - services.auth - INFO - Ignore initialize admin
2026-06-19 03:26:36,387 - main - INFO - === Application startup completed successfully ===
2026-06-19 03:34:36,494 - services.database - DEBUG - [DB_OP] Starting database close
2026-06-19 03:34:36,494 - services.database - INFO - Database connections closed
2026-06-19 03:34:36,494 - services.database - DEBUG - [DB_OP] Database close completed in 0.0005s
