2026-06-18 09:35:48,976 - main - INFO - === Logging system initialized ===
2026-06-18 09:35:48,976 - main - INFO - Log file: logs/app_20260618_093548.log
2026-06-18 09:35:48,976 - main - INFO - Log level: INFO
2026-06-18 09:35:48,976 - main - INFO - Timestamp: 20260618_093548
2026-06-18 09:35:49,797 - main - INFO - Included router: routers.aihub.router
2026-06-18 09:35:49,824 - main - INFO - Included router: routers.analysis.router
2026-06-18 09:35:49,837 - main - INFO - Included router: routers.auth.router
2026-06-18 09:35:49,850 - main - INFO - Included router: routers.custom_auth.router
2026-06-18 09:35:49,895 - main - INFO - Included router: routers.doctor_patients.router
2026-06-18 09:35:49,897 - main - INFO - Included router: routers.health.router
2026-06-18 09:35:49,951 - main - INFO - Included router: routers.invite.router
2026-06-18 09:35:49,963 - main - INFO - Included router: routers.reports.router
2026-06-18 09:35:49,983 - main - INFO - Included router: routers.settings.router
2026-06-18 09:35:50,019 - main - INFO - Included router: routers.storage.router
2026-06-18 09:35:50,044 - main - INFO - Included router: routers.user.router
2026-06-18 09:35:50,087 - main - INFO - Included router: routers.users_profiles.router
2026-06-18 09:35:50,088 - main - INFO - === Application startup initiated ===
2026-06-18 09:35:50,088 - services.database - INFO - Ignore creating tables
2026-06-18 09:35:50,089 - services.mock_data - INFO - Ignore initialize data
2026-06-18 09:35:50,089 - services.auth - INFO - Ignore initialize admin
2026-06-18 09:35:50,089 - main - INFO - === Application startup completed successfully ===
2026-06-18 09:35:56,003 - services.database - DEBUG - [DB_OP] Starting database close
2026-06-18 09:35:56,004 - services.database - INFO - Database connections closed
2026-06-18 09:35:56,004 - services.database - DEBUG - [DB_OP] Database close completed in 0.0007s
