2026-06-21 04:52:10,111 - main - INFO - === Logging system initialized ===
2026-06-21 04:52:10,111 - main - INFO - Log file: logs/app_20260621_045210.log
2026-06-21 04:52:10,111 - main - INFO - Log level: INFO
2026-06-21 04:52:10,111 - main - INFO - Timestamp: 20260621_045210
2026-06-21 04:52:10,819 - main - INFO - Included router: routers.aihub.router
2026-06-21 04:52:10,841 - main - INFO - Included router: routers.analysis.router
2026-06-21 04:52:10,853 - main - INFO - Included router: routers.auth.router
2026-06-21 04:52:10,867 - main - INFO - Included router: routers.custom_auth.router
2026-06-21 04:52:10,913 - main - INFO - Included router: routers.doctor_patients.router
2026-06-21 04:52:10,916 - main - INFO - Included router: routers.health.router
2026-06-21 04:52:10,982 - main - INFO - Included router: routers.invite.router
2026-06-21 04:52:10,997 - main - INFO - Included router: routers.reports.router
2026-06-21 04:52:11,017 - main - INFO - Included router: routers.settings.router
2026-06-21 04:52:11,070 - main - INFO - Included router: routers.storage.router
2026-06-21 04:52:11,077 - main - INFO - Included router: routers.user.router
2026-06-21 04:52:11,121 - main - INFO - Included router: routers.users_profiles.router
2026-06-21 04:52:11,123 - main - INFO - === Application startup initiated ===
2026-06-21 04:52:11,123 - services.database - INFO - Ignore creating tables
2026-06-21 04:52:11,123 - services.mock_data - INFO - Ignore initialize data
2026-06-21 04:52:11,123 - services.auth - INFO - Ignore initialize admin
2026-06-21 04:52:11,123 - main - INFO - === Application startup completed successfully ===
2026-06-21 05:04:58,849 - services.database - DEBUG - [DB_OP] Starting database close
2026-06-21 05:04:58,849 - services.database - INFO - Database connections closed
2026-06-21 05:04:58,849 - services.database - DEBUG - [DB_OP] Database close completed in 0.0004s
