2026-06-18 12:26:13,947 - main - INFO - === Logging system initialized ===
2026-06-18 12:26:13,948 - main - INFO - Log file: logs/app_20260618_122613.log
2026-06-18 12:26:13,948 - main - INFO - Log level: INFO
2026-06-18 12:26:13,948 - main - INFO - Timestamp: 20260618_122613
2026-06-18 12:26:14,919 - main - INFO - Included router: routers.aihub.router
2026-06-18 12:26:14,948 - main - INFO - Included router: routers.analysis.router
2026-06-18 12:26:14,961 - main - INFO - Included router: routers.auth.router
2026-06-18 12:26:14,976 - main - INFO - Included router: routers.custom_auth.router
2026-06-18 12:26:15,019 - main - INFO - Included router: routers.doctor_patients.router
2026-06-18 12:26:15,041 - main - INFO - Included router: routers.health.router
2026-06-18 12:26:15,101 - main - INFO - Included router: routers.invite.router
2026-06-18 12:26:15,117 - main - INFO - Included router: routers.reports.router
2026-06-18 12:26:15,136 - main - INFO - Included router: routers.settings.router
2026-06-18 12:26:15,169 - main - INFO - Included router: routers.storage.router
2026-06-18 12:26:15,175 - main - INFO - Included router: routers.user.router
2026-06-18 12:26:15,217 - main - INFO - Included router: routers.users_profiles.router
2026-06-18 12:26:15,218 - main - INFO - === Application startup initiated ===
2026-06-18 12:26:15,218 - services.database - INFO - Ignore creating tables
2026-06-18 12:26:15,218 - services.mock_data - INFO - Ignore initialize data
2026-06-18 12:26:15,219 - services.auth - INFO - Ignore initialize admin
2026-06-18 12:26:15,219 - main - INFO - === Application startup completed successfully ===
2026-06-18 12:29:35,589 - services.database - DEBUG - [DB_OP] Starting database close
2026-06-18 12:29:35,590 - services.database - INFO - Database connections closed
2026-06-18 12:29:35,590 - services.database - DEBUG - [DB_OP] Database close completed in 0.0007s
