2026-06-17 02:28:34,607 - main - INFO - === Logging system initialized ===
2026-06-17 02:28:34,607 - main - INFO - Log file: logs/app_20260617_022834.log
2026-06-17 02:28:34,607 - main - INFO - Log level: INFO
2026-06-17 02:28:34,607 - main - INFO - Timestamp: 20260617_022834
2026-06-17 02:28:35,368 - main - INFO - Included router: routers.aihub.router
2026-06-17 02:28:35,387 - main - INFO - Included router: routers.analysis.router
2026-06-17 02:28:35,401 - main - INFO - Included router: routers.auth.router
2026-06-17 02:28:35,416 - main - INFO - Included router: routers.custom_auth.router
2026-06-17 02:28:35,466 - main - INFO - Included router: routers.doctor_patients.router
2026-06-17 02:28:35,469 - main - INFO - Included router: routers.health.router
2026-06-17 02:28:35,529 - main - INFO - Included router: routers.invite.router
2026-06-17 02:28:35,540 - main - INFO - Included router: routers.reports.router
2026-06-17 02:28:35,561 - main - INFO - Included router: routers.settings.router
2026-06-17 02:28:35,598 - main - INFO - Included router: routers.storage.router
2026-06-17 02:28:35,608 - main - INFO - Included router: routers.user.router
2026-06-17 02:28:35,662 - main - INFO - Included router: routers.users_profiles.router
2026-06-17 02:28:35,663 - main - INFO - === Application startup initiated ===
2026-06-17 02:28:35,663 - services.database - INFO - Ignore creating tables
2026-06-17 02:28:35,663 - services.mock_data - INFO - Ignore initialize data
2026-06-17 02:28:35,664 - services.auth - INFO - Ignore initialize admin
2026-06-17 02:28:35,664 - main - INFO - === Application startup completed successfully ===
2026-06-17 02:38:20,764 - services.database - DEBUG - [DB_OP] Starting database close
2026-06-17 02:38:20,764 - services.database - INFO - Database connections closed
2026-06-17 02:38:20,765 - services.database - DEBUG - [DB_OP] Database close completed in 0.0005s
