2026-06-18 09:08:24,315 - main - INFO - === Logging system initialized ===
2026-06-18 09:08:24,315 - main - INFO - Log file: logs/app_20260618_090824.log
2026-06-18 09:08:24,316 - main - INFO - Log level: INFO
2026-06-18 09:08:24,316 - main - INFO - Timestamp: 20260618_090824
2026-06-18 09:08:24,987 - main - INFO - Included router: routers.aihub.router
2026-06-18 09:08:25,007 - main - INFO - Included router: routers.analysis.router
2026-06-18 09:08:25,051 - main - INFO - Included router: routers.auth.router
2026-06-18 09:08:25,065 - main - INFO - Included router: routers.custom_auth.router
2026-06-18 09:08:25,107 - main - INFO - Included router: routers.doctor_patients.router
2026-06-18 09:08:25,109 - main - INFO - Included router: routers.health.router
2026-06-18 09:08:25,160 - main - INFO - Included router: routers.invite.router
2026-06-18 09:08:25,171 - main - INFO - Included router: routers.reports.router
2026-06-18 09:08:25,189 - main - INFO - Included router: routers.settings.router
2026-06-18 09:08:25,221 - main - INFO - Included router: routers.storage.router
2026-06-18 09:08:25,228 - main - INFO - Included router: routers.user.router
2026-06-18 09:08:25,270 - main - INFO - Included router: routers.users_profiles.router
2026-06-18 09:08:25,271 - main - INFO - === Application startup initiated ===
2026-06-18 09:08:25,271 - services.database - INFO - Ignore creating tables
2026-06-18 09:08:25,271 - services.mock_data - INFO - Ignore initialize data
2026-06-18 09:08:25,271 - services.auth - INFO - Ignore initialize admin
2026-06-18 09:08:25,272 - main - INFO - === Application startup completed successfully ===
2026-06-18 09:10:22,950 - services.database - DEBUG - [DB_OP] Starting database close
2026-06-18 09:10:22,950 - services.database - INFO - Database connections closed
2026-06-18 09:10:22,950 - services.database - DEBUG - [DB_OP] Database close completed in 0.0005s
