2026-06-12 09:58:34,884 - main - INFO - === Logging system initialized ===
2026-06-12 09:58:34,884 - main - INFO - Log file: logs/app_20260612_095834.log
2026-06-12 09:58:34,884 - main - INFO - Log level: INFO
2026-06-12 09:58:34,884 - main - INFO - Timestamp: 20260612_095834
2026-06-12 09:58:35,818 - main - INFO - Included router: routers.aihub.router
2026-06-12 09:58:35,833 - main - INFO - Included router: routers.analysis.router
2026-06-12 09:58:35,854 - main - INFO - Included router: routers.auth.router
2026-06-12 09:58:35,856 - main - INFO - Included router: routers.health.router
2026-06-12 09:58:35,866 - main - INFO - Included router: routers.reports.router
2026-06-12 09:58:35,886 - main - INFO - Included router: routers.settings.router
2026-06-12 09:58:35,917 - main - INFO - Included router: routers.storage.router
2026-06-12 09:58:35,925 - main - INFO - Included router: routers.user.router
2026-06-12 09:58:35,926 - main - INFO - === Application startup initiated ===
2026-06-12 09:58:35,926 - services.database - INFO - Ignore creating tables
2026-06-12 09:58:35,926 - services.mock_data - INFO - Ignore initialize data
2026-06-12 09:58:35,926 - services.auth - INFO - Ignore initialize admin
2026-06-12 09:58:35,926 - main - INFO - === Application startup completed successfully ===
2026-06-12 10:05:18,198 - services.database - DEBUG - [DB_OP] Starting database close
2026-06-12 10:05:18,199 - services.database - INFO - Database connections closed
2026-06-12 10:05:18,199 - services.database - DEBUG - [DB_OP] Database close completed in 0.0004s
