2026-06-19 03:37:12,660 - main - INFO - === Logging system initialized ===
2026-06-19 03:37:12,660 - main - INFO - Log file: logs/app_20260619_033712.log
2026-06-19 03:37:12,660 - main - INFO - Log level: INFO
2026-06-19 03:37:12,660 - main - INFO - Timestamp: 20260619_033712
2026-06-19 03:37:13,442 - main - INFO - Included router: routers.aihub.router
2026-06-19 03:37:13,465 - main - INFO - Included router: routers.analysis.router
2026-06-19 03:37:13,477 - main - INFO - Included router: routers.auth.router
2026-06-19 03:37:13,491 - main - INFO - Included router: routers.custom_auth.router
2026-06-19 03:37:13,533 - main - INFO - Included router: routers.doctor_patients.router
2026-06-19 03:37:13,535 - main - INFO - Included router: routers.health.router
2026-06-19 03:37:13,588 - main - INFO - Included router: routers.invite.router
2026-06-19 03:37:13,599 - main - INFO - Included router: routers.reports.router
2026-06-19 03:37:13,619 - main - INFO - Included router: routers.settings.router
2026-06-19 03:37:13,654 - main - INFO - Included router: routers.storage.router
2026-06-19 03:37:13,662 - main - INFO - Included router: routers.user.router
2026-06-19 03:37:13,704 - main - INFO - Included router: routers.users_profiles.router
2026-06-19 03:37:13,705 - main - INFO - === Application startup initiated ===
2026-06-19 03:37:13,705 - services.database - INFO - Ignore creating tables
2026-06-19 03:37:13,705 - services.mock_data - INFO - Ignore initialize data
2026-06-19 03:37:13,706 - services.auth - INFO - Ignore initialize admin
2026-06-19 03:37:13,706 - main - INFO - === Application startup completed successfully ===
2026-06-19 03:47:12,658 - services.database - DEBUG - [DB_OP] Starting database close
2026-06-19 03:47:12,658 - services.database - INFO - Database connections closed
2026-06-19 03:47:12,659 - services.database - DEBUG - [DB_OP] Database close completed in 0.0007s
