2026-06-12 11:39:08,092 - main - INFO - === Logging system initialized ===
2026-06-12 11:39:08,092 - main - INFO - Log file: logs/app_20260612_113908.log
2026-06-12 11:39:08,092 - main - INFO - Log level: INFO
2026-06-12 11:39:08,092 - main - INFO - Timestamp: 20260612_113908
2026-06-12 11:39:08,764 - main - INFO - Included router: routers.aihub.router
2026-06-12 11:39:08,783 - main - INFO - Included router: routers.analysis.router
2026-06-12 11:39:08,797 - main - INFO - Included router: routers.auth.router
2026-06-12 11:39:08,806 - main - INFO - Included router: routers.custom_auth.router
2026-06-12 11:39:08,849 - main - INFO - Included router: routers.doctor_patients.router
2026-06-12 11:39:08,850 - main - INFO - Included router: routers.health.router
2026-06-12 11:39:08,898 - main - INFO - Included router: routers.invite.router
2026-06-12 11:39:08,909 - main - INFO - Included router: routers.reports.router
2026-06-12 11:39:08,929 - main - INFO - Included router: routers.settings.router
2026-06-12 11:39:08,962 - main - INFO - Included router: routers.storage.router
2026-06-12 11:39:08,969 - main - INFO - Included router: routers.user.router
2026-06-12 11:39:09,012 - main - INFO - Included router: routers.users_profiles.router
2026-06-12 11:39:09,014 - main - INFO - === Application startup initiated ===
2026-06-12 11:39:09,014 - services.database - INFO - Ignore creating tables
2026-06-12 11:39:09,014 - services.mock_data - INFO - Ignore initialize data
2026-06-12 11:39:09,014 - services.auth - INFO - Ignore initialize admin
2026-06-12 11:39:09,014 - main - INFO - === Application startup completed successfully ===
2026-06-12 11:49:08,723 - services.database - DEBUG - [DB_OP] Starting database close
2026-06-12 11:49:08,723 - services.database - INFO - Database connections closed
2026-06-12 11:49:08,723 - services.database - DEBUG - [DB_OP] Database close completed in 0.0004s
