2026-06-21 05:05:13,782 - main - INFO - === Logging system initialized ===
2026-06-21 05:05:13,782 - main - INFO - Log file: logs/app_20260621_050513.log
2026-06-21 05:05:13,782 - main - INFO - Log level: INFO
2026-06-21 05:05:13,783 - main - INFO - Timestamp: 20260621_050513
2026-06-21 05:05:14,697 - main - INFO - Included router: routers.aihub.router
2026-06-21 05:05:14,732 - main - INFO - Included router: routers.analysis.router
2026-06-21 05:05:14,748 - main - INFO - Included router: routers.auth.router
2026-06-21 05:05:14,762 - main - INFO - Included router: routers.custom_auth.router
2026-06-21 05:05:14,811 - main - INFO - Included router: routers.doctor_patients.router
2026-06-21 05:05:14,813 - main - INFO - Included router: routers.health.router
2026-06-21 05:05:14,891 - main - INFO - Included router: routers.invite.router
2026-06-21 05:05:14,908 - main - INFO - Included router: routers.reports.router
2026-06-21 05:05:14,936 - main - INFO - Included router: routers.settings.router
2026-06-21 05:05:14,974 - main - INFO - Included router: routers.storage.router
2026-06-21 05:05:14,985 - main - INFO - Included router: routers.user.router
2026-06-21 05:05:15,033 - main - INFO - Included router: routers.users_profiles.router
2026-06-21 05:05:15,034 - main - INFO - === Application startup initiated ===
2026-06-21 05:05:15,035 - services.database - INFO - Ignore creating tables
2026-06-21 05:05:15,035 - services.mock_data - INFO - Ignore initialize data
2026-06-21 05:05:15,035 - services.auth - INFO - Ignore initialize admin
2026-06-21 05:05:15,035 - main - INFO - === Application startup completed successfully ===
2026-06-21 05:06:12,985 - services.database - DEBUG - [DB_OP] Starting database close
2026-06-21 05:06:12,985 - services.database - INFO - Database connections closed
2026-06-21 05:06:12,985 - services.database - DEBUG - [DB_OP] Database close completed in 0.0004s
