2026-06-12 12:21:50,528 - main - INFO - === Logging system initialized ===
2026-06-12 12:21:50,528 - main - INFO - Log file: logs/app_20260612_122150.log
2026-06-12 12:21:50,528 - main - INFO - Log level: INFO
2026-06-12 12:21:50,528 - main - INFO - Timestamp: 20260612_122150
2026-06-12 12:21:51,475 - main - INFO - Included router: routers.aihub.router
2026-06-12 12:21:51,496 - main - INFO - Included router: routers.analysis.router
2026-06-12 12:21:51,517 - main - INFO - Included router: routers.auth.router
2026-06-12 12:21:51,532 - main - INFO - Included router: routers.custom_auth.router
2026-06-12 12:21:51,594 - main - INFO - Included router: routers.doctor_patients.router
2026-06-12 12:21:51,597 - main - INFO - Included router: routers.health.router
2026-06-12 12:21:51,652 - main - INFO - Included router: routers.invite.router
2026-06-12 12:21:51,664 - main - INFO - Included router: routers.reports.router
2026-06-12 12:21:51,687 - main - INFO - Included router: routers.settings.router
2026-06-12 12:21:51,724 - main - INFO - Included router: routers.storage.router
2026-06-12 12:21:51,733 - main - INFO - Included router: routers.user.router
2026-06-12 12:21:51,787 - main - INFO - Included router: routers.users_profiles.router
2026-06-12 12:21:51,790 - main - INFO - === Application startup initiated ===
2026-06-12 12:21:51,790 - services.database - INFO - Ignore creating tables
2026-06-12 12:21:51,790 - services.mock_data - INFO - Ignore initialize data
2026-06-12 12:21:51,791 - services.auth - INFO - Ignore initialize admin
2026-06-12 12:21:51,791 - main - INFO - === Application startup completed successfully ===
2026-06-12 12:22:00,970 - core.database - DEBUG - [DB_OP] Starting get_db session creation
2026-06-12 12:22:00,970 - core.database - WARNING - Database session maker not available, attempting lazy initialization...
2026-06-12 12:22:00,971 - core.database - WARNING - Database not initialized, attempting lazy initialization...
2026-06-12 12:22:00,971 - core.database - INFO - Starting database initialization...
2026-06-12 12:22:00,971 - core.config - DEBUG - Read dynamic attribute database_url from environment variable DATABASE_URL
2026-06-12 12:22:00,971 - core.database - INFO - Normalizing database URL for async compatibility...
2026-06-12 12:22:00,973 - core.database - INFO - Creating async database engine...
2026-06-12 12:22:00,973 - core.database - INFO - Using QueuePool with connection pooling for non-Lambda environment
2026-06-12 12:22:01,054 - core.database - INFO - Database engine created successfully
2026-06-12 12:22:01,054 - core.database - INFO - Creating async session maker...
2026-06-12 12:22:01,054 - core.database - INFO - Async session maker created successfully
2026-06-12 12:22:01,055 - core.database - INFO - Database connection initialized successfully
2026-06-12 12:22:01,055 - core.database - DEBUG - [DB_OP] Starting create_tables
2026-06-12 12:22:01,055 - core.database - INFO - 🔧 Starting table creation...
2026-06-12 12:22:02,527 - core.database - INFO - Tables initialized successfully
2026-06-12 12:22:02,527 - core.database - DEBUG - [DB_OP] Create tables completed in 1.4725s
2026-06-12 12:22:02,592 - core.database - INFO - Lazy database initialization completed successfully
2026-06-12 12:22:02,593 - core.database - DEBUG - [DB_OP] Database session created successfully in 1.6229s
2026-06-12 12:22:03,043 - core.database - DEBUG - [DB_OP] Database session cleanup after 2.0734s
2026-06-12 12:22:45,877 - core.database - DEBUG - [DB_OP] Starting get_db session creation
2026-06-12 12:22:45,877 - core.database - DEBUG - [DB_OP] Database session created successfully in 0.0004s
2026-06-12 12:22:46,732 - core.database - DEBUG - [DB_OP] Database session cleanup after 0.8553s
2026-06-12 12:22:55,318 - services.database - DEBUG - [DB_OP] Starting database close
2026-06-12 12:22:55,387 - core.database - INFO - Database connection closed and engine disposed
2026-06-12 12:22:55,388 - services.database - INFO - Database connections closed
2026-06-12 12:22:55,389 - services.database - DEBUG - [DB_OP] Database close completed in 0.0700s
