2026-06-18 12:30:40,388 - main - INFO - === Logging system initialized ===
2026-06-18 12:30:40,388 - main - INFO - Log file: logs/app_20260618_123040.log
2026-06-18 12:30:40,388 - main - INFO - Log level: INFO
2026-06-18 12:30:40,388 - main - INFO - Timestamp: 20260618_123040
2026-06-18 12:30:41,156 - main - INFO - Included router: routers.aihub.router
2026-06-18 12:30:41,178 - main - INFO - Included router: routers.analysis.router
2026-06-18 12:30:41,190 - main - INFO - Included router: routers.auth.router
2026-06-18 12:30:41,203 - main - INFO - Included router: routers.custom_auth.router
2026-06-18 12:30:41,248 - main - INFO - Included router: routers.doctor_patients.router
2026-06-18 12:30:41,251 - main - INFO - Included router: routers.health.router
2026-06-18 12:30:41,309 - main - INFO - Included router: routers.invite.router
2026-06-18 12:30:41,321 - main - INFO - Included router: routers.reports.router
2026-06-18 12:30:41,345 - main - INFO - Included router: routers.settings.router
2026-06-18 12:30:41,378 - main - INFO - Included router: routers.storage.router
2026-06-18 12:30:41,386 - main - INFO - Included router: routers.user.router
2026-06-18 12:30:41,445 - main - INFO - Included router: routers.users_profiles.router
2026-06-18 12:30:41,447 - main - INFO - === Application startup initiated ===
2026-06-18 12:30:41,447 - services.database - INFO - Ignore creating tables
2026-06-18 12:30:41,447 - services.mock_data - INFO - Ignore initialize data
2026-06-18 12:30:41,447 - services.auth - INFO - Ignore initialize admin
2026-06-18 12:30:41,447 - main - INFO - === Application startup completed successfully ===
2026-06-18 12:44:44,436 - services.database - DEBUG - [DB_OP] Starting database close
2026-06-18 12:44:44,437 - services.database - INFO - Database connections closed
2026-06-18 12:44:44,437 - services.database - DEBUG - [DB_OP] Database close completed in 0.0005s
