2026-06-12 10:48:00,615 - main - INFO - === Logging system initialized ===
2026-06-12 10:48:00,615 - main - INFO - Log file: logs/app_20260612_104800.log
2026-06-12 10:48:00,616 - main - INFO - Log level: INFO
2026-06-12 10:48:00,616 - main - INFO - Timestamp: 20260612_104800
2026-06-12 10:48:01,453 - main - INFO - Included router: routers.aihub.router
2026-06-12 10:48:01,472 - main - INFO - Included router: routers.analysis.router
2026-06-12 10:48:01,482 - main - INFO - Included router: routers.auth.router
2026-06-12 10:48:01,529 - main - INFO - Included router: routers.doctor_patients.router
2026-06-12 10:48:01,531 - main - INFO - Included router: routers.health.router
2026-06-12 10:48:01,552 - main - INFO - Included router: routers.invite.router
2026-06-12 10:48:01,565 - main - INFO - Included router: routers.reports.router
2026-06-12 10:48:01,585 - main - INFO - Included router: routers.settings.router
2026-06-12 10:48:01,623 - main - INFO - Included router: routers.storage.router
2026-06-12 10:48:01,631 - main - INFO - Included router: routers.user.router
2026-06-12 10:48:01,684 - main - INFO - Included router: routers.users_profiles.router
2026-06-12 10:48:01,686 - main - INFO - === Application startup initiated ===
2026-06-12 10:48:01,686 - services.database - INFO - Ignore creating tables
2026-06-12 10:48:01,686 - services.mock_data - INFO - Ignore initialize data
2026-06-12 10:48:01,686 - services.auth - INFO - Ignore initialize admin
2026-06-12 10:48:01,686 - main - INFO - === Application startup completed successfully ===
2026-06-12 10:51:44,141 - dependencies.auth - DEBUG - Authentication required for request GET /api/v1/auth/me
2026-06-12 10:53:38,686 - services.database - DEBUG - [DB_OP] Starting database close
2026-06-12 10:53:38,687 - services.database - INFO - Database connections closed
2026-06-12 10:53:38,687 - services.database - DEBUG - [DB_OP] Database close completed in 0.0004s
