2026-06-21 22:35:37,821 - main - INFO - === Logging system initialized ===
2026-06-21 22:35:37,821 - main - INFO - Log file: logs/app_20260621_223537.log
2026-06-21 22:35:37,821 - main - INFO - Log level: INFO
2026-06-21 22:35:37,821 - main - INFO - Timestamp: 20260621_223537
2026-06-21 22:35:38,699 - main - INFO - Included router: routers.aihub.router
2026-06-21 22:35:38,723 - main - INFO - Included router: routers.analysis.router
2026-06-21 22:35:38,737 - main - INFO - Included router: routers.auth.router
2026-06-21 22:35:38,750 - main - INFO - Included router: routers.custom_auth.router
2026-06-21 22:35:38,796 - main - INFO - Included router: routers.doctor_patients.router
2026-06-21 22:35:38,797 - main - INFO - Included router: routers.health.router
2026-06-21 22:35:38,855 - main - INFO - Included router: routers.invite.router
2026-06-21 22:35:38,867 - main - INFO - Included router: routers.reports.router
2026-06-21 22:35:38,886 - main - INFO - Included router: routers.settings.router
2026-06-21 22:35:38,919 - main - INFO - Included router: routers.storage.router
2026-06-21 22:35:38,930 - main - INFO - Included router: routers.user.router
2026-06-21 22:35:38,978 - main - INFO - Included router: routers.users_profiles.router
2026-06-21 22:35:38,979 - main - INFO - === Application startup initiated ===
2026-06-21 22:35:38,979 - services.database - INFO - Ignore creating tables
2026-06-21 22:35:38,979 - services.mock_data - INFO - Ignore initialize data
2026-06-21 22:35:38,979 - services.auth - INFO - Ignore initialize admin
2026-06-21 22:35:38,980 - main - INFO - === Application startup completed successfully ===
2026-06-21 22:40:23,732 - services.database - DEBUG - [DB_OP] Starting database close
2026-06-21 22:40:23,732 - services.database - INFO - Database connections closed
2026-06-21 22:40:23,732 - services.database - DEBUG - [DB_OP] Database close completed in 0.0006s
