2026-06-18 11:36:02,925 - main - INFO - === Logging system initialized ===
2026-06-18 11:36:02,925 - main - INFO - Log file: logs/app_20260618_113602.log
2026-06-18 11:36:02,926 - main - INFO - Log level: INFO
2026-06-18 11:36:02,926 - main - INFO - Timestamp: 20260618_113602
2026-06-18 11:36:03,761 - main - INFO - Included router: routers.aihub.router
2026-06-18 11:36:03,778 - main - INFO - Included router: routers.analysis.router
2026-06-18 11:36:03,789 - main - INFO - Included router: routers.auth.router
2026-06-18 11:36:03,801 - main - INFO - Included router: routers.custom_auth.router
2026-06-18 11:36:03,849 - main - INFO - Included router: routers.doctor_patients.router
2026-06-18 11:36:03,851 - main - INFO - Included router: routers.health.router
2026-06-18 11:36:03,910 - main - INFO - Included router: routers.invite.router
2026-06-18 11:36:03,924 - main - INFO - Included router: routers.reports.router
2026-06-18 11:36:03,945 - main - INFO - Included router: routers.settings.router
2026-06-18 11:36:03,983 - main - INFO - Included router: routers.storage.router
2026-06-18 11:36:03,990 - main - INFO - Included router: routers.user.router
2026-06-18 11:36:04,034 - main - INFO - Included router: routers.users_profiles.router
2026-06-18 11:36:04,036 - main - INFO - === Application startup initiated ===
2026-06-18 11:36:04,036 - services.database - INFO - Ignore creating tables
2026-06-18 11:36:04,036 - services.mock_data - INFO - Ignore initialize data
2026-06-18 11:36:04,036 - services.auth - INFO - Ignore initialize admin
2026-06-18 11:36:04,036 - main - INFO - === Application startup completed successfully ===
2026-06-18 11:57:07,523 - services.database - DEBUG - [DB_OP] Starting database close
2026-06-18 11:57:07,524 - services.database - INFO - Database connections closed
2026-06-18 11:57:07,524 - services.database - DEBUG - [DB_OP] Database close completed in 0.0005s
