2026-06-10 05:15:13,290 - main - INFO - === Logging system initialized ===
2026-06-10 05:15:13,290 - main - INFO - Log file: logs/app_20260610_051513.log
2026-06-10 05:15:13,290 - main - INFO - Log level: INFO
2026-06-10 05:15:13,290 - main - INFO - Timestamp: 20260610_051513
2026-06-10 05:15:14,078 - main - INFO - Included router: routers.aihub.router
2026-06-10 05:15:14,116 - main - INFO - Included router: routers.analysis.router
2026-06-10 05:15:14,126 - main - INFO - Included router: routers.auth.router
2026-06-10 05:15:14,127 - main - INFO - Included router: routers.health.router
2026-06-10 05:15:14,149 - main - INFO - Included router: routers.settings.router
2026-06-10 05:15:14,188 - main - INFO - Included router: routers.storage.router
2026-06-10 05:15:14,195 - main - INFO - Included router: routers.user.router
2026-06-10 05:15:14,196 - main - INFO - === Application startup initiated ===
2026-06-10 05:15:14,196 - services.database - INFO - Ignore creating tables
2026-06-10 05:15:14,196 - services.mock_data - INFO - Ignore initialize data
2026-06-10 05:15:14,196 - services.auth - INFO - Ignore initialize admin
2026-06-10 05:15:14,196 - main - INFO - === Application startup completed successfully ===
2026-06-10 05:15:52,552 - dependencies.auth - DEBUG - Authentication required for request GET /api/v1/auth/me
2026-06-10 05:16:55,464 - services.database - DEBUG - [DB_OP] Starting database close
2026-06-10 05:16:55,465 - services.database - INFO - Database connections closed
2026-06-10 05:16:55,465 - services.database - DEBUG - [DB_OP] Database close completed in 0.0006s
