2026-06-19 02:37:36,730 - main - INFO - === Logging system initialized ===
2026-06-19 02:37:36,730 - main - INFO - Log file: logs/app_20260619_023736.log
2026-06-19 02:37:36,731 - main - INFO - Log level: INFO
2026-06-19 02:37:36,731 - main - INFO - Timestamp: 20260619_023736
2026-06-19 02:37:37,678 - main - INFO - Included router: routers.aihub.router
2026-06-19 02:37:37,702 - main - INFO - Included router: routers.analysis.router
2026-06-19 02:37:37,721 - main - INFO - Included router: routers.auth.router
2026-06-19 02:37:37,738 - main - INFO - Included router: routers.custom_auth.router
2026-06-19 02:37:37,789 - main - INFO - Included router: routers.doctor_patients.router
2026-06-19 02:37:37,792 - main - INFO - Included router: routers.health.router
2026-06-19 02:37:37,861 - main - INFO - Included router: routers.invite.router
2026-06-19 02:37:37,875 - main - INFO - Included router: routers.reports.router
2026-06-19 02:37:37,903 - main - INFO - Included router: routers.settings.router
2026-06-19 02:37:37,947 - main - INFO - Included router: routers.storage.router
2026-06-19 02:37:37,963 - main - INFO - Included router: routers.user.router
2026-06-19 02:37:38,019 - main - INFO - Included router: routers.users_profiles.router
2026-06-19 02:37:38,021 - main - INFO - === Application startup initiated ===
2026-06-19 02:37:38,021 - services.database - INFO - Ignore creating tables
2026-06-19 02:37:38,022 - services.mock_data - INFO - Ignore initialize data
2026-06-19 02:37:38,022 - services.auth - INFO - Ignore initialize admin
2026-06-19 02:37:38,022 - main - INFO - === Application startup completed successfully ===
2026-06-19 02:47:21,899 - services.database - DEBUG - [DB_OP] Starting database close
2026-06-19 02:47:21,900 - services.database - INFO - Database connections closed
2026-06-19 02:47:21,900 - services.database - DEBUG - [DB_OP] Database close completed in 0.0004s
