2026-06-12 12:49:58,482 - main - INFO - === Logging system initialized ===
2026-06-12 12:49:58,483 - main - INFO - Log file: logs/app_20260612_124958.log
2026-06-12 12:49:58,483 - main - INFO - Log level: INFO
2026-06-12 12:49:58,483 - main - INFO - Timestamp: 20260612_124958
2026-06-12 12:49:59,453 - main - INFO - Included router: routers.aihub.router
2026-06-12 12:49:59,481 - main - INFO - Included router: routers.analysis.router
2026-06-12 12:49:59,499 - main - INFO - Included router: routers.auth.router
2026-06-12 12:49:59,667 - main - INFO - Included router: routers.custom_auth.router
2026-06-12 12:49:59,735 - main - INFO - Included router: routers.doctor_patients.router
2026-06-12 12:49:59,737 - main - INFO - Included router: routers.health.router
2026-06-12 12:49:59,811 - main - INFO - Included router: routers.invite.router
2026-06-12 12:49:59,827 - main - INFO - Included router: routers.reports.router
2026-06-12 12:49:59,852 - main - INFO - Included router: routers.settings.router
2026-06-12 12:49:59,894 - main - INFO - Included router: routers.storage.router
2026-06-12 12:49:59,904 - main - INFO - Included router: routers.user.router
2026-06-12 12:49:59,953 - main - INFO - Included router: routers.users_profiles.router
2026-06-12 12:49:59,954 - main - INFO - === Application startup initiated ===
2026-06-12 12:49:59,954 - services.database - INFO - Ignore creating tables
2026-06-12 12:49:59,955 - services.mock_data - INFO - Ignore initialize data
2026-06-12 12:49:59,955 - services.auth - INFO - Ignore initialize admin
2026-06-12 12:49:59,955 - main - INFO - === Application startup completed successfully ===
2026-06-12 12:50:00,056 - services.database - DEBUG - [DB_OP] Starting database close
2026-06-12 12:50:00,057 - services.database - INFO - Database connections closed
2026-06-12 12:50:00,057 - services.database - DEBUG - [DB_OP] Database close completed in 0.0006s
