2026-07-03 02:39:58,760 - main - INFO - === Logging system initialized ===
2026-07-03 02:39:58,760 - main - INFO - Log file: logs/app_20260703_023958.log
2026-07-03 02:39:58,760 - main - INFO - Log level: INFO
2026-07-03 02:39:58,760 - main - INFO - Timestamp: 20260703_023958
2026-07-03 02:39:59,580 - main - INFO - Included router: routers.aihub.router
2026-07-03 02:39:59,606 - main - INFO - Included router: routers.analysis.router
2026-07-03 02:39:59,617 - main - INFO - Included router: routers.auth.router
2026-07-03 02:39:59,629 - main - INFO - Included router: routers.custom_auth.router
2026-07-03 02:39:59,671 - main - INFO - Included router: routers.doctor_patients.router
2026-07-03 02:39:59,672 - main - INFO - Included router: routers.health.router
2026-07-03 02:39:59,735 - main - INFO - Included router: routers.invite.router
2026-07-03 02:39:59,748 - main - INFO - Included router: routers.reports.router
2026-07-03 02:39:59,765 - main - INFO - Included router: routers.settings.router
2026-07-03 02:39:59,796 - main - INFO - Included router: routers.storage.router
2026-07-03 02:39:59,803 - main - INFO - Included router: routers.user.router
2026-07-03 02:39:59,846 - main - INFO - Included router: routers.users_profiles.router
2026-07-03 02:39:59,847 - main - INFO - === Application startup initiated ===
2026-07-03 02:39:59,847 - services.database - INFO - Ignore creating tables
2026-07-03 02:39:59,848 - services.mock_data - INFO - Ignore initialize data
2026-07-03 02:39:59,848 - services.auth - INFO - Ignore initialize admin
2026-07-03 02:39:59,848 - main - INFO - === Application startup completed successfully ===
2026-07-03 02:50:56,529 - services.database - DEBUG - [DB_OP] Starting database close
2026-07-03 02:50:56,530 - services.database - INFO - Database connections closed
2026-07-03 02:50:56,530 - services.database - DEBUG - [DB_OP] Database close completed in 0.0007s
