2026-06-21 05:06:28,131 - main - INFO - === Logging system initialized ===
2026-06-21 05:06:28,131 - main - INFO - Log file: logs/app_20260621_050628.log
2026-06-21 05:06:28,131 - main - INFO - Log level: INFO
2026-06-21 05:06:28,131 - main - INFO - Timestamp: 20260621_050628
2026-06-21 05:06:28,884 - main - INFO - Included router: routers.aihub.router
2026-06-21 05:06:28,908 - main - INFO - Included router: routers.analysis.router
2026-06-21 05:06:28,924 - main - INFO - Included router: routers.auth.router
2026-06-21 05:06:28,939 - main - INFO - Included router: routers.custom_auth.router
2026-06-21 05:06:28,986 - main - INFO - Included router: routers.doctor_patients.router
2026-06-21 05:06:28,988 - main - INFO - Included router: routers.health.router
2026-06-21 05:06:29,045 - main - INFO - Included router: routers.invite.router
2026-06-21 05:06:29,057 - main - INFO - Included router: routers.reports.router
2026-06-21 05:06:29,076 - main - INFO - Included router: routers.settings.router
2026-06-21 05:06:29,114 - main - INFO - Included router: routers.storage.router
2026-06-21 05:06:29,123 - main - INFO - Included router: routers.user.router
2026-06-21 05:06:29,172 - main - INFO - Included router: routers.users_profiles.router
2026-06-21 05:06:29,173 - main - INFO - === Application startup initiated ===
2026-06-21 05:06:29,173 - services.database - INFO - Ignore creating tables
2026-06-21 05:06:29,174 - services.mock_data - INFO - Ignore initialize data
2026-06-21 05:06:29,174 - services.auth - INFO - Ignore initialize admin
2026-06-21 05:06:29,174 - main - INFO - === Application startup completed successfully ===
2026-06-21 05:46:59,037 - services.database - DEBUG - [DB_OP] Starting database close
2026-06-21 05:46:59,037 - services.database - INFO - Database connections closed
2026-06-21 05:46:59,037 - services.database - DEBUG - [DB_OP] Database close completed in 0.0006s
