2026-07-03 02:20:49,182 - main - INFO - === Logging system initialized ===
2026-07-03 02:20:49,182 - main - INFO - Log file: logs/app_20260703_022049.log
2026-07-03 02:20:49,183 - main - INFO - Log level: INFO
2026-07-03 02:20:49,183 - main - INFO - Timestamp: 20260703_022049
2026-07-03 02:20:49,936 - main - INFO - Included router: routers.aihub.router
2026-07-03 02:20:49,954 - main - INFO - Included router: routers.analysis.router
2026-07-03 02:20:49,965 - main - INFO - Included router: routers.auth.router
2026-07-03 02:20:49,977 - main - INFO - Included router: routers.custom_auth.router
2026-07-03 02:20:50,019 - main - INFO - Included router: routers.doctor_patients.router
2026-07-03 02:20:50,038 - main - INFO - Included router: routers.health.router
2026-07-03 02:20:50,095 - main - INFO - Included router: routers.invite.router
2026-07-03 02:20:50,108 - main - INFO - Included router: routers.reports.router
2026-07-03 02:20:50,125 - main - INFO - Included router: routers.settings.router
2026-07-03 02:20:50,157 - main - INFO - Included router: routers.storage.router
2026-07-03 02:20:50,163 - main - INFO - Included router: routers.user.router
2026-07-03 02:20:50,204 - main - INFO - Included router: routers.users_profiles.router
2026-07-03 02:20:50,205 - main - INFO - === Application startup initiated ===
2026-07-03 02:20:50,205 - services.database - INFO - Ignore creating tables
2026-07-03 02:20:50,205 - services.mock_data - INFO - Ignore initialize data
2026-07-03 02:20:50,206 - services.auth - INFO - Ignore initialize admin
2026-07-03 02:20:50,206 - main - INFO - === Application startup completed successfully ===
2026-07-03 02:21:35,532 - services.database - DEBUG - [DB_OP] Starting database close
2026-07-03 02:21:35,532 - services.database - INFO - Database connections closed
2026-07-03 02:21:35,533 - services.database - DEBUG - [DB_OP] Database close completed in 0.0005s
