2026-06-16 11:35:28,791 - main - INFO - === Logging system initialized ===
2026-06-16 11:35:28,791 - main - INFO - Log file: logs/app_20260616_113528.log
2026-06-16 11:35:28,792 - main - INFO - Log level: INFO
2026-06-16 11:35:28,792 - main - INFO - Timestamp: 20260616_113528
2026-06-16 11:35:29,556 - main - INFO - Included router: routers.aihub.router
2026-06-16 11:35:29,578 - main - INFO - Included router: routers.analysis.router
2026-06-16 11:35:29,590 - main - INFO - Included router: routers.auth.router
2026-06-16 11:35:29,603 - main - INFO - Included router: routers.custom_auth.router
2026-06-16 11:35:29,649 - main - INFO - Included router: routers.doctor_patients.router
2026-06-16 11:35:29,651 - main - INFO - Included router: routers.health.router
2026-06-16 11:35:29,702 - main - INFO - Included router: routers.invite.router
2026-06-16 11:35:29,716 - main - INFO - Included router: routers.reports.router
2026-06-16 11:35:29,734 - main - INFO - Included router: routers.settings.router
2026-06-16 11:35:29,772 - main - INFO - Included router: routers.storage.router
2026-06-16 11:35:29,783 - main - INFO - Included router: routers.user.router
2026-06-16 11:35:29,828 - main - INFO - Included router: routers.users_profiles.router
2026-06-16 11:35:29,830 - main - INFO - === Application startup initiated ===
2026-06-16 11:35:29,830 - services.database - INFO - Ignore creating tables
2026-06-16 11:35:29,831 - services.mock_data - INFO - Ignore initialize data
2026-06-16 11:35:29,831 - services.auth - INFO - Ignore initialize admin
2026-06-16 11:35:29,831 - main - INFO - === Application startup completed successfully ===
2026-06-16 11:39:47,523 - services.database - DEBUG - [DB_OP] Starting database close
2026-06-16 11:39:47,523 - services.database - INFO - Database connections closed
2026-06-16 11:39:47,524 - services.database - DEBUG - [DB_OP] Database close completed in 0.0007s
