2026-06-12 10:05:19,496 - main - INFO - === Logging system initialized ===
2026-06-12 10:05:19,496 - main - INFO - Log file: logs/app_20260612_100519.log
2026-06-12 10:05:19,496 - main - INFO - Log level: INFO
2026-06-12 10:05:19,496 - main - INFO - Timestamp: 20260612_100519
2026-06-12 10:05:20,670 - main - INFO - Included router: routers.aihub.router
2026-06-12 10:05:20,682 - main - INFO - Included router: routers.analysis.router
2026-06-12 10:05:20,697 - main - INFO - Included router: routers.auth.router
2026-06-12 10:05:20,795 - main - INFO - Included router: routers.doctor_patients.router
2026-06-12 10:05:20,798 - main - INFO - Included router: routers.health.router
2026-06-12 10:05:20,808 - main - INFO - Included router: routers.reports.router
2026-06-12 10:05:20,829 - main - INFO - Included router: routers.settings.router
2026-06-12 10:05:20,862 - main - INFO - Included router: routers.storage.router
2026-06-12 10:05:20,869 - main - INFO - Included router: routers.user.router
2026-06-12 10:05:20,985 - main - INFO - Included router: routers.users_profiles.router
2026-06-12 10:05:20,986 - main - INFO - === Application startup initiated ===
2026-06-12 10:05:20,987 - services.database - INFO - Ignore creating tables
2026-06-12 10:05:20,987 - services.mock_data - INFO - Ignore initialize data
2026-06-12 10:05:20,987 - services.auth - INFO - Ignore initialize admin
2026-06-12 10:05:20,987 - main - INFO - === Application startup completed successfully ===
2026-06-12 10:05:29,405 - services.database - DEBUG - [DB_OP] Starting database close
2026-06-12 10:05:29,405 - services.database - INFO - Database connections closed
2026-06-12 10:05:29,405 - services.database - DEBUG - [DB_OP] Database close completed in 0.0004s
