2026-06-12 10:05:30,641 - main - INFO - === Logging system initialized ===
2026-06-12 10:05:30,641 - main - INFO - Log file: logs/app_20260612_100530.log
2026-06-12 10:05:30,641 - main - INFO - Log level: INFO
2026-06-12 10:05:30,642 - main - INFO - Timestamp: 20260612_100530
2026-06-12 10:05:31,457 - main - INFO - Included router: routers.aihub.router
2026-06-12 10:05:31,519 - main - INFO - Included router: routers.analysis.router
2026-06-12 10:05:31,534 - main - INFO - Included router: routers.auth.router
2026-06-12 10:05:31,586 - main - INFO - Included router: routers.doctor_patients.router
2026-06-12 10:05:31,588 - main - INFO - Included router: routers.health.router
2026-06-12 10:05:31,600 - main - INFO - Included router: routers.reports.router
2026-06-12 10:05:31,620 - main - INFO - Included router: routers.settings.router
2026-06-12 10:05:31,653 - main - INFO - Included router: routers.storage.router
2026-06-12 10:05:31,660 - main - INFO - Included router: routers.user.router
2026-06-12 10:05:31,711 - main - INFO - Included router: routers.users_profiles.router
2026-06-12 10:05:31,712 - main - INFO - === Application startup initiated ===
2026-06-12 10:05:31,712 - services.database - INFO - Ignore creating tables
2026-06-12 10:05:31,713 - services.mock_data - INFO - Ignore initialize data
2026-06-12 10:05:31,713 - services.auth - INFO - Ignore initialize admin
2026-06-12 10:05:31,713 - main - INFO - === Application startup completed successfully ===
2026-06-12 10:05:54,862 - services.database - DEBUG - [DB_OP] Starting database close
2026-06-12 10:05:54,863 - services.database - INFO - Database connections closed
2026-06-12 10:05:54,863 - services.database - DEBUG - [DB_OP] Database close completed in 0.0005s
