2026-06-18 09:10:34,545 - main - INFO - === Logging system initialized ===
2026-06-18 09:10:34,546 - main - INFO - Log file: logs/app_20260618_091034.log
2026-06-18 09:10:34,546 - main - INFO - Log level: INFO
2026-06-18 09:10:34,546 - main - INFO - Timestamp: 20260618_091034
2026-06-18 09:10:35,335 - main - INFO - Included router: routers.aihub.router
2026-06-18 09:10:35,354 - main - INFO - Included router: routers.analysis.router
2026-06-18 09:10:35,366 - main - INFO - Included router: routers.auth.router
2026-06-18 09:10:35,379 - main - INFO - Included router: routers.custom_auth.router
2026-06-18 09:10:35,421 - main - INFO - Included router: routers.doctor_patients.router
2026-06-18 09:10:35,423 - main - INFO - Included router: routers.health.router
2026-06-18 09:10:35,507 - main - INFO - Included router: routers.invite.router
2026-06-18 09:10:35,518 - main - INFO - Included router: routers.reports.router
2026-06-18 09:10:35,540 - main - INFO - Included router: routers.settings.router
2026-06-18 09:10:35,576 - main - INFO - Included router: routers.storage.router
2026-06-18 09:10:35,585 - main - INFO - Included router: routers.user.router
2026-06-18 09:10:35,629 - main - INFO - Included router: routers.users_profiles.router
2026-06-18 09:10:35,630 - main - INFO - === Application startup initiated ===
2026-06-18 09:10:35,631 - services.database - INFO - Ignore creating tables
2026-06-18 09:10:35,631 - services.mock_data - INFO - Ignore initialize data
2026-06-18 09:10:35,631 - services.auth - INFO - Ignore initialize admin
2026-06-18 09:10:35,631 - main - INFO - === Application startup completed successfully ===
2026-06-18 09:10:35,933 - services.database - DEBUG - [DB_OP] Starting database close
2026-06-18 09:10:35,933 - services.database - INFO - Database connections closed
2026-06-18 09:10:35,933 - services.database - DEBUG - [DB_OP] Database close completed in 0.0004s
