2026-06-18 12:25:58,907 - main - INFO - === Logging system initialized ===
2026-06-18 12:25:58,907 - main - INFO - Log file: logs/app_20260618_122558.log
2026-06-18 12:25:58,907 - main - INFO - Log level: INFO
2026-06-18 12:25:58,907 - main - INFO - Timestamp: 20260618_122558
2026-06-18 12:25:59,785 - main - INFO - Included router: routers.aihub.router
2026-06-18 12:25:59,860 - main - WARNING - Failed to import module 'routers.analysis': cannot import name 'calculate_age_from_birth_date' from 'services.teeth_analysis' (/workspace/app/backend/services/teeth_analysis.py)
2026-06-18 12:25:59,880 - main - INFO - Included router: routers.auth.router
2026-06-18 12:25:59,896 - main - INFO - Included router: routers.custom_auth.router
2026-06-18 12:25:59,940 - main - INFO - Included router: routers.doctor_patients.router
2026-06-18 12:25:59,942 - main - INFO - Included router: routers.health.router
2026-06-18 12:25:59,997 - main - INFO - Included router: routers.invite.router
2026-06-18 12:26:00,009 - main - INFO - Included router: routers.reports.router
2026-06-18 12:26:00,078 - main - INFO - Included router: routers.settings.router
2026-06-18 12:26:00,112 - main - INFO - Included router: routers.storage.router
2026-06-18 12:26:00,119 - main - INFO - Included router: routers.user.router
2026-06-18 12:26:00,162 - main - INFO - Included router: routers.users_profiles.router
2026-06-18 12:26:00,163 - main - INFO - === Application startup initiated ===
2026-06-18 12:26:00,163 - services.database - INFO - Ignore creating tables
2026-06-18 12:26:00,164 - services.mock_data - INFO - Ignore initialize data
2026-06-18 12:26:00,164 - services.auth - INFO - Ignore initialize admin
2026-06-18 12:26:00,164 - main - INFO - === Application startup completed successfully ===
2026-06-18 12:26:12,705 - services.database - DEBUG - [DB_OP] Starting database close
2026-06-18 12:26:12,705 - services.database - INFO - Database connections closed
2026-06-18 12:26:12,705 - services.database - DEBUG - [DB_OP] Database close completed in 0.0005s
