2026-06-10 05:28:25,608 - main - INFO - === Logging system initialized ===
2026-06-10 05:28:25,608 - main - INFO - Log file: logs/app_20260610_052825.log
2026-06-10 05:28:25,608 - main - INFO - Log level: INFO
2026-06-10 05:28:25,608 - main - INFO - Timestamp: 20260610_052825
2026-06-10 05:28:26,512 - main - INFO - Included router: routers.aihub.router
2026-06-10 05:28:26,529 - main - INFO - Included router: routers.analysis.router
2026-06-10 05:28:26,540 - main - INFO - Included router: routers.auth.router
2026-06-10 05:28:26,541 - main - INFO - Included router: routers.health.router
2026-06-10 05:28:26,560 - main - INFO - Included router: routers.settings.router
2026-06-10 05:28:26,592 - main - INFO - Included router: routers.storage.router
2026-06-10 05:28:26,599 - main - INFO - Included router: routers.user.router
2026-06-10 05:28:28,267 - watchfiles.main - DEBUG - 1 change detected: {(<Change.added: 1>, '/workspace/app/backend/logs/app_20260610_052828.log')}
2026-06-10 05:28:28,619 - watchfiles.main - DEBUG - 1 change detected: {(<Change.modified: 2>, '/workspace/app/backend/logs/app_20260610_052825.log')}
2026-06-10 05:28:28,970 - watchfiles.main - DEBUG - 1 change detected: {(<Change.modified: 2>, '/workspace/app/backend/logs/app_20260610_052825.log')}
2026-06-10 05:28:29,320 - watchfiles.main - DEBUG - 2 changes detected: {(<Change.modified: 2>, '/workspace/app/backend/logs/app_20260610_052825.log'), (<Change.modified: 2>, '/workspace/app/backend/logs/app_20260610_052828.log')}
2026-06-10 05:28:29,671 - watchfiles.main - DEBUG - 1 change detected: {(<Change.modified: 2>, '/workspace/app/backend/logs/app_20260610_052825.log')}
2026-06-10 05:28:30,022 - watchfiles.main - DEBUG - 1 change detected: {(<Change.modified: 2>, '/workspace/app/backend/logs/app_20260610_052825.log')}
2026-06-10 05:28:30,373 - watchfiles.main - DEBUG - 1 change detected: {(<Change.modified: 2>, '/workspace/app/backend/logs/app_20260610_052825.log')}
2026-06-10 05:28:30,724 - watchfiles.main - DEBUG - 1 change detected: {(<Change.modified: 2>, '/workspace/app/backend/logs/app_20260610_052825.log')}
2026-06-10 05:28:31,075 - watchfiles.main - DEBUG - 1 change detected: {(<Change.modified: 2>, '/workspace/app/backend/logs/app_20260610_052825.log')}
2026-06-10 05:28:31,426 - watchfiles.main - DEBUG - 1 change detected: {(<Change.modified: 2>, '/workspace/app/backend/logs/app_20260610_052825.log')}
2026-06-10 05:28:31,777 - watchfiles.main - DEBUG - 1 change detected: {(<Change.modified: 2>, '/workspace/app/backend/logs/app_20260610_052825.log')}
2026-06-10 05:28:32,128 - watchfiles.main - DEBUG - 1 change detected: {(<Change.modified: 2>, '/workspace/app/backend/logs/app_20260610_052825.log')}
2026-06-10 05:28:32,479 - watchfiles.main - DEBUG - 1 change detected: {(<Change.modified: 2>, '/workspace/app/backend/logs/app_20260610_052825.log')}
2026-06-10 05:28:32,830 - watchfiles.main - DEBUG - 1 change detected: {(<Change.modified: 2>, '/workspace/app/backend/logs/app_20260610_052825.log')}
2026-06-10 05:28:33,181 - watchfiles.main - DEBUG - 1 change detected: {(<Change.modified: 2>, '/workspace/app/backend/logs/app_20260610_052825.log')}
2026-06-10 05:28:33,532 - watchfiles.main - DEBUG - 1 change detected: {(<Change.modified: 2>, '/workspace/app/backend/logs/app_20260610_052825.log')}
2026-06-10 05:28:33,883 - watchfiles.main - DEBUG - 1 change detected: {(<Change.modified: 2>, '/workspace/app/backend/logs/app_20260610_052825.log')}
2026-06-10 05:28:34,234 - watchfiles.main - DEBUG - 1 change detected: {(<Change.modified: 2>, '/workspace/app/backend/logs/app_20260610_052825.log')}
2026-06-10 05:28:34,585 - watchfiles.main - DEBUG - 1 change detected: {(<Change.modified: 2>, '/workspace/app/backend/logs/app_20260610_052825.log')}
2026-06-10 05:28:34,936 - watchfiles.main - DEBUG - 1 change detected: {(<Change.modified: 2>, '/workspace/app/backend/logs/app_20260610_052825.log')}
2026-06-10 05:28:35,287 - watchfiles.main - DEBUG - 1 change detected: {(<Change.modified: 2>, '/workspace/app/backend/logs/app_20260610_052825.log')}
2026-06-10 05:28:35,638 - watchfiles.main - DEBUG - 1 change detected: {(<Change.modified: 2>, '/workspace/app/backend/logs/app_20260610_052825.log')}
2026-06-10 05:28:35,989 - watchfiles.main - DEBUG - 1 change detected: {(<Change.modified: 2>, '/workspace/app/backend/logs/app_20260610_052825.log')}
2026-06-10 05:28:36,340 - watchfiles.main - DEBUG - 1 change detected: {(<Change.modified: 2>, '/workspace/app/backend/logs/app_20260610_052825.log')}
2026-06-10 05:28:36,691 - watchfiles.main - DEBUG - 1 change detected: {(<Change.modified: 2>, '/workspace/app/backend/logs/app_20260610_052825.log')}
2026-06-10 05:28:37,042 - watchfiles.main - DEBUG - 1 change detected: {(<Change.modified: 2>, '/workspace/app/backend/logs/app_20260610_052825.log')}
2026-06-10 05:28:37,393 - watchfiles.main - DEBUG - 1 change detected: {(<Change.modified: 2>, '/workspace/app/backend/logs/app_20260610_052825.log')}
2026-06-10 05:28:37,744 - watchfiles.main - DEBUG - 1 change detected: {(<Change.modified: 2>, '/workspace/app/backend/logs/app_20260610_052825.log')}
2026-06-10 05:28:38,094 - watchfiles.main - DEBUG - 1 change detected: {(<Change.modified: 2>, '/workspace/app/backend/logs/app_20260610_052825.log')}
2026-06-10 05:28:38,445 - watchfiles.main - DEBUG - 1 change detected: {(<Change.modified: 2>, '/workspace/app/backend/logs/app_20260610_052825.log')}
2026-06-10 05:28:38,796 - watchfiles.main - DEBUG - 1 change detected: {(<Change.modified: 2>, '/workspace/app/backend/logs/app_20260610_052825.log')}
2026-06-10 05:28:39,147 - watchfiles.main - DEBUG - 1 change detected: {(<Change.modified: 2>, '/workspace/app/backend/logs/app_20260610_052825.log')}
2026-06-10 05:28:39,498 - watchfiles.main - DEBUG - 1 change detected: {(<Change.modified: 2>, '/workspace/app/backend/logs/app_20260610_052825.log')}
2026-06-10 05:28:39,849 - watchfiles.main - DEBUG - 1 change detected: {(<Change.modified: 2>, '/workspace/app/backend/logs/app_20260610_052825.log')}
2026-06-10 05:28:40,200 - watchfiles.main - DEBUG - 1 change detected: {(<Change.modified: 2>, '/workspace/app/backend/logs/app_20260610_052825.log')}
2026-06-10 05:28:40,551 - watchfiles.main - DEBUG - 1 change detected: {(<Change.modified: 2>, '/workspace/app/backend/logs/app_20260610_052825.log')}
2026-06-10 05:28:40,902 - watchfiles.main - DEBUG - 1 change detected: {(<Change.modified: 2>, '/workspace/app/backend/logs/app_20260610_052825.log')}
2026-06-10 05:28:41,253 - watchfiles.main - DEBUG - 1 change detected: {(<Change.modified: 2>, '/workspace/app/backend/logs/app_20260610_052825.log')}
2026-06-10 05:28:41,604 - watchfiles.main - DEBUG - 1 change detected: {(<Change.modified: 2>, '/workspace/app/backend/logs/app_20260610_052825.log')}
2026-06-10 05:28:41,955 - watchfiles.main - DEBUG - 1 change detected: {(<Change.modified: 2>, '/workspace/app/backend/logs/app_20260610_052825.log')}
2026-06-10 05:28:42,306 - watchfiles.main - DEBUG - 1 change detected: {(<Change.modified: 2>, '/workspace/app/backend/logs/app_20260610_052825.log')}
2026-06-10 05:28:42,657 - watchfiles.main - DEBUG - 1 change detected: {(<Change.modified: 2>, '/workspace/app/backend/logs/app_20260610_052825.log')}
2026-06-10 05:28:43,008 - watchfiles.main - DEBUG - 1 change detected: {(<Change.modified: 2>, '/workspace/app/backend/logs/app_20260610_052825.log')}
2026-06-10 05:28:43,359 - watchfiles.main - DEBUG - 1 change detected: {(<Change.modified: 2>, '/workspace/app/backend/logs/app_20260610_052825.log')}
2026-06-10 05:28:43,710 - watchfiles.main - DEBUG - 1 change detected: {(<Change.modified: 2>, '/workspace/app/backend/logs/app_20260610_052825.log')}
2026-06-10 05:28:44,061 - watchfiles.main - DEBUG - 1 change detected: {(<Change.modified: 2>, '/workspace/app/backend/logs/app_20260610_052825.log')}
2026-06-10 05:28:44,412 - watchfiles.main - DEBUG - 1 change detected: {(<Change.modified: 2>, '/workspace/app/backend/logs/app_20260610_052825.log')}
2026-06-10 05:28:44,763 - watchfiles.main - DEBUG - 1 change detected: {(<Change.modified: 2>, '/workspace/app/backend/logs/app_20260610_052825.log')}
2026-06-10 05:28:45,114 - watchfiles.main - DEBUG - 1 change detected: {(<Change.modified: 2>, '/workspace/app/backend/logs/app_20260610_052825.log')}
2026-06-10 05:28:45,465 - watchfiles.main - DEBUG - 1 change detected: {(<Change.modified: 2>, '/workspace/app/backend/logs/app_20260610_052825.log')}
2026-06-10 05:28:45,816 - watchfiles.main - DEBUG - 1 change detected: {(<Change.modified: 2>, '/workspace/app/backend/logs/app_20260610_052825.log')}
2026-06-10 05:28:46,166 - watchfiles.main - DEBUG - 1 change detected: {(<Change.modified: 2>, '/workspace/app/backend/logs/app_20260610_052825.log')}
2026-06-10 05:28:46,518 - watchfiles.main - DEBUG - 1 change detected: {(<Change.modified: 2>, '/workspace/app/backend/logs/app_20260610_052825.log')}
2026-06-10 05:28:46,869 - watchfiles.main - DEBUG - 1 change detected: {(<Change.modified: 2>, '/workspace/app/backend/logs/app_20260610_052825.log')}
2026-06-10 05:28:47,220 - watchfiles.main - DEBUG - 1 change detected: {(<Change.modified: 2>, '/workspace/app/backend/logs/app_20260610_052825.log')}
2026-06-10 05:28:47,571 - watchfiles.main - DEBUG - 1 change detected: {(<Change.modified: 2>, '/workspace/app/backend/logs/app_20260610_052825.log')}
2026-06-10 05:28:47,922 - watchfiles.main - DEBUG - 1 change detected: {(<Change.modified: 2>, '/workspace/app/backend/logs/app_20260610_052825.log')}
2026-06-10 05:28:48,273 - watchfiles.main - DEBUG - 1 change detected: {(<Change.modified: 2>, '/workspace/app/backend/logs/app_20260610_052825.log')}
2026-06-10 05:28:48,624 - watchfiles.main - DEBUG - 1 change detected: {(<Change.modified: 2>, '/workspace/app/backend/logs/app_20260610_052825.log')}
2026-06-10 05:28:48,975 - watchfiles.main - DEBUG - 1 change detected: {(<Change.modified: 2>, '/workspace/app/backend/logs/app_20260610_052825.log')}
2026-06-10 05:28:49,326 - watchfiles.main - DEBUG - 1 change detected: {(<Change.modified: 2>, '/workspace/app/backend/logs/app_20260610_052825.log')}
2026-06-10 05:28:49,677 - watchfiles.main - DEBUG - 1 change detected: {(<Change.modified: 2>, '/workspace/app/backend/logs/app_20260610_052825.log')}
2026-06-10 05:28:50,028 - watchfiles.main - DEBUG - 1 change detected: {(<Change.modified: 2>, '/workspace/app/backend/logs/app_20260610_052825.log')}
2026-06-10 05:28:50,379 - watchfiles.main - DEBUG - 1 change detected: {(<Change.modified: 2>, '/workspace/app/backend/logs/app_20260610_052825.log')}
2026-06-10 05:28:50,730 - watchfiles.main - DEBUG - 1 change detected: {(<Change.modified: 2>, '/workspace/app/backend/logs/app_20260610_052825.log')}
2026-06-10 05:28:51,081 - watchfiles.main - DEBUG - 1 change detected: {(<Change.modified: 2>, '/workspace/app/backend/logs/app_20260610_052825.log')}
2026-06-10 05:28:51,432 - watchfiles.main - DEBUG - 1 change detected: {(<Change.modified: 2>, '/workspace/app/backend/logs/app_20260610_052825.log')}
2026-06-10 05:28:51,782 - watchfiles.main - DEBUG - 1 change detected: {(<Change.modified: 2>, '/workspace/app/backend/logs/app_20260610_052825.log')}
2026-06-10 05:28:52,133 - watchfiles.main - DEBUG - 1 change detected: {(<Change.modified: 2>, '/workspace/app/backend/logs/app_20260610_052825.log')}
2026-06-10 05:28:52,484 - watchfiles.main - DEBUG - 1 change detected: {(<Change.modified: 2>, '/workspace/app/backend/logs/app_20260610_052825.log')}
2026-06-10 05:28:52,835 - watchfiles.main - DEBUG - 1 change detected: {(<Change.modified: 2>, '/workspace/app/backend/logs/app_20260610_052825.log')}
2026-06-10 05:28:53,186 - watchfiles.main - DEBUG - 1 change detected: {(<Change.modified: 2>, '/workspace/app/backend/logs/app_20260610_052825.log')}
2026-06-10 05:28:53,537 - watchfiles.main - DEBUG - 1 change detected: {(<Change.modified: 2>, '/workspace/app/backend/logs/app_20260610_052825.log')}
2026-06-10 05:28:53,888 - watchfiles.main - DEBUG - 1 change detected: {(<Change.modified: 2>, '/workspace/app/backend/logs/app_20260610_052825.log')}
2026-06-10 05:28:54,239 - watchfiles.main - DEBUG - 1 change detected: {(<Change.modified: 2>, '/workspace/app/backend/logs/app_20260610_052825.log')}
2026-06-10 05:28:54,590 - watchfiles.main - DEBUG - 1 change detected: {(<Change.modified: 2>, '/workspace/app/backend/logs/app_20260610_052825.log')}
2026-06-10 05:28:54,941 - watchfiles.main - DEBUG - 1 change detected: {(<Change.modified: 2>, '/workspace/app/backend/logs/app_20260610_052825.log')}
2026-06-10 05:28:55,292 - watchfiles.main - DEBUG - 1 change detected: {(<Change.modified: 2>, '/workspace/app/backend/logs/app_20260610_052825.log')}
2026-06-10 05:28:55,643 - watchfiles.main - DEBUG - 1 change detected: {(<Change.modified: 2>, '/workspace/app/backend/logs/app_20260610_052825.log')}
2026-06-10 05:28:55,994 - watchfiles.main - DEBUG - 1 change detected: {(<Change.modified: 2>, '/workspace/app/backend/logs/app_20260610_052825.log')}
2026-06-10 05:28:56,345 - watchfiles.main - DEBUG - 1 change detected: {(<Change.modified: 2>, '/workspace/app/backend/logs/app_20260610_052825.log')}
2026-06-10 05:28:56,696 - watchfiles.main - DEBUG - 1 change detected: {(<Change.modified: 2>, '/workspace/app/backend/logs/app_20260610_052825.log')}
2026-06-10 05:28:57,047 - watchfiles.main - DEBUG - 1 change detected: {(<Change.modified: 2>, '/workspace/app/backend/logs/app_20260610_052825.log')}
2026-06-10 05:28:57,398 - watchfiles.main - DEBUG - 1 change detected: {(<Change.modified: 2>, '/workspace/app/backend/logs/app_20260610_052825.log')}
2026-06-10 05:28:57,749 - watchfiles.main - DEBUG - 1 change detected: {(<Change.modified: 2>, '/workspace/app/backend/logs/app_20260610_052825.log')}
2026-06-10 05:28:58,099 - watchfiles.main - DEBUG - 1 change detected: {(<Change.modified: 2>, '/workspace/app/backend/logs/app_20260610_052825.log')}
2026-06-10 05:28:58,450 - watchfiles.main - DEBUG - 1 change detected: {(<Change.modified: 2>, '/workspace/app/backend/logs/app_20260610_052825.log')}
2026-06-10 05:28:58,801 - watchfiles.main - DEBUG - 1 change detected: {(<Change.modified: 2>, '/workspace/app/backend/logs/app_20260610_052825.log')}
2026-06-10 05:28:59,152 - watchfiles.main - DEBUG - 1 change detected: {(<Change.modified: 2>, '/workspace/app/backend/logs/app_20260610_052825.log')}
2026-06-10 05:28:59,503 - watchfiles.main - DEBUG - 1 change detected: {(<Change.modified: 2>, '/workspace/app/backend/logs/app_20260610_052825.log')}
2026-06-10 05:28:59,854 - watchfiles.main - DEBUG - 1 change detected: {(<Change.modified: 2>, '/workspace/app/backend/logs/app_20260610_052825.log')}
2026-06-10 05:29:00,205 - watchfiles.main - DEBUG - 1 change detected: {(<Change.modified: 2>, '/workspace/app/backend/logs/app_20260610_052825.log')}
2026-06-10 05:29:00,556 - watchfiles.main - DEBUG - 1 change detected: {(<Change.modified: 2>, '/workspace/app/backend/logs/app_20260610_052825.log')}
2026-06-10 05:29:00,907 - watchfiles.main - DEBUG - 1 change detected: {(<Change.modified: 2>, '/workspace/app/backend/logs/app_20260610_052825.log')}
2026-06-10 05:29:01,258 - watchfiles.main - DEBUG - 1 change detected: {(<Change.modified: 2>, '/workspace/app/backend/logs/app_20260610_052825.log')}
2026-06-10 05:29:01,609 - watchfiles.main - DEBUG - 1 change detected: {(<Change.modified: 2>, '/workspace/app/backend/logs/app_20260610_052825.log')}
2026-06-10 05:29:01,960 - watchfiles.main - DEBUG - 1 change detected: {(<Change.modified: 2>, '/workspace/app/backend/logs/app_20260610_052825.log')}
2026-06-10 05:29:02,310 - watchfiles.main - DEBUG - 1 change detected: {(<Change.modified: 2>, '/workspace/app/backend/logs/app_20260610_052825.log')}
2026-06-10 05:29:02,662 - watchfiles.main - DEBUG - 1 change detected: {(<Change.modified: 2>, '/workspace/app/backend/logs/app_20260610_052825.log')}
2026-06-10 05:29:03,013 - watchfiles.main - DEBUG - 1 change detected: {(<Change.modified: 2>, '/workspace/app/backend/logs/app_20260610_052825.log')}
2026-06-10 05:29:03,364 - watchfiles.main - DEBUG - 1 change detected: {(<Change.modified: 2>, '/workspace/app/backend/logs/app_20260610_052825.log')}
2026-06-10 05:29:03,715 - watchfiles.main - DEBUG - 1 change detected: {(<Change.modified: 2>, '/workspace/app/backend/logs/app_20260610_052825.log')}
2026-06-10 05:29:04,066 - watchfiles.main - DEBUG - 1 change detected: {(<Change.modified: 2>, '/workspace/app/backend/logs/app_20260610_052825.log')}
2026-06-10 05:29:04,417 - watchfiles.main - DEBUG - 1 change detected: {(<Change.modified: 2>, '/workspace/app/backend/logs/app_20260610_052825.log')}
2026-06-10 05:29:04,768 - watchfiles.main - DEBUG - 1 change detected: {(<Change.modified: 2>, '/workspace/app/backend/logs/app_20260610_052825.log')}
2026-06-10 05:29:05,119 - watchfiles.main - DEBUG - 1 change detected: {(<Change.modified: 2>, '/workspace/app/backend/logs/app_20260610_052825.log')}
2026-06-10 05:29:05,470 - watchfiles.main - DEBUG - 1 change detected: {(<Change.modified: 2>, '/workspace/app/backend/logs/app_20260610_052825.log')}
2026-06-10 05:29:05,821 - watchfiles.main - DEBUG - 1 change detected: {(<Change.modified: 2>, '/workspace/app/backend/logs/app_20260610_052825.log')}
2026-06-10 05:29:06,172 - watchfiles.main - DEBUG - 1 change detected: {(<Change.modified: 2>, '/workspace/app/backend/logs/app_20260610_052825.log')}
2026-06-10 05:29:06,523 - watchfiles.main - DEBUG - 1 change detected: {(<Change.modified: 2>, '/workspace/app/backend/logs/app_20260610_052825.log')}
2026-06-10 05:29:06,874 - watchfiles.main - DEBUG - 1 change detected: {(<Change.modified: 2>, '/workspace/app/backend/logs/app_20260610_052825.log')}
