2026-06-18 12:29:49,868 - main - INFO - === Logging system initialized ===
2026-06-18 12:29:49,868 - main - INFO - Log file: logs/app_20260618_122949.log
2026-06-18 12:29:49,868 - main - INFO - Log level: INFO
2026-06-18 12:29:49,868 - main - INFO - Timestamp: 20260618_122949
2026-06-18 12:29:50,554 - main - INFO - Included router: routers.aihub.router
2026-06-18 12:29:50,575 - main - INFO - Included router: routers.analysis.router
2026-06-18 12:29:50,586 - main - INFO - Included router: routers.auth.router
2026-06-18 12:29:50,598 - main - INFO - Included router: routers.custom_auth.router
2026-06-18 12:29:50,643 - main - INFO - Included router: routers.doctor_patients.router
2026-06-18 12:29:50,644 - main - INFO - Included router: routers.health.router
2026-06-18 12:29:50,695 - main - INFO - Included router: routers.invite.router
2026-06-18 12:29:50,706 - main - INFO - Included router: routers.reports.router
2026-06-18 12:29:50,726 - main - INFO - Included router: routers.settings.router
2026-06-18 12:29:50,765 - main - INFO - Included router: routers.storage.router
2026-06-18 12:29:50,774 - main - INFO - Included router: routers.user.router
2026-06-18 12:29:50,828 - main - INFO - Included router: routers.users_profiles.router
2026-06-18 12:29:50,830 - main - INFO - === Application startup initiated ===
2026-06-18 12:29:50,831 - services.database - INFO - Ignore creating tables
2026-06-18 12:29:50,831 - services.mock_data - INFO - Ignore initialize data
2026-06-18 12:29:50,831 - services.auth - INFO - Ignore initialize admin
2026-06-18 12:29:50,831 - main - INFO - === Application startup completed successfully ===
2026-06-18 12:30:25,915 - services.database - DEBUG - [DB_OP] Starting database close
2026-06-18 12:30:25,916 - services.database - INFO - Database connections closed
2026-06-18 12:30:25,916 - services.database - DEBUG - [DB_OP] Database close completed in 0.0005s
