2026-06-16 11:14:14,922 - main - INFO - === Logging system initialized ===
2026-06-16 11:14:14,923 - main - INFO - Log file: logs/app_20260616_111414.log
2026-06-16 11:14:14,923 - main - INFO - Log level: INFO
2026-06-16 11:14:14,923 - main - INFO - Timestamp: 20260616_111414
2026-06-16 11:14:15,770 - main - INFO - Included router: routers.aihub.router
2026-06-16 11:14:15,792 - main - INFO - Included router: routers.analysis.router
2026-06-16 11:14:15,806 - main - INFO - Included router: routers.auth.router
2026-06-16 11:14:15,821 - main - INFO - Included router: routers.custom_auth.router
2026-06-16 11:14:15,868 - main - INFO - Included router: routers.doctor_patients.router
2026-06-16 11:14:15,881 - main - INFO - Included router: routers.health.router
2026-06-16 11:14:15,938 - main - INFO - Included router: routers.invite.router
2026-06-16 11:14:15,951 - main - INFO - Included router: routers.reports.router
2026-06-16 11:14:15,974 - main - INFO - Included router: routers.settings.router
2026-06-16 11:14:16,013 - main - INFO - Included router: routers.storage.router
2026-06-16 11:14:16,041 - main - INFO - Included router: routers.user.router
2026-06-16 11:14:16,093 - main - INFO - Included router: routers.users_profiles.router
2026-06-16 11:14:16,094 - main - INFO - === Application startup initiated ===
2026-06-16 11:14:16,094 - services.database - INFO - Ignore creating tables
2026-06-16 11:14:16,094 - services.mock_data - INFO - Ignore initialize data
2026-06-16 11:14:16,095 - services.auth - INFO - Ignore initialize admin
2026-06-16 11:14:16,095 - main - INFO - === Application startup completed successfully ===
2026-06-16 11:16:27,122 - services.database - DEBUG - [DB_OP] Starting database close
2026-06-16 11:16:27,122 - services.database - INFO - Database connections closed
2026-06-16 11:16:27,122 - services.database - DEBUG - [DB_OP] Database close completed in 0.0006s
