2026-06-12 11:57:21,367 - main - INFO - === Logging system initialized ===
2026-06-12 11:57:21,367 - main - INFO - Log file: logs/app_20260612_115721.log
2026-06-12 11:57:21,367 - main - INFO - Log level: INFO
2026-06-12 11:57:21,368 - main - INFO - Timestamp: 20260612_115721
2026-06-12 11:57:22,188 - main - INFO - Included router: routers.aihub.router
2026-06-12 11:57:22,212 - main - INFO - Included router: routers.analysis.router
2026-06-12 11:57:22,224 - main - INFO - Included router: routers.auth.router
2026-06-12 11:57:22,234 - main - INFO - Included router: routers.custom_auth.router
2026-06-12 11:57:22,278 - main - INFO - Included router: routers.doctor_patients.router
2026-06-12 11:57:22,280 - main - INFO - Included router: routers.health.router
2026-06-12 11:57:22,334 - main - INFO - Included router: routers.invite.router
2026-06-12 11:57:22,347 - main - INFO - Included router: routers.reports.router
2026-06-12 11:57:22,368 - main - INFO - Included router: routers.settings.router
2026-06-12 11:57:22,403 - main - INFO - Included router: routers.storage.router
2026-06-12 11:57:22,412 - main - INFO - Included router: routers.user.router
2026-06-12 11:57:22,460 - main - INFO - Included router: routers.users_profiles.router
2026-06-12 11:57:22,461 - main - INFO - === Application startup initiated ===
2026-06-12 11:57:22,461 - services.database - INFO - Ignore creating tables
2026-06-12 11:57:22,461 - services.mock_data - INFO - Ignore initialize data
2026-06-12 11:57:22,462 - services.auth - INFO - Ignore initialize admin
2026-06-12 11:57:22,462 - main - INFO - === Application startup completed successfully ===
2026-06-12 12:09:50,612 - services.database - DEBUG - [DB_OP] Starting database close
2026-06-12 12:09:50,612 - services.database - INFO - Database connections closed
2026-06-12 12:09:50,613 - services.database - DEBUG - [DB_OP] Database close completed in 0.0005s
