2026-06-19 05:50:01,766 - main - INFO - === Logging system initialized ===
2026-06-19 05:50:01,766 - main - INFO - Log file: logs/app_20260619_055001.log
2026-06-19 05:50:01,766 - main - INFO - Log level: INFO
2026-06-19 05:50:01,766 - main - INFO - Timestamp: 20260619_055001
2026-06-19 05:50:02,660 - main - INFO - Included router: routers.aihub.router
2026-06-19 05:50:02,682 - main - INFO - Included router: routers.analysis.router
2026-06-19 05:50:02,698 - main - INFO - Included router: routers.auth.router
2026-06-19 05:50:02,712 - main - INFO - Included router: routers.custom_auth.router
2026-06-19 05:50:02,761 - main - INFO - Included router: routers.doctor_patients.router
2026-06-19 05:50:02,763 - main - INFO - Included router: routers.health.router
2026-06-19 05:50:02,850 - main - INFO - Included router: routers.invite.router
2026-06-19 05:50:02,868 - main - INFO - Included router: routers.reports.router
2026-06-19 05:50:02,890 - main - INFO - Included router: routers.settings.router
2026-06-19 05:50:02,940 - main - INFO - Included router: routers.storage.router
2026-06-19 05:50:02,954 - main - INFO - Included router: routers.user.router
2026-06-19 05:50:03,002 - main - INFO - Included router: routers.users_profiles.router
2026-06-19 05:50:03,003 - main - INFO - === Application startup initiated ===
2026-06-19 05:50:03,004 - services.database - INFO - Ignore creating tables
2026-06-19 05:50:03,004 - services.mock_data - INFO - Ignore initialize data
2026-06-19 05:50:03,004 - services.auth - INFO - Ignore initialize admin
2026-06-19 05:50:03,004 - main - INFO - === Application startup completed successfully ===
2026-06-19 05:53:15,774 - services.database - DEBUG - [DB_OP] Starting database close
2026-06-19 05:53:15,774 - services.database - INFO - Database connections closed
2026-06-19 05:53:15,774 - services.database - DEBUG - [DB_OP] Database close completed in 0.0006s
