2026-06-12 12:17:28,084 - main - INFO - === Logging system initialized ===
2026-06-12 12:17:28,084 - main - INFO - Log file: logs/app_20260612_121728.log
2026-06-12 12:17:28,084 - main - INFO - Log level: INFO
2026-06-12 12:17:28,085 - main - INFO - Timestamp: 20260612_121728
2026-06-12 12:17:28,877 - main - INFO - Included router: routers.aihub.router
2026-06-12 12:17:28,898 - main - INFO - Included router: routers.analysis.router
2026-06-12 12:17:28,912 - main - INFO - Included router: routers.auth.router
2026-06-12 12:17:28,921 - main - INFO - Included router: routers.custom_auth.router
2026-06-12 12:17:28,966 - main - INFO - Included router: routers.doctor_patients.router
2026-06-12 12:17:28,968 - main - INFO - Included router: routers.health.router
2026-06-12 12:17:29,017 - main - INFO - Included router: routers.invite.router
2026-06-12 12:17:29,046 - main - INFO - Included router: routers.reports.router
2026-06-12 12:17:29,066 - main - INFO - Included router: routers.settings.router
2026-06-12 12:17:29,108 - main - INFO - Included router: routers.storage.router
2026-06-12 12:17:29,117 - main - INFO - Included router: routers.user.router
2026-06-12 12:17:29,168 - main - INFO - Included router: routers.users_profiles.router
2026-06-12 12:17:29,169 - main - INFO - === Application startup initiated ===
2026-06-12 12:17:29,170 - services.database - INFO - Ignore creating tables
2026-06-12 12:17:29,170 - services.mock_data - INFO - Ignore initialize data
2026-06-12 12:17:29,170 - services.auth - INFO - Ignore initialize admin
2026-06-12 12:17:29,170 - main - INFO - === Application startup completed successfully ===
2026-06-12 12:17:51,542 - services.database - DEBUG - [DB_OP] Starting database close
2026-06-12 12:17:51,542 - services.database - INFO - Database connections closed
2026-06-12 12:17:51,542 - services.database - DEBUG - [DB_OP] Database close completed in 0.0006s
