2026-06-18 08:50:45,410 - main - INFO - === Logging system initialized ===
2026-06-18 08:50:45,411 - main - INFO - Log file: logs/app_20260618_085045.log
2026-06-18 08:50:45,411 - main - INFO - Log level: INFO
2026-06-18 08:50:45,411 - main - INFO - Timestamp: 20260618_085045
2026-06-18 08:50:46,196 - main - INFO - Included router: routers.aihub.router
2026-06-18 08:50:46,215 - main - INFO - Included router: routers.analysis.router
2026-06-18 08:50:46,232 - main - INFO - Included router: routers.auth.router
2026-06-18 08:50:46,252 - main - INFO - Included router: routers.custom_auth.router
2026-06-18 08:50:46,301 - main - INFO - Included router: routers.doctor_patients.router
2026-06-18 08:50:46,304 - main - INFO - Included router: routers.health.router
2026-06-18 08:50:46,364 - main - INFO - Included router: routers.invite.router
2026-06-18 08:50:46,391 - main - INFO - Included router: routers.reports.router
2026-06-18 08:50:46,414 - main - INFO - Included router: routers.settings.router
2026-06-18 08:50:46,448 - main - INFO - Included router: routers.storage.router
2026-06-18 08:50:46,455 - main - INFO - Included router: routers.user.router
2026-06-18 08:50:46,497 - main - INFO - Included router: routers.users_profiles.router
2026-06-18 08:50:46,498 - main - INFO - === Application startup initiated ===
2026-06-18 08:50:46,498 - services.database - INFO - Ignore creating tables
2026-06-18 08:50:46,498 - services.mock_data - INFO - Ignore initialize data
2026-06-18 08:50:46,499 - services.auth - INFO - Ignore initialize admin
2026-06-18 08:50:46,499 - main - INFO - === Application startup completed successfully ===
2026-06-18 08:54:49,376 - services.database - DEBUG - [DB_OP] Starting database close
2026-06-18 08:54:49,377 - services.database - INFO - Database connections closed
2026-06-18 08:54:49,377 - services.database - DEBUG - [DB_OP] Database close completed in 0.0005s
