2026-06-19 05:34:24,107 - main - INFO - === Logging system initialized ===
2026-06-19 05:34:24,107 - main - INFO - Log file: logs/app_20260619_053424.log
2026-06-19 05:34:24,108 - main - INFO - Log level: INFO
2026-06-19 05:34:24,108 - main - INFO - Timestamp: 20260619_053424
2026-06-19 05:34:25,157 - main - INFO - Included router: routers.aihub.router
2026-06-19 05:34:25,180 - main - INFO - Included router: routers.analysis.router
2026-06-19 05:34:25,193 - main - INFO - Included router: routers.auth.router
2026-06-19 05:34:25,209 - main - INFO - Included router: routers.custom_auth.router
2026-06-19 05:34:25,268 - main - INFO - Included router: routers.doctor_patients.router
2026-06-19 05:34:25,273 - main - INFO - Included router: routers.health.router
2026-06-19 05:34:25,332 - main - INFO - Included router: routers.invite.router
2026-06-19 05:34:25,345 - main - INFO - Included router: routers.reports.router
2026-06-19 05:34:25,365 - main - INFO - Included router: routers.settings.router
2026-06-19 05:34:25,402 - main - INFO - Included router: routers.storage.router
2026-06-19 05:34:25,414 - main - INFO - Included router: routers.user.router
2026-06-19 05:34:25,459 - main - INFO - Included router: routers.users_profiles.router
2026-06-19 05:34:25,460 - main - INFO - === Application startup initiated ===
2026-06-19 05:34:25,461 - services.database - INFO - Ignore creating tables
2026-06-19 05:34:25,461 - services.mock_data - INFO - Ignore initialize data
2026-06-19 05:34:25,461 - services.auth - INFO - Ignore initialize admin
2026-06-19 05:34:25,461 - main - INFO - === Application startup completed successfully ===
2026-06-19 05:38:45,412 - services.database - DEBUG - [DB_OP] Starting database close
2026-06-19 05:38:45,412 - services.database - INFO - Database connections closed
2026-06-19 05:38:45,412 - services.database - DEBUG - [DB_OP] Database close completed in 0.0006s
