2026-06-12 11:18:31,080 - main - INFO - === Logging system initialized ===
2026-06-12 11:18:31,081 - main - INFO - Log file: logs/app_20260612_111831.log
2026-06-12 11:18:31,081 - main - INFO - Log level: INFO
2026-06-12 11:18:31,081 - main - INFO - Timestamp: 20260612_111831
2026-06-12 11:18:31,758 - main - INFO - Included router: routers.aihub.router
2026-06-12 11:18:31,783 - main - INFO - Included router: routers.analysis.router
2026-06-12 11:18:31,796 - main - INFO - Included router: routers.auth.router
2026-06-12 11:18:31,807 - main - INFO - Included router: routers.custom_auth.router
2026-06-12 11:18:31,853 - main - INFO - Included router: routers.doctor_patients.router
2026-06-12 11:18:31,855 - main - INFO - Included router: routers.health.router
2026-06-12 11:18:31,896 - main - INFO - Included router: routers.invite.router
2026-06-12 11:18:31,908 - main - INFO - Included router: routers.reports.router
2026-06-12 11:18:31,936 - main - INFO - Included router: routers.settings.router
2026-06-12 11:18:31,977 - main - INFO - Included router: routers.storage.router
2026-06-12 11:18:31,986 - main - INFO - Included router: routers.user.router
2026-06-12 11:18:32,033 - main - INFO - Included router: routers.users_profiles.router
2026-06-12 11:18:32,034 - main - INFO - === Application startup initiated ===
2026-06-12 11:18:32,034 - services.database - INFO - Ignore creating tables
2026-06-12 11:18:32,034 - services.mock_data - INFO - Ignore initialize data
2026-06-12 11:18:32,035 - services.auth - INFO - Ignore initialize admin
2026-06-12 11:18:32,035 - main - INFO - === Application startup completed successfully ===
2026-06-12 11:36:13,867 - services.database - DEBUG - [DB_OP] Starting database close
2026-06-12 11:36:13,867 - services.database - INFO - Database connections closed
2026-06-12 11:36:13,868 - services.database - DEBUG - [DB_OP] Database close completed in 0.0004s
