2026-06-18 12:48:46,506 - main - INFO - === Logging system initialized ===
2026-06-18 12:48:46,506 - main - INFO - Log file: logs/app_20260618_124846.log
2026-06-18 12:48:46,507 - main - INFO - Log level: INFO
2026-06-18 12:48:46,507 - main - INFO - Timestamp: 20260618_124846
2026-06-18 12:48:47,604 - main - INFO - Included router: routers.aihub.router
2026-06-18 12:48:47,623 - main - INFO - Included router: routers.analysis.router
2026-06-18 12:48:47,634 - main - INFO - Included router: routers.auth.router
2026-06-18 12:48:47,647 - main - INFO - Included router: routers.custom_auth.router
2026-06-18 12:48:47,689 - main - INFO - Included router: routers.doctor_patients.router
2026-06-18 12:48:47,690 - main - INFO - Included router: routers.health.router
2026-06-18 12:48:47,745 - main - INFO - Included router: routers.invite.router
2026-06-18 12:48:47,756 - main - INFO - Included router: routers.reports.router
2026-06-18 12:48:47,775 - main - INFO - Included router: routers.settings.router
2026-06-18 12:48:47,807 - main - INFO - Included router: routers.storage.router
2026-06-18 12:48:47,817 - main - INFO - Included router: routers.user.router
2026-06-18 12:48:47,864 - main - INFO - Included router: routers.users_profiles.router
2026-06-18 12:48:47,866 - main - INFO - === Application startup initiated ===
2026-06-18 12:48:47,866 - services.database - INFO - Ignore creating tables
2026-06-18 12:48:47,866 - services.mock_data - INFO - Ignore initialize data
2026-06-18 12:48:47,867 - services.auth - INFO - Ignore initialize admin
2026-06-18 12:48:47,867 - main - INFO - === Application startup completed successfully ===
2026-06-18 12:58:33,893 - services.database - DEBUG - [DB_OP] Starting database close
2026-06-18 12:58:33,893 - services.database - INFO - Database connections closed
2026-06-18 12:58:33,893 - services.database - DEBUG - [DB_OP] Database close completed in 0.0003s
