2026-06-21 22:34:24,431 - main - INFO - === Logging system initialized ===
2026-06-21 22:34:24,432 - main - INFO - Log file: logs/app_20260621_223424.log
2026-06-21 22:34:24,432 - main - INFO - Log level: INFO
2026-06-21 22:34:24,432 - main - INFO - Timestamp: 20260621_223424
2026-06-21 22:34:25,293 - main - INFO - Included router: routers.aihub.router
2026-06-21 22:34:25,315 - main - INFO - Included router: routers.analysis.router
2026-06-21 22:34:25,326 - main - INFO - Included router: routers.auth.router
2026-06-21 22:34:25,339 - main - INFO - Included router: routers.custom_auth.router
2026-06-21 22:34:25,384 - main - INFO - Included router: routers.doctor_patients.router
2026-06-21 22:34:25,630 - main - INFO - Included router: routers.health.router
2026-06-21 22:34:25,700 - main - INFO - Included router: routers.invite.router
2026-06-21 22:34:25,719 - main - INFO - Included router: routers.reports.router
2026-06-21 22:34:25,739 - main - INFO - Included router: routers.settings.router
2026-06-21 22:34:25,782 - main - INFO - Included router: routers.storage.router
2026-06-21 22:34:25,792 - main - INFO - Included router: routers.user.router
2026-06-21 22:34:25,838 - main - INFO - Included router: routers.users_profiles.router
2026-06-21 22:34:25,839 - main - INFO - === Application startup initiated ===
2026-06-21 22:34:25,839 - services.database - INFO - Ignore creating tables
2026-06-21 22:34:25,839 - services.mock_data - INFO - Ignore initialize data
2026-06-21 22:34:25,840 - services.auth - INFO - Ignore initialize admin
2026-06-21 22:34:25,840 - main - INFO - === Application startup completed successfully ===
2026-06-21 22:35:22,982 - services.database - DEBUG - [DB_OP] Starting database close
2026-06-21 22:35:22,983 - services.database - INFO - Database connections closed
2026-06-21 22:35:22,983 - services.database - DEBUG - [DB_OP] Database close completed in 0.0005s
