2026-06-30 03:28:00,211 - main - INFO - === Logging system initialized ===
2026-06-30 03:28:00,212 - main - INFO - Log file: logs/app_20260630_032800.log
2026-06-30 03:28:00,212 - main - INFO - Log level: INFO
2026-06-30 03:28:00,212 - main - INFO - Timestamp: 20260630_032800
2026-06-30 03:28:01,069 - main - INFO - Included router: routers.aihub.router
2026-06-30 03:28:01,091 - main - INFO - Included router: routers.analysis.router
2026-06-30 03:28:01,105 - main - INFO - Included router: routers.auth.router
2026-06-30 03:28:01,120 - main - INFO - Included router: routers.custom_auth.router
2026-06-30 03:28:01,168 - main - INFO - Included router: routers.doctor_patients.router
2026-06-30 03:28:01,170 - main - INFO - Included router: routers.health.router
2026-06-30 03:28:01,238 - main - INFO - Included router: routers.invite.router
2026-06-30 03:28:01,253 - main - INFO - Included router: routers.reports.router
2026-06-30 03:28:01,274 - main - INFO - Included router: routers.settings.router
2026-06-30 03:28:01,312 - main - INFO - Included router: routers.storage.router
2026-06-30 03:28:01,319 - main - INFO - Included router: routers.user.router
2026-06-30 03:28:01,367 - main - INFO - Included router: routers.users_profiles.router
2026-06-30 03:28:01,368 - main - INFO - === Application startup initiated ===
2026-06-30 03:28:01,368 - services.database - INFO - Ignore creating tables
2026-06-30 03:28:01,368 - services.mock_data - INFO - Ignore initialize data
2026-06-30 03:28:01,368 - services.auth - INFO - Ignore initialize admin
2026-06-30 03:28:01,369 - main - INFO - === Application startup completed successfully ===
2026-06-30 03:29:53,576 - services.database - DEBUG - [DB_OP] Starting database close
2026-06-30 03:29:53,576 - services.database - INFO - Database connections closed
2026-06-30 03:29:53,576 - services.database - DEBUG - [DB_OP] Database close completed in 0.0005s
