2026-06-18 09:10:44,659 - main - INFO - === Logging system initialized ===
2026-06-18 09:10:44,659 - main - INFO - Log file: logs/app_20260618_091044.log
2026-06-18 09:10:44,659 - main - INFO - Log level: INFO
2026-06-18 09:10:44,659 - main - INFO - Timestamp: 20260618_091044
2026-06-18 09:10:45,475 - main - INFO - Included router: routers.aihub.router
2026-06-18 09:10:45,495 - main - INFO - Included router: routers.analysis.router
2026-06-18 09:10:45,506 - main - INFO - Included router: routers.auth.router
2026-06-18 09:10:45,518 - main - INFO - Included router: routers.custom_auth.router
2026-06-18 09:10:45,561 - main - INFO - Included router: routers.doctor_patients.router
2026-06-18 09:10:45,562 - main - INFO - Included router: routers.health.router
2026-06-18 09:10:45,617 - main - INFO - Included router: routers.invite.router
2026-06-18 09:10:45,630 - main - INFO - Included router: routers.reports.router
2026-06-18 09:10:45,652 - main - INFO - Included router: routers.settings.router
2026-06-18 09:10:45,691 - main - INFO - Included router: routers.storage.router
2026-06-18 09:10:45,700 - main - INFO - Included router: routers.user.router
2026-06-18 09:10:45,747 - main - INFO - Included router: routers.users_profiles.router
2026-06-18 09:10:45,749 - main - INFO - === Application startup initiated ===
2026-06-18 09:10:45,749 - services.database - INFO - Ignore creating tables
2026-06-18 09:10:45,749 - services.mock_data - INFO - Ignore initialize data
2026-06-18 09:10:45,749 - services.auth - INFO - Ignore initialize admin
2026-06-18 09:10:45,749 - main - INFO - === Application startup completed successfully ===
2026-06-18 09:13:25,562 - services.database - DEBUG - [DB_OP] Starting database close
2026-06-18 09:13:25,562 - services.database - INFO - Database connections closed
2026-06-18 09:13:25,562 - services.database - DEBUG - [DB_OP] Database close completed in 0.0005s
