2026-06-15 03:12:45,974 - main - INFO - === Logging system initialized ===
2026-06-15 03:12:45,974 - main - INFO - Log file: logs/app_20260615_031245.log
2026-06-15 03:12:45,974 - main - INFO - Log level: INFO
2026-06-15 03:12:45,974 - main - INFO - Timestamp: 20260615_031245
2026-06-15 03:12:46,779 - main - INFO - Included router: routers.aihub.router
2026-06-15 03:12:46,798 - main - INFO - Included router: routers.analysis.router
2026-06-15 03:12:46,814 - main - INFO - Included router: routers.auth.router
2026-06-15 03:12:46,827 - main - INFO - Included router: routers.custom_auth.router
2026-06-15 03:12:46,872 - main - INFO - Included router: routers.doctor_patients.router
2026-06-15 03:12:46,874 - main - INFO - Included router: routers.health.router
2026-06-15 03:12:46,927 - main - INFO - Included router: routers.invite.router
2026-06-15 03:12:46,937 - main - INFO - Included router: routers.reports.router
2026-06-15 03:12:46,958 - main - INFO - Included router: routers.settings.router
2026-06-15 03:12:46,993 - main - INFO - Included router: routers.storage.router
2026-06-15 03:12:47,002 - main - INFO - Included router: routers.user.router
2026-06-15 03:12:47,096 - main - INFO - Included router: routers.users_profiles.router
2026-06-15 03:12:47,097 - main - INFO - === Application startup initiated ===
2026-06-15 03:12:47,098 - services.database - INFO - Ignore creating tables
2026-06-15 03:12:47,098 - services.mock_data - INFO - Ignore initialize data
2026-06-15 03:12:47,098 - services.auth - INFO - Ignore initialize admin
2026-06-15 03:12:47,098 - main - INFO - === Application startup completed successfully ===
2026-06-15 03:17:08,667 - services.database - DEBUG - [DB_OP] Starting database close
2026-06-15 03:17:08,668 - services.database - INFO - Database connections closed
2026-06-15 03:17:08,668 - services.database - DEBUG - [DB_OP] Database close completed in 0.0007s
