2026-06-19 06:05:59,835 - main - INFO - === Logging system initialized ===
2026-06-19 06:05:59,836 - main - INFO - Log file: logs/app_20260619_060559.log
2026-06-19 06:05:59,836 - main - INFO - Log level: INFO
2026-06-19 06:05:59,836 - main - INFO - Timestamp: 20260619_060559
2026-06-19 06:06:00,745 - main - INFO - Included router: routers.aihub.router
2026-06-19 06:06:00,774 - main - INFO - Included router: routers.analysis.router
2026-06-19 06:06:00,790 - main - INFO - Included router: routers.auth.router
2026-06-19 06:06:00,808 - main - INFO - Included router: routers.custom_auth.router
2026-06-19 06:06:00,860 - main - INFO - Included router: routers.doctor_patients.router
2026-06-19 06:06:00,865 - main - INFO - Included router: routers.health.router
2026-06-19 06:06:00,934 - main - INFO - Included router: routers.invite.router
2026-06-19 06:06:00,952 - main - INFO - Included router: routers.reports.router
2026-06-19 06:06:00,978 - main - INFO - Included router: routers.settings.router
2026-06-19 06:06:01,023 - main - INFO - Included router: routers.storage.router
2026-06-19 06:06:01,046 - main - INFO - Included router: routers.user.router
2026-06-19 06:06:01,091 - main - INFO - Included router: routers.users_profiles.router
2026-06-19 06:06:01,094 - main - INFO - === Application startup initiated ===
2026-06-19 06:06:01,094 - services.database - INFO - Ignore creating tables
2026-06-19 06:06:01,094 - services.mock_data - INFO - Ignore initialize data
2026-06-19 06:06:01,094 - services.auth - INFO - Ignore initialize admin
2026-06-19 06:06:01,094 - main - INFO - === Application startup completed successfully ===
2026-06-19 06:08:32,376 - services.database - DEBUG - [DB_OP] Starting database close
2026-06-19 06:08:32,376 - services.database - INFO - Database connections closed
2026-06-19 06:08:32,377 - services.database - DEBUG - [DB_OP] Database close completed in 0.0006s
