2026-06-18 11:10:27,829 - main - INFO - === Logging system initialized ===
2026-06-18 11:10:27,829 - main - INFO - Log file: logs/app_20260618_111027.log
2026-06-18 11:10:27,830 - main - INFO - Log level: INFO
2026-06-18 11:10:27,830 - main - INFO - Timestamp: 20260618_111027
2026-06-18 11:10:28,571 - main - INFO - Included router: routers.aihub.router
2026-06-18 11:10:28,595 - main - INFO - Included router: routers.analysis.router
2026-06-18 11:10:28,609 - main - INFO - Included router: routers.auth.router
2026-06-18 11:10:28,622 - main - INFO - Included router: routers.custom_auth.router
2026-06-18 11:10:28,666 - main - INFO - Included router: routers.doctor_patients.router
2026-06-18 11:10:28,668 - main - INFO - Included router: routers.health.router
2026-06-18 11:10:28,721 - main - INFO - Included router: routers.invite.router
2026-06-18 11:10:28,732 - main - INFO - Included router: routers.reports.router
2026-06-18 11:10:28,750 - main - INFO - Included router: routers.settings.router
2026-06-18 11:10:28,782 - main - INFO - Included router: routers.storage.router
2026-06-18 11:10:28,789 - main - INFO - Included router: routers.user.router
2026-06-18 11:10:28,855 - main - INFO - Included router: routers.users_profiles.router
2026-06-18 11:10:28,857 - main - INFO - === Application startup initiated ===
2026-06-18 11:10:28,857 - services.database - INFO - Ignore creating tables
2026-06-18 11:10:28,857 - services.mock_data - INFO - Ignore initialize data
2026-06-18 11:10:28,857 - services.auth - INFO - Ignore initialize admin
2026-06-18 11:10:28,857 - main - INFO - === Application startup completed successfully ===
2026-06-18 11:35:48,454 - services.database - DEBUG - [DB_OP] Starting database close
2026-06-18 11:35:48,455 - services.database - INFO - Database connections closed
2026-06-18 11:35:48,455 - services.database - DEBUG - [DB_OP] Database close completed in 0.0005s
