2026-06-29 11:15:35,451 - main - INFO - === Logging system initialized ===
2026-06-29 11:15:35,452 - main - INFO - Log file: logs/app_20260629_111535.log
2026-06-29 11:15:35,452 - main - INFO - Log level: INFO
2026-06-29 11:15:35,452 - main - INFO - Timestamp: 20260629_111535
2026-06-29 11:15:36,597 - main - INFO - Included router: routers.aihub.router
2026-06-29 11:15:36,625 - main - INFO - Included router: routers.analysis.router
2026-06-29 11:15:36,637 - main - INFO - Included router: routers.auth.router
2026-06-29 11:15:36,653 - main - INFO - Included router: routers.custom_auth.router
2026-06-29 11:15:36,699 - main - INFO - Included router: routers.doctor_patients.router
2026-06-29 11:15:36,703 - main - INFO - Included router: routers.health.router
2026-06-29 11:15:36,771 - main - INFO - Included router: routers.invite.router
2026-06-29 11:15:36,789 - main - INFO - Included router: routers.reports.router
2026-06-29 11:15:36,812 - main - INFO - Included router: routers.settings.router
2026-06-29 11:15:36,859 - main - INFO - Included router: routers.storage.router
2026-06-29 11:15:36,872 - main - INFO - Included router: routers.user.router
2026-06-29 11:15:36,917 - main - INFO - Included router: routers.users_profiles.router
2026-06-29 11:15:36,918 - main - INFO - === Application startup initiated ===
2026-06-29 11:15:36,918 - services.database - INFO - Ignore creating tables
2026-06-29 11:15:36,918 - services.mock_data - INFO - Ignore initialize data
2026-06-29 11:15:36,918 - services.auth - INFO - Ignore initialize admin
2026-06-29 11:15:36,918 - main - INFO - === Application startup completed successfully ===
2026-06-29 11:30:50,056 - services.database - DEBUG - [DB_OP] Starting database close
2026-06-29 11:30:50,057 - services.database - INFO - Database connections closed
2026-06-29 11:30:50,057 - services.database - DEBUG - [DB_OP] Database close completed in 0.0006s
