2026-06-18 12:59:17,116 - main - INFO - === Logging system initialized ===
2026-06-18 12:59:17,116 - main - INFO - Log file: logs/app_20260618_125917.log
2026-06-18 12:59:17,116 - main - INFO - Log level: INFO
2026-06-18 12:59:17,117 - main - INFO - Timestamp: 20260618_125917
2026-06-18 12:59:17,783 - main - INFO - Included router: routers.aihub.router
2026-06-18 12:59:17,800 - main - INFO - Included router: routers.analysis.router
2026-06-18 12:59:17,815 - main - INFO - Included router: routers.auth.router
2026-06-18 12:59:17,828 - main - INFO - Included router: routers.custom_auth.router
2026-06-18 12:59:17,871 - main - INFO - Included router: routers.doctor_patients.router
2026-06-18 12:59:17,872 - main - INFO - Included router: routers.health.router
2026-06-18 12:59:17,923 - main - INFO - Included router: routers.invite.router
2026-06-18 12:59:17,934 - main - INFO - Included router: routers.reports.router
2026-06-18 12:59:17,952 - main - INFO - Included router: routers.settings.router
2026-06-18 12:59:17,983 - main - INFO - Included router: routers.storage.router
2026-06-18 12:59:17,991 - main - INFO - Included router: routers.user.router
2026-06-18 12:59:18,033 - main - INFO - Included router: routers.users_profiles.router
2026-06-18 12:59:18,035 - main - INFO - === Application startup initiated ===
2026-06-18 12:59:18,035 - services.database - INFO - Ignore creating tables
2026-06-18 12:59:18,035 - services.mock_data - INFO - Ignore initialize data
2026-06-18 12:59:18,035 - services.auth - INFO - Ignore initialize admin
2026-06-18 12:59:18,035 - main - INFO - === Application startup completed successfully ===
2026-06-18 12:59:38,683 - services.database - DEBUG - [DB_OP] Starting database close
2026-06-18 12:59:38,683 - services.database - INFO - Database connections closed
2026-06-18 12:59:38,683 - services.database - DEBUG - [DB_OP] Database close completed in 0.0004s
