2026-06-15 03:02:54,500 - main - INFO - === Logging system initialized ===
2026-06-15 03:02:54,501 - main - INFO - Log file: logs/app_20260615_030254.log
2026-06-15 03:02:54,501 - main - INFO - Log level: INFO
2026-06-15 03:02:54,501 - main - INFO - Timestamp: 20260615_030254
2026-06-15 03:02:55,306 - main - INFO - Included router: routers.aihub.router
2026-06-15 03:02:55,326 - main - INFO - Included router: routers.analysis.router
2026-06-15 03:02:55,339 - main - INFO - Included router: routers.auth.router
2026-06-15 03:02:55,354 - main - INFO - Included router: routers.custom_auth.router
2026-06-15 03:02:55,398 - main - INFO - Included router: routers.doctor_patients.router
2026-06-15 03:02:55,401 - main - INFO - Included router: routers.health.router
2026-06-15 03:02:55,456 - main - INFO - Included router: routers.invite.router
2026-06-15 03:02:55,472 - main - INFO - Included router: routers.reports.router
2026-06-15 03:02:55,499 - main - INFO - Included router: routers.settings.router
2026-06-15 03:02:55,534 - main - INFO - Included router: routers.storage.router
2026-06-15 03:02:55,541 - main - INFO - Included router: routers.user.router
2026-06-15 03:02:55,582 - main - INFO - Included router: routers.users_profiles.router
2026-06-15 03:02:55,584 - main - INFO - === Application startup initiated ===
2026-06-15 03:02:55,584 - services.database - INFO - Ignore creating tables
2026-06-15 03:02:55,584 - services.mock_data - INFO - Ignore initialize data
2026-06-15 03:02:55,584 - services.auth - INFO - Ignore initialize admin
2026-06-15 03:02:55,584 - main - INFO - === Application startup completed successfully ===
2026-06-15 03:04:04,451 - services.database - DEBUG - [DB_OP] Starting database close
2026-06-15 03:04:04,451 - services.database - INFO - Database connections closed
2026-06-15 03:04:04,452 - services.database - DEBUG - [DB_OP] Database close completed in 0.0005s
