2026-06-12 10:22:52,193 - main - INFO - === Logging system initialized ===
2026-06-12 10:22:52,193 - main - INFO - Log file: logs/app_20260612_102252.log
2026-06-12 10:22:52,193 - main - INFO - Log level: INFO
2026-06-12 10:22:52,193 - main - INFO - Timestamp: 20260612_102252
2026-06-12 10:22:53,103 - main - INFO - Included router: routers.aihub.router
2026-06-12 10:22:53,127 - main - INFO - Included router: routers.analysis.router
2026-06-12 10:22:53,142 - main - INFO - Included router: routers.auth.router
2026-06-12 10:22:53,202 - main - INFO - Included router: routers.doctor_patients.router
2026-06-12 10:22:53,205 - main - INFO - Included router: routers.health.router
2026-06-12 10:22:53,224 - main - INFO - Included router: routers.invite.router
2026-06-12 10:22:53,242 - main - INFO - Included router: routers.reports.router
2026-06-12 10:22:53,264 - main - INFO - Included router: routers.settings.router
2026-06-12 10:22:53,304 - main - INFO - Included router: routers.storage.router
2026-06-12 10:22:53,312 - main - INFO - Included router: routers.user.router
2026-06-12 10:22:53,367 - main - INFO - Included router: routers.users_profiles.router
2026-06-12 10:22:53,368 - main - INFO - === Application startup initiated ===
2026-06-12 10:22:53,369 - services.database - INFO - Ignore creating tables
2026-06-12 10:22:53,369 - services.mock_data - INFO - Ignore initialize data
2026-06-12 10:22:53,369 - services.auth - INFO - Ignore initialize admin
2026-06-12 10:22:53,369 - main - INFO - === Application startup completed successfully ===
2026-06-12 10:28:17,034 - services.database - DEBUG - [DB_OP] Starting database close
2026-06-12 10:28:17,034 - services.database - INFO - Database connections closed
2026-06-12 10:28:17,035 - services.database - DEBUG - [DB_OP] Database close completed in 0.0004s
