2026-06-18 08:47:32,215 - main - INFO - === Logging system initialized ===
2026-06-18 08:47:32,215 - main - INFO - Log file: logs/app_20260618_084732.log
2026-06-18 08:47:32,215 - main - INFO - Log level: INFO
2026-06-18 08:47:32,215 - main - INFO - Timestamp: 20260618_084732
2026-06-18 08:47:33,015 - main - INFO - Included router: routers.aihub.router
2026-06-18 08:47:33,054 - main - INFO - Included router: routers.analysis.router
2026-06-18 08:47:33,069 - main - INFO - Included router: routers.auth.router
2026-06-18 08:47:33,082 - main - INFO - Included router: routers.custom_auth.router
2026-06-18 08:47:33,127 - main - INFO - Included router: routers.doctor_patients.router
2026-06-18 08:47:33,128 - main - INFO - Included router: routers.health.router
2026-06-18 08:47:33,180 - main - INFO - Included router: routers.invite.router
2026-06-18 08:47:33,194 - main - INFO - Included router: routers.reports.router
2026-06-18 08:47:33,213 - main - INFO - Included router: routers.settings.router
2026-06-18 08:47:33,248 - main - INFO - Included router: routers.storage.router
2026-06-18 08:47:33,256 - main - INFO - Included router: routers.user.router
2026-06-18 08:47:33,300 - main - INFO - Included router: routers.users_profiles.router
2026-06-18 08:47:34,945 - watchfiles.main - DEBUG - 1 change detected: {(<Change.added: 1>, '/workspace/app/backend/logs/app_20260618_084734.log')}
2026-06-18 08:47:35,296 - watchfiles.main - DEBUG - 1 change detected: {(<Change.modified: 2>, '/workspace/app/backend/logs/app_20260618_084732.log')}
2026-06-18 08:47:35,647 - watchfiles.main - DEBUG - 1 change detected: {(<Change.modified: 2>, '/workspace/app/backend/logs/app_20260618_084732.log')}
2026-06-18 08:47:35,998 - watchfiles.main - DEBUG - 2 changes detected: {(<Change.modified: 2>, '/workspace/app/backend/logs/app_20260618_084734.log'), (<Change.modified: 2>, '/workspace/app/backend/logs/app_20260618_084732.log')}
2026-06-18 08:47:36,349 - watchfiles.main - DEBUG - 1 change detected: {(<Change.modified: 2>, '/workspace/app/backend/logs/app_20260618_084732.log')}
2026-06-18 08:47:36,700 - watchfiles.main - DEBUG - 1 change detected: {(<Change.modified: 2>, '/workspace/app/backend/logs/app_20260618_084732.log')}
2026-06-18 08:47:37,051 - watchfiles.main - DEBUG - 1 change detected: {(<Change.modified: 2>, '/workspace/app/backend/logs/app_20260618_084732.log')}
2026-06-18 08:47:37,402 - watchfiles.main - DEBUG - 1 change detected: {(<Change.modified: 2>, '/workspace/app/backend/logs/app_20260618_084732.log')}
2026-06-18 08:47:37,753 - watchfiles.main - DEBUG - 1 change detected: {(<Change.modified: 2>, '/workspace/app/backend/logs/app_20260618_084732.log')}
2026-06-18 08:47:38,104 - watchfiles.main - DEBUG - 1 change detected: {(<Change.modified: 2>, '/workspace/app/backend/logs/app_20260618_084732.log')}
2026-06-18 08:47:38,455 - watchfiles.main - DEBUG - 1 change detected: {(<Change.modified: 2>, '/workspace/app/backend/logs/app_20260618_084732.log')}
2026-06-18 08:47:38,806 - watchfiles.main - DEBUG - 1 change detected: {(<Change.modified: 2>, '/workspace/app/backend/logs/app_20260618_084732.log')}
2026-06-18 08:47:39,157 - watchfiles.main - DEBUG - 1 change detected: {(<Change.modified: 2>, '/workspace/app/backend/logs/app_20260618_084732.log')}
2026-06-18 08:47:39,508 - watchfiles.main - DEBUG - 1 change detected: {(<Change.modified: 2>, '/workspace/app/backend/logs/app_20260618_084732.log')}
2026-06-18 08:47:39,859 - watchfiles.main - DEBUG - 1 change detected: {(<Change.modified: 2>, '/workspace/app/backend/logs/app_20260618_084732.log')}
2026-06-18 08:47:40,210 - watchfiles.main - DEBUG - 1 change detected: {(<Change.modified: 2>, '/workspace/app/backend/logs/app_20260618_084732.log')}
2026-06-18 08:47:40,560 - watchfiles.main - DEBUG - 1 change detected: {(<Change.modified: 2>, '/workspace/app/backend/logs/app_20260618_084732.log')}
2026-06-18 08:47:40,912 - watchfiles.main - DEBUG - 1 change detected: {(<Change.modified: 2>, '/workspace/app/backend/logs/app_20260618_084732.log')}
2026-06-18 08:47:41,262 - watchfiles.main - DEBUG - 1 change detected: {(<Change.modified: 2>, '/workspace/app/backend/logs/app_20260618_084732.log')}
2026-06-18 08:47:41,613 - watchfiles.main - DEBUG - 1 change detected: {(<Change.modified: 2>, '/workspace/app/backend/logs/app_20260618_084732.log')}
2026-06-18 08:47:41,964 - watchfiles.main - DEBUG - 1 change detected: {(<Change.modified: 2>, '/workspace/app/backend/logs/app_20260618_084732.log')}
2026-06-18 08:47:42,315 - watchfiles.main - DEBUG - 1 change detected: {(<Change.modified: 2>, '/workspace/app/backend/logs/app_20260618_084732.log')}
2026-06-18 08:47:42,666 - watchfiles.main - DEBUG - 1 change detected: {(<Change.modified: 2>, '/workspace/app/backend/logs/app_20260618_084732.log')}
2026-06-18 08:47:43,017 - watchfiles.main - DEBUG - 1 change detected: {(<Change.modified: 2>, '/workspace/app/backend/logs/app_20260618_084732.log')}
2026-06-18 08:47:43,368 - watchfiles.main - DEBUG - 1 change detected: {(<Change.modified: 2>, '/workspace/app/backend/logs/app_20260618_084732.log')}
2026-06-18 08:47:43,718 - watchfiles.main - DEBUG - 1 change detected: {(<Change.modified: 2>, '/workspace/app/backend/logs/app_20260618_084732.log')}
2026-06-18 08:47:44,070 - watchfiles.main - DEBUG - 1 change detected: {(<Change.modified: 2>, '/workspace/app/backend/logs/app_20260618_084732.log')}
2026-06-18 08:47:44,421 - watchfiles.main - DEBUG - 1 change detected: {(<Change.modified: 2>, '/workspace/app/backend/logs/app_20260618_084732.log')}
2026-06-18 08:47:44,771 - watchfiles.main - DEBUG - 1 change detected: {(<Change.modified: 2>, '/workspace/app/backend/logs/app_20260618_084732.log')}
2026-06-18 08:47:45,122 - watchfiles.main - DEBUG - 1 change detected: {(<Change.modified: 2>, '/workspace/app/backend/logs/app_20260618_084732.log')}
2026-06-18 08:47:45,473 - watchfiles.main - DEBUG - 1 change detected: {(<Change.modified: 2>, '/workspace/app/backend/logs/app_20260618_084732.log')}
2026-06-18 08:47:45,824 - watchfiles.main - DEBUG - 1 change detected: {(<Change.modified: 2>, '/workspace/app/backend/logs/app_20260618_084732.log')}
2026-06-18 08:47:46,175 - watchfiles.main - DEBUG - 1 change detected: {(<Change.modified: 2>, '/workspace/app/backend/logs/app_20260618_084732.log')}
2026-06-18 08:47:46,526 - watchfiles.main - DEBUG - 1 change detected: {(<Change.modified: 2>, '/workspace/app/backend/logs/app_20260618_084732.log')}
2026-06-18 08:47:46,876 - watchfiles.main - DEBUG - 1 change detected: {(<Change.modified: 2>, '/workspace/app/backend/logs/app_20260618_084732.log')}
2026-06-18 08:47:47,227 - watchfiles.main - DEBUG - 1 change detected: {(<Change.modified: 2>, '/workspace/app/backend/logs/app_20260618_084732.log')}
2026-06-18 08:47:47,578 - watchfiles.main - DEBUG - 1 change detected: {(<Change.modified: 2>, '/workspace/app/backend/logs/app_20260618_084732.log')}
2026-06-18 08:47:47,929 - watchfiles.main - DEBUG - 1 change detected: {(<Change.modified: 2>, '/workspace/app/backend/logs/app_20260618_084732.log')}
2026-06-18 08:47:48,280 - watchfiles.main - DEBUG - 1 change detected: {(<Change.modified: 2>, '/workspace/app/backend/logs/app_20260618_084732.log')}
2026-06-18 08:47:48,631 - watchfiles.main - DEBUG - 1 change detected: {(<Change.modified: 2>, '/workspace/app/backend/logs/app_20260618_084732.log')}
2026-06-18 08:47:48,982 - watchfiles.main - DEBUG - 1 change detected: {(<Change.modified: 2>, '/workspace/app/backend/logs/app_20260618_084732.log')}
2026-06-18 08:47:49,333 - watchfiles.main - DEBUG - 1 change detected: {(<Change.modified: 2>, '/workspace/app/backend/logs/app_20260618_084732.log')}
2026-06-18 08:47:49,684 - watchfiles.main - DEBUG - 1 change detected: {(<Change.modified: 2>, '/workspace/app/backend/logs/app_20260618_084732.log')}
2026-06-18 08:47:50,034 - watchfiles.main - DEBUG - 1 change detected: {(<Change.modified: 2>, '/workspace/app/backend/logs/app_20260618_084732.log')}
2026-06-18 08:47:50,385 - watchfiles.main - DEBUG - 1 change detected: {(<Change.modified: 2>, '/workspace/app/backend/logs/app_20260618_084732.log')}
2026-06-18 08:47:50,736 - watchfiles.main - DEBUG - 1 change detected: {(<Change.modified: 2>, '/workspace/app/backend/logs/app_20260618_084732.log')}
2026-06-18 08:47:51,087 - watchfiles.main - DEBUG - 1 change detected: {(<Change.modified: 2>, '/workspace/app/backend/logs/app_20260618_084732.log')}
2026-06-18 08:47:51,438 - watchfiles.main - DEBUG - 1 change detected: {(<Change.modified: 2>, '/workspace/app/backend/logs/app_20260618_084732.log')}
2026-06-18 08:47:51,789 - watchfiles.main - DEBUG - 1 change detected: {(<Change.modified: 2>, '/workspace/app/backend/logs/app_20260618_084732.log')}
2026-06-18 08:47:52,140 - watchfiles.main - DEBUG - 1 change detected: {(<Change.modified: 2>, '/workspace/app/backend/logs/app_20260618_084732.log')}
2026-06-18 08:47:52,491 - watchfiles.main - DEBUG - 1 change detected: {(<Change.modified: 2>, '/workspace/app/backend/logs/app_20260618_084732.log')}
2026-06-18 08:47:52,842 - watchfiles.main - DEBUG - 1 change detected: {(<Change.modified: 2>, '/workspace/app/backend/logs/app_20260618_084732.log')}
2026-06-18 08:47:53,192 - watchfiles.main - DEBUG - 1 change detected: {(<Change.modified: 2>, '/workspace/app/backend/logs/app_20260618_084732.log')}
2026-06-18 08:47:53,543 - watchfiles.main - DEBUG - 1 change detected: {(<Change.modified: 2>, '/workspace/app/backend/logs/app_20260618_084732.log')}
2026-06-18 08:47:53,894 - watchfiles.main - DEBUG - 1 change detected: {(<Change.modified: 2>, '/workspace/app/backend/logs/app_20260618_084732.log')}
2026-06-18 08:47:54,245 - watchfiles.main - DEBUG - 1 change detected: {(<Change.modified: 2>, '/workspace/app/backend/logs/app_20260618_084732.log')}
2026-06-18 08:47:54,596 - watchfiles.main - DEBUG - 1 change detected: {(<Change.modified: 2>, '/workspace/app/backend/logs/app_20260618_084732.log')}
2026-06-18 08:47:54,947 - watchfiles.main - DEBUG - 1 change detected: {(<Change.modified: 2>, '/workspace/app/backend/logs/app_20260618_084732.log')}
2026-06-18 08:47:55,298 - watchfiles.main - DEBUG - 1 change detected: {(<Change.modified: 2>, '/workspace/app/backend/logs/app_20260618_084732.log')}
2026-06-18 08:47:55,649 - watchfiles.main - DEBUG - 1 change detected: {(<Change.modified: 2>, '/workspace/app/backend/logs/app_20260618_084732.log')}
2026-06-18 08:47:56,000 - watchfiles.main - DEBUG - 1 change detected: {(<Change.modified: 2>, '/workspace/app/backend/logs/app_20260618_084732.log')}
2026-06-18 08:47:56,351 - watchfiles.main - DEBUG - 1 change detected: {(<Change.modified: 2>, '/workspace/app/backend/logs/app_20260618_084732.log')}
2026-06-18 08:47:56,702 - watchfiles.main - DEBUG - 1 change detected: {(<Change.modified: 2>, '/workspace/app/backend/logs/app_20260618_084732.log')}
2026-06-18 08:47:57,053 - watchfiles.main - DEBUG - 1 change detected: {(<Change.modified: 2>, '/workspace/app/backend/logs/app_20260618_084732.log')}
2026-06-18 08:47:57,404 - watchfiles.main - DEBUG - 1 change detected: {(<Change.modified: 2>, '/workspace/app/backend/logs/app_20260618_084732.log')}
2026-06-18 08:47:57,755 - watchfiles.main - DEBUG - 1 change detected: {(<Change.modified: 2>, '/workspace/app/backend/logs/app_20260618_084732.log')}
2026-06-18 08:47:58,106 - watchfiles.main - DEBUG - 1 change detected: {(<Change.modified: 2>, '/workspace/app/backend/logs/app_20260618_084732.log')}
2026-06-18 08:47:58,457 - watchfiles.main - DEBUG - 1 change detected: {(<Change.modified: 2>, '/workspace/app/backend/logs/app_20260618_084732.log')}
2026-06-18 08:47:58,808 - watchfiles.main - DEBUG - 1 change detected: {(<Change.modified: 2>, '/workspace/app/backend/logs/app_20260618_084732.log')}
2026-06-18 08:47:59,158 - watchfiles.main - DEBUG - 1 change detected: {(<Change.modified: 2>, '/workspace/app/backend/logs/app_20260618_084732.log')}
2026-06-18 08:47:59,509 - watchfiles.main - DEBUG - 1 change detected: {(<Change.modified: 2>, '/workspace/app/backend/logs/app_20260618_084732.log')}
2026-06-18 08:47:59,860 - watchfiles.main - DEBUG - 1 change detected: {(<Change.modified: 2>, '/workspace/app/backend/logs/app_20260618_084732.log')}
2026-06-18 08:48:00,212 - watchfiles.main - DEBUG - 1 change detected: {(<Change.modified: 2>, '/workspace/app/backend/logs/app_20260618_084732.log')}
2026-06-18 08:48:00,562 - watchfiles.main - DEBUG - 1 change detected: {(<Change.modified: 2>, '/workspace/app/backend/logs/app_20260618_084732.log')}
2026-06-18 08:48:00,913 - watchfiles.main - DEBUG - 1 change detected: {(<Change.modified: 2>, '/workspace/app/backend/logs/app_20260618_084732.log')}
2026-06-18 08:48:01,264 - watchfiles.main - DEBUG - 1 change detected: {(<Change.modified: 2>, '/workspace/app/backend/logs/app_20260618_084732.log')}
2026-06-18 08:48:01,615 - watchfiles.main - DEBUG - 1 change detected: {(<Change.modified: 2>, '/workspace/app/backend/logs/app_20260618_084732.log')}
2026-06-18 08:48:01,966 - watchfiles.main - DEBUG - 1 change detected: {(<Change.modified: 2>, '/workspace/app/backend/logs/app_20260618_084732.log')}
2026-06-18 08:48:02,316 - watchfiles.main - DEBUG - 1 change detected: {(<Change.modified: 2>, '/workspace/app/backend/logs/app_20260618_084732.log')}
2026-06-18 08:48:02,667 - watchfiles.main - DEBUG - 1 change detected: {(<Change.modified: 2>, '/workspace/app/backend/logs/app_20260618_084732.log')}
2026-06-18 08:48:03,018 - watchfiles.main - DEBUG - 1 change detected: {(<Change.modified: 2>, '/workspace/app/backend/logs/app_20260618_084732.log')}
2026-06-18 08:48:03,369 - watchfiles.main - DEBUG - 1 change detected: {(<Change.modified: 2>, '/workspace/app/backend/logs/app_20260618_084732.log')}
2026-06-18 08:48:03,720 - watchfiles.main - DEBUG - 1 change detected: {(<Change.modified: 2>, '/workspace/app/backend/logs/app_20260618_084732.log')}
2026-06-18 08:48:04,070 - watchfiles.main - DEBUG - 1 change detected: {(<Change.modified: 2>, '/workspace/app/backend/logs/app_20260618_084732.log')}
2026-06-18 08:48:04,421 - watchfiles.main - DEBUG - 1 change detected: {(<Change.modified: 2>, '/workspace/app/backend/logs/app_20260618_084732.log')}
2026-06-18 08:48:04,772 - watchfiles.main - DEBUG - 1 change detected: {(<Change.modified: 2>, '/workspace/app/backend/logs/app_20260618_084732.log')}
2026-06-18 08:48:05,123 - watchfiles.main - DEBUG - 1 change detected: {(<Change.modified: 2>, '/workspace/app/backend/logs/app_20260618_084732.log')}
2026-06-18 08:48:05,473 - watchfiles.main - DEBUG - 1 change detected: {(<Change.modified: 2>, '/workspace/app/backend/logs/app_20260618_084732.log')}
2026-06-18 08:48:05,824 - watchfiles.main - DEBUG - 1 change detected: {(<Change.modified: 2>, '/workspace/app/backend/logs/app_20260618_084732.log')}
2026-06-18 08:48:06,175 - watchfiles.main - DEBUG - 1 change detected: {(<Change.modified: 2>, '/workspace/app/backend/logs/app_20260618_084732.log')}
2026-06-18 08:48:06,526 - watchfiles.main - DEBUG - 1 change detected: {(<Change.modified: 2>, '/workspace/app/backend/logs/app_20260618_084732.log')}
2026-06-18 08:48:06,877 - watchfiles.main - DEBUG - 1 change detected: {(<Change.modified: 2>, '/workspace/app/backend/logs/app_20260618_084732.log')}
2026-06-18 08:48:07,228 - watchfiles.main - DEBUG - 1 change detected: {(<Change.modified: 2>, '/workspace/app/backend/logs/app_20260618_084732.log')}
2026-06-18 08:48:07,579 - watchfiles.main - DEBUG - 1 change detected: {(<Change.modified: 2>, '/workspace/app/backend/logs/app_20260618_084732.log')}
2026-06-18 08:48:07,930 - watchfiles.main - DEBUG - 1 change detected: {(<Change.modified: 2>, '/workspace/app/backend/logs/app_20260618_084732.log')}
2026-06-18 08:48:08,281 - watchfiles.main - DEBUG - 1 change detected: {(<Change.modified: 2>, '/workspace/app/backend/logs/app_20260618_084732.log')}
2026-06-18 08:48:08,632 - watchfiles.main - DEBUG - 1 change detected: {(<Change.modified: 2>, '/workspace/app/backend/logs/app_20260618_084732.log')}
2026-06-18 08:48:08,983 - watchfiles.main - DEBUG - 1 change detected: {(<Change.modified: 2>, '/workspace/app/backend/logs/app_20260618_084732.log')}
2026-06-18 08:48:09,334 - watchfiles.main - DEBUG - 1 change detected: {(<Change.modified: 2>, '/workspace/app/backend/logs/app_20260618_084732.log')}
2026-06-18 08:48:09,685 - watchfiles.main - DEBUG - 1 change detected: {(<Change.modified: 2>, '/workspace/app/backend/logs/app_20260618_084732.log')}
2026-06-18 08:48:10,036 - watchfiles.main - DEBUG - 1 change detected: {(<Change.modified: 2>, '/workspace/app/backend/logs/app_20260618_084732.log')}
2026-06-18 08:48:10,387 - watchfiles.main - DEBUG - 1 change detected: {(<Change.modified: 2>, '/workspace/app/backend/logs/app_20260618_084732.log')}
2026-06-18 08:48:10,738 - watchfiles.main - DEBUG - 1 change detected: {(<Change.modified: 2>, '/workspace/app/backend/logs/app_20260618_084732.log')}
2026-06-18 08:48:11,089 - watchfiles.main - DEBUG - 1 change detected: {(<Change.modified: 2>, '/workspace/app/backend/logs/app_20260618_084732.log')}
2026-06-18 08:48:11,440 - watchfiles.main - DEBUG - 1 change detected: {(<Change.modified: 2>, '/workspace/app/backend/logs/app_20260618_084732.log')}
2026-06-18 08:48:11,791 - watchfiles.main - DEBUG - 1 change detected: {(<Change.modified: 2>, '/workspace/app/backend/logs/app_20260618_084732.log')}
2026-06-18 08:48:12,142 - watchfiles.main - DEBUG - 1 change detected: {(<Change.modified: 2>, '/workspace/app/backend/logs/app_20260618_084732.log')}
2026-06-18 08:48:12,493 - watchfiles.main - DEBUG - 1 change detected: {(<Change.modified: 2>, '/workspace/app/backend/logs/app_20260618_084732.log')}
2026-06-18 08:48:12,844 - watchfiles.main - DEBUG - 1 change detected: {(<Change.modified: 2>, '/workspace/app/backend/logs/app_20260618_084732.log')}
2026-06-18 08:48:13,194 - watchfiles.main - DEBUG - 1 change detected: {(<Change.modified: 2>, '/workspace/app/backend/logs/app_20260618_084732.log')}
2026-06-18 08:48:13,546 - watchfiles.main - DEBUG - 1 change detected: {(<Change.modified: 2>, '/workspace/app/backend/logs/app_20260618_084732.log')}
2026-06-18 08:48:13,897 - watchfiles.main - DEBUG - 1 change detected: {(<Change.modified: 2>, '/workspace/app/backend/logs/app_20260618_084732.log')}
2026-06-18 08:48:14,248 - watchfiles.main - DEBUG - 1 change detected: {(<Change.modified: 2>, '/workspace/app/backend/logs/app_20260618_084732.log')}
2026-06-18 08:48:14,599 - watchfiles.main - DEBUG - 1 change detected: {(<Change.modified: 2>, '/workspace/app/backend/logs/app_20260618_084732.log')}
2026-06-18 08:48:14,950 - watchfiles.main - DEBUG - 1 change detected: {(<Change.modified: 2>, '/workspace/app/backend/logs/app_20260618_084732.log')}
2026-06-18 08:48:15,300 - watchfiles.main - DEBUG - 1 change detected: {(<Change.modified: 2>, '/workspace/app/backend/logs/app_20260618_084732.log')}
2026-06-18 08:48:15,652 - watchfiles.main - DEBUG - 1 change detected: {(<Change.modified: 2>, '/workspace/app/backend/logs/app_20260618_084732.log')}
2026-06-18 08:48:16,003 - watchfiles.main - DEBUG - 1 change detected: {(<Change.modified: 2>, '/workspace/app/backend/logs/app_20260618_084732.log')}
2026-06-18 08:48:16,353 - watchfiles.main - DEBUG - 1 change detected: {(<Change.modified: 2>, '/workspace/app/backend/logs/app_20260618_084732.log')}
2026-06-18 08:48:16,705 - watchfiles.main - DEBUG - 1 change detected: {(<Change.modified: 2>, '/workspace/app/backend/logs/app_20260618_084732.log')}
2026-06-18 08:48:17,055 - watchfiles.main - DEBUG - 1 change detected: {(<Change.modified: 2>, '/workspace/app/backend/logs/app_20260618_084732.log')}
2026-06-18 08:48:17,406 - watchfiles.main - DEBUG - 1 change detected: {(<Change.modified: 2>, '/workspace/app/backend/logs/app_20260618_084732.log')}
2026-06-18 08:48:17,757 - watchfiles.main - DEBUG - 1 change detected: {(<Change.modified: 2>, '/workspace/app/backend/logs/app_20260618_084732.log')}
2026-06-18 08:48:18,108 - watchfiles.main - DEBUG - 1 change detected: {(<Change.modified: 2>, '/workspace/app/backend/logs/app_20260618_084732.log')}
2026-06-18 08:48:18,458 - watchfiles.main - DEBUG - 1 change detected: {(<Change.modified: 2>, '/workspace/app/backend/logs/app_20260618_084732.log')}
2026-06-18 08:48:18,809 - watchfiles.main - DEBUG - 1 change detected: {(<Change.modified: 2>, '/workspace/app/backend/logs/app_20260618_084732.log')}
2026-06-18 08:48:19,160 - watchfiles.main - DEBUG - 1 change detected: {(<Change.modified: 2>, '/workspace/app/backend/logs/app_20260618_084732.log')}
2026-06-18 08:48:19,511 - watchfiles.main - DEBUG - 1 change detected: {(<Change.modified: 2>, '/workspace/app/backend/logs/app_20260618_084732.log')}
2026-06-18 08:48:19,862 - watchfiles.main - DEBUG - 1 change detected: {(<Change.modified: 2>, '/workspace/app/backend/logs/app_20260618_084732.log')}
2026-06-18 08:48:20,213 - watchfiles.main - DEBUG - 1 change detected: {(<Change.modified: 2>, '/workspace/app/backend/logs/app_20260618_084732.log')}
2026-06-18 08:48:20,563 - watchfiles.main - DEBUG - 1 change detected: {(<Change.modified: 2>, '/workspace/app/backend/logs/app_20260618_084732.log')}
2026-06-18 08:48:20,914 - watchfiles.main - DEBUG - 1 change detected: {(<Change.modified: 2>, '/workspace/app/backend/logs/app_20260618_084732.log')}
2026-06-18 08:48:21,265 - watchfiles.main - DEBUG - 1 change detected: {(<Change.modified: 2>, '/workspace/app/backend/logs/app_20260618_084732.log')}
2026-06-18 08:48:21,615 - watchfiles.main - DEBUG - 1 change detected: {(<Change.modified: 2>, '/workspace/app/backend/logs/app_20260618_084732.log')}
2026-06-18 08:48:21,966 - watchfiles.main - DEBUG - 1 change detected: {(<Change.modified: 2>, '/workspace/app/backend/logs/app_20260618_084732.log')}
2026-06-18 08:48:22,317 - watchfiles.main - DEBUG - 1 change detected: {(<Change.modified: 2>, '/workspace/app/backend/logs/app_20260618_084732.log')}
2026-06-18 08:48:22,668 - watchfiles.main - DEBUG - 1 change detected: {(<Change.modified: 2>, '/workspace/app/backend/logs/app_20260618_084732.log')}
2026-06-18 08:48:23,019 - watchfiles.main - DEBUG - 1 change detected: {(<Change.modified: 2>, '/workspace/app/backend/logs/app_20260618_084732.log')}
2026-06-18 08:48:23,370 - watchfiles.main - DEBUG - 1 change detected: {(<Change.modified: 2>, '/workspace/app/backend/logs/app_20260618_084732.log')}
2026-06-18 08:48:23,721 - watchfiles.main - DEBUG - 1 change detected: {(<Change.modified: 2>, '/workspace/app/backend/logs/app_20260618_084732.log')}
2026-06-18 08:48:24,071 - watchfiles.main - DEBUG - 1 change detected: {(<Change.modified: 2>, '/workspace/app/backend/logs/app_20260618_084732.log')}
2026-06-18 08:48:24,422 - watchfiles.main - DEBUG - 1 change detected: {(<Change.modified: 2>, '/workspace/app/backend/logs/app_20260618_084732.log')}
2026-06-18 08:48:24,773 - watchfiles.main - DEBUG - 1 change detected: {(<Change.modified: 2>, '/workspace/app/backend/logs/app_20260618_084732.log')}
2026-06-18 08:48:25,124 - watchfiles.main - DEBUG - 1 change detected: {(<Change.modified: 2>, '/workspace/app/backend/logs/app_20260618_084732.log')}
2026-06-18 08:48:25,475 - watchfiles.main - DEBUG - 1 change detected: {(<Change.modified: 2>, '/workspace/app/backend/logs/app_20260618_084732.log')}
2026-06-18 08:48:25,826 - watchfiles.main - DEBUG - 1 change detected: {(<Change.modified: 2>, '/workspace/app/backend/logs/app_20260618_084732.log')}
2026-06-18 08:48:26,177 - watchfiles.main - DEBUG - 1 change detected: {(<Change.modified: 2>, '/workspace/app/backend/logs/app_20260618_084732.log')}
2026-06-18 08:48:26,528 - watchfiles.main - DEBUG - 1 change detected: {(<Change.modified: 2>, '/workspace/app/backend/logs/app_20260618_084732.log')}
2026-06-18 08:48:26,879 - watchfiles.main - DEBUG - 1 change detected: {(<Change.modified: 2>, '/workspace/app/backend/logs/app_20260618_084732.log')}
2026-06-18 08:48:27,229 - watchfiles.main - DEBUG - 1 change detected: {(<Change.modified: 2>, '/workspace/app/backend/logs/app_20260618_084732.log')}
2026-06-18 08:48:27,580 - watchfiles.main - DEBUG - 1 change detected: {(<Change.modified: 2>, '/workspace/app/backend/logs/app_20260618_084732.log')}
2026-06-18 08:48:27,931 - watchfiles.main - DEBUG - 1 change detected: {(<Change.modified: 2>, '/workspace/app/backend/logs/app_20260618_084732.log')}
2026-06-18 08:48:28,282 - watchfiles.main - DEBUG - 1 change detected: {(<Change.modified: 2>, '/workspace/app/backend/logs/app_20260618_084732.log')}
2026-06-18 08:48:28,633 - watchfiles.main - DEBUG - 1 change detected: {(<Change.modified: 2>, '/workspace/app/backend/logs/app_20260618_084732.log')}
2026-06-18 08:48:28,983 - watchfiles.main - DEBUG - 1 change detected: {(<Change.modified: 2>, '/workspace/app/backend/logs/app_20260618_084732.log')}
2026-06-18 08:48:29,334 - watchfiles.main - DEBUG - 1 change detected: {(<Change.modified: 2>, '/workspace/app/backend/logs/app_20260618_084732.log')}
2026-06-18 08:48:29,685 - watchfiles.main - DEBUG - 1 change detected: {(<Change.modified: 2>, '/workspace/app/backend/logs/app_20260618_084732.log')}
2026-06-18 08:48:30,036 - watchfiles.main - DEBUG - 1 change detected: {(<Change.modified: 2>, '/workspace/app/backend/logs/app_20260618_084732.log')}
2026-06-18 08:48:30,387 - watchfiles.main - DEBUG - 1 change detected: {(<Change.modified: 2>, '/workspace/app/backend/logs/app_20260618_084732.log')}
2026-06-18 08:48:30,737 - watchfiles.main - DEBUG - 1 change detected: {(<Change.modified: 2>, '/workspace/app/backend/logs/app_20260618_084732.log')}
2026-06-18 08:48:31,088 - watchfiles.main - DEBUG - 1 change detected: {(<Change.modified: 2>, '/workspace/app/backend/logs/app_20260618_084732.log')}
2026-06-18 08:48:31,439 - watchfiles.main - DEBUG - 1 change detected: {(<Change.modified: 2>, '/workspace/app/backend/logs/app_20260618_084732.log')}
2026-06-18 08:48:31,790 - watchfiles.main - DEBUG - 1 change detected: {(<Change.modified: 2>, '/workspace/app/backend/logs/app_20260618_084732.log')}
2026-06-18 08:48:32,141 - watchfiles.main - DEBUG - 1 change detected: {(<Change.modified: 2>, '/workspace/app/backend/logs/app_20260618_084732.log')}
2026-06-18 08:48:32,492 - watchfiles.main - DEBUG - 1 change detected: {(<Change.modified: 2>, '/workspace/app/backend/logs/app_20260618_084732.log')}
2026-06-18 08:48:32,843 - watchfiles.main - DEBUG - 1 change detected: {(<Change.modified: 2>, '/workspace/app/backend/logs/app_20260618_084732.log')}
2026-06-18 08:48:33,194 - watchfiles.main - DEBUG - 1 change detected: {(<Change.modified: 2>, '/workspace/app/backend/logs/app_20260618_084732.log')}
2026-06-18 08:48:33,545 - watchfiles.main - DEBUG - 1 change detected: {(<Change.modified: 2>, '/workspace/app/backend/logs/app_20260618_084732.log')}
2026-06-18 08:48:33,896 - watchfiles.main - DEBUG - 1 change detected: {(<Change.modified: 2>, '/workspace/app/backend/logs/app_20260618_084732.log')}
2026-06-18 08:48:34,247 - watchfiles.main - DEBUG - 1 change detected: {(<Change.modified: 2>, '/workspace/app/backend/logs/app_20260618_084732.log')}
2026-06-18 08:48:34,598 - watchfiles.main - DEBUG - 1 change detected: {(<Change.modified: 2>, '/workspace/app/backend/logs/app_20260618_084732.log')}
2026-06-18 08:48:34,949 - watchfiles.main - DEBUG - 1 change detected: {(<Change.modified: 2>, '/workspace/app/backend/logs/app_20260618_084732.log')}
2026-06-18 08:48:35,300 - watchfiles.main - DEBUG - 1 change detected: {(<Change.modified: 2>, '/workspace/app/backend/logs/app_20260618_084732.log')}
2026-06-18 08:48:35,651 - watchfiles.main - DEBUG - 1 change detected: {(<Change.modified: 2>, '/workspace/app/backend/logs/app_20260618_084732.log')}
2026-06-18 08:48:36,002 - watchfiles.main - DEBUG - 1 change detected: {(<Change.modified: 2>, '/workspace/app/backend/logs/app_20260618_084732.log')}
2026-06-18 08:48:36,353 - watchfiles.main - DEBUG - 1 change detected: {(<Change.modified: 2>, '/workspace/app/backend/logs/app_20260618_084732.log')}
2026-06-18 08:48:36,704 - watchfiles.main - DEBUG - 1 change detected: {(<Change.modified: 2>, '/workspace/app/backend/logs/app_20260618_084732.log')}
2026-06-18 08:48:37,055 - watchfiles.main - DEBUG - 1 change detected: {(<Change.modified: 2>, '/workspace/app/backend/logs/app_20260618_084732.log')}
2026-06-18 08:48:37,406 - watchfiles.main - DEBUG - 1 change detected: {(<Change.modified: 2>, '/workspace/app/backend/logs/app_20260618_084732.log')}
2026-06-18 08:48:37,757 - watchfiles.main - DEBUG - 1 change detected: {(<Change.modified: 2>, '/workspace/app/backend/logs/app_20260618_084732.log')}
2026-06-18 08:48:38,108 - watchfiles.main - DEBUG - 1 change detected: {(<Change.modified: 2>, '/workspace/app/backend/logs/app_20260618_084732.log')}
2026-06-18 08:48:38,459 - watchfiles.main - DEBUG - 1 change detected: {(<Change.modified: 2>, '/workspace/app/backend/logs/app_20260618_084732.log')}
2026-06-18 08:48:38,809 - watchfiles.main - DEBUG - 1 change detected: {(<Change.modified: 2>, '/workspace/app/backend/logs/app_20260618_084732.log')}
2026-06-18 08:48:39,160 - watchfiles.main - DEBUG - 1 change detected: {(<Change.modified: 2>, '/workspace/app/backend/logs/app_20260618_084732.log')}
2026-06-18 08:48:39,511 - watchfiles.main - DEBUG - 1 change detected: {(<Change.modified: 2>, '/workspace/app/backend/logs/app_20260618_084732.log')}
2026-06-18 08:48:39,862 - watchfiles.main - DEBUG - 1 change detected: {(<Change.modified: 2>, '/workspace/app/backend/logs/app_20260618_084732.log')}
