2026-06-21 04:24:11,391 - main - INFO - === Logging system initialized ===
2026-06-21 04:24:11,392 - main - INFO - Log file: logs/app_20260621_042411.log
2026-06-21 04:24:11,392 - main - INFO - Log level: INFO
2026-06-21 04:24:11,392 - main - INFO - Timestamp: 20260621_042411
2026-06-21 04:24:12,481 - main - INFO - Included router: routers.aihub.router
2026-06-21 04:24:12,500 - main - INFO - Included router: routers.analysis.router
2026-06-21 04:24:12,516 - main - INFO - Included router: routers.auth.router
2026-06-21 04:24:12,530 - main - INFO - Included router: routers.custom_auth.router
2026-06-21 04:24:12,577 - main - INFO - Included router: routers.doctor_patients.router
2026-06-21 04:24:12,579 - main - INFO - Included router: routers.health.router
2026-06-21 04:24:12,645 - main - INFO - Included router: routers.invite.router
2026-06-21 04:24:12,659 - main - INFO - Included router: routers.reports.router
2026-06-21 04:24:12,680 - main - INFO - Included router: routers.settings.router
2026-06-21 04:24:12,715 - main - INFO - Included router: routers.storage.router
2026-06-21 04:24:12,724 - main - INFO - Included router: routers.user.router
2026-06-21 04:24:12,775 - main - INFO - Included router: routers.users_profiles.router
2026-06-21 04:24:12,777 - main - INFO - === Application startup initiated ===
2026-06-21 04:24:12,777 - services.database - INFO - Ignore creating tables
2026-06-21 04:24:12,777 - services.mock_data - INFO - Ignore initialize data
2026-06-21 04:24:12,777 - services.auth - INFO - Ignore initialize admin
2026-06-21 04:24:12,777 - main - INFO - === Application startup completed successfully ===
2026-06-21 04:25:13,427 - services.database - DEBUG - [DB_OP] Starting database close
2026-06-21 04:25:13,428 - services.database - INFO - Database connections closed
2026-06-21 04:25:13,428 - services.database - DEBUG - [DB_OP] Database close completed in 0.0007s
