2026-06-19 02:55:08,669 - main - INFO - === Logging system initialized ===
2026-06-19 02:55:08,669 - main - INFO - Log file: logs/app_20260619_025508.log
2026-06-19 02:55:08,669 - main - INFO - Log level: INFO
2026-06-19 02:55:08,669 - main - INFO - Timestamp: 20260619_025508
2026-06-19 02:55:09,412 - main - INFO - Included router: routers.aihub.router
2026-06-19 02:55:09,430 - main - INFO - Included router: routers.analysis.router
2026-06-19 02:55:09,442 - main - INFO - Included router: routers.auth.router
2026-06-19 02:55:09,454 - main - INFO - Included router: routers.custom_auth.router
2026-06-19 02:55:09,500 - main - INFO - Included router: routers.doctor_patients.router
2026-06-19 02:55:09,502 - main - INFO - Included router: routers.health.router
2026-06-19 02:55:09,556 - main - INFO - Included router: routers.invite.router
2026-06-19 02:55:09,567 - main - INFO - Included router: routers.reports.router
2026-06-19 02:55:09,585 - main - INFO - Included router: routers.settings.router
2026-06-19 02:55:09,617 - main - INFO - Included router: routers.storage.router
2026-06-19 02:55:09,623 - main - INFO - Included router: routers.user.router
2026-06-19 02:55:09,667 - main - INFO - Included router: routers.users_profiles.router
2026-06-19 02:55:09,669 - main - INFO - === Application startup initiated ===
2026-06-19 02:55:09,669 - services.database - INFO - Ignore creating tables
2026-06-19 02:55:09,669 - services.mock_data - INFO - Ignore initialize data
2026-06-19 02:55:09,669 - services.auth - INFO - Ignore initialize admin
2026-06-19 02:55:09,669 - main - INFO - === Application startup completed successfully ===
2026-06-19 02:56:22,952 - services.database - DEBUG - [DB_OP] Starting database close
2026-06-19 02:56:22,952 - services.database - INFO - Database connections closed
2026-06-19 02:56:22,953 - services.database - DEBUG - [DB_OP] Database close completed in 0.0007s
